
The following have been reloaded with a version change:
  1) Python/Anaconda_v02.2024 => Python/Miniconda

[prun] Master compute host = cn-031
[prun] Resource manager = slurm
[prun] Launch cmd = mpirun /home/peivzarenkov/.conda/envs/peter_env/bin/python train_mtp_my_adam.py (family=openmpi)
group size rank 0 = 4768
group size rank 3 = 4768
group size rank 7 = 4768
group size rank 1 = 4736
group size rank 2 = 4768
group size rank 6 = 4768
group size rank 4 = 4768
group size rank 0 = 960
group size rank 3 = 960
group size rank 7 = 960
group size rank 6 = 960
group size rank 2 = 960
group size rank 5 = 4768
group size rank 1 = 960
group size rank 4 = 960
group size rank 5 = 960
group size rank 5 = 4768
group size rank 1 = 4736
group size rank 7 = 4768
group size rank 4 = 4768
group size rank 2 = 4768
group size rank 3 = 4768
group size rank 5 = 960
group size rank 1 = 960
group size rank 7 = 960
group size rank 2 = 960
group size rank 4 = 960
group size rank 3 = 960
POT: 1
MY ADAM TRAIN: Errors (MAE, RMSE, MAXAE)
Energy      = 1.505514e+00, 1.844234e+00, 5.700610e+00
Energy/Atom = 4.704730e-02, 5.763231e-02, 1.781441e-01
Forces      = 3.147020e-01, 4.901276e-01, 1.038535e+01
Stress      = 6.011919e+00, 9.795352e+00, 5.211796e+01
Charges     = 0.000000e+00, 0.000000e+00, 0.000000e+00

MY ADAM VALID: Errors (MAE, RMSE, MAXAE)
Energy      = 1.781799e+00, 2.194911e+00, 5.519505e+00
Energy/Atom = 5.568120e-02, 6.859096e-02, 1.724845e-01
Forces      = 5.019104e-01, 7.686171e-01, 1.010805e+01
Stress      = 1.204875e+01, 1.716470e+01, 5.437341e+01
Charges     = 0.000000e+00, 0.000000e+00, 0.000000e+00

MY ADAM TIME: 402.56082397699356 STEPS: 1500 EPOCHS: 299 FINAL_LOSS: 4.413543722173825

group size rank 0 = 4768
group size rank 6 = 4768
group size rank 0 = 960
group size rank 6 = 960
group size rank 7 = 4768
group size rank 3 = 4768
group size rank 1 = 4736
group size rank 5 = 4768
POT: 2
MY ADAM TRAIN: Errors (MAE, RMSE, MAXAE)
Energy      = 2.232532e+00, 2.392953e+00, 5.021233e+00
Energy/Atom = 6.976662e-02, 7.477979e-02, 1.569135e-01
Forces      = 3.242572e-01, 4.971478e-01, 9.295886e+00
Stress      = 6.304254e+00, 1.008450e+01, 5.538730e+01
Charges     = 0.000000e+00, 0.000000e+00, 0.000000e+00

MY ADAM VALID: Errors (MAE, RMSE, MAXAE)
Energy      = 1.994349e+00, 2.236014e+00, 4.758305e+00
Energy/Atom = 6.232341e-02, 6.987544e-02, 1.486970e-01
Forces      = 5.257912e-01, 7.970849e-01, 1.002392e+01
Stress      = 1.112739e+01, 1.583220e+01, 5.428910e+01
Charges     = 0.000000e+00, 0.000000e+00, 0.000000e+00

MY ADAM TIME: 390.9338150881231 STEPS: 1500 EPOCHS: 299 FINAL_LOSS: 18.024138225803082

group size rank 0 = 4768
group size rank 2 = 4768
group size rank 4 = 4768
group size rank 6 = 4768
group size rank 7 = 960
group size rank 3 = 960
group size rank 1 = 960
group size rank 0 = 960
group size rank 5 = 960
group size rank 2 = 960
group size rank 4 = 960
group size rank 6 = 960
group size rank 5 = 4768
group size rank 6 = 4768
group size rank 2 = 4768
group size rank 4 = 4768
group size rank 3 = 4768
POT: 3
MY ADAM TRAIN: Errors (MAE, RMSE, MAXAE)
Energy      = 1.393518e+00, 1.507663e+00, 3.767496e+00
Energy/Atom = 4.354744e-02, 4.711448e-02, 1.177342e-01
Forces      = 3.309883e-01, 5.348521e-01, 1.016279e+01
Stress      = 4.479964e+00, 6.943340e+00, 4.997672e+01
Charges     = 0.000000e+00, 0.000000e+00, 0.000000e+00

MY ADAM VALID: Errors (MAE, RMSE, MAXAE)
Energy      = 1.393971e+00, 1.593687e+00, 3.870753e+00
Energy/Atom = 4.356159e-02, 4.980272e-02, 1.209610e-01
Forces      = 5.214806e-01, 8.346650e-01, 1.001405e+01
Stress      = 7.102490e+00, 1.047024e+01, 4.899576e+01
Charges     = 0.000000e+00, 0.000000e+00, 0.000000e+00

MY ADAM TIME: 387.9339148122817 STEPS: 1500 EPOCHS: 299 FINAL_LOSS: 6.278260576234163

group size rank 0 = 4768
group size rank 7 = 4768
group size rank 1 = 4736
group size rank 5 = 960
group size rank 6 = 960
group size rank 2 = 960
group size rank 4 = 960
group size rank 3 = 960
group size rank 0 = 960
group size rank 7 = 960
group size rank 1 = 960
group size rank 5 = 4768
group size rank 6 = 4768
group size rank 2 = 4768
group size rank 4 = 4768
group size rank 7 = 4768
group size rank 1 = 4736
group size rank 3 = 4768
POT: 4
MY ADAM TRAIN: Errors (MAE, RMSE, MAXAE)
Energy      = 1.381629e+00, 1.485971e+00, 3.584801e+00
Energy/Atom = 4.317590e-02, 4.643660e-02, 1.120250e-01
Forces      = 2.515518e-01, 4.019419e-01, 9.454848e+00
Stress      = 5.587476e+00, 8.683254e+00, 4.959490e+01
Charges     = 0.000000e+00, 0.000000e+00, 0.000000e+00

MY ADAM VALID: Errors (MAE, RMSE, MAXAE)
Energy      = 1.284740e+00, 1.456475e+00, 4.127637e+00
Energy/Atom = 4.014813e-02, 4.551485e-02, 1.289887e-01
Forces      = 4.176689e-01, 6.673354e-01, 9.681788e+00
Stress      = 1.033719e+01, 1.441183e+01, 4.697879e+01
Charges     = 0.000000e+00, 0.000000e+00, 0.000000e+00

MY ADAM TIME: 386.41540882363915 STEPS: 1500 EPOCHS: 299 FINAL_LOSS: 8.940916422426188

group size rank 0 = 4768
group size rank 5 = 960
group size rank 6 = 960
group size rank 2 = 960
group size rank 4 = 960
group size rank 7 = 960
group size rank 1 = 960
group size rank 0 = 960
group size rank 3 = 960
POT: 5
MY ADAM TRAIN: Errors (MAE, RMSE, MAXAE)
Energy      = 1.403067e+00, 1.474565e+00, 3.673444e+00
Energy/Atom = 4.384584e-02, 4.608015e-02, 1.147951e-01
Forces      = 3.373502e-01, 5.301174e-01, 9.540206e+00
Stress      = 5.557458e+00, 8.558038e+00, 4.701668e+01
Charges     = 0.000000e+00, 0.000000e+00, 0.000000e+00

MY ADAM VALID: Errors (MAE, RMSE, MAXAE)
Energy      = 1.597539e+00, 1.767441e+00, 3.903607e+00
Energy/Atom = 4.992310e-02, 5.523253e-02, 1.219877e-01
Forces      = 5.569003e-01, 8.442200e-01, 9.597069e+00
Stress      = 9.077761e+00, 1.315952e+01, 4.864951e+01
Charges     = 0.000000e+00, 0.000000e+00, 0.000000e+00

MY ADAM TIME: 385.8321376517415 STEPS: 1500 EPOCHS: 299 FINAL_LOSS: 6.737564510706088

