
The following have been reloaded with a version change:
  1) Python/Anaconda_v02.2024 => Python/Miniconda

[prun] Master compute host = cn-037
[prun] Resource manager = slurm
[prun] Launch cmd = mpirun /home/peivzarenkov/.conda/envs/peter_env/bin/python train_mtp_scipy_bfgs.py (family=openmpi)
group size rank 0 = 4768
group size rank 4 = 4768
group size rank 7 = 4768
group size rank 6 = 4768
group size rank 2 = 4768
group size rank 3 = 4768
group size rank 5 = 4768
group size rank 1 = 4736
group size rank 0 = 960
group size rank 4 = 960
group size rank 6 = 960
group size rank 7 = 960
group size rank 3 = 960
group size rank 2 = 960
group size rank 5 = 960
group size rank 1 = 960
POT: 1
SCIPY BFGS TRAIN: Errors (MAE, RMSE, MAXAE)
Energy      = 3.650670e-02, 4.897180e-02, 2.696887e-01
Energy/Atom = 1.140835e-03, 1.530369e-03, 8.427772e-03
Forces      = 2.967497e-02, 4.170122e-02, 4.906556e-01
Stress      = 3.222945e-01, 4.786541e-01, 3.920438e+00
Charges     = 0.000000e+00, 0.000000e+00, 0.000000e+00

SCIPY BFGS VALID: Errors (MAE, RMSE, MAXAE)
Energy      = 6.998702e-02, 8.885978e-02, 2.452781e-01
Energy/Atom = 2.187094e-03, 2.776868e-03, 7.664942e-03
Forces      = 5.047198e-02, 7.242979e-02, 1.327651e+00
Stress      = 5.446160e-01, 7.884213e-01, 4.609708e+00
Charges     = 0.000000e+00, 0.000000e+00, 0.000000e+00

SCIPY BFGS TIME: 321.8048639204353 NIT: 500 SUCCESS: False

POT: 2
SCIPY BFGS TRAIN: Errors (MAE, RMSE, MAXAE)
Energy      = 3.198260e-02, 4.379721e-02, 2.976979e-01
Energy/Atom = 9.994563e-04, 1.368663e-03, 9.303059e-03
Forces      = 2.777049e-02, 3.891307e-02, 4.140314e-01
Stress      = 3.112319e-01, 4.720817e-01, 5.062817e+00
Charges     = 0.000000e+00, 0.000000e+00, 0.000000e+00

SCIPY BFGS VALID: Errors (MAE, RMSE, MAXAE)
Energy      = 6.963207e-02, 9.070357e-02, 2.915012e-01
Energy/Atom = 2.176002e-03, 2.834486e-03, 9.109413e-03
Forces      = 4.816458e-02, 6.961794e-02, 1.476363e+00
Stress      = 5.281965e-01, 7.855912e-01, 4.185350e+00
Charges     = 0.000000e+00, 0.000000e+00, 0.000000e+00

SCIPY BFGS TIME: 321.9571776520461 NIT: 500 SUCCESS: False

POT: 3
SCIPY BFGS TRAIN: Errors (MAE, RMSE, MAXAE)
Energy      = 3.138645e-02, 4.382672e-02, 2.228581e-01
Energy/Atom = 9.808266e-04, 1.369585e-03, 6.964316e-03
Forces      = 2.625283e-02, 3.664059e-02, 3.534626e-01
Stress      = 2.755289e-01, 3.974269e-01, 3.294684e+00
Charges     = 0.000000e+00, 0.000000e+00, 0.000000e+00

SCIPY BFGS VALID: Errors (MAE, RMSE, MAXAE)
Energy      = 6.730490e-02, 8.670078e-02, 2.628485e-01
Energy/Atom = 2.103278e-03, 2.709399e-03, 8.214017e-03
Forces      = 4.494898e-02, 6.301421e-02, 1.012686e+00
Stress      = 4.516085e-01, 6.359397e-01, 3.341252e+00
Charges     = 0.000000e+00, 0.000000e+00, 0.000000e+00

SCIPY BFGS TIME: 330.6343908198178 NIT: 500 SUCCESS: False

POT: 4
SCIPY BFGS TRAIN: Errors (MAE, RMSE, MAXAE)
Energy      = 3.199421e-02, 4.515148e-02, 2.734393e-01
Energy/Atom = 9.998192e-04, 1.410984e-03, 8.544979e-03
Forces      = 2.783713e-02, 3.880538e-02, 4.320329e-01
Stress      = 2.885589e-01, 4.170448e-01, 2.911178e+00
Charges     = 0.000000e+00, 0.000000e+00, 0.000000e+00

SCIPY BFGS VALID: Errors (MAE, RMSE, MAXAE)
Energy      = 7.022140e-02, 8.903437e-02, 3.179762e-01
Energy/Atom = 2.194419e-03, 2.782324e-03, 9.936755e-03
Forces      = 4.808963e-02, 6.798570e-02, 8.966544e-01
Stress      = 5.119476e-01, 7.324428e-01, 4.876947e+00
Charges     = 0.000000e+00, 0.000000e+00, 0.000000e+00

SCIPY BFGS TIME: 319.62123781070113 NIT: 500 SUCCESS: False

POT: 5
SCIPY BFGS TRAIN: Errors (MAE, RMSE, MAXAE)
Energy      = 3.691758e-02, 4.857071e-02, 2.236541e-01
Energy/Atom = 1.153674e-03, 1.517835e-03, 6.989192e-03
Forces      = 3.006000e-02, 4.181842e-02, 4.700090e-01
Stress      = 3.625645e-01, 5.470401e-01, 3.952325e+00
Charges     = 0.000000e+00, 0.000000e+00, 0.000000e+00

SCIPY BFGS VALID: Errors (MAE, RMSE, MAXAE)
Energy      = 7.539288e-02, 9.471641e-02, 3.047634e-01
Energy/Atom = 2.356028e-03, 2.959888e-03, 9.523855e-03
Forces      = 5.238721e-02, 7.467094e-02, 1.463412e+00
Stress      = 6.281695e-01, 9.204862e-01, 5.045635e+00
Charges     = 0.000000e+00, 0.000000e+00, 0.000000e+00

SCIPY BFGS TIME: 324.8187252599746 NIT: 500 SUCCESS: False

