
The following have been reloaded with a version change:
  1) Python/Anaconda_v02.2024 => Python/Miniconda

[prun] Master compute host = cn-034
[prun] Resource manager = slurm
[prun] Launch cmd = mpirun /home/peivzarenkov/.conda/envs/peter_env/bin/python train_etn_my_momentum.py (family=openmpi)
Traceback (most recent call last):
  File "/home/peivzarenkov/mlip-4/Testing-optimization-methods-in-MLP/task4/Momentum_scripts/train_etn_my_momentum.py", line 12, in <module>
    import utils
ModuleNotFoundError: No module named 'utils'
Traceback (most recent call last):
  File "/home/peivzarenkov/mlip-4/Testing-optimization-methods-in-MLP/task4/Momentum_scripts/train_etn_my_momentum.py", line 12, in <module>
    import utils
ModuleNotFoundError: No module named 'utils'
Traceback (most recent call last):
  File "/home/peivzarenkov/mlip-4/Testing-optimization-methods-in-MLP/task4/Momentum_scripts/train_etn_my_momentum.py", line 12, in <module>
Traceback (most recent call last):
  File "/home/peivzarenkov/mlip-4/Testing-optimization-methods-in-MLP/task4/Momentum_scripts/train_etn_my_momentum.py", line 12, in <module>
    import utils
ModuleNotFoundError: No module named 'utils'
Traceback (most recent call last):
  File "/home/peivzarenkov/mlip-4/Testing-optimization-methods-in-MLP/task4/Momentum_scripts/train_etn_my_momentum.py", line 12, in <module>
Traceback (most recent call last):
Traceback (most recent call last):
  File "/home/peivzarenkov/mlip-4/Testing-optimization-methods-in-MLP/task4/Momentum_scripts/train_etn_my_momentum.py", line 12, in <module>
  File "/home/peivzarenkov/mlip-4/Testing-optimization-methods-in-MLP/task4/Momentum_scripts/train_etn_my_momentum.py", line 12, in <module>
Traceback (most recent call last):
    import utils
ModuleNotFoundError: No module named 'utils'
  File "/home/peivzarenkov/mlip-4/Testing-optimization-methods-in-MLP/task4/Momentum_scripts/train_etn_my_momentum.py", line 12, in <module>
    import utils
ModuleNotFoundError: No module named 'utils'
    import utils
ModuleNotFoundError: No module named 'utils'
    import utils
ModuleNotFoundError: No module named 'utils'
    import utils
ModuleNotFoundError: No module named 'utils'
