
The following have been reloaded with a version change:
  1) Python/Anaconda_v02.2024 => Python/Miniconda

[prun] Master compute host = cn-037
[prun] Resource manager = slurm
[prun] Launch cmd = mpirun /home/peivzarenkov/.conda/envs/peter_env/bin/python train_mtp_my_sgd_clip_lr.py (family=openmpi)
group size rank 1 = 4736
group size rank 2 = 4768
group size rank 3 = 4768
group size rank 5 = 4768
group size rank 1 = 960
group size rank 6 = 4768
group size rank 2 = 960
group size rank 5 = 960
group size rank 3 = 960
group size rank 0 = 4768
group size rank 7 = 4768
group size rank 4 = 4768
group size rank 7 = 960
group size rank 6 = 960
group size rank 4 = 960
group size rank 0 = 960
group size rank 1 = 4736
group size rank 5 = 4768
group size rank 3 = 4768
group size rank 4 = 4768
group size rank 2 = 4768
group size rank 7 = 4768
group size rank 4 = 960
group size rank 3 = 960
group size rank 5 = 960
group size rank 1 = 960
group size rank 2 = 960
group size rank 7 = 960
CLIP: 1 LR: 0.001 POT: 1
MY SGD TRAIN: Errors (MAE, RMSE, MAXAE)
Energy      = 2.393792e+00, 3.260810e+00, 1.661895e+01
Energy/Atom = 7.480599e-02, 1.019003e-01, 5.193420e-01
Forces      = 1.143302e+00, 1.529964e+00, 1.360253e+01
Stress      = 6.491206e+01, 9.388667e+01, 2.707197e+02
Charges     = 0.000000e+00, 0.000000e+00, 0.000000e+00

MY SGD VALID: Errors (MAE, RMSE, MAXAE)
Energy      = 5.147653e+00, 6.221512e+00, 1.759955e+01
Energy/Atom = 1.608642e-01, 1.944222e-01, 5.499858e-01
Forces      = 1.622667e+00, 2.098964e+00, 1.367203e+01
Stress      = 9.740051e+01, 1.318947e+02, 2.729490e+02
Charges     = 0.000000e+00, 0.000000e+00, 0.000000e+00

MY SGD TIME: 279.9573918618262 STEPS: 1000 EPOCHS: 199 FINAL_LOSS: 116.32217371263015

group size rank 0 = 4768
group size rank 6 = 4768
group size rank 0 = 960
group size rank 6 = 960
group size rank 4 = 4768
group size rank 5 = 4768
CLIP: 1 LR: 0.001 POT: 2
MY SGD TRAIN: Errors (MAE, RMSE, MAXAE)
Energy      = 2.094907e+00, 2.819618e+00, 1.405717e+01
Energy/Atom = 6.546585e-02, 8.811307e-02, 4.392867e-01
Forces      = 1.208604e+00, 1.583330e+00, 1.501360e+01
Stress      = 6.717569e+01, 9.959526e+01, 2.681721e+02
Charges     = 0.000000e+00, 0.000000e+00, 0.000000e+00

MY SGD VALID: Errors (MAE, RMSE, MAXAE)
Energy      = 4.304286e+00, 5.237857e+00, 1.339177e+01
Energy/Atom = 1.345089e-01, 1.636830e-01, 4.184929e-01
Forces      = 1.628200e+00, 2.108486e+00, 1.561046e+01
Stress      = 1.048884e+02, 1.422740e+02, 2.787328e+02
Charges     = 0.000000e+00, 0.000000e+00, 0.000000e+00

MY SGD TIME: 275.94360345229506 STEPS: 1000 EPOCHS: 199 FINAL_LOSS: 105.0290108469022

group size rank 0 = 4768
group size rank 7 = 4768
group size rank 1 = 4736
group size rank 6 = 4768
group size rank 4 = 960
group size rank 5 = 960
group size rank 0 = 960
group size rank 7 = 960
group size rank 1 = 960
group size rank 6 = 960
group size rank 2 = 4768
group size rank 3 = 4768
group size rank 2 = 960
group size rank 3 = 960
group size rank 4 = 4768
group size rank 5 = 4768
group size rank 6 = 4768
group size rank 7 = 4768
group size rank 1 = 4736
group size rank 4 = 960
group size rank 3 = 4768
group size rank 5 = 960
group size rank 6 = 960
group size rank 7 = 960
group size rank 1 = 960
group size rank 3 = 960
group size rank 2 = 4768
group size rank 2 = 960
CLIP: 1 LR: 0.001 POT: 3
MY SGD TRAIN: Errors (MAE, RMSE, MAXAE)
Energy      = 1.850114e+00, 2.345819e+00, 1.115235e+01
Energy/Atom = 5.781607e-02, 7.330684e-02, 3.485109e-01
Forces      = 1.242629e+00, 1.653057e+00, 1.340093e+01
Stress      = 2.962222e+01, 4.422984e+01, 1.714386e+02
Charges     = 0.000000e+00, 0.000000e+00, 0.000000e+00

MY SGD VALID: Errors (MAE, RMSE, MAXAE)
Energy      = 3.290409e+00, 3.994453e+00, 1.280726e+01
Energy/Atom = 1.028253e-01, 1.248267e-01, 4.002270e-01
Forces      = 1.707807e+00, 2.228789e+00, 1.320832e+01
Stress      = 5.334546e+01, 7.056600e+01, 1.699615e+02
Charges     = 0.000000e+00, 0.000000e+00, 0.000000e+00

MY SGD TIME: 287.0426767822355 STEPS: 1000 EPOCHS: 199 FINAL_LOSS: 56.905863031249424

group size rank 0 = 4768
group size rank 0 = 960
group size rank 4 = 4768
group size rank 5 = 4768
group size rank 6 = 4768
group size rank 2 = 4768
group size rank 1 = 4736
group size rank 3 = 4768
group size rank 4 = 960
group size rank 5 = 960
group size rank 6 = 960
group size rank 2 = 960
group size rank 1 = 960
group size rank 3 = 960
CLIP: 1 LR: 0.001 POT: 4
MY SGD TRAIN: Errors (MAE, RMSE, MAXAE)
Energy      = 3.511856e+00, 4.232023e+00, 1.339202e+01
Energy/Atom = 1.097455e-01, 1.322507e-01, 4.185006e-01
Forces      = 1.639709e+00, 2.137237e+00, 1.494240e+01
Stress      = 5.217714e+01, 7.306956e+01, 2.336553e+02
Charges     = 0.000000e+00, 0.000000e+00, 0.000000e+00

MY SGD VALID: Errors (MAE, RMSE, MAXAE)
Energy      = 4.810791e+00, 5.962415e+00, 1.756937e+01
Energy/Atom = 1.503372e-01, 1.863255e-01, 5.490429e-01
Forces      = 2.193311e+00, 2.825725e+00, 1.494240e+01
Stress      = 7.618732e+01, 1.019838e+02, 2.459146e+02
Charges     = 0.000000e+00, 0.000000e+00, 0.000000e+00

MY SGD TIME: 272.89051058515906 STEPS: 1000 EPOCHS: 199 FINAL_LOSS: 144.3623449594341

group size rank 0 = 4768
group size rank 0 = 960
group size rank 7 = 4768
group size rank 7 = 960
group size rank 4 = 4768
group size rank 5 = 4768
group size rank 7 = 4768
group size rank 1 = 4736
group size rank 6 = 4768
group size rank 3 = 4768
group size rank 4 = 960
group size rank 5 = 960
group size rank 7 = 960
group size rank 1 = 960
group size rank 6 = 960
group size rank 3 = 960
group size rank 2 = 4768
CLIP: 1 LR: 0.001 POT: 5
MY SGD TRAIN: Errors (MAE, RMSE, MAXAE)
Energy      = 2.698376e+00, 3.472138e+00, 1.432596e+01
Energy/Atom = 8.432426e-02, 1.085043e-01, 4.476864e-01
Forces      = 9.539715e-01, 1.300087e+00, 1.464930e+01
Stress      = 4.844298e+01, 7.211352e+01, 2.181803e+02
Charges     = 0.000000e+00, 0.000000e+00, 0.000000e+00

MY SGD VALID: Errors (MAE, RMSE, MAXAE)
Energy      = 5.265104e+00, 6.245689e+00, 1.562714e+01
Energy/Atom = 1.645345e-01, 1.951778e-01, 4.883481e-01
Forces      = 1.403237e+00, 1.836348e+00, 1.508737e+01
Stress      = 7.530837e+01, 1.017689e+02, 2.277187e+02
Charges     = 0.000000e+00, 0.000000e+00, 0.000000e+00

MY SGD TIME: 278.3696616925299 STEPS: 1000 EPOCHS: 199 FINAL_LOSS: 61.817022861080495

group size rank 0 = 4768
group size rank 0 = 960
group size rank 2 = 960
group size rank 1 = 4736
CLIP: 1 LR: 0.003 POT: 1
MY SGD TRAIN: Errors (MAE, RMSE, MAXAE)
Energy      = 3.607040e+00, 4.256323e+00, 1.455103e+01
Energy/Atom = 1.127200e-01, 1.330101e-01, 4.547196e-01
Forces      = 1.080934e+00, 1.453438e+00, 1.352339e+01
Stress      = 6.175962e+01, 8.898151e+01, 2.598710e+02
Charges     = 0.000000e+00, 0.000000e+00, 0.000000e+00

MY SGD VALID: Errors (MAE, RMSE, MAXAE)
Energy      = 5.550009e+00, 6.659732e+00, 1.455103e+01
Energy/Atom = 1.734378e-01, 2.081166e-01, 4.547196e-01
Forces      = 1.545357e+00, 2.007506e+00, 1.337150e+01
Stress      = 9.218709e+01, 1.249237e+02, 2.607265e+02
Charges     = 0.000000e+00, 0.000000e+00, 0.000000e+00

MY SGD TIME: 278.1553208306432 STEPS: 1000 EPOCHS: 199 FINAL_LOSS: 110.2579362537747

group size rank 0 = 4768
group size rank 2 = 4768
group size rank 5 = 4768
group size rank 3 = 4768
group size rank 6 = 4768
group size rank 5 = 960
group size rank 1 = 960
group size rank 0 = 960
group size rank 2 = 960
group size rank 3 = 960
group size rank 7 = 4768
group size rank 6 = 960
group size rank 7 = 960
group size rank 4 = 4768
group size rank 4 = 960
group size rank 4 = 4768
group size rank 5 = 4768
group size rank 7 = 4768
group size rank 2 = 4768
group size rank 4 = 960
CLIP: 1 LR: 0.003 POT: 2
MY SGD TRAIN: Errors (MAE, RMSE, MAXAE)
Energy      = 3.844654e+00, 4.267266e+00, 1.446247e+01
Energy/Atom = 1.201454e-01, 1.333521e-01, 4.519521e-01
Forces      = 1.113590e+00, 1.466795e+00, 1.482534e+01
Stress      = 6.063171e+01, 9.001703e+01, 2.575748e+02
Charges     = 0.000000e+00, 0.000000e+00, 0.000000e+00

MY SGD VALID: Errors (MAE, RMSE, MAXAE)
Energy      = 4.214730e+00, 5.275526e+00, 1.444340e+01
Energy/Atom = 1.317103e-01, 1.648602e-01, 4.513563e-01
Forces      = 1.499207e+00, 1.959496e+00, 1.938589e+01
Stress      = 9.592702e+01, 1.302883e+02, 2.482989e+02
Charges     = 0.000000e+00, 0.000000e+00, 0.000000e+00

MY SGD TIME: 275.04418703354895 STEPS: 1000 EPOCHS: 199 FINAL_LOSS: 98.96248484856743

group size rank 0 = 4768
group size rank 5 = 960
group size rank 7 = 960
group size rank 6 = 4768
group size rank 2 = 960
group size rank 0 = 960
group size rank 6 = 960
group size rank 1 = 4736
group size rank 3 = 4768
group size rank 3 = 960
group size rank 1 = 960
group size rank 5 = 4768
group size rank 7 = 4768
CLIP: 1 LR: 0.003 POT: 3
MY SGD TRAIN: Errors (MAE, RMSE, MAXAE)
Energy      = 2.611581e+00, 2.867819e+00, 8.796236e+00
Energy/Atom = 8.161191e-02, 8.961936e-02, 2.748824e-01
Forces      = 9.570451e-01, 1.306077e+00, 1.304920e+01
Stress      = 3.440344e+01, 4.972240e+01, 1.715763e+02
Charges     = 0.000000e+00, 0.000000e+00, 0.000000e+00

MY SGD VALID: Errors (MAE, RMSE, MAXAE)
Energy      = 2.932781e+00, 3.693666e+00, 1.072303e+01
Energy/Atom = 9.164941e-02, 1.154271e-01, 3.350947e-01
Forces      = 1.353172e+00, 1.810858e+00, 1.292040e+01
Stress      = 5.648692e+01, 7.568274e+01, 1.635902e+02
Charges     = 0.000000e+00, 0.000000e+00, 0.000000e+00

MY SGD TIME: 277.0637697931379 STEPS: 1000 EPOCHS: 199 FINAL_LOSS: 43.195831122182206

group size rank 0 = 4768
group size rank 2 = 4768
group size rank 4 = 4768
group size rank 5 = 960
group size rank 0 = 960
group size rank 2 = 960
group size rank 4 = 960
group size rank 7 = 960
group size rank 3 = 4768
group size rank 6 = 4768
group size rank 1 = 4736
group size rank 1 = 960
group size rank 6 = 960
group size rank 3 = 960
group size rank 7 = 4768
group size rank 5 = 4768
group size rank 4 = 4768
group size rank 1 = 4736
group size rank 2 = 4768
group size rank 3 = 4768
group size rank 7 = 960
group size rank 4 = 960
group size rank 5 = 960
group size rank 6 = 4768
group size rank 1 = 960
group size rank 3 = 960
group size rank 2 = 960
CLIP: 1 LR: 0.003 POT: 4
MY SGD TRAIN: Errors (MAE, RMSE, MAXAE)
Energy      = 5.578229e+00, 6.175193e+00, 2.025341e+01
Energy/Atom = 1.743197e-01, 1.929748e-01, 6.329190e-01
Forces      = 1.432170e+00, 1.882890e+00, 1.475411e+01
Stress      = 5.420291e+01, 7.896641e+01, 2.681688e+02
Charges     = 0.000000e+00, 0.000000e+00, 0.000000e+00

MY SGD VALID: Errors (MAE, RMSE, MAXAE)
Energy      = 5.552141e+00, 6.875872e+00, 1.800475e+01
Energy/Atom = 1.735044e-01, 2.148710e-01, 5.626484e-01
Forces      = 1.975232e+00, 2.562950e+00, 1.475411e+01
Stress      = 8.564654e+01, 1.153792e+02, 2.555615e+02
Charges     = 0.000000e+00, 0.000000e+00, 0.000000e+00

MY SGD TIME: 288.8162378631532 STEPS: 1000 EPOCHS: 199 FINAL_LOSS: 142.39260335657934

group size rank 0 = 4768
group size rank 6 = 960
group size rank 0 = 960
group size rank 7 = 4768
group size rank 6 = 4768
group size rank 5 = 4768
CLIP: 1 LR: 0.003 POT: 5
MY SGD TRAIN: Errors (MAE, RMSE, MAXAE)
Energy      = 5.038971e+00, 5.549199e+00, 1.516595e+01
Energy/Atom = 1.574678e-01, 1.734125e-01, 4.739360e-01
Forces      = 9.005527e-01, 1.238843e+00, 1.411921e+01
Stress      = 4.709390e+01, 6.999953e+01, 2.062190e+02
Charges     = 0.000000e+00, 0.000000e+00, 0.000000e+00

MY SGD VALID: Errors (MAE, RMSE, MAXAE)
Energy      = 6.549862e+00, 7.642890e+00, 1.569257e+01
Energy/Atom = 2.046832e-01, 2.388403e-01, 4.903927e-01
Forces      = 1.339963e+00, 1.764708e+00, 1.405845e+01
Stress      = 7.251536e+01, 9.816445e+01, 2.200437e+02
Charges     = 0.000000e+00, 0.000000e+00, 0.000000e+00

MY SGD TIME: 284.93977312743664 STEPS: 1000 EPOCHS: 199 FINAL_LOSS: 63.69903457985827

group size rank 0 = 4768
group size rank 2 = 4768
group size rank 7 = 960
group size rank 6 = 960
group size rank 5 = 960
group size rank 0 = 960
group size rank 2 = 960
group size rank 3 = 4768
group size rank 4 = 4768
group size rank 1 = 4736
group size rank 4 = 960
group size rank 3 = 960
group size rank 1 = 960
group size rank 6 = 4768
group size rank 7 = 4768
group size rank 1 = 4736
group size rank 5 = 4768
group size rank 3 = 4768
group size rank 2 = 4768
CLIP: 1 LR: 0.01 POT: 1
MY SGD TRAIN: Errors (MAE, RMSE, MAXAE)
Energy      = 5.282769e+00, 5.630679e+00, 1.361170e+01
Energy/Atom = 1.650865e-01, 1.759587e-01, 4.253656e-01
Forces      = 8.130803e-01, 1.140827e+00, 1.301772e+01
Stress      = 4.267106e+01, 6.161775e+01, 1.788623e+02
Charges     = 0.000000e+00, 0.000000e+00, 0.000000e+00

MY SGD VALID: Errors (MAE, RMSE, MAXAE)
Energy      = 6.011735e+00, 6.877738e+00, 1.352396e+01
Energy/Atom = 1.878667e-01, 2.149293e-01, 4.226238e-01
Forces      = 1.201248e+00, 1.618576e+00, 1.300916e+01
Stress      = 6.454686e+01, 8.737838e+01, 1.866380e+02
Charges     = 0.000000e+00, 0.000000e+00, 0.000000e+00

MY SGD TIME: 284.2848376855254 STEPS: 1000 EPOCHS: 199 FINAL_LOSS: 74.01736856717544

group size rank 0 = 4768
group size rank 4 = 4768
group size rank 6 = 960
group size rank 7 = 960
group size rank 1 = 960
group size rank 5 = 960
group size rank 2 = 960
group size rank 3 = 960
group size rank 0 = 960
group size rank 4 = 960
group size rank 6 = 4768
group size rank 1 = 4736
group size rank 7 = 4768
group size rank 5 = 4768
group size rank 3 = 4768
group size rank 4 = 4768
group size rank 2 = 4768
CLIP: 1 LR: 0.01 POT: 2
MY SGD TRAIN: Errors (MAE, RMSE, MAXAE)
Energy      = 6.532557e+00, 6.761822e+00, 1.299806e+01
Energy/Atom = 2.041424e-01, 2.113069e-01, 4.061894e-01
Forces      = 9.234858e-01, 1.261132e+00, 1.331120e+01
Stress      = 4.941420e+01, 7.188678e+01, 2.129721e+02
Charges     = 0.000000e+00, 0.000000e+00, 0.000000e+00

MY SGD VALID: Errors (MAE, RMSE, MAXAE)
Energy      = 6.065931e+00, 6.771040e+00, 1.482866e+01
Energy/Atom = 1.895604e-01, 2.115950e-01, 4.633957e-01
Forces      = 1.349259e+00, 1.842449e+00, 3.840982e+01
Stress      = 7.604716e+01, 1.032839e+02, 2.302045e+02
Charges     = 0.000000e+00, 0.000000e+00, 0.000000e+00

MY SGD TIME: 263.29055854305625 STEPS: 1000 EPOCHS: 199 FINAL_LOSS: 81.67869899827555

group size rank 0 = 4768
group size rank 6 = 960
group size rank 7 = 960
group size rank 1 = 960
group size rank 5 = 960
group size rank 3 = 960
group size rank 4 = 960
group size rank 2 = 960
group size rank 0 = 960
group size rank 5 = 4768
group size rank 6 = 4768
group size rank 1 = 4736
group size rank 7 = 4768
group size rank 3 = 4768
group size rank 4 = 4768
group size rank 2 = 4768
CLIP: 1 LR: 0.01 POT: 3
MY SGD TRAIN: Errors (MAE, RMSE, MAXAE)
Energy      = 4.697763e+00, 4.912233e+00, 8.672969e+00
Energy/Atom = 1.468051e-01, 1.535073e-01, 2.710303e-01
Forces      = 7.689855e-01, 1.087968e+00, 1.324311e+01
Stress      = 3.535730e+01, 5.211185e+01, 1.665037e+02
Charges     = 0.000000e+00, 0.000000e+00, 0.000000e+00

MY SGD VALID: Errors (MAE, RMSE, MAXAE)
Energy      = 3.378829e+00, 4.015892e+00, 9.161726e+00
Energy/Atom = 1.055884e-01, 1.254966e-01, 2.863039e-01
Forces      = 1.147158e+00, 1.567110e+00, 1.331465e+01
Stress      = 5.950619e+01, 8.023074e+01, 1.683599e+02
Charges     = 0.000000e+00, 0.000000e+00, 0.000000e+00

MY SGD TIME: 271.8513751607388 STEPS: 1000 EPOCHS: 199 FINAL_LOSS: 43.209629699818265

group size rank 0 = 4768
group size rank 6 = 960
group size rank 1 = 960
group size rank 5 = 960
group size rank 7 = 960
group size rank 3 = 960
group size rank 4 = 960
group size rank 2 = 960
group size rank 0 = 960
group size rank 6 = 4768
CLIP: 1 LR: 0.01 POT: 4
MY SGD TRAIN: Errors (MAE, RMSE, MAXAE)
Energy      = 1.180305e+01, 1.210176e+01, 2.258226e+01
Energy/Atom = 3.688452e-01, 3.781800e-01, 7.056957e-01
Forces      = 1.169625e+00, 1.553006e+00, 1.392711e+01
Stress      = 4.793503e+01, 7.214922e+01, 2.731218e+02
Charges     = 0.000000e+00, 0.000000e+00, 0.000000e+00

MY SGD VALID: Errors (MAE, RMSE, MAXAE)
Energy      = 1.215454e+01, 1.319119e+01, 2.306736e+01
Energy/Atom = 3.798292e-01, 4.122247e-01, 7.208549e-01
Forces      = 1.616219e+00, 2.134366e+00, 1.392711e+01
Stress      = 7.849531e+01, 1.065033e+02, 2.562749e+02
Charges     = 0.000000e+00, 0.000000e+00, 0.000000e+00

MY SGD TIME: 272.34527483582497 STEPS: 1000 EPOCHS: 199 FINAL_LOSS: 184.54622967631622

group size rank 0 = 4768
group size rank 3 = 4768
group size rank 4 = 4768
group size rank 1 = 4736
group size rank 2 = 4768
group size rank 5 = 4768
group size rank 0 = 960
group size rank 3 = 960
group size rank 4 = 960
group size rank 7 = 4768
group size rank 5 = 960
group size rank 2 = 960
group size rank 7 = 960
group size rank 6 = 960
group size rank 1 = 960
group size rank 1 = 4736
group size rank 7 = 4768
group size rank 5 = 4768
group size rank 4 = 4768
group size rank 2 = 4768
group size rank 6 = 4768
group size rank 1 = 960
group size rank 7 = 960
group size rank 5 = 960
group size rank 4 = 960
group size rank 2 = 960
group size rank 6 = 960
group size rank 3 = 4768
group size rank 3 = 960
CLIP: 1 LR: 0.01 POT: 5
MY SGD TRAIN: Errors (MAE, RMSE, MAXAE)
Energy      = 7.216271e+00, 7.544059e+00, 1.586001e+01
Energy/Atom = 2.255085e-01, 2.357518e-01, 4.956254e-01
Forces      = 7.292912e-01, 1.029948e+00, 1.276180e+01
Stress      = 4.291092e+01, 6.286938e+01, 1.777078e+02
Charges     = 0.000000e+00, 0.000000e+00, 0.000000e+00

MY SGD VALID: Errors (MAE, RMSE, MAXAE)
Energy      = 7.702639e+00, 8.902270e+00, 1.530013e+01
Energy/Atom = 2.407075e-01, 2.781959e-01, 4.781291e-01
Forces      = 1.079073e+00, 1.473918e+00, 1.259949e+01
Stress      = 6.399638e+01, 8.690246e+01, 1.813014e+02
Charges     = 0.000000e+00, 0.000000e+00, 0.000000e+00

MY SGD TIME: 273.65445283800364 STEPS: 1000 EPOCHS: 199 FINAL_LOSS: 67.91522652888565

group size rank 0 = 4768
group size rank 0 = 960
group size rank 6 = 4768
group size rank 7 = 4768
group size rank 5 = 4768
group size rank 3 = 4768
group size rank 2 = 4768
CLIP: 3 LR: 0.001 POT: 1
MY SGD TRAIN: Errors (MAE, RMSE, MAXAE)
Energy      = 3.607040e+00, 4.256323e+00, 1.455103e+01
Energy/Atom = 1.127200e-01, 1.330101e-01, 4.547196e-01
Forces      = 1.080934e+00, 1.453438e+00, 1.352339e+01
Stress      = 6.175962e+01, 8.898151e+01, 2.598710e+02
Charges     = 0.000000e+00, 0.000000e+00, 0.000000e+00

MY SGD VALID: Errors (MAE, RMSE, MAXAE)
Energy      = 5.550009e+00, 6.659732e+00, 1.455103e+01
Energy/Atom = 1.734378e-01, 2.081166e-01, 4.547196e-01
Forces      = 1.545357e+00, 2.007506e+00, 1.337150e+01
Stress      = 9.218709e+01, 1.249237e+02, 2.607265e+02
Charges     = 0.000000e+00, 0.000000e+00, 0.000000e+00

MY SGD TIME: 280.47566123120487 STEPS: 1000 EPOCHS: 199 FINAL_LOSS: 110.25793625377464

group size rank 0 = 4768
group size rank 6 = 960
group size rank 7 = 960
group size rank 5 = 960
group size rank 3 = 960
group size rank 2 = 960
group size rank 0 = 960
group size rank 4 = 4768
group size rank 1 = 4736
group size rank 1 = 960
group size rank 4 = 960
group size rank 7 = 4768
group size rank 5 = 4768
group size rank 1 = 4736
group size rank 2 = 4768
group size rank 4 = 4768
CLIP: 3 LR: 0.001 POT: 2
MY SGD TRAIN: Errors (MAE, RMSE, MAXAE)
Energy      = 3.844654e+00, 4.267266e+00, 1.446247e+01
Energy/Atom = 1.201454e-01, 1.333521e-01, 4.519521e-01
Forces      = 1.113590e+00, 1.466795e+00, 1.482534e+01
Stress      = 6.063171e+01, 9.001703e+01, 2.575748e+02
Charges     = 0.000000e+00, 0.000000e+00, 0.000000e+00

MY SGD VALID: Errors (MAE, RMSE, MAXAE)
Energy      = 4.214730e+00, 5.275526e+00, 1.444340e+01
Energy/Atom = 1.317103e-01, 1.648602e-01, 4.513563e-01
Forces      = 1.499207e+00, 1.959496e+00, 1.938589e+01
Stress      = 9.592702e+01, 1.302883e+02, 2.482989e+02
Charges     = 0.000000e+00, 0.000000e+00, 0.000000e+00

MY SGD TIME: 295.24997670575976 STEPS: 1000 EPOCHS: 199 FINAL_LOSS: 98.96248484856746

group size rank 0 = 4768
group size rank 3 = 4768
group size rank 7 = 960
group size rank 5 = 960
group size rank 6 = 4768
group size rank 1 = 960
group size rank 0 = 960
group size rank 4 = 960
group size rank 2 = 960
group size rank 3 = 960
group size rank 6 = 960
group size rank 7 = 4768
group size rank 5 = 4768
group size rank 6 = 4768
group size rank 3 = 4768
CLIP: 3 LR: 0.001 POT: 3
MY SGD TRAIN: Errors (MAE, RMSE, MAXAE)
Energy      = 2.611581e+00, 2.867819e+00, 8.796236e+00
Energy/Atom = 8.161191e-02, 8.961936e-02, 2.748824e-01
Forces      = 9.570451e-01, 1.306077e+00, 1.304920e+01
Stress      = 3.440344e+01, 4.972240e+01, 1.715763e+02
Charges     = 0.000000e+00, 0.000000e+00, 0.000000e+00

MY SGD VALID: Errors (MAE, RMSE, MAXAE)
Energy      = 2.932781e+00, 3.693666e+00, 1.072303e+01
Energy/Atom = 9.164941e-02, 1.154271e-01, 3.350947e-01
Forces      = 1.353172e+00, 1.810858e+00, 1.292040e+01
Stress      = 5.648692e+01, 7.568274e+01, 1.635902e+02
Charges     = 0.000000e+00, 0.000000e+00, 0.000000e+00

MY SGD TIME: 276.3139702118933 STEPS: 1000 EPOCHS: 199 FINAL_LOSS: 43.19583112218225

group size rank 0 = 4768
group size rank 7 = 960
group size rank 6 = 960
group size rank 5 = 960
group size rank 1 = 4736
group size rank 3 = 960
group size rank 0 = 960
group size rank 1 = 960
group size rank 4 = 4768
group size rank 2 = 4768
group size rank 2 = 960
group size rank 4 = 960
group size rank 7 = 4768
group size rank 6 = 4768
group size rank 5 = 4768
group size rank 4 = 4768
group size rank 2 = 4768
group size rank 3 = 4768
CLIP: 3 LR: 0.001 POT: 4
MY SGD TRAIN: Errors (MAE, RMSE, MAXAE)
Energy      = 5.578229e+00, 6.175193e+00, 2.025341e+01
Energy/Atom = 1.743197e-01, 1.929748e-01, 6.329190e-01
Forces      = 1.432170e+00, 1.882890e+00, 1.475411e+01
Stress      = 5.420291e+01, 7.896641e+01, 2.681688e+02
Charges     = 0.000000e+00, 0.000000e+00, 0.000000e+00

MY SGD VALID: Errors (MAE, RMSE, MAXAE)
Energy      = 5.552141e+00, 6.875872e+00, 1.800475e+01
Energy/Atom = 1.735044e-01, 2.148710e-01, 5.626484e-01
Forces      = 1.975232e+00, 2.562950e+00, 1.475411e+01
Stress      = 8.564654e+01, 1.153792e+02, 2.555615e+02
Charges     = 0.000000e+00, 0.000000e+00, 0.000000e+00

MY SGD TIME: 279.1714208200574 STEPS: 1000 EPOCHS: 199 FINAL_LOSS: 142.39260335657954

group size rank 0 = 4768
group size rank 1 = 4736
group size rank 7 = 960
group size rank 6 = 960
group size rank 5 = 960
group size rank 4 = 960
group size rank 3 = 960
group size rank 2 = 960
group size rank 0 = 960
group size rank 1 = 960
group size rank 7 = 4768
group size rank 1 = 4736
group size rank 4 = 4768
group size rank 6 = 4768
group size rank 3 = 4768
group size rank 7 = 960
group size rank 5 = 4768
group size rank 1 = 960
group size rank 4 = 960
group size rank 6 = 960
group size rank 3 = 960
group size rank 5 = 960
group size rank 2 = 4768
group size rank 2 = 960
CLIP: 3 LR: 0.001 POT: 5
MY SGD TRAIN: Errors (MAE, RMSE, MAXAE)
Energy      = 5.038971e+00, 5.549199e+00, 1.516595e+01
Energy/Atom = 1.574678e-01, 1.734125e-01, 4.739360e-01
Forces      = 9.005527e-01, 1.238843e+00, 1.411921e+01
Stress      = 4.709390e+01, 6.999953e+01, 2.062190e+02
Charges     = 0.000000e+00, 0.000000e+00, 0.000000e+00

MY SGD VALID: Errors (MAE, RMSE, MAXAE)
Energy      = 6.549862e+00, 7.642890e+00, 1.569257e+01
Energy/Atom = 2.046832e-01, 2.388403e-01, 4.903927e-01
Forces      = 1.339963e+00, 1.764708e+00, 1.405845e+01
Stress      = 7.251536e+01, 9.816445e+01, 2.200437e+02
Charges     = 0.000000e+00, 0.000000e+00, 0.000000e+00

MY SGD TIME: 294.66056967526674 STEPS: 1000 EPOCHS: 199 FINAL_LOSS: 63.69903457985808

group size rank 0 = 4768
group size rank 0 = 960
group size rank 7 = 4768
group size rank 1 = 4736
group size rank 3 = 4768
group size rank 4 = 4768
CLIP: 3 LR: 0.003 POT: 1
MY SGD TRAIN: Errors (MAE, RMSE, MAXAE)
Energy      = 5.257466e+00, 5.639403e+00, 1.379552e+01
Energy/Atom = 1.642958e-01, 1.762313e-01, 4.311100e-01
Forces      = 8.392186e-01, 1.170033e+00, 1.313645e+01
Stress      = 4.391594e+01, 6.303703e+01, 1.837998e+02
Charges     = 0.000000e+00, 0.000000e+00, 0.000000e+00

MY SGD VALID: Errors (MAE, RMSE, MAXAE)
Energy      = 7.427771e+00, 8.040189e+00, 1.538810e+01
Energy/Atom = 2.321179e-01, 2.512559e-01, 4.808781e-01
Forces      = 1.226798e+00, 1.648057e+00, 1.309598e+01
Stress      = 6.549526e+01, 8.858324e+01, 1.943206e+02
Charges     = 0.000000e+00, 0.000000e+00, 0.000000e+00

MY SGD TIME: 268.8693914078176 STEPS: 1000 EPOCHS: 199 FINAL_LOSS: 78.87756002601579

group size rank 0 = 4768
group size rank 5 = 4768
group size rank 2 = 4768
group size rank 6 = 4768
group size rank 7 = 960
group size rank 1 = 960
group size rank 0 = 960
group size rank 3 = 960
group size rank 5 = 960
group size rank 4 = 960
group size rank 2 = 960
group size rank 6 = 960
group size rank 5 = 4768
group size rank 7 = 4768
CLIP: 3 LR: 0.003 POT: 2
MY SGD TRAIN: Errors (MAE, RMSE, MAXAE)
Energy      = 6.337894e+00, 6.536263e+00, 1.272713e+01
Energy/Atom = 1.980592e-01, 2.042582e-01, 3.977228e-01
Forces      = 9.206372e-01, 1.266254e+00, 1.713520e+01
Stress      = 4.731504e+01, 6.883265e+01, 2.068927e+02
Charges     = 0.000000e+00, 0.000000e+00, 0.000000e+00

MY SGD VALID: Errors (MAE, RMSE, MAXAE)
Energy      = 7.322479e+00, 7.776690e+00, 1.334722e+01
Energy/Atom = 2.288275e-01, 2.430216e-01, 4.171007e-01
Forces      = 1.344499e+00, 1.850697e+00, 4.099610e+01
Stress      = 7.232724e+01, 9.785193e+01, 2.330638e+02
Charges     = 0.000000e+00, 0.000000e+00, 0.000000e+00

MY SGD TIME: 273.03592728450894 STEPS: 1000 EPOCHS: 199 FINAL_LOSS: 106.88038211431984

group size rank 0 = 4768
group size rank 3 = 4768
group size rank 1 = 4736
group size rank 6 = 4768
group size rank 7 = 960
group size rank 0 = 960
group size rank 5 = 960
group size rank 2 = 4768
group size rank 3 = 960
group size rank 1 = 960
group size rank 6 = 960
group size rank 2 = 960
group size rank 4 = 4768
group size rank 4 = 960
group size rank 1 = 4736
group size rank 6 = 4768
group size rank 4 = 4768
group size rank 2 = 4768
group size rank 1 = 960
group size rank 5 = 4768
group size rank 3 = 4768
group size rank 6 = 960
group size rank 4 = 960
group size rank 2 = 960
group size rank 7 = 4768
group size rank 5 = 960
group size rank 3 = 960
CLIP: 3 LR: 0.003 POT: 3
MY SGD TRAIN: Errors (MAE, RMSE, MAXAE)
Energy      = 4.208608e+00, 4.388525e+00, 1.063726e+01
Energy/Atom = 1.315190e-01, 1.371414e-01, 3.324144e-01
Forces      = 7.718290e-01, 1.089067e+00, 1.316449e+01
Stress      = 3.384210e+01, 4.994157e+01, 1.637266e+02
Charges     = 0.000000e+00, 0.000000e+00, 0.000000e+00

MY SGD VALID: Errors (MAE, RMSE, MAXAE)
Energy      = 5.029723e+00, 5.513257e+00, 1.066772e+01
Energy/Atom = 1.571788e-01, 1.722893e-01, 3.333664e-01
Forces      = 1.143227e+00, 1.562946e+00, 1.319969e+01
Stress      = 5.739184e+01, 7.730259e+01, 1.588968e+02
Charges     = 0.000000e+00, 0.000000e+00, 0.000000e+00

MY SGD TIME: 300.7981141638011 STEPS: 1000 EPOCHS: 199 FINAL_LOSS: 48.20897726298605

group size rank 0 = 4768
group size rank 7 = 960
group size rank 0 = 960
CLIP: 3 LR: 0.003 POT: 4
MY SGD TRAIN: Errors (MAE, RMSE, MAXAE)
Energy      = 1.149537e+01, 1.176216e+01, 2.220213e+01
Energy/Atom = 3.592304e-01, 3.675675e-01, 6.938167e-01
Forces      = 1.172818e+00, 1.557952e+00, 1.414674e+01
Stress      = 4.782649e+01, 7.173499e+01, 2.531574e+02
Charges     = 0.000000e+00, 0.000000e+00, 0.000000e+00

MY SGD VALID: Errors (MAE, RMSE, MAXAE)
Energy      = 1.309272e+01, 1.380414e+01, 2.303630e+01
Energy/Atom = 4.091476e-01, 4.313793e-01, 7.198844e-01
Forces      = 1.633482e+00, 2.153250e+00, 1.414674e+01
Stress      = 7.876422e+01, 1.067296e+02, 2.829820e+02
Charges     = 0.000000e+00, 0.000000e+00, 0.000000e+00

MY SGD TIME: 286.7173418197781 STEPS: 1000 EPOCHS: 199 FINAL_LOSS: 182.18328535268932

group size rank 0 = 4768
group size rank 7 = 4768
group size rank 3 = 4768
group size rank 1 = 4736
group size rank 2 = 4768
group size rank 0 = 960
group size rank 7 = 960
group size rank 3 = 960
group size rank 1 = 960
group size rank 2 = 960
group size rank 6 = 4768
group size rank 5 = 4768
group size rank 6 = 960
group size rank 5 = 960
group size rank 4 = 4768
group size rank 4 = 960
group size rank 7 = 4768
group size rank 5 = 4768
group size rank 2 = 4768
group size rank 1 = 4736
group size rank 6 = 4768
CLIP: 3 LR: 0.003 POT: 5
MY SGD TRAIN: Errors (MAE, RMSE, MAXAE)
Energy      = 6.736268e+00, 7.094720e+00, 1.587127e+01
Energy/Atom = 2.105084e-01, 2.217100e-01, 4.959773e-01
Forces      = 7.612474e-01, 1.066472e+00, 1.316304e+01
Stress      = 4.506599e+01, 6.599617e+01, 1.837713e+02
Charges     = 0.000000e+00, 0.000000e+00, 0.000000e+00

MY SGD VALID: Errors (MAE, RMSE, MAXAE)
Energy      = 7.181107e+00, 8.518893e+00, 1.696352e+01
Energy/Atom = 2.244096e-01, 2.662154e-01, 5.301099e-01
Forces      = 1.117939e+00, 1.514239e+00, 1.309106e+01
Stress      = 6.735471e+01, 9.155916e+01, 1.871535e+02
Charges     = 0.000000e+00, 0.000000e+00, 0.000000e+00

MY SGD TIME: 270.9843869097531 STEPS: 1000 EPOCHS: 199 FINAL_LOSS: 64.20708541541023

group size rank 0 = 4768
group size rank 7 = 960
group size rank 5 = 960
group size rank 2 = 960
group size rank 1 = 960
group size rank 6 = 960
group size rank 0 = 960
group size rank 4 = 4768
group size rank 3 = 4768
group size rank 4 = 960
group size rank 3 = 960
group size rank 7 = 4768
group size rank 3 = 4768
group size rank 1 = 4736
group size rank 2 = 4768
CLIP: 3 LR: 0.01 POT: 1
MY SGD TRAIN: Errors (MAE, RMSE, MAXAE)
Energy      = 6.496883e+00, 7.725622e+00, 1.606456e+01
Energy/Atom = 2.030276e-01, 2.414257e-01, 5.020174e-01
Forces      = 4.999594e-01, 7.532383e-01, 1.159318e+01
Stress      = 1.786825e+01, 2.755665e+01, 1.030380e+02
Charges     = 0.000000e+00, 0.000000e+00, 0.000000e+00

MY SGD VALID: Errors (MAE, RMSE, MAXAE)
Energy      = 6.721956e+00, 8.032336e+00, 1.511538e+01
Energy/Atom = 2.100611e-01, 2.510105e-01, 4.723555e-01
Forces      = 7.757505e-01, 1.134065e+00, 1.189301e+01
Stress      = 2.953785e+01, 4.091677e+01, 1.082149e+02
Charges     = 0.000000e+00, 0.000000e+00, 0.000000e+00

MY SGD TIME: 291.21336084231734 STEPS: 1000 EPOCHS: 199 FINAL_LOSS: 53.82951370677044

group size rank 0 = 4768
group size rank 7 = 960
group size rank 6 = 4768
group size rank 3 = 960
group size rank 1 = 960
group size rank 2 = 960
group size rank 0 = 960
group size rank 6 = 960
group size rank 4 = 4768
group size rank 5 = 4768
group size rank 4 = 960
group size rank 5 = 960
group size rank 7 = 4768
group size rank 4 = 4768
group size rank 2 = 4768
group size rank 5 = 4768
CLIP: 3 LR: 0.01 POT: 2
MY SGD TRAIN: Errors (MAE, RMSE, MAXAE)
Energy      = 1.123053e+01, 1.126637e+01, 1.607502e+01
Energy/Atom = 3.509541e-01, 3.520739e-01, 5.023445e-01
Forces      = 5.603565e-01, 8.458970e-01, 1.257687e+01
Stress      = 2.777103e+01, 4.117905e+01, 1.269701e+02
Charges     = 0.000000e+00, 0.000000e+00, 0.000000e+00

MY SGD VALID: Errors (MAE, RMSE, MAXAE)
Energy      = 1.217742e+01, 1.225634e+01, 1.598660e+01
Energy/Atom = 3.805445e-01, 3.830107e-01, 4.995814e-01
Forces      = 8.545974e-01, 1.248054e+00, 1.276935e+01
Stress      = 4.557758e+01, 6.191105e+01, 1.293660e+02
Charges     = 0.000000e+00, 0.000000e+00, 0.000000e+00

MY SGD TIME: 287.07479517906904 STEPS: 1000 EPOCHS: 199 FINAL_LOSS: 34.197774298551046

group size rank 0 = 4768
group size rank 7 = 960
group size rank 4 = 960
group size rank 2 = 960
group size rank 5 = 960
group size rank 0 = 960
group size rank 3 = 4768
group size rank 1 = 4736
group size rank 1 = 960
group size rank 3 = 960
group size rank 6 = 4768
group size rank 6 = 960
group size rank 3 = 4768
group size rank 6 = 4768
CLIP: 3 LR: 0.01 POT: 3
MY SGD TRAIN: Errors (MAE, RMSE, MAXAE)
Energy      = 1.405911e+00, 1.570389e+00, 4.139834e+00
Energy/Atom = 4.393473e-02, 4.907466e-02, 1.293698e-01
Forces      = 4.913850e-01, 7.773124e-01, 1.252054e+01
Stress      = 2.571637e+01, 3.852437e+01, 1.172873e+02
Charges     = 0.000000e+00, 0.000000e+00, 0.000000e+00

MY SGD VALID: Errors (MAE, RMSE, MAXAE)
Energy      = 9.033265e-01, 1.168887e+00, 3.919270e+00
Energy/Atom = 2.822895e-02, 3.652772e-02, 1.224772e-01
Forces      = 7.576560e-01, 1.149140e+00, 1.272849e+01
Stress      = 4.271622e+01, 5.791290e+01, 1.173579e+02
Charges     = 0.000000e+00, 0.000000e+00, 0.000000e+00

MY SGD TIME: 276.3759778961539 STEPS: 1000 EPOCHS: 199 FINAL_LOSS: 71.1942952734472

group size rank 0 = 4768
group size rank 2 = 4768
group size rank 5 = 4768
group size rank 7 = 4768
group size rank 4 = 4768
group size rank 1 = 4736
group size rank 0 = 960
group size rank 3 = 960
group size rank 6 = 960
group size rank 2 = 960
group size rank 5 = 960
group size rank 7 = 960
group size rank 4 = 960
group size rank 1 = 960
group size rank 2 = 4768
group size rank 3 = 4768
group size rank 7 = 4768
group size rank 6 = 4768
CLIP: 3 LR: 0.01 POT: 4
MY SGD TRAIN: Errors (MAE, RMSE, MAXAE)
Energy      = 1.052758e+00, 1.384657e+00, 6.456907e+00
Energy/Atom = 3.289867e-02, 4.327052e-02, 2.017783e-01
Forces      = 5.441952e-01, 8.171971e-01, 1.139271e+01
Stress      = 2.414778e+01, 3.565991e+01, 1.212027e+02
Charges     = 0.000000e+00, 0.000000e+00, 0.000000e+00

MY SGD VALID: Errors (MAE, RMSE, MAXAE)
Energy      = 1.584800e+00, 2.118878e+00, 7.941269e+00
Energy/Atom = 4.952499e-02, 6.621495e-02, 2.481646e-01
Forces      = 8.035404e-01, 1.173775e+00, 1.156798e+01
Stress      = 3.927717e+01, 5.315058e+01, 1.098175e+02
Charges     = 0.000000e+00, 0.000000e+00, 0.000000e+00

MY SGD TIME: 285.63980850204825 STEPS: 1000 EPOCHS: 199 FINAL_LOSS: 92.86570994720255

group size rank 0 = 4768
group size rank 5 = 4768
group size rank 4 = 4768
group size rank 2 = 960
group size rank 3 = 960
group size rank 7 = 960
group size rank 6 = 960
group size rank 0 = 960
group size rank 5 = 960
group size rank 1 = 4736
group size rank 4 = 960
group size rank 1 = 960
group size rank 2 = 4768
group size rank 4 = 4768
group size rank 6 = 4768
group size rank 3 = 4768
group size rank 1 = 4736
group size rank 5 = 4768
group size rank 2 = 960
group size rank 4 = 960
group size rank 3 = 960
group size rank 6 = 960
group size rank 1 = 960
group size rank 5 = 960
group size rank 7 = 4768
group size rank 7 = 960
CLIP: 3 LR: 0.01 POT: 5
MY SGD TRAIN: Errors (MAE, RMSE, MAXAE)
Energy      = 4.586458e+00, 6.037553e+00, 1.381808e+01
Energy/Atom = 1.433268e-01, 1.886735e-01, 4.318149e-01
Forces      = 5.393435e-01, 8.079201e-01, 1.156651e+01
Stress      = 2.098955e+01, 3.063323e+01, 1.006568e+02
Charges     = 0.000000e+00, 0.000000e+00, 0.000000e+00

MY SGD VALID: Errors (MAE, RMSE, MAXAE)
Energy      = 4.925828e+00, 6.351478e+00, 1.263542e+01
Energy/Atom = 1.539321e-01, 1.984837e-01, 3.948569e-01
Forces      = 8.048059e-01, 1.172259e+00, 1.090254e+01
Stress      = 3.067531e+01, 4.282633e+01, 1.020933e+02
Charges     = 0.000000e+00, 0.000000e+00, 0.000000e+00

MY SGD TIME: 279.9302796572447 STEPS: 1000 EPOCHS: 199 FINAL_LOSS: 81.82721736024092

group size rank 0 = 4768
group size rank 0 = 960
group size rank 4 = 4768
CLIP: 5 LR: 0.001 POT: 1
MY SGD TRAIN: Errors (MAE, RMSE, MAXAE)
Energy      = 4.701948e+00, 5.116224e+00, 1.554545e+01
Energy/Atom = 1.469359e-01, 1.598820e-01, 4.857954e-01
Forces      = 9.933005e-01, 1.345916e+00, 1.325563e+01
Stress      = 5.798256e+01, 8.326849e+01, 2.356493e+02
Charges     = 0.000000e+00, 0.000000e+00, 0.000000e+00

MY SGD VALID: Errors (MAE, RMSE, MAXAE)
Energy      = 4.080242e+00, 5.269560e+00, 1.715268e+01
Energy/Atom = 1.275076e-01, 1.646737e-01, 5.360213e-01
Forces      = 1.434324e+00, 1.878773e+00, 1.313322e+01
Stress      = 8.568467e+01, 1.162617e+02, 2.383193e+02
Charges     = 0.000000e+00, 0.000000e+00, 0.000000e+00

MY SGD TIME: 279.610557558015 STEPS: 1000 EPOCHS: 199 FINAL_LOSS: 105.15804095919295

group size rank 0 = 4768
group size rank 5 = 4768
group size rank 3 = 4768
group size rank 7 = 4768
group size rank 4 = 960
group size rank 0 = 960
group size rank 5 = 960
group size rank 3 = 960
group size rank 1 = 4736
group size rank 7 = 960
group size rank 1 = 960
group size rank 6 = 4768
group size rank 2 = 4768
group size rank 6 = 960
group size rank 2 = 960
group size rank 1 = 4736
group size rank 3 = 4768
group size rank 2 = 4768
group size rank 5 = 4768
CLIP: 5 LR: 0.001 POT: 2
MY SGD TRAIN: Errors (MAE, RMSE, MAXAE)
Energy      = 5.821326e+00, 6.045876e+00, 1.414130e+01
Energy/Atom = 1.819164e-01, 1.889336e-01, 4.419158e-01
Forces      = 1.020858e+00, 1.359667e+00, 1.686459e+01
Stress      = 5.328758e+01, 7.906802e+01, 2.270903e+02
Charges     = 0.000000e+00, 0.000000e+00, 0.000000e+00

MY SGD VALID: Errors (MAE, RMSE, MAXAE)
Energy      = 6.341619e+00, 7.025001e+00, 1.428573e+01
Energy/Atom = 1.981756e-01, 2.195313e-01, 4.464291e-01
Forces      = 1.388921e+00, 1.848481e+00, 2.797307e+01
Stress      = 8.505522e+01, 1.155150e+02, 2.313752e+02
Charges     = 0.000000e+00, 0.000000e+00, 0.000000e+00

MY SGD TIME: 269.4491842892021 STEPS: 1000 EPOCHS: 199 FINAL_LOSS: 102.20768447500723

group size rank 0 = 4768
group size rank 7 = 4768
group size rank 1 = 960
group size rank 3 = 960
group size rank 2 = 960
group size rank 5 = 960
group size rank 0 = 960
group size rank 7 = 960
group size rank 6 = 4768
group size rank 4 = 4768
group size rank 6 = 960
group size rank 4 = 960
group size rank 3 = 4768
group size rank 2 = 4768
group size rank 7 = 4768
CLIP: 5 LR: 0.001 POT: 3
MY SGD TRAIN: Errors (MAE, RMSE, MAXAE)
Energy      = 3.314640e+00, 3.545555e+00, 8.124638e+00
Energy/Atom = 1.035825e-01, 1.107986e-01, 2.538949e-01
Forces      = 8.553115e-01, 1.184380e+00, 1.280102e+01
Stress      = 3.381135e+01, 4.934111e+01, 1.594999e+02
Charges     = 0.000000e+00, 0.000000e+00, 0.000000e+00

MY SGD VALID: Errors (MAE, RMSE, MAXAE)
Energy      = 3.629107e+00, 4.257876e+00, 9.726462e+00
Energy/Atom = 1.134096e-01, 1.330586e-01, 3.039519e-01
Forces      = 1.232276e+00, 1.667081e+00, 1.293374e+01
Stress      = 5.629379e+01, 7.569851e+01, 1.598915e+02
Charges     = 0.000000e+00, 0.000000e+00, 0.000000e+00

MY SGD TIME: 284.9207112826407 STEPS: 1000 EPOCHS: 199 FINAL_LOSS: 40.803891645864724

group size rank 0 = 4768
group size rank 5 = 4768
group size rank 1 = 4736
group size rank 3 = 960
group size rank 2 = 960
group size rank 7 = 960
group size rank 0 = 960
group size rank 5 = 960
group size rank 1 = 960
group size rank 4 = 4768
group size rank 6 = 4768
group size rank 4 = 960
group size rank 6 = 960
group size rank 6 = 4768
CLIP: 5 LR: 0.001 POT: 4
MY SGD TRAIN: Errors (MAE, RMSE, MAXAE)
Energy      = 7.490393e+00, 7.985567e+00, 2.154876e+01
Energy/Atom = 2.340748e-01, 2.495490e-01, 6.733987e-01
Forces      = 1.336685e+00, 1.767283e+00, 1.549426e+01
Stress      = 5.382779e+01, 8.010767e+01, 2.756571e+02
Charges     = 0.000000e+00, 0.000000e+00, 0.000000e+00

MY SGD VALID: Errors (MAE, RMSE, MAXAE)
Energy      = 7.693377e+00, 9.065241e+00, 2.098865e+01
Energy/Atom = 2.404180e-01, 2.832888e-01, 6.558954e-01
Forces      = 1.873493e+00, 2.440756e+00, 1.549426e+01
Stress      = 8.790367e+01, 1.187062e+02, 2.702951e+02
Charges     = 0.000000e+00, 0.000000e+00, 0.000000e+00

MY SGD TIME: 279.5953163802624 STEPS: 1000 EPOCHS: 199 FINAL_LOSS: 149.99595859469866

group size rank 0 = 4768
group size rank 5 = 4768
group size rank 7 = 4768
group size rank 2 = 4768
group size rank 1 = 4736
group size rank 6 = 960
group size rank 0 = 960
group size rank 5 = 960
group size rank 2 = 960
group size rank 7 = 960
group size rank 4 = 4768
group size rank 1 = 960
group size rank 4 = 960
group size rank 3 = 4768
group size rank 3 = 960
group size rank 5 = 4768
group size rank 1 = 4736
group size rank 6 = 4768
group size rank 2 = 4768
CLIP: 5 LR: 0.001 POT: 5
MY SGD TRAIN: Errors (MAE, RMSE, MAXAE)
Energy      = 5.984160e+00, 6.394698e+00, 1.552201e+01
Energy/Atom = 1.870050e-01, 1.998343e-01, 4.850628e-01
Forces      = 8.580192e-01, 1.187693e+00, 1.383574e+01
Stress      = 4.799607e+01, 7.081135e+01, 2.019636e+02
Charges     = 0.000000e+00, 0.000000e+00, 0.000000e+00

MY SGD VALID: Errors (MAE, RMSE, MAXAE)
Energy      = 6.505999e+00, 7.921090e+00, 1.666786e+01
Energy/Atom = 2.033125e-01, 2.475340e-01, 5.208706e-01
Forces      = 1.278162e+00, 1.690004e+00, 1.464670e+01
Stress      = 7.317620e+01, 9.913211e+01, 2.048315e+02
Charges     = 0.000000e+00, 0.000000e+00, 0.000000e+00

MY SGD TIME: 268.10613526776433 STEPS: 1000 EPOCHS: 199 FINAL_LOSS: 66.00989272666594

group size rank 0 = 4768
group size rank 7 = 4768
group size rank 3 = 4768
group size rank 4 = 4768
group size rank 5 = 960
group size rank 1 = 960
group size rank 2 = 960
group size rank 6 = 960
group size rank 0 = 960
group size rank 4 = 960
group size rank 7 = 960
group size rank 3 = 960
group size rank 1 = 4736
group size rank 4 = 4768
group size rank 2 = 4768
group size rank 5 = 4768
group size rank 6 = 4768
CLIP: 5 LR: 0.003 POT: 1
MY SGD TRAIN: Errors (MAE, RMSE, MAXAE)
Energy      = 6.446218e+00, 6.796372e+00, 1.472383e+01
Energy/Atom = 2.014443e-01, 2.123866e-01, 4.601196e-01
Forces      = 6.858411e-01, 9.896385e-01, 1.247988e+01
Stress      = 3.473544e+01, 5.118081e+01, 1.663876e+02
Charges     = 0.000000e+00, 0.000000e+00, 0.000000e+00

MY SGD VALID: Errors (MAE, RMSE, MAXAE)
Energy      = 7.114644e+00, 8.188664e+00, 1.568388e+01
Energy/Atom = 2.223326e-01, 2.558958e-01, 4.901214e-01
Forces      = 1.051343e+00, 1.453077e+00, 1.256427e+01
Stress      = 5.358094e+01, 7.264525e+01, 1.592096e+02
Charges     = 0.000000e+00, 0.000000e+00, 0.000000e+00

MY SGD TIME: 250.88860347494483 STEPS: 1000 EPOCHS: 199 FINAL_LOSS: 86.36436276002955

group size rank 0 = 4768
group size rank 7 = 4768
group size rank 3 = 4768
group size rank 1 = 960
group size rank 4 = 960
group size rank 2 = 960
group size rank 5 = 960
group size rank 6 = 960
group size rank 0 = 960
group size rank 7 = 960
group size rank 3 = 960
group size rank 2 = 4768
group size rank 5 = 4768
group size rank 3 = 4768
group size rank 6 = 4768
CLIP: 5 LR: 0.003 POT: 2
MY SGD TRAIN: Errors (MAE, RMSE, MAXAE)
Energy      = 8.050746e+00, 8.253487e+00, 1.564184e+01
Energy/Atom = 2.515858e-01, 2.579215e-01, 4.888074e-01
Forces      = 8.066810e-01, 1.136242e+00, 1.245305e+01
Stress      = 4.314687e+01, 6.340975e+01, 1.921699e+02
Charges     = 0.000000e+00, 0.000000e+00, 0.000000e+00

MY SGD VALID: Errors (MAE, RMSE, MAXAE)
Energy      = 8.480451e+00, 9.128139e+00, 1.634945e+01
Energy/Atom = 2.650141e-01, 2.852543e-01, 5.109204e-01
Forces      = 1.240698e+00, 1.686947e+00, 1.905361e+01
Stress      = 6.762776e+01, 9.165925e+01, 2.121709e+02
Charges     = 0.000000e+00, 0.000000e+00, 0.000000e+00

MY SGD TIME: 274.2125544529408 STEPS: 1000 EPOCHS: 199 FINAL_LOSS: 96.29512429686477

group size rank 0 = 4768
group size rank 2 = 960
group size rank 5 = 960
group size rank 7 = 4768
group size rank 3 = 960
group size rank 6 = 960
group size rank 0 = 960
group size rank 7 = 960
group size rank 1 = 4736
group size rank 4 = 4768
group size rank 1 = 960
group size rank 4 = 960
group size rank 1 = 4736
group size rank 4 = 4768
group size rank 2 = 4768
group size rank 6 = 4768
group size rank 5 = 4768
group size rank 3 = 4768
group size rank 7 = 4768
CLIP: 5 LR: 0.003 POT: 3
MY SGD TRAIN: Errors (MAE, RMSE, MAXAE)
Energy      = 5.799184e+00, 5.892269e+00, 1.130429e+01
Energy/Atom = 1.812245e-01, 1.841334e-01, 3.532591e-01
Forces      = 6.875832e-01, 9.918311e-01, 1.358353e+01
Stress      = 3.212460e+01, 4.763618e+01, 1.489148e+02
Charges     = 0.000000e+00, 0.000000e+00, 0.000000e+00

MY SGD VALID: Errors (MAE, RMSE, MAXAE)
Energy      = 6.427622e+00, 6.738625e+00, 1.181980e+01
Energy/Atom = 2.008632e-01, 2.105820e-01, 3.693688e-01
Forces      = 1.042002e+00, 1.451147e+00, 1.362621e+01
Stress      = 5.475058e+01, 7.386578e+01, 1.505339e+02
Charges     = 0.000000e+00, 0.000000e+00, 0.000000e+00

MY SGD TIME: 292.7296361923218 STEPS: 1000 EPOCHS: 199 FINAL_LOSS: 54.57151912536876

group size rank 0 = 4768
group size rank 1 = 960
group size rank 4 = 960
group size rank 2 = 960
group size rank 6 = 960
group size rank 5 = 960
group size rank 3 = 960
group size rank 7 = 960
group size rank 0 = 960
group size rank 4 = 4768
group size rank 5 = 4768
group size rank 2 = 4768
group size rank 6 = 4768
group size rank 7 = 4768
CLIP: 5 LR: 0.003 POT: 4
MY SGD TRAIN: Errors (MAE, RMSE, MAXAE)
Energy      = 1.023943e+01, 1.062293e+01, 1.800973e+01
Energy/Atom = 3.199822e-01, 3.319665e-01, 5.628040e-01
Forces      = 9.229285e-01, 1.255101e+00, 1.221478e+01
Stress      = 3.821236e+01, 5.668736e+01, 1.740636e+02
Charges     = 0.000000e+00, 0.000000e+00, 0.000000e+00

MY SGD VALID: Errors (MAE, RMSE, MAXAE)
Energy      = 1.103084e+01, 1.191399e+01, 1.966842e+01
Energy/Atom = 3.447138e-01, 3.723122e-01, 6.146382e-01
Forces      = 1.237777e+00, 1.685303e+00, 1.229446e+01
Stress      = 5.875404e+01, 7.966389e+01, 1.705705e+02
Charges     = 0.000000e+00, 0.000000e+00, 0.000000e+00

MY SGD TIME: 273.1322340667248 STEPS: 1000 EPOCHS: 199 FINAL_LOSS: 132.34662023473464

group size rank 0 = 4768
group size rank 1 = 4736
group size rank 3 = 4768
group size rank 4 = 960
group size rank 5 = 960
group size rank 2 = 960
group size rank 6 = 960
group size rank 0 = 960
group size rank 7 = 960
group size rank 1 = 960
group size rank 3 = 960
group size rank 4 = 4768
group size rank 1 = 4736
group size rank 6 = 4768
group size rank 3 = 4768
group size rank 2 = 4768
group size rank 7 = 4768
group size rank 4 = 960
group size rank 3 = 960
group size rank 2 = 960
group size rank 6 = 960
group size rank 1 = 960
group size rank 7 = 960
CLIP: 5 LR: 0.003 POT: 5
MY SGD TRAIN: Errors (MAE, RMSE, MAXAE)
Energy      = 9.827612e+00, 9.901648e+00, 1.507515e+01
Energy/Atom = 3.071129e-01, 3.094265e-01, 4.710983e-01
Forces      = 6.077394e-01, 9.055972e-01, 1.325113e+01
Stress      = 3.237189e+01, 4.703417e+01, 1.287637e+02
Charges     = 0.000000e+00, 0.000000e+00, 0.000000e+00

MY SGD VALID: Errors (MAE, RMSE, MAXAE)
Energy      = 1.154633e+01, 1.166873e+01, 1.590555e+01
Energy/Atom = 3.608227e-01, 3.646478e-01, 4.970485e-01
Forces      = 9.436670e-01, 1.343543e+00, 1.293987e+01
Stress      = 4.720631e+01, 6.382157e+01, 1.348123e+02
Charges     = 0.000000e+00, 0.000000e+00, 0.000000e+00

MY SGD TIME: 268.86737699247897 STEPS: 1000 EPOCHS: 199 FINAL_LOSS: 38.60757048503485

group size rank 0 = 4768
group size rank 5 = 4768
group size rank 0 = 960
group size rank 5 = 960
group size rank 2 = 4768
group size rank 3 = 4768
group size rank 4 = 4768
group size rank 6 = 4768
group size rank 1 = 4736
group size rank 7 = 4768
group size rank 5 = 4768
CLIP: 5 LR: 0.01 POT: 1
MY SGD TRAIN: Errors (MAE, RMSE, MAXAE)
Energy      = 8.677740e+00, 9.727983e+00, 1.678402e+01
Energy/Atom = 2.711794e-01, 3.039995e-01, 5.245005e-01
Forces      = 3.835897e-01, 5.758814e-01, 1.122218e+01
Stress      = 1.627284e+01, 2.470990e+01, 8.610304e+01
Charges     = 0.000000e+00, 0.000000e+00, 0.000000e+00

MY SGD VALID: Errors (MAE, RMSE, MAXAE)
Energy      = 8.489928e+00, 9.765472e+00, 1.609510e+01
Energy/Atom = 2.653102e-01, 3.051710e-01, 5.029718e-01
Forces      = 5.999197e-01, 8.963806e-01, 1.117977e+01
Stress      = 2.804879e+01, 3.796283e+01, 8.797508e+01
Charges     = 0.000000e+00, 0.000000e+00, 0.000000e+00

MY SGD TIME: 274.78792116977274 STEPS: 1000 EPOCHS: 199 FINAL_LOSS: 95.47695305453652

group size rank 0 = 4768
group size rank 7 = 960
group size rank 6 = 960
group size rank 0 = 960
group size rank 4 = 960
group size rank 1 = 960
group size rank 5 = 960
group size rank 2 = 960
group size rank 3 = 960
group size rank 3 = 4768
group size rank 4 = 4768
group size rank 2 = 4768
group size rank 6 = 4768
CLIP: 5 LR: 0.01 POT: 2
MY SGD TRAIN: Errors (MAE, RMSE, MAXAE)
Energy      = 1.241241e+01, 1.243448e+01, 1.582185e+01
Energy/Atom = 3.878879e-01, 3.885774e-01, 4.944329e-01
Forces      = 4.835573e-01, 7.645171e-01, 1.159406e+01
Stress      = 2.018672e+01, 3.050694e+01, 1.089655e+02
Charges     = 0.000000e+00, 0.000000e+00, 0.000000e+00

MY SGD VALID: Errors (MAE, RMSE, MAXAE)
Energy      = 1.267531e+01, 1.273200e+01, 1.562408e+01
Energy/Atom = 3.961036e-01, 3.978750e-01, 4.882524e-01
Forces      = 7.627977e-01, 1.146903e+00, 1.181662e+01
Stress      = 3.590022e+01, 4.851333e+01, 1.102391e+02
Charges     = 0.000000e+00, 0.000000e+00, 0.000000e+00

MY SGD TIME: 271.53653731942177 STEPS: 1000 EPOCHS: 199 FINAL_LOSS: 34.91722079030222

group size rank 0 = 4768
group size rank 7 = 4768
group size rank 5 = 4768
group size rank 1 = 4736
group size rank 4 = 960
group size rank 3 = 960
group size rank 2 = 960
group size rank 6 = 960
group size rank 0 = 960
group size rank 7 = 960
group size rank 5 = 960
group size rank 1 = 960
CLIP: 5 LR: 0.01 POT: 3
MY SGD TRAIN: Errors (MAE, RMSE, MAXAE)
Energy      = 7.949128e+00, 8.578640e+00, 1.337466e+01
Energy/Atom = 2.484103e-01, 2.680825e-01, 4.179581e-01
Forces      = 4.722716e-01, 7.490882e-01, 1.235689e+01
Stress      = 2.129665e+01, 3.247097e+01, 1.099666e+02
Charges     = 0.000000e+00, 0.000000e+00, 0.000000e+00

MY SGD VALID: Errors (MAE, RMSE, MAXAE)
Energy      = 6.643678e+00, 7.699030e+00, 1.350693e+01
Energy/Atom = 2.076149e-01, 2.405947e-01, 4.220915e-01
Forces      = 7.308146e-01, 1.116933e+00, 1.264108e+01
Stress      = 3.803439e+01, 5.146720e+01, 1.096603e+02
Charges     = 0.000000e+00, 0.000000e+00, 0.000000e+00

MY SGD TIME: 248.01438622362912 STEPS: 1000 EPOCHS: 199 FINAL_LOSS: 37.00829531386073

group size rank 0 = 4768
group size rank 1 = 4736
group size rank 3 = 4768
group size rank 4 = 4768
group size rank 7 = 4768
group size rank 6 = 4768
group size rank 5 = 4768
group size rank 2 = 4768
group size rank 4 = 960
group size rank 3 = 960
group size rank 0 = 960
group size rank 1 = 960
group size rank 2 = 960
group size rank 5 = 960
group size rank 7 = 960
group size rank 6 = 960
group size rank 3 = 4768
group size rank 4 = 4768
group size rank 2 = 4768
group size rank 5 = 4768
group size rank 1 = 4736
group size rank 6 = 4768
group size rank 7 = 4768
CLIP: 5 LR: 0.01 POT: 4
MY SGD TRAIN: Errors (MAE, RMSE, MAXAE)
Energy      = 6.156399e+00, 8.194520e+00, 1.608502e+01
Energy/Atom = 1.923875e-01, 2.560788e-01, 5.026568e-01
Forces      = 4.412372e-01, 6.794145e-01, 1.129081e+01
Stress      = 1.818470e+01, 2.768198e+01, 9.655465e+01
Charges     = 0.000000e+00, 0.000000e+00, 0.000000e+00

MY SGD VALID: Errors (MAE, RMSE, MAXAE)
Energy      = 5.620918e+00, 7.594919e+00, 1.632665e+01
Energy/Atom = 1.756537e-01, 2.373412e-01, 5.102078e-01
Forces      = 6.631212e-01, 1.017938e+00, 1.138557e+01
Stress      = 3.209818e+01, 4.354804e+01, 1.016825e+02
Charges     = 0.000000e+00, 0.000000e+00, 0.000000e+00

MY SGD TIME: 239.27979467250407 STEPS: 1000 EPOCHS: 199 FINAL_LOSS: 145.64359785455844

group size rank 0 = 4768
group size rank 4 = 960
group size rank 3 = 960
group size rank 2 = 960
group size rank 5 = 960
group size rank 1 = 960
group size rank 7 = 960
group size rank 6 = 960
group size rank 0 = 960
group size rank 5 = 4768
group size rank 3 = 4768
group size rank 4 = 4768
group size rank 2 = 4768
group size rank 1 = 4736
group size rank 6 = 4768
group size rank 7 = 4768
CLIP: 5 LR: 0.01 POT: 5
MY SGD TRAIN: Errors (MAE, RMSE, MAXAE)
Energy      = 6.176026e+00, 8.615761e+00, 1.598086e+01
Energy/Atom = 1.930008e-01, 2.692425e-01, 4.994018e-01
Forces      = 3.675595e-01, 5.502000e-01, 1.094165e+01
Stress      = 1.407179e+01, 2.152366e+01, 7.677930e+01
Charges     = 0.000000e+00, 0.000000e+00, 0.000000e+00

MY SGD VALID: Errors (MAE, RMSE, MAXAE)
Energy      = 5.890538e+00, 8.440847e+00, 1.614941e+01
Energy/Atom = 1.840793e-01, 2.637765e-01, 5.046692e-01
Forces      = 5.789490e-01, 8.587886e-01, 1.142750e+01
Stress      = 2.531353e+01, 3.411115e+01, 8.382130e+01
Charges     = 0.000000e+00, 0.000000e+00, 0.000000e+00

MY SGD TIME: 239.85704672895372 STEPS: 1000 EPOCHS: 199 FINAL_LOSS: 132.1256306125566

group size rank 0 = 4768
group size rank 5 = 960
group size rank 4 = 960
group size rank 3 = 960
group size rank 2 = 960
group size rank 1 = 960
group size rank 6 = 960
group size rank 7 = 960
group size rank 0 = 960
group size rank 5 = 4768
group size rank 3 = 4768
group size rank 4 = 4768
group size rank 2 = 4768
group size rank 1 = 4736
group size rank 6 = 4768
group size rank 7 = 4768
CLIP: 10 LR: 0.001 POT: 1
MY SGD TRAIN: Errors (MAE, RMSE, MAXAE)
Energy      = 5.282769e+00, 5.630679e+00, 1.361170e+01
Energy/Atom = 1.650865e-01, 1.759587e-01, 4.253656e-01
Forces      = 8.130803e-01, 1.140827e+00, 1.301772e+01
Stress      = 4.267106e+01, 6.161775e+01, 1.788623e+02
Charges     = 0.000000e+00, 0.000000e+00, 0.000000e+00

MY SGD VALID: Errors (MAE, RMSE, MAXAE)
Energy      = 6.011735e+00, 6.877738e+00, 1.352396e+01
Energy/Atom = 1.878667e-01, 2.149293e-01, 4.226238e-01
Forces      = 1.201248e+00, 1.618576e+00, 1.300916e+01
Stress      = 6.454686e+01, 8.737838e+01, 1.866380e+02
Charges     = 0.000000e+00, 0.000000e+00, 0.000000e+00

MY SGD TIME: 239.29161309450865 STEPS: 1000 EPOCHS: 199 FINAL_LOSS: 74.01736856717508

group size rank 0 = 4768
group size rank 5 = 960
group size rank 3 = 960
group size rank 4 = 960
group size rank 2 = 960
group size rank 1 = 960
group size rank 6 = 960
group size rank 7 = 960
group size rank 0 = 960
group size rank 5 = 4768
group size rank 4 = 4768
group size rank 3 = 4768
group size rank 2 = 4768
group size rank 1 = 4736
group size rank 6 = 4768
group size rank 7 = 4768
CLIP: 10 LR: 0.001 POT: 2
MY SGD TRAIN: Errors (MAE, RMSE, MAXAE)
Energy      = 6.532557e+00, 6.761822e+00, 1.299806e+01
Energy/Atom = 2.041424e-01, 2.113069e-01, 4.061894e-01
Forces      = 9.234858e-01, 1.261132e+00, 1.331120e+01
Stress      = 4.941420e+01, 7.188678e+01, 2.129721e+02
Charges     = 0.000000e+00, 0.000000e+00, 0.000000e+00

MY SGD VALID: Errors (MAE, RMSE, MAXAE)
Energy      = 6.065931e+00, 6.771040e+00, 1.482866e+01
Energy/Atom = 1.895604e-01, 2.115950e-01, 4.633957e-01
Forces      = 1.349259e+00, 1.842449e+00, 3.840982e+01
Stress      = 7.604716e+01, 1.032839e+02, 2.302045e+02
Charges     = 0.000000e+00, 0.000000e+00, 0.000000e+00

MY SGD TIME: 241.0759281720966 STEPS: 1000 EPOCHS: 199 FINAL_LOSS: 81.67869899827659

group size rank 0 = 4768
group size rank 5 = 960
group size rank 4 = 960
group size rank 3 = 960
group size rank 2 = 960
group size rank 1 = 960
group size rank 6 = 960
group size rank 0 = 960
group size rank 7 = 960
group size rank 3 = 4768
group size rank 4 = 4768
group size rank 2 = 4768
group size rank 5 = 4768
group size rank 1 = 4736
group size rank 6 = 4768
group size rank 7 = 4768
CLIP: 10 LR: 0.001 POT: 3
MY SGD TRAIN: Errors (MAE, RMSE, MAXAE)
Energy      = 4.697763e+00, 4.912233e+00, 8.672969e+00
Energy/Atom = 1.468051e-01, 1.535073e-01, 2.710303e-01
Forces      = 7.689855e-01, 1.087968e+00, 1.324311e+01
Stress      = 3.535730e+01, 5.211185e+01, 1.665037e+02
Charges     = 0.000000e+00, 0.000000e+00, 0.000000e+00

MY SGD VALID: Errors (MAE, RMSE, MAXAE)
Energy      = 3.378829e+00, 4.015892e+00, 9.161726e+00
Energy/Atom = 1.055884e-01, 1.254966e-01, 2.863039e-01
Forces      = 1.147158e+00, 1.567110e+00, 1.331465e+01
Stress      = 5.950619e+01, 8.023074e+01, 1.683599e+02
Charges     = 0.000000e+00, 0.000000e+00, 0.000000e+00

MY SGD TIME: 243.34389755129814 STEPS: 1000 EPOCHS: 199 FINAL_LOSS: 43.20962969981794

group size rank 0 = 4768
group size rank 3 = 960
group size rank 4 = 960
group size rank 2 = 960
group size rank 5 = 960
group size rank 1 = 960
group size rank 7 = 960
group size rank 6 = 960
group size rank 0 = 960
group size rank 5 = 4768
group size rank 4 = 4768
group size rank 3 = 4768
group size rank 1 = 4736
group size rank 2 = 4768
group size rank 6 = 4768
group size rank 7 = 4768
CLIP: 10 LR: 0.001 POT: 4
MY SGD TRAIN: Errors (MAE, RMSE, MAXAE)
Energy      = 1.180305e+01, 1.210176e+01, 2.258226e+01
Energy/Atom = 3.688452e-01, 3.781800e-01, 7.056957e-01
Forces      = 1.169625e+00, 1.553006e+00, 1.392711e+01
Stress      = 4.793503e+01, 7.214922e+01, 2.731218e+02
Charges     = 0.000000e+00, 0.000000e+00, 0.000000e+00

MY SGD VALID: Errors (MAE, RMSE, MAXAE)
Energy      = 1.215454e+01, 1.319119e+01, 2.306736e+01
Energy/Atom = 3.798292e-01, 4.122247e-01, 7.208549e-01
Forces      = 1.616219e+00, 2.134366e+00, 1.392711e+01
Stress      = 7.849531e+01, 1.065033e+02, 2.562749e+02
Charges     = 0.000000e+00, 0.000000e+00, 0.000000e+00

MY SGD TIME: 239.51868871599436 STEPS: 1000 EPOCHS: 199 FINAL_LOSS: 184.54622967631704

group size rank 0 = 4768
group size rank 5 = 960
group size rank 4 = 960
group size rank 3 = 960
group size rank 1 = 960
group size rank 2 = 960
group size rank 7 = 960
group size rank 6 = 960
group size rank 0 = 960
group size rank 3 = 4768
group size rank 4 = 4768
group size rank 2 = 4768
group size rank 5 = 4768
group size rank 1 = 4736
group size rank 6 = 4768
group size rank 7 = 4768
CLIP: 10 LR: 0.001 POT: 5
MY SGD TRAIN: Errors (MAE, RMSE, MAXAE)
Energy      = 7.216271e+00, 7.544059e+00, 1.586001e+01
Energy/Atom = 2.255085e-01, 2.357518e-01, 4.956254e-01
Forces      = 7.292912e-01, 1.029948e+00, 1.276180e+01
Stress      = 4.291092e+01, 6.286938e+01, 1.777078e+02
Charges     = 0.000000e+00, 0.000000e+00, 0.000000e+00

MY SGD VALID: Errors (MAE, RMSE, MAXAE)
Energy      = 7.702639e+00, 8.902270e+00, 1.530013e+01
Energy/Atom = 2.407075e-01, 2.781959e-01, 4.781291e-01
Forces      = 1.079073e+00, 1.473918e+00, 1.259949e+01
Stress      = 6.399638e+01, 8.690246e+01, 1.813014e+02
Charges     = 0.000000e+00, 0.000000e+00, 0.000000e+00

MY SGD TIME: 239.66999946720898 STEPS: 1000 EPOCHS: 199 FINAL_LOSS: 67.9152265288858

group size rank 0 = 4768
group size rank 4 = 960
group size rank 3 = 960
group size rank 2 = 960
group size rank 5 = 960
group size rank 1 = 960
group size rank 6 = 960
group size rank 7 = 960
group size rank 0 = 960
group size rank 5 = 4768
group size rank 3 = 4768
group size rank 4 = 4768
group size rank 1 = 4736
group size rank 6 = 4768
group size rank 7 = 4768
group size rank 2 = 4768
CLIP: 10 LR: 0.003 POT: 1
MY SGD TRAIN: Errors (MAE, RMSE, MAXAE)
Energy      = 7.131108e+00, 8.309216e+00, 1.528268e+01
Energy/Atom = 2.228471e-01, 2.596630e-01, 4.775838e-01
Forces      = 5.210847e-01, 7.846399e-01, 1.155752e+01
Stress      = 1.971604e+01, 3.001736e+01, 1.045718e+02
Charges     = 0.000000e+00, 0.000000e+00, 0.000000e+00

MY SGD VALID: Errors (MAE, RMSE, MAXAE)
Energy      = 6.620043e+00, 7.935413e+00, 1.528268e+01
Energy/Atom = 2.068763e-01, 2.479817e-01, 4.775838e-01
Forces      = 7.597270e-01, 1.111079e+00, 1.164897e+01
Stress      = 3.241701e+01, 4.440980e+01, 1.047591e+02
Charges     = 0.000000e+00, 0.000000e+00, 0.000000e+00

MY SGD TIME: 263.1108087245375 STEPS: 1000 EPOCHS: 199 FINAL_LOSS: 21.24214319845678

group size rank 0 = 4768
group size rank 3 = 960
group size rank 4 = 960
group size rank 1 = 960
group size rank 6 = 960
group size rank 7 = 960
group size rank 5 = 960
group size rank 2 = 960
group size rank 0 = 960
group size rank 4 = 4768
group size rank 3 = 4768
group size rank 1 = 4736
group size rank 6 = 4768
group size rank 5 = 4768
group size rank 7 = 4768
CLIP: 10 LR: 0.003 POT: 2
MY SGD TRAIN: Errors (MAE, RMSE, MAXAE)
Energy      = 1.123053e+01, 1.126637e+01, 1.607502e+01
Energy/Atom = 3.509541e-01, 3.520739e-01, 5.023445e-01
Forces      = 5.603565e-01, 8.458970e-01, 1.257687e+01
Stress      = 2.777103e+01, 4.117905e+01, 1.269701e+02
Charges     = 0.000000e+00, 0.000000e+00, 0.000000e+00

MY SGD VALID: Errors (MAE, RMSE, MAXAE)
Energy      = 1.217742e+01, 1.225634e+01, 1.598660e+01
Energy/Atom = 3.805445e-01, 3.830107e-01, 4.995814e-01
Forces      = 8.545974e-01, 1.248054e+00, 1.276935e+01
Stress      = 4.557758e+01, 6.191105e+01, 1.293660e+02
Charges     = 0.000000e+00, 0.000000e+00, 0.000000e+00

MY SGD TIME: 277.0912177283317 STEPS: 1000 EPOCHS: 199 FINAL_LOSS: 34.1977742985515

group size rank 0 = 4768
group size rank 2 = 4768
group size rank 4 = 960
group size rank 3 = 960
group size rank 5 = 960
group size rank 6 = 960
group size rank 7 = 960
group size rank 1 = 960
group size rank 0 = 960
group size rank 2 = 960
group size rank 4 = 4768
group size rank 1 = 4736
group size rank 6 = 4768
group size rank 7 = 4768
group size rank 5 = 4768
group size rank 2 = 4768
group size rank 3 = 4768
CLIP: 10 LR: 0.003 POT: 3
MY SGD TRAIN: Errors (MAE, RMSE, MAXAE)
Energy      = 1.405911e+00, 1.570389e+00, 4.139834e+00
Energy/Atom = 4.393473e-02, 4.907466e-02, 1.293698e-01
Forces      = 4.913850e-01, 7.773124e-01, 1.252054e+01
Stress      = 2.571637e+01, 3.852437e+01, 1.172873e+02
Charges     = 0.000000e+00, 0.000000e+00, 0.000000e+00

MY SGD VALID: Errors (MAE, RMSE, MAXAE)
Energy      = 9.033265e-01, 1.168887e+00, 3.919270e+00
Energy/Atom = 2.822895e-02, 3.652772e-02, 1.224772e-01
Forces      = 7.576560e-01, 1.149140e+00, 1.272849e+01
Stress      = 4.271622e+01, 5.791290e+01, 1.173579e+02
Charges     = 0.000000e+00, 0.000000e+00, 0.000000e+00

MY SGD TIME: 290.1269024666399 STEPS: 1000 EPOCHS: 199 FINAL_LOSS: 71.19429527344745

group size rank 0 = 4768
group size rank 4 = 960
group size rank 6 = 960
group size rank 1 = 960
group size rank 7 = 960
group size rank 2 = 960
group size rank 5 = 960
group size rank 0 = 960
group size rank 3 = 960
group size rank 4 = 4768
group size rank 7 = 4768
group size rank 6 = 4768
group size rank 2 = 4768
group size rank 3 = 4768
group size rank 4 = 960
group size rank 7 = 960
group size rank 6 = 960
group size rank 2 = 960
group size rank 3 = 960
CLIP: 10 LR: 0.003 POT: 4
MY SGD TRAIN: Errors (MAE, RMSE, MAXAE)
Energy      = 2.349694e+00, 3.162971e+00, 9.931973e+00
Energy/Atom = 7.342793e-02, 9.884286e-02, 3.103742e-01
Forces      = 5.395001e-01, 8.080241e-01, 1.161701e+01
Stress      = 2.473829e+01, 3.648899e+01, 1.213330e+02
Charges     = 0.000000e+00, 0.000000e+00, 0.000000e+00

MY SGD VALID: Errors (MAE, RMSE, MAXAE)
Energy      = 2.622401e+00, 3.500705e+00, 1.085500e+01
Energy/Atom = 8.195002e-02, 1.093970e-01, 3.392187e-01
Forces      = 7.870643e-01, 1.150247e+00, 1.275692e+01
Stress      = 4.012040e+01, 5.436844e+01, 1.212567e+02
Charges     = 0.000000e+00, 0.000000e+00, 0.000000e+00

MY SGD TIME: 272.4584251008928 STEPS: 1000 EPOCHS: 199 FINAL_LOSS: 20.52882536656213

group size rank 0 = 4768
group size rank 0 = 960
group size rank 5 = 4768
group size rank 1 = 4736
group size rank 5 = 960
group size rank 1 = 960
group size rank 7 = 4768
group size rank 1 = 4736
group size rank 3 = 4768
group size rank 5 = 4768
CLIP: 10 LR: 0.003 POT: 5
MY SGD TRAIN: Errors (MAE, RMSE, MAXAE)
Energy      = 6.564626e+00, 8.211305e+00, 2.362882e+01
Energy/Atom = 2.051446e-01, 2.566033e-01, 7.384005e-01
Forces      = 6.130989e-01, 9.240172e-01, 1.123672e+01
Stress      = 2.061416e+01, 3.048053e+01, 1.066426e+02
Charges     = 0.000000e+00, 0.000000e+00, 0.000000e+00

MY SGD VALID: Errors (MAE, RMSE, MAXAE)
Energy      = 6.491931e+00, 8.638323e+00, 2.240435e+01
Energy/Atom = 2.028728e-01, 2.699476e-01, 7.001359e-01
Forces      = 8.712836e-01, 1.268230e+00, 1.136613e+01
Stress      = 2.894821e+01, 4.105269e+01, 1.143255e+02
Charges     = 0.000000e+00, 0.000000e+00, 0.000000e+00

MY SGD TIME: 280.9108077585697 STEPS: 1000 EPOCHS: 199 FINAL_LOSS: 73.15564147119133

group size rank 0 = 4768
group size rank 4 = 4768
group size rank 7 = 960
group size rank 1 = 960
group size rank 3 = 960
group size rank 5 = 960
group size rank 0 = 960
group size rank 4 = 960
group size rank 2 = 4768
group size rank 2 = 960
group size rank 6 = 4768
group size rank 6 = 960
group size rank 1 = 4736
group size rank 3 = 4768
group size rank 7 = 4768
group size rank 4 = 4768
group size rank 1 = 960
group size rank 3 = 960
group size rank 2 = 4768
group size rank 5 = 4768
group size rank 7 = 960
group size rank 4 = 960
group size rank 2 = 960
group size rank 5 = 960
group size rank 6 = 4768
CLIP: 10 LR: 0.01 POT: 1
MY SGD TRAIN: Errors (MAE, RMSE, MAXAE)
Energy      = 1.378503e+01, 1.607924e+01, 2.651599e+01
Energy/Atom = 4.307822e-01, 5.024763e-01, 8.286245e-01
Forces      = 4.669681e-01, 7.213559e-01, 1.139019e+01
Stress      = 1.995731e+01, 2.986681e+01, 1.100243e+02
Charges     = 0.000000e+00, 0.000000e+00, 0.000000e+00

MY SGD VALID: Errors (MAE, RMSE, MAXAE)
Energy      = 1.337599e+01, 1.562373e+01, 2.673881e+01
Energy/Atom = 4.179997e-01, 4.882416e-01, 8.355877e-01
Forces      = 7.298954e-01, 1.102879e+00, 1.204291e+01
Stress      = 3.316964e+01, 4.499527e+01, 1.188981e+02
Charges     = 0.000000e+00, 0.000000e+00, 0.000000e+00

MY SGD TIME: 285.1739208754152 STEPS: 1000 EPOCHS: 199 FINAL_LOSS: 51.04389148159454

group size rank 0 = 4768
group size rank 6 = 960
group size rank 0 = 960
group size rank 5 = 4768
CLIP: 10 LR: 0.01 POT: 2
MY SGD TRAIN: Errors (MAE, RMSE, MAXAE)
Energy      = 1.399155e+01, 1.681334e+01, 2.548935e+01
Energy/Atom = 4.372360e-01, 5.254169e-01, 7.965423e-01
Forces      = 4.682886e-01, 7.240647e-01, 1.183391e+01
Stress      = 1.545146e+01, 2.327240e+01, 8.578076e+01
Charges     = 0.000000e+00, 0.000000e+00, 0.000000e+00

MY SGD VALID: Errors (MAE, RMSE, MAXAE)
Energy      = 1.354224e+01, 1.621021e+01, 2.571365e+01
Energy/Atom = 4.231949e-01, 5.065690e-01, 8.035517e-01
Forces      = 7.117143e-01, 1.084968e+00, 1.196518e+01
Stress      = 2.736286e+01, 3.695810e+01, 9.011480e+01
Charges     = 0.000000e+00, 0.000000e+00, 0.000000e+00

MY SGD TIME: 288.7108580265194 STEPS: 1000 EPOCHS: 199 FINAL_LOSS: 407.8565024118814

group size rank 0 = 4768
group size rank 2 = 4768
group size rank 4 = 4768
group size rank 6 = 4768
group size rank 5 = 960
group size rank 0 = 960
group size rank 1 = 4736
group size rank 3 = 4768
group size rank 2 = 960
group size rank 4 = 960
group size rank 6 = 960
group size rank 7 = 4768
group size rank 1 = 960
group size rank 7 = 960
group size rank 3 = 960
group size rank 5 = 4768
group size rank 4 = 4768
group size rank 7 = 4768
group size rank 6 = 4768
CLIP: 10 LR: 0.01 POT: 3
MY SGD TRAIN: Errors (MAE, RMSE, MAXAE)
Energy      = 1.553908e+01, 1.710407e+01, 2.683908e+01
Energy/Atom = 4.855961e-01, 5.345021e-01, 8.387214e-01
Forces      = 5.270894e-01, 7.956603e-01, 1.234504e+01
Stress      = 2.116098e+01, 3.153298e+01, 9.578640e+01
Charges     = 0.000000e+00, 0.000000e+00, 0.000000e+00

MY SGD VALID: Errors (MAE, RMSE, MAXAE)
Energy      = 1.391342e+01, 1.574511e+01, 2.464856e+01
Energy/Atom = 4.347945e-01, 4.920348e-01, 7.702676e-01
Forces      = 7.717115e-01, 1.160611e+00, 1.217571e+01
Stress      = 3.378449e+01, 4.563561e+01, 1.001195e+02
Charges     = 0.000000e+00, 0.000000e+00, 0.000000e+00

MY SGD TIME: 271.4002378825098 STEPS: 1000 EPOCHS: 199 FINAL_LOSS: 131.42344212278357

group size rank 0 = 4768
group size rank 1 = 4736
group size rank 5 = 960
group size rank 7 = 960
group size rank 0 = 960
group size rank 2 = 4768
group size rank 3 = 4768
group size rank 1 = 960
group size rank 4 = 960
group size rank 6 = 960
group size rank 2 = 960
group size rank 3 = 960
group size rank 5 = 4768
group size rank 2 = 4768
group size rank 4 = 4768
group size rank 3 = 4768
group size rank 1 = 4736
group size rank 6 = 4768
group size rank 7 = 4768
CLIP: 10 LR: 0.01 POT: 4
MY SGD TRAIN: Errors (MAE, RMSE, MAXAE)
Energy      = 1.062813e+01, 1.295300e+01, 2.444088e+01
Energy/Atom = 3.321291e-01, 4.047813e-01, 7.637774e-01
Forces      = 4.743489e-01, 7.424364e-01, 1.194016e+01
Stress      = 1.955781e+01, 2.889679e+01, 9.172343e+01
Charges     = 0.000000e+00, 0.000000e+00, 0.000000e+00

MY SGD VALID: Errors (MAE, RMSE, MAXAE)
Energy      = 9.673141e+00, 1.171747e+01, 2.324040e+01
Energy/Atom = 3.022857e-01, 3.661709e-01, 7.262626e-01
Forces      = 7.198659e-01, 1.116588e+00, 1.227750e+01
Stress      = 3.077582e+01, 4.144738e+01, 9.936226e+01
Charges     = 0.000000e+00, 0.000000e+00, 0.000000e+00

MY SGD TIME: 274.2117196712643 STEPS: 1000 EPOCHS: 199 FINAL_LOSS: 399.43743904103627

group size rank 0 = 4768
group size rank 5 = 960
group size rank 2 = 960
group size rank 4 = 960
group size rank 3 = 960
group size rank 1 = 960
group size rank 6 = 960
group size rank 7 = 960
group size rank 0 = 960
group size rank 4 = 4768
group size rank 5 = 4768
CLIP: 10 LR: 0.01 POT: 5
MY SGD TRAIN: Errors (MAE, RMSE, MAXAE)
Energy      = 1.641646e+01, 1.849283e+01, 3.330905e+01
Energy/Atom = 5.130143e-01, 5.779010e-01, 1.040908e+00
Forces      = 4.733102e-01, 6.969598e-01, 1.095036e+01
Stress      = 1.835084e+01, 2.845716e+01, 1.009073e+02
Charges     = 0.000000e+00, 0.000000e+00, 0.000000e+00

MY SGD VALID: Errors (MAE, RMSE, MAXAE)
Energy      = 1.519943e+01, 1.703640e+01, 2.861654e+01
Energy/Atom = 4.749823e-01, 5.323875e-01, 8.942670e-01
Forces      = 6.953405e-01, 1.036457e+00, 1.071807e+01
Stress      = 3.220333e+01, 4.381151e+01, 1.097652e+02
Charges     = 0.000000e+00, 0.000000e+00, 0.000000e+00

MY SGD TIME: 285.08336196653545 STEPS: 1000 EPOCHS: 199 FINAL_LOSS: 31.497089047587302

group size rank 0 = 4768
group size rank 3 = 4768
group size rank 7 = 4768
group size rank 2 = 4768
group size rank 4 = 960
group size rank 5 = 960
group size rank 3 = 960
group size rank 0 = 960
group size rank 7 = 960
group size rank 2 = 960
group size rank 6 = 4768
group size rank 6 = 960
group size rank 1 = 4736
group size rank 1 = 960
group size rank 3 = 4768
group size rank 4 = 4768
group size rank 5 = 4768
group size rank 6 = 4768
group size rank 1 = 4736
group size rank 2 = 4768
CLIP: 15 LR: 0.001 POT: 1
MY SGD TRAIN: Errors (MAE, RMSE, MAXAE)
Energy      = 6.446218e+00, 6.796372e+00, 1.472383e+01
Energy/Atom = 2.014443e-01, 2.123866e-01, 4.601196e-01
Forces      = 6.858411e-01, 9.896385e-01, 1.247988e+01
Stress      = 3.473544e+01, 5.118081e+01, 1.663876e+02
Charges     = 0.000000e+00, 0.000000e+00, 0.000000e+00

MY SGD VALID: Errors (MAE, RMSE, MAXAE)
Energy      = 7.114644e+00, 8.188664e+00, 1.568388e+01
Energy/Atom = 2.223326e-01, 2.558958e-01, 4.901214e-01
Forces      = 1.051343e+00, 1.453077e+00, 1.256427e+01
Stress      = 5.358094e+01, 7.264525e+01, 1.592096e+02
Charges     = 0.000000e+00, 0.000000e+00, 0.000000e+00

MY SGD TIME: 289.62315955758095 STEPS: 1000 EPOCHS: 199 FINAL_LOSS: 86.36436276003049

group size rank 0 = 4768
group size rank 7 = 4768
group size rank 3 = 960
group size rank 4 = 960
group size rank 5 = 960
group size rank 6 = 960
group size rank 2 = 960
group size rank 1 = 960
group size rank 0 = 960
group size rank 7 = 960
group size rank 4 = 4768
group size rank 5 = 4768
group size rank 2 = 4768
group size rank 3 = 4768
group size rank 1 = 4736
group size rank 6 = 4768
group size rank 7 = 4768
CLIP: 15 LR: 0.001 POT: 2
MY SGD TRAIN: Errors (MAE, RMSE, MAXAE)
Energy      = 8.050746e+00, 8.253487e+00, 1.564184e+01
Energy/Atom = 2.515858e-01, 2.579215e-01, 4.888074e-01
Forces      = 8.066810e-01, 1.136242e+00, 1.245305e+01
Stress      = 4.314687e+01, 6.340975e+01, 1.921699e+02
Charges     = 0.000000e+00, 0.000000e+00, 0.000000e+00

MY SGD VALID: Errors (MAE, RMSE, MAXAE)
Energy      = 8.480451e+00, 9.128139e+00, 1.634945e+01
Energy/Atom = 2.650141e-01, 2.852543e-01, 5.109204e-01
Forces      = 1.240698e+00, 1.686947e+00, 1.905361e+01
Stress      = 6.762776e+01, 9.165925e+01, 2.121709e+02
Charges     = 0.000000e+00, 0.000000e+00, 0.000000e+00

MY SGD TIME: 270.6561892554164 STEPS: 1000 EPOCHS: 199 FINAL_LOSS: 96.29512429686638

group size rank 0 = 4768
group size rank 4 = 960
group size rank 5 = 960
group size rank 2 = 960
group size rank 3 = 960
group size rank 1 = 960
group size rank 6 = 960
group size rank 7 = 960
group size rank 0 = 960
group size rank 4 = 4768
group size rank 5 = 4768
group size rank 2 = 4768
group size rank 3 = 4768
group size rank 1 = 4736
group size rank 6 = 4768
group size rank 7 = 4768
CLIP: 15 LR: 0.001 POT: 3
MY SGD TRAIN: Errors (MAE, RMSE, MAXAE)
Energy      = 5.799184e+00, 5.892269e+00, 1.130429e+01
Energy/Atom = 1.812245e-01, 1.841334e-01, 3.532591e-01
Forces      = 6.875832e-01, 9.918311e-01, 1.358353e+01
Stress      = 3.212460e+01, 4.763618e+01, 1.489148e+02
Charges     = 0.000000e+00, 0.000000e+00, 0.000000e+00

MY SGD VALID: Errors (MAE, RMSE, MAXAE)
Energy      = 6.427622e+00, 6.738625e+00, 1.181980e+01
Energy/Atom = 2.008632e-01, 2.105820e-01, 3.693688e-01
Forces      = 1.042002e+00, 1.451147e+00, 1.362621e+01
Stress      = 5.475058e+01, 7.386578e+01, 1.505339e+02
Charges     = 0.000000e+00, 0.000000e+00, 0.000000e+00

MY SGD TIME: 251.38560424372554 STEPS: 1000 EPOCHS: 199 FINAL_LOSS: 54.57151912536854

group size rank 0 = 4768
group size rank 4 = 960
group size rank 5 = 960
group size rank 2 = 960
group size rank 3 = 960
group size rank 1 = 960
group size rank 6 = 960
group size rank 7 = 960
group size rank 0 = 960
group size rank 4 = 4768
group size rank 5 = 4768
group size rank 3 = 4768
group size rank 2 = 4768
group size rank 1 = 4736
group size rank 6 = 4768
group size rank 7 = 4768
CLIP: 15 LR: 0.001 POT: 4
MY SGD TRAIN: Errors (MAE, RMSE, MAXAE)
Energy      = 1.023943e+01, 1.062293e+01, 1.800973e+01
Energy/Atom = 3.199822e-01, 3.319665e-01, 5.628040e-01
Forces      = 9.229285e-01, 1.255101e+00, 1.221478e+01
Stress      = 3.821236e+01, 5.668736e+01, 1.740636e+02
Charges     = 0.000000e+00, 0.000000e+00, 0.000000e+00

MY SGD VALID: Errors (MAE, RMSE, MAXAE)
Energy      = 1.103084e+01, 1.191399e+01, 1.966842e+01
Energy/Atom = 3.447138e-01, 3.723122e-01, 6.146382e-01
Forces      = 1.237777e+00, 1.685303e+00, 1.229446e+01
Stress      = 5.875404e+01, 7.966389e+01, 1.705705e+02
Charges     = 0.000000e+00, 0.000000e+00, 0.000000e+00

MY SGD TIME: 250.15450398810208 STEPS: 1000 EPOCHS: 199 FINAL_LOSS: 132.3466202347345

group size rank 0 = 4768
group size rank 3 = 960
group size rank 4 = 960
group size rank 5 = 960
group size rank 2 = 960
group size rank 1 = 960
group size rank 6 = 960
group size rank 7 = 960
group size rank 0 = 960
group size rank 2 = 4768
CLIP: 15 LR: 0.001 POT: 5
MY SGD TRAIN: Errors (MAE, RMSE, MAXAE)
Energy      = 9.827612e+00, 9.901648e+00, 1.507515e+01
Energy/Atom = 3.071129e-01, 3.094265e-01, 4.710983e-01
Forces      = 6.077394e-01, 9.055972e-01, 1.325113e+01
Stress      = 3.237189e+01, 4.703417e+01, 1.287637e+02
Charges     = 0.000000e+00, 0.000000e+00, 0.000000e+00

MY SGD VALID: Errors (MAE, RMSE, MAXAE)
Energy      = 1.154633e+01, 1.166873e+01, 1.590555e+01
Energy/Atom = 3.608227e-01, 3.646478e-01, 4.970485e-01
Forces      = 9.436670e-01, 1.343543e+00, 1.293987e+01
Stress      = 4.720631e+01, 6.382157e+01, 1.348123e+02
Charges     = 0.000000e+00, 0.000000e+00, 0.000000e+00

MY SGD TIME: 250.8605403266847 STEPS: 1000 EPOCHS: 199 FINAL_LOSS: 38.607570485037016

group size rank 0 = 4768
group size rank 1 = 4736
group size rank 6 = 4768
group size rank 7 = 4768
group size rank 3 = 4768
group size rank 2 = 960
group size rank 0 = 960
group size rank 1 = 960
group size rank 6 = 960
group size rank 7 = 960
group size rank 3 = 960
group size rank 5 = 4768
group size rank 4 = 4768
group size rank 5 = 960
group size rank 4 = 960
group size rank 4 = 4768
group size rank 5 = 4768
group size rank 2 = 4768
group size rank 3 = 4768
group size rank 1 = 4736
group size rank 6 = 4768
group size rank 7 = 4768
CLIP: 15 LR: 0.003 POT: 1
MY SGD TRAIN: Errors (MAE, RMSE, MAXAE)
Energy      = 1.040440e+01, 1.149707e+01, 1.613784e+01
Energy/Atom = 3.251375e-01, 3.592835e-01, 5.043074e-01
Forces      = 3.638151e-01, 5.375152e-01, 1.140268e+01
Stress      = 1.394498e+01, 2.108548e+01, 8.164852e+01
Charges     = 0.000000e+00, 0.000000e+00, 0.000000e+00

MY SGD VALID: Errors (MAE, RMSE, MAXAE)
Energy      = 1.035500e+01, 1.155399e+01, 1.676288e+01
Energy/Atom = 3.235938e-01, 3.610621e-01, 5.238400e-01
Forces      = 5.611709e-01, 8.355031e-01, 1.135852e+01
Stress      = 2.439379e+01, 3.284240e+01, 7.805344e+01
Charges     = 0.000000e+00, 0.000000e+00, 0.000000e+00

MY SGD TIME: 248.4891705121845 STEPS: 1000 EPOCHS: 199 FINAL_LOSS: 11.322367110516447

group size rank 0 = 4768
group size rank 4 = 960
group size rank 5 = 960
group size rank 2 = 960
group size rank 3 = 960
group size rank 1 = 960
group size rank 6 = 960
group size rank 7 = 960
group size rank 0 = 960
group size rank 4 = 4768
group size rank 5 = 4768
group size rank 2 = 4768
group size rank 3 = 4768
group size rank 1 = 4736
group size rank 6 = 4768
group size rank 7 = 4768
CLIP: 15 LR: 0.003 POT: 2
MY SGD TRAIN: Errors (MAE, RMSE, MAXAE)
Energy      = 1.131466e+01, 1.133939e+01, 1.488635e+01
Energy/Atom = 3.535832e-01, 3.543560e-01, 4.651984e-01
Forces      = 4.882101e-01, 7.697285e-01, 1.155317e+01
Stress      = 2.129217e+01, 3.201582e+01, 1.121040e+02
Charges     = 0.000000e+00, 0.000000e+00, 0.000000e+00

MY SGD VALID: Errors (MAE, RMSE, MAXAE)
Energy      = 1.174363e+01, 1.180622e+01, 1.474332e+01
Energy/Atom = 3.669885e-01, 3.689442e-01, 4.607287e-01
Forces      = 7.725560e-01, 1.153681e+00, 1.170294e+01
Stress      = 3.720612e+01, 5.028525e+01, 1.128488e+02
Charges     = 0.000000e+00, 0.000000e+00, 0.000000e+00

MY SGD TIME: 250.08049288764596 STEPS: 1000 EPOCHS: 199 FINAL_LOSS: 33.71775809976059

group size rank 0 = 4768
group size rank 4 = 960
group size rank 5 = 960
group size rank 2 = 960
group size rank 3 = 960
group size rank 1 = 960
group size rank 7 = 960
group size rank 6 = 960
group size rank 0 = 960
group size rank 4 = 4768
group size rank 5 = 4768
group size rank 2 = 4768
group size rank 3 = 4768
group size rank 1 = 4736
group size rank 6 = 4768
group size rank 7 = 4768
CLIP: 15 LR: 0.003 POT: 3
MY SGD TRAIN: Errors (MAE, RMSE, MAXAE)
Energy      = 9.753349e+00, 1.000107e+01, 1.257988e+01
Energy/Atom = 3.047921e-01, 3.125334e-01, 3.931212e-01
Forces      = 4.823326e-01, 7.667620e-01, 1.258060e+01
Stress      = 2.057752e+01, 3.142600e+01, 1.047676e+02
Charges     = 0.000000e+00, 0.000000e+00, 0.000000e+00

MY SGD VALID: Errors (MAE, RMSE, MAXAE)
Energy      = 9.102631e+00, 9.515240e+00, 1.283246e+01
Energy/Atom = 2.844572e-01, 2.973513e-01, 4.010144e-01
Forces      = 7.423309e-01, 1.134229e+00, 1.243115e+01
Stress      = 3.728589e+01, 5.040142e+01, 1.073395e+02
Charges     = 0.000000e+00, 0.000000e+00, 0.000000e+00

MY SGD TIME: 252.52755379863083 STEPS: 1000 EPOCHS: 199 FINAL_LOSS: 82.55565582691892

group size rank 0 = 4768
group size rank 4 = 960
group size rank 5 = 960
group size rank 2 = 960
group size rank 3 = 960
group size rank 6 = 960
group size rank 1 = 960
group size rank 0 = 960
group size rank 7 = 960
group size rank 4 = 4768
group size rank 2 = 4768
group size rank 5 = 4768
group size rank 7 = 4768
group size rank 1 = 4736
group size rank 6 = 4768
group size rank 3 = 4768
CLIP: 15 LR: 0.003 POT: 4
MY SGD TRAIN: Errors (MAE, RMSE, MAXAE)
Energy      = 3.911853e+00, 6.133509e+00, 1.455674e+01
Energy/Atom = 1.222454e-01, 1.916722e-01, 4.548981e-01
Forces      = 4.386585e-01, 6.827168e-01, 1.165276e+01
Stress      = 1.974226e+01, 2.979352e+01, 1.027549e+02
Charges     = 0.000000e+00, 0.000000e+00, 0.000000e+00

MY SGD VALID: Errors (MAE, RMSE, MAXAE)
Energy      = 3.935585e+00, 6.030779e+00, 1.458077e+01
Energy/Atom = 1.229870e-01, 1.884619e-01, 4.556491e-01
Forces      = 6.687640e-01, 1.026175e+00, 1.152683e+01
Stress      = 3.433118e+01, 4.657588e+01, 1.026982e+02
Charges     = 0.000000e+00, 0.000000e+00, 0.000000e+00

MY SGD TIME: 251.18982025794685 STEPS: 1000 EPOCHS: 199 FINAL_LOSS: 119.1463812174765

group size rank 0 = 4768
group size rank 4 = 960
group size rank 2 = 960
group size rank 5 = 960
group size rank 7 = 960
group size rank 3 = 960
group size rank 1 = 960
group size rank 6 = 960
group size rank 0 = 960
group size rank 4 = 4768
group size rank 5 = 4768
group size rank 2 = 4768
group size rank 3 = 4768
group size rank 1 = 4736
group size rank 6 = 4768
CLIP: 15 LR: 0.003 POT: 5
MY SGD TRAIN: Errors (MAE, RMSE, MAXAE)
Energy      = 6.077470e+00, 8.128698e+00, 1.515573e+01
Energy/Atom = 1.899209e-01, 2.540218e-01, 4.736167e-01
Forces      = 3.778540e-01, 5.733504e-01, 1.073405e+01
Stress      = 1.527451e+01, 2.348889e+01, 8.808607e+01
Charges     = 0.000000e+00, 0.000000e+00, 0.000000e+00

MY SGD VALID: Errors (MAE, RMSE, MAXAE)
Energy      = 5.425206e+00, 7.683351e+00, 1.516405e+01
Energy/Atom = 1.695377e-01, 2.401047e-01, 4.738766e-01
Forces      = 6.023403e-01, 9.023669e-01, 1.144791e+01
Stress      = 2.723294e+01, 3.680352e+01, 9.275521e+01
Charges     = 0.000000e+00, 0.000000e+00, 0.000000e+00

MY SGD TIME: 243.29224562458694 STEPS: 1000 EPOCHS: 199 FINAL_LOSS: 103.94810040408521

group size rank 0 = 4768
group size rank 7 = 4768
group size rank 4 = 960
group size rank 5 = 960
group size rank 2 = 960
group size rank 3 = 960
group size rank 1 = 960
group size rank 0 = 960
group size rank 6 = 960
group size rank 7 = 960
group size rank 2 = 4768
group size rank 1 = 4736
CLIP: 15 LR: 0.01 POT: 1
MY SGD TRAIN: Errors (MAE, RMSE, MAXAE)
Energy      = 4.198217e+01, 7.142871e+01, 2.779925e+02
Energy/Atom = 1.311943e+00, 2.232147e+00, 8.687266e+00
Forces      = 1.758334e+00, 4.551734e+00, 5.887167e+01
Stress      = 2.434205e+01, 5.291482e+01, 5.132761e+02
Charges     = 0.000000e+00, 0.000000e+00, 0.000000e+00

MY SGD VALID: Errors (MAE, RMSE, MAXAE)
Energy      = 3.439667e+01, 5.185324e+01, 1.615814e+02
Energy/Atom = 1.074896e+00, 1.620414e+00, 5.049417e+00
Forces      = 1.560691e+00, 3.072214e+00, 3.722565e+01
Stress      = 2.784244e+01, 4.320612e+01, 2.967662e+02
Charges     = 0.000000e+00, 0.000000e+00, 0.000000e+00

MY SGD TIME: 250.95386089012027 STEPS: 1000 EPOCHS: 199 FINAL_LOSS: 1193.021751803863

group size rank 0 = 4768
group size rank 2 = 960
group size rank 1 = 960
group size rank 6 = 4768
group size rank 7 = 4768
group size rank 0 = 960
group size rank 6 = 960
group size rank 7 = 960
group size rank 3 = 4768
group size rank 4 = 4768
group size rank 5 = 4768
group size rank 4 = 960
group size rank 5 = 960
group size rank 3 = 960
group size rank 4 = 4768
group size rank 5 = 4768
group size rank 3 = 4768
group size rank 1 = 4736
group size rank 6 = 4768
group size rank 7 = 4768
group size rank 2 = 4768
CLIP: 15 LR: 0.01 POT: 2
MY SGD TRAIN: Errors (MAE, RMSE, MAXAE)
Energy      = 4.260272e+01, 8.398453e+01, 3.270930e+02
Energy/Atom = 1.331335e+00, 2.624517e+00, 1.022166e+01
Forces      = 2.035422e+00, 5.660132e+00, 6.776684e+01
Stress      = 5.257446e+01, 1.487893e+02, 9.944113e+02
Charges     = 0.000000e+00, 0.000000e+00, 0.000000e+00

MY SGD VALID: Errors (MAE, RMSE, MAXAE)
Energy      = 3.774784e+01, 6.920378e+01, 2.314281e+02
Energy/Atom = 1.179620e+00, 2.162618e+00, 7.232127e+00
Forces      = 1.789372e+00, 4.221140e+00, 5.609893e+01
Stress      = 5.782520e+01, 1.285671e+02, 7.640562e+02
Charges     = 0.000000e+00, 0.000000e+00, 0.000000e+00

MY SGD TIME: 251.7652984019369 STEPS: 1000 EPOCHS: 199 FINAL_LOSS: 247.13635061680856

group size rank 0 = 4768
group size rank 4 = 960
group size rank 5 = 960
group size rank 3 = 960
group size rank 6 = 960
group size rank 7 = 960
group size rank 1 = 960
group size rank 2 = 960
group size rank 0 = 960
group size rank 5 = 4768
group size rank 4 = 4768
group size rank 4 = 960
group size rank 5 = 960
group size rank 1 = 4736
group size rank 7 = 4768
group size rank 2 = 4768
group size rank 6 = 4768
CLIP: 15 LR: 0.01 POT: 3
MY SGD TRAIN: Errors (MAE, RMSE, MAXAE)
Energy      = 2.121477e+01, 2.588615e+01, 5.530994e+01
Energy/Atom = 6.629615e-01, 8.089422e-01, 1.728436e+00
Forces      = 6.886185e-01, 9.579082e-01, 1.195514e+01
Stress      = 2.014879e+01, 3.052541e+01, 1.089314e+02
Charges     = 0.000000e+00, 0.000000e+00, 0.000000e+00

MY SGD VALID: Errors (MAE, RMSE, MAXAE)
Energy      = 1.880964e+01, 2.315822e+01, 4.948764e+01
Energy/Atom = 5.878012e-01, 7.236943e-01, 1.546489e+00
Forces      = 8.598912e-01, 1.230076e+00, 1.235916e+01
Stress      = 3.333325e+01, 4.562442e+01, 1.227353e+02
Charges     = 0.000000e+00, 0.000000e+00, 0.000000e+00

MY SGD TIME: 247.2192944958806 STEPS: 1000 EPOCHS: 199 FINAL_LOSS: 21.21825318680975

group size rank 0 = 4768
group size rank 1 = 960
group size rank 7 = 960
group size rank 2 = 960
group size rank 3 = 4768
group size rank 6 = 960
group size rank 0 = 960
group size rank 3 = 960
group size rank 4 = 4768
group size rank 5 = 4768
group size rank 2 = 4768
group size rank 6 = 4768
group size rank 1 = 4736
group size rank 7 = 4768
group size rank 3 = 4768
CLIP: 15 LR: 0.01 POT: 4
MY SGD TRAIN: Errors (MAE, RMSE, MAXAE)
Energy      = 1.798474e+01, 2.315097e+01, 5.699269e+01
Energy/Atom = 5.620230e-01, 7.234678e-01, 1.781021e+00
Forces      = 8.319873e-01, 1.402292e+00, 1.612992e+01
Stress      = 2.017835e+01, 2.991859e+01, 1.408825e+02
Charges     = 0.000000e+00, 0.000000e+00, 0.000000e+00

MY SGD VALID: Errors (MAE, RMSE, MAXAE)
Energy      = 1.593464e+01, 2.038125e+01, 4.073570e+01
Energy/Atom = 4.979575e-01, 6.369141e-01, 1.272991e+00
Forces      = 9.574158e-01, 1.444215e+00, 1.520338e+01
Stress      = 2.686319e+01, 3.654183e+01, 9.978811e+01
Charges     = 0.000000e+00, 0.000000e+00, 0.000000e+00

MY SGD TIME: 251.57700684852898 STEPS: 1000 EPOCHS: 199 FINAL_LOSS: 999.3884925944094

group size rank 0 = 4768
group size rank 4 = 960
group size rank 5 = 960
group size rank 2 = 960
group size rank 6 = 960
group size rank 1 = 960
group size rank 7 = 960
group size rank 3 = 960
group size rank 0 = 960
CLIP: 15 LR: 0.01 POT: 5
MY SGD TRAIN: Errors (MAE, RMSE, MAXAE)
Energy      = 1.718135e+01, 2.190677e+01, 7.134866e+01
Energy/Atom = 5.369173e-01, 6.845865e-01, 2.229646e+00
Forces      = 8.393362e-01, 1.473200e+00, 2.231213e+01
Stress      = 1.849297e+01, 2.940823e+01, 1.681699e+02
Charges     = 0.000000e+00, 0.000000e+00, 0.000000e+00

MY SGD VALID: Errors (MAE, RMSE, MAXAE)
Energy      = 1.480900e+01, 1.841223e+01, 4.338284e+01
Energy/Atom = 4.627813e-01, 5.753822e-01, 1.355714e+00
Forces      = 9.081250e-01, 1.359563e+00, 1.474907e+01
Stress      = 2.474156e+01, 3.440510e+01, 9.614171e+01
Charges     = 0.000000e+00, 0.000000e+00, 0.000000e+00

MY SGD TIME: 251.9823604952544 STEPS: 1000 EPOCHS: 199 FINAL_LOSS: 520.8827781396756

