
The following have been reloaded with a version change:
  1) Python/Anaconda_v02.2024 => Python/Miniconda

[prun] Master compute host = cn-033
[prun] Resource manager = slurm
[prun] Launch cmd = mpirun /home/peivzarenkov/.conda/envs/peter_env/bin/python train_etn_my_momentum.py (family=openmpi)
group size rank 2 = 4768
group size rank 5 = 4768
group size rank 6 = 4768
group size rank 4 = 4768
group size rank 3 = 4768
group size rank 0 = 4768
group size rank 1 = 4736
group size rank 7 = 4768
group size rank 2 = 960
group size rank 5 = 960
group size rank 6 = 960
group size rank 0 = 960
group size rank 4 = 960
group size rank 3 = 960
group size rank 1 = 960
group size rank 7 = 960
Traceback (most recent call last):
  File "/home/peivzarenkov/mlip-4/Testing-optimization-methods-in-MLP/task4/Momentum_scripts/train_etn_my_momentum.py", line 81, in <module>
    opt = utils.optimizers.MomentumSGD(lr_schedule=lr_schedule, beta=beta)
AttributeError: module 'utils.optimizers' has no attribute 'MomentumSGD'. Did you mean: 'Momentum'?
Traceback (most recent call last):
  File "/home/peivzarenkov/mlip-4/Testing-optimization-methods-in-MLP/task4/Momentum_scripts/train_etn_my_momentum.py", line 81, in <module>
Traceback (most recent call last):
  File "/home/peivzarenkov/mlip-4/Testing-optimization-methods-in-MLP/task4/Momentum_scripts/train_etn_my_momentum.py", line 81, in <module>
    opt = utils.optimizers.MomentumSGD(lr_schedule=lr_schedule, beta=beta)
    opt = utils.optimizers.MomentumSGD(lr_schedule=lr_schedule, beta=beta)
AttributeError: module 'utils.optimizers' has no attribute 'MomentumSGD'. Did you mean: 'Momentum'?
AttributeError: module 'utils.optimizers' has no attribute 'MomentumSGD'. Did you mean: 'Momentum'?
Traceback (most recent call last):
  File "/home/peivzarenkov/mlip-4/Testing-optimization-methods-in-MLP/task4/Momentum_scripts/train_etn_my_momentum.py", line 81, in <module>
    opt = utils.optimizers.MomentumSGD(lr_schedule=lr_schedule, beta=beta)
AttributeError: module 'utils.optimizers' has no attribute 'MomentumSGD'. Did you mean: 'Momentum'?
Traceback (most recent call last):
  File "/home/peivzarenkov/mlip-4/Testing-optimization-methods-in-MLP/task4/Momentum_scripts/train_etn_my_momentum.py", line 81, in <module>
    opt = utils.optimizers.MomentumSGD(lr_schedule=lr_schedule, beta=beta)
AttributeError: module 'utils.optimizers' has no attribute 'MomentumSGD'. Did you mean: 'Momentum'?
Traceback (most recent call last):
  File "/home/peivzarenkov/mlip-4/Testing-optimization-methods-in-MLP/task4/Momentum_scripts/train_etn_my_momentum.py", line 81, in <module>
    opt = utils.optimizers.MomentumSGD(lr_schedule=lr_schedule, beta=beta)
AttributeError: module 'utils.optimizers' has no attribute 'MomentumSGD'. Did you mean: 'Momentum'?
Traceback (most recent call last):
  File "/home/peivzarenkov/mlip-4/Testing-optimization-methods-in-MLP/task4/Momentum_scripts/train_etn_my_momentum.py", line 81, in <module>
    opt = utils.optimizers.MomentumSGD(lr_schedule=lr_schedule, beta=beta)
AttributeError: module 'utils.optimizers' has no attribute 'MomentumSGD'. Did you mean: 'Momentum'?
Traceback (most recent call last):
  File "/home/peivzarenkov/mlip-4/Testing-optimization-methods-in-MLP/task4/Momentum_scripts/train_etn_my_momentum.py", line 81, in <module>
    opt = utils.optimizers.MomentumSGD(lr_schedule=lr_schedule, beta=beta)
AttributeError: module 'utils.optimizers' has no attribute 'MomentumSGD'. Did you mean: 'Momentum'?
