
The following have been reloaded with a version change:
  1) Python/Anaconda_v02.2024 => Python/Miniconda

[prun] Master compute host = cn-011
[prun] Resource manager = slurm
[prun] Launch cmd = mpirun /home/peivzarenkov/.conda/envs/peter_env/bin/python train_mtp_torch_sgd.py (family=openmpi)
group size rank 5 = 4768
group size rank 6 = 4768
group size rank 2 = 4768
group size rank 1 = 4736
group size rank 7 = 4768
group size rank 3 = 4768
group size rank 6 = 960
group size rank 2 = 960
group size rank 5 = 960
group size rank 0 = 4768
group size rank 4 = 4768
group size rank 1 = 960
group size rank 7 = 960
group size rank 0 = 960
group size rank 4 = 960
group size rank 3 = 960
POT: 1
TORCH SGD TRAIN: Errors (MAE, RMSE, MAXAE)
Energy      = 2.021899e+02, 2.026140e+02, 2.418495e+02
Energy/Atom = 6.318433e+00, 6.331689e+00, 7.557796e+00
Forces      = 9.252705e+00, 1.413859e+01, 1.606011e+02
Stress      = 1.642756e+02, 2.284210e+02, 9.269049e+02
Charges     = 0.000000e+00, 0.000000e+00, 0.000000e+00

TORCH SGD VALID: Errors (MAE, RMSE, MAXAE)
Energy      = 1.938757e+02, 1.945622e+02, 2.384463e+02
Energy/Atom = 6.058616e+00, 6.080068e+00, 7.451445e+00
Forces      = 9.824644e+00, 1.438310e+01, 1.606011e+02
Stress      = 1.651201e+02, 2.183566e+02, 8.068691e+02
Charges     = 0.000000e+00, 0.000000e+00, 0.000000e+00

TORCH SGD TIME: 4.313063411042094 STEPS: 5 FINAL_LOSS: 33349.26501057453

