
The following have been reloaded with a version change:
  1) Python/Anaconda_v02.2024 => Python/Miniconda

[prun] Master compute host = cn-033
[prun] Resource manager = slurm
[prun] Launch cmd = mpirun /home/peivzarenkov/.conda/envs/peter_env/bin/python train_mtp_my_sgd_batch_size.py (family=openmpi)
group size rank 5 = 4768
group size rank 4 = 4768
group size rank 7 = 4768
group size rank 3 = 4768
group size rank 6 = 4768
group size rank 2 = 4768
group size rank 0 = 4768
group size rank 1 = 4736
group size rank 2 = 960
group size rank 7 = 960
group size rank 5 = 960
group size rank 0 = 960
group size rank 4 = 960
group size rank 6 = 960
group size rank 3 = 960
group size rank 1 = 960
group size rank 7 = 4768
group size rank 5 = 4768
group size rank 1 = 4736
BATCH_SIZE: 1 MAX_STEPS: 500 POT: 1
MY SGD TRAIN: Errors (MAE, RMSE, MAXAE)
Energy      = 5.179599e+00, 8.515217e+00, 3.746383e+01
Energy/Atom = 1.618625e-01, 2.661005e-01, 1.170745e+00
Forces      = 1.892520e+00, 2.549695e+00, 2.341601e+01
Stress      = 7.380580e+01, 1.162124e+02, 3.959109e+02
Charges     = 0.000000e+00, 0.000000e+00, 0.000000e+00

MY SGD VALID: Errors (MAE, RMSE, MAXAE)
Energy      = 1.536908e+01, 1.781835e+01, 3.973423e+01
Energy/Atom = 4.802838e-01, 5.568233e-01, 1.241695e+00
Forces      = 2.768044e+00, 3.588369e+00, 2.252767e+01
Stress      = 1.066113e+02, 1.412575e+02, 3.979345e+02
Charges     = 0.000000e+00, 0.000000e+00, 0.000000e+00

MY SGD TIME: 5.078704005107284 STEPS: 500 EPOCHS: 3 FINAL_LOSS: 5.369777774116117

group size rank 0 = 4768
group size rank 3 = 4768
group size rank 2 = 4768
group size rank 4 = 4768
group size rank 6 = 4768
group size rank 7 = 960
group size rank 5 = 960
group size rank 1 = 960
group size rank 0 = 960
group size rank 3 = 960
group size rank 2 = 960
group size rank 4 = 960
group size rank 6 = 960
group size rank 7 = 4768
group size rank 1 = 4736
BATCH_SIZE: 1 MAX_STEPS: 500 POT: 2
MY SGD TRAIN: Errors (MAE, RMSE, MAXAE)
Energy      = 9.944432e+00, 1.379752e+01, 4.503058e+01
Energy/Atom = 3.107635e-01, 4.311725e-01, 1.407206e+00
Forces      = 2.990407e+00, 3.822125e+00, 2.223628e+01
Stress      = 1.563499e+02, 2.201462e+02, 4.548048e+02
Charges     = 0.000000e+00, 0.000000e+00, 0.000000e+00

MY SGD VALID: Errors (MAE, RMSE, MAXAE)
Energy      = 2.450571e+01, 2.593083e+01, 4.860118e+01
Energy/Atom = 7.658034e-01, 8.103385e-01, 1.518787e+00
Forces      = 3.429313e+00, 4.392179e+00, 2.327469e+01
Stress      = 1.394842e+02, 1.869523e+02, 4.368381e+02
Charges     = 0.000000e+00, 0.000000e+00, 0.000000e+00

MY SGD TIME: 4.575618797913194 STEPS: 500 EPOCHS: 3 FINAL_LOSS: 26.127458132806694

group size rank 0 = 4768
group size rank 3 = 4768
group size rank 2 = 4768
group size rank 5 = 4768
group size rank 4 = 4768
group size rank 6 = 4768
group size rank 7 = 960
group size rank 1 = 960
group size rank 0 = 960
group size rank 3 = 960
group size rank 2 = 960
group size rank 4 = 960
group size rank 5 = 960
group size rank 6 = 960
group size rank 5 = 4768
group size rank 1 = 4736
group size rank 3 = 4768
group size rank 7 = 4768
group size rank 2 = 4768
group size rank 6 = 4768
group size rank 4 = 4768
BATCH_SIZE: 1 MAX_STEPS: 500 POT: 3
MY SGD TRAIN: Errors (MAE, RMSE, MAXAE)
Energy      = 1.135069e+01, 1.341663e+01, 3.407519e+01
Energy/Atom = 3.547091e-01, 4.192698e-01, 1.064850e+00
Forces      = 3.190174e+00, 4.087407e+00, 2.456394e+01
Stress      = 4.083620e+01, 5.685170e+01, 2.109585e+02
Charges     = 0.000000e+00, 0.000000e+00, 0.000000e+00

MY SGD VALID: Errors (MAE, RMSE, MAXAE)
Energy      = 2.023493e+01, 2.102236e+01, 3.491310e+01
Energy/Atom = 6.323414e-01, 6.569487e-01, 1.091034e+00
Forces      = 3.247257e+00, 4.149698e+00, 2.446740e+01
Stress      = 5.264236e+01, 6.915085e+01, 2.061577e+02
Charges     = 0.000000e+00, 0.000000e+00, 0.000000e+00

MY SGD TIME: 4.575382215902209 STEPS: 500 EPOCHS: 3 FINAL_LOSS: 18.429384374111

group size rank 0 = 4768
group size rank 5 = 960
group size rank 1 = 960
group size rank 3 = 960
group size rank 7 = 960
group size rank 2 = 960
group size rank 4 = 960
group size rank 6 = 960
group size rank 0 = 960
group size rank 7 = 4768
group size rank 3 = 4768
group size rank 2 = 4768
group size rank 5 = 4768
group size rank 1 = 4736
group size rank 4 = 4768
group size rank 6 = 4768
BATCH_SIZE: 1 MAX_STEPS: 500 POT: 4
MY SGD TRAIN: Errors (MAE, RMSE, MAXAE)
Energy      = 7.526756e+00, 9.156619e+00, 2.367696e+01
Energy/Atom = 2.352111e-01, 2.861444e-01, 7.399050e-01
Forces      = 2.771115e+00, 3.612002e+00, 2.324524e+01
Stress      = 5.086359e+01, 7.309494e+01, 2.973630e+02
Charges     = 0.000000e+00, 0.000000e+00, 0.000000e+00

MY SGD VALID: Errors (MAE, RMSE, MAXAE)
Energy      = 8.404780e+00, 1.020657e+01, 2.505071e+01
Energy/Atom = 2.626494e-01, 3.189553e-01, 7.828346e-01
Forces      = 3.616366e+00, 4.666843e+00, 2.523349e+01
Stress      = 6.752475e+01, 8.898130e+01, 2.545776e+02
Charges     = 0.000000e+00, 0.000000e+00, 0.000000e+00

MY SGD TIME: 4.5732559114694595 STEPS: 500 EPOCHS: 3 FINAL_LOSS: 32.75712163663647

group size rank 0 = 4768
group size rank 7 = 960
group size rank 3 = 960
group size rank 2 = 960
group size rank 5 = 960
group size rank 1 = 960
group size rank 4 = 960
group size rank 0 = 960
group size rank 6 = 960
group size rank 3 = 4768
group size rank 2 = 4768
group size rank 1 = 4736
group size rank 4 = 4768
BATCH_SIZE: 1 MAX_STEPS: 500 POT: 5
MY SGD TRAIN: Errors (MAE, RMSE, MAXAE)
Energy      = 4.354386e+00, 6.175577e+00, 2.829593e+01
Energy/Atom = 1.360746e-01, 1.929868e-01, 8.842479e-01
Forces      = 2.261313e+00, 3.055525e+00, 3.998214e+01
Stress      = 6.535800e+01, 9.654744e+01, 3.808098e+02
Charges     = 0.000000e+00, 0.000000e+00, 0.000000e+00

MY SGD VALID: Errors (MAE, RMSE, MAXAE)
Energy      = 9.057097e+00, 1.107824e+01, 2.813643e+01
Energy/Atom = 2.830343e-01, 3.461949e-01, 8.792636e-01
Forces      = 3.472051e+00, 4.489929e+00, 3.998214e+01
Stress      = 1.101930e+02, 1.457456e+02, 3.963352e+02
Charges     = 0.000000e+00, 0.000000e+00, 0.000000e+00

MY SGD TIME: 4.5644385777413845 STEPS: 500 EPOCHS: 3 FINAL_LOSS: 9.609078896835603

group size rank 0 = 4768
group size rank 7 = 4768
group size rank 5 = 4768
group size rank 6 = 4768
group size rank 3 = 960
group size rank 2 = 960
group size rank 1 = 960
group size rank 7 = 960
group size rank 4 = 960
group size rank 0 = 960
group size rank 5 = 960
group size rank 6 = 960
group size rank 7 = 4768
group size rank 2 = 4768
group size rank 3 = 4768
group size rank 5 = 4768
group size rank 1 = 4736
group size rank 4 = 4768
group size rank 6 = 4768
BATCH_SIZE: 4 MAX_STEPS: 500 POT: 1
MY SGD TRAIN: Errors (MAE, RMSE, MAXAE)
Energy      = 5.932975e+00, 7.857494e+00, 3.002110e+01
Energy/Atom = 1.854055e-01, 2.455467e-01, 9.381595e-01
Forces      = 1.565803e+00, 2.115296e+00, 1.710680e+01
Stress      = 7.148192e+01, 1.128176e+02, 3.882801e+02
Charges     = 0.000000e+00, 0.000000e+00, 0.000000e+00

MY SGD VALID: Errors (MAE, RMSE, MAXAE)
Energy      = 1.248629e+01, 1.460941e+01, 3.389516e+01
Energy/Atom = 3.901967e-01, 4.565442e-01, 1.059224e+00
Forces      = 2.276343e+00, 2.948863e+00, 1.740762e+01
Stress      = 1.145192e+02, 1.530421e+02, 3.710321e+02
Charges     = 0.000000e+00, 0.000000e+00, 0.000000e+00

MY SGD TIME: 16.522396836429834 STEPS: 500 EPOCHS: 13 FINAL_LOSS: 39.945851153989956

group size rank 0 = 4768
group size rank 7 = 960
group size rank 3 = 960
group size rank 2 = 960
group size rank 5 = 960
group size rank 1 = 960
group size rank 0 = 960
group size rank 6 = 960
group size rank 4 = 960
group size rank 2 = 4768
group size rank 5 = 4768
group size rank 6 = 4768
group size rank 3 = 4768
group size rank 1 = 4736
group size rank 4 = 4768
group size rank 7 = 4768
BATCH_SIZE: 4 MAX_STEPS: 500 POT: 2
MY SGD TRAIN: Errors (MAE, RMSE, MAXAE)
Energy      = 3.917298e+00, 5.032772e+00, 1.661608e+01
Energy/Atom = 1.224156e-01, 1.572741e-01, 5.192525e-01
Forces      = 1.566788e+00, 1.994711e+00, 1.930603e+01
Stress      = 1.168089e+02, 1.625730e+02, 3.369163e+02
Charges     = 0.000000e+00, 0.000000e+00, 0.000000e+00

MY SGD VALID: Errors (MAE, RMSE, MAXAE)
Energy      = 6.764827e+00, 7.754472e+00, 1.775684e+01
Energy/Atom = 2.114008e-01, 2.423272e-01, 5.549014e-01
Forces      = 1.868201e+00, 2.398626e+00, 2.192675e+01
Stress      = 1.372511e+02, 1.873626e+02, 3.397041e+02
Charges     = 0.000000e+00, 0.000000e+00, 0.000000e+00

MY SGD TIME: 16.519177723675966 STEPS: 500 EPOCHS: 13 FINAL_LOSS: 37.178608487125786

group size rank 0 = 4768
group size rank 2 = 960
group size rank 5 = 960
group size rank 6 = 960
group size rank 3 = 960
group size rank 1 = 960
group size rank 7 = 960
group size rank 4 = 960
group size rank 0 = 960
group size rank 7 = 4768
group size rank 4 = 4768
BATCH_SIZE: 4 MAX_STEPS: 500 POT: 3
MY SGD TRAIN: Errors (MAE, RMSE, MAXAE)
Energy      = 6.387012e+00, 8.022817e+00, 2.752040e+01
Energy/Atom = 1.995941e-01, 2.507130e-01, 8.600125e-01
Forces      = 2.398835e+00, 3.049292e+00, 2.222482e+01
Stress      = 3.566488e+01, 5.018198e+01, 2.130162e+02
Charges     = 0.000000e+00, 0.000000e+00, 0.000000e+00

MY SGD VALID: Errors (MAE, RMSE, MAXAE)
Energy      = 1.365399e+01, 1.445959e+01, 2.791661e+01
Energy/Atom = 4.266873e-01, 4.518622e-01, 8.723941e-01
Forces      = 2.817581e+00, 3.596568e+00, 2.169563e+01
Stress      = 5.432112e+01, 7.134027e+01, 2.074025e+02
Charges     = 0.000000e+00, 0.000000e+00, 0.000000e+00

MY SGD TIME: 16.51819891668856 STEPS: 500 EPOCHS: 13 FINAL_LOSS: 42.66425092904323

group size rank 0 = 4768
group size rank 2 = 4768
group size rank 3 = 4768
group size rank 5 = 4768
group size rank 1 = 4736
group size rank 6 = 4768
group size rank 7 = 960
group size rank 4 = 960
group size rank 0 = 960
group size rank 2 = 960
group size rank 3 = 960
group size rank 5 = 960
group size rank 1 = 960
group size rank 6 = 960
group size rank 2 = 4768
group size rank 3 = 4768
group size rank 5 = 4768
group size rank 1 = 4736
group size rank 6 = 4768
group size rank 4 = 4768
group size rank 7 = 4768
BATCH_SIZE: 4 MAX_STEPS: 500 POT: 4
MY SGD TRAIN: Errors (MAE, RMSE, MAXAE)
Energy      = 3.529195e+00, 4.565662e+00, 1.576628e+01
Energy/Atom = 1.102873e-01, 1.426769e-01, 4.926961e-01
Forces      = 2.225863e+00, 2.892772e+00, 1.886133e+01
Stress      = 5.405826e+01, 7.337342e+01, 2.482592e+02
Charges     = 0.000000e+00, 0.000000e+00, 0.000000e+00

MY SGD VALID: Errors (MAE, RMSE, MAXAE)
Energy      = 5.635230e+00, 6.974655e+00, 1.809632e+01
Energy/Atom = 1.761009e-01, 2.179580e-01, 5.655101e-01
Forces      = 2.911062e+00, 3.742580e+00, 2.047584e+01
Stress      = 7.373147e+01, 9.768895e+01, 2.581030e+02
Charges     = 0.000000e+00, 0.000000e+00, 0.000000e+00

MY SGD TIME: 16.501514323055744 STEPS: 500 EPOCHS: 13 FINAL_LOSS: 33.129821973813655

group size rank 0 = 4768
group size rank 2 = 960
group size rank 3 = 960
group size rank 5 = 960
group size rank 1 = 960
group size rank 6 = 960
group size rank 7 = 960
group size rank 4 = 960
group size rank 0 = 960
group size rank 3 = 4768
group size rank 7 = 4768
group size rank 1 = 4736
group size rank 4 = 4768
BATCH_SIZE: 4 MAX_STEPS: 500 POT: 5
MY SGD TRAIN: Errors (MAE, RMSE, MAXAE)
Energy      = 3.418754e+00, 4.928436e+00, 2.181955e+01
Energy/Atom = 1.068361e-01, 1.540136e-01, 6.818610e-01
Forces      = 1.599225e+00, 2.133304e+00, 1.858182e+01
Stress      = 6.243053e+01, 9.182424e+01, 2.968463e+02
Charges     = 0.000000e+00, 0.000000e+00, 0.000000e+00

MY SGD VALID: Errors (MAE, RMSE, MAXAE)
Energy      = 7.824212e+00, 9.343263e+00, 2.208665e+01
Energy/Atom = 2.445066e-01, 2.919770e-01, 6.902078e-01
Forces      = 2.323573e+00, 2.968684e+00, 1.910979e+01
Stress      = 1.012034e+02, 1.352486e+02, 2.996885e+02
Charges     = 0.000000e+00, 0.000000e+00, 0.000000e+00

MY SGD TIME: 16.51108283177018 STEPS: 500 EPOCHS: 13 FINAL_LOSS: 24.235765897539167

group size rank 0 = 4768
group size rank 2 = 4768
group size rank 5 = 4768
group size rank 6 = 4768
group size rank 3 = 960
group size rank 7 = 960
group size rank 1 = 960
group size rank 4 = 960
group size rank 0 = 960
group size rank 2 = 960
group size rank 5 = 960
group size rank 6 = 960
group size rank 2 = 4768
group size rank 3 = 4768
group size rank 7 = 4768
group size rank 5 = 4768
group size rank 1 = 4736
group size rank 4 = 4768
BATCH_SIZE: 16 MAX_STEPS: 500 POT: 1
MY SGD TRAIN: Errors (MAE, RMSE, MAXAE)
Energy      = 4.664456e+00, 7.805244e+00, 3.055059e+01
Energy/Atom = 1.457642e-01, 2.439139e-01, 9.547058e-01
Forces      = 1.382579e+00, 1.867737e+00, 1.576983e+01
Stress      = 6.864783e+01, 1.059169e+02, 3.437181e+02
Charges     = 0.000000e+00, 0.000000e+00, 0.000000e+00

MY SGD VALID: Errors (MAE, RMSE, MAXAE)
Energy      = 1.506289e+01, 1.676154e+01, 3.437646e+01
Energy/Atom = 4.707153e-01, 5.237983e-01, 1.074264e+00
Forces      = 2.008994e+00, 2.597573e+00, 1.604485e+01
Stress      = 1.088520e+02, 1.460574e+02, 3.470215e+02
Charges     = 0.000000e+00, 0.000000e+00, 0.000000e+00

MY SGD TIME: 60.00776031985879 STEPS: 500 EPOCHS: 49 FINAL_LOSS: 16.48250300674215

group size rank 0 = 4768
group size rank 6 = 4768
group size rank 3 = 960
group size rank 7 = 960
group size rank 2 = 960
group size rank 5 = 960
group size rank 1 = 960
group size rank 4 = 960
group size rank 0 = 960
group size rank 6 = 960
group size rank 7 = 4768
group size rank 3 = 4768
group size rank 2 = 4768
group size rank 5 = 4768
group size rank 4 = 4768
group size rank 1 = 4736
BATCH_SIZE: 16 MAX_STEPS: 500 POT: 2
MY SGD TRAIN: Errors (MAE, RMSE, MAXAE)
Energy      = 2.642946e+00, 3.417073e+00, 1.487228e+01
Energy/Atom = 8.259207e-02, 1.067835e-01, 4.647589e-01
Forces      = 1.426580e+00, 1.857611e+00, 1.727876e+01
Stress      = 9.407147e+01, 1.339738e+02, 3.215510e+02
Charges     = 0.000000e+00, 0.000000e+00, 0.000000e+00

MY SGD VALID: Errors (MAE, RMSE, MAXAE)
Energy      = 4.390286e+00, 5.481635e+00, 1.687175e+01
Energy/Atom = 1.371964e-01, 1.713011e-01, 5.272422e-01
Forces      = 1.889962e+00, 2.428061e+00, 2.128550e+01
Stress      = 1.288756e+02, 1.751289e+02, 3.252844e+02
Charges     = 0.000000e+00, 0.000000e+00, 0.000000e+00

MY SGD TIME: 59.97952014952898 STEPS: 500 EPOCHS: 49 FINAL_LOSS: 28.726923068506174

group size rank 0 = 4768
group size rank 6 = 4768
group size rank 7 = 960
group size rank 3 = 960
group size rank 2 = 960
group size rank 5 = 960
group size rank 0 = 960
group size rank 1 = 960
group size rank 4 = 960
group size rank 6 = 960
group size rank 2 = 4768
group size rank 3 = 4768
group size rank 7 = 4768
group size rank 5 = 4768
group size rank 1 = 4736
group size rank 4 = 4768
BATCH_SIZE: 16 MAX_STEPS: 500 POT: 3
MY SGD TRAIN: Errors (MAE, RMSE, MAXAE)
Energy      = 3.425793e+00, 4.687081e+00, 2.086807e+01
Energy/Atom = 1.070560e-01, 1.464713e-01, 6.521270e-01
Forces      = 2.026260e+00, 2.608967e+00, 1.901281e+01
Stress      = 3.242747e+01, 4.768307e+01, 2.041866e+02
Charges     = 0.000000e+00, 0.000000e+00, 0.000000e+00

MY SGD VALID: Errors (MAE, RMSE, MAXAE)
Energy      = 7.881628e+00, 8.878969e+00, 2.230010e+01
Energy/Atom = 2.463009e-01, 2.774678e-01, 6.968781e-01
Forces      = 2.543995e+00, 3.253063e+00, 1.967167e+01
Stress      = 5.558411e+01, 7.304584e+01, 2.054364e+02
Charges     = 0.000000e+00, 0.000000e+00, 0.000000e+00

MY SGD TIME: 59.97063320875168 STEPS: 500 EPOCHS: 49 FINAL_LOSS: 33.32697957773455

group size rank 0 = 4768
group size rank 6 = 4768
group size rank 3 = 960
group size rank 2 = 960
group size rank 7 = 960
group size rank 5 = 960
group size rank 1 = 960
group size rank 4 = 960
group size rank 0 = 960
group size rank 6 = 960
group size rank 2 = 4768
group size rank 7 = 4768
group size rank 3 = 4768
group size rank 5 = 4768
group size rank 1 = 4736
group size rank 6 = 4768
group size rank 4 = 4768
BATCH_SIZE: 16 MAX_STEPS: 500 POT: 4
MY SGD TRAIN: Errors (MAE, RMSE, MAXAE)
Energy      = 4.055880e+00, 5.088927e+00, 1.959819e+01
Energy/Atom = 1.267462e-01, 1.590290e-01, 6.124433e-01
Forces      = 2.108017e+00, 2.736510e+00, 1.864734e+01
Stress      = 5.356596e+01, 7.306745e+01, 2.502772e+02
Charges     = 0.000000e+00, 0.000000e+00, 0.000000e+00

MY SGD VALID: Errors (MAE, RMSE, MAXAE)
Energy      = 6.128196e+00, 7.413547e+00, 1.952573e+01
Energy/Atom = 1.915061e-01, 2.316733e-01, 6.101791e-01
Forces      = 2.757737e+00, 3.545785e+00, 1.954375e+01
Stress      = 7.362066e+01, 9.768648e+01, 2.456676e+02
Charges     = 0.000000e+00, 0.000000e+00, 0.000000e+00

MY SGD TIME: 59.979414992034435 STEPS: 500 EPOCHS: 49 FINAL_LOSS: 47.563517011388086

group size rank 0 = 4768
group size rank 2 = 960
group size rank 3 = 960
group size rank 7 = 960
group size rank 5 = 960
group size rank 1 = 960
group size rank 0 = 960
group size rank 6 = 960
group size rank 4 = 960
group size rank 3 = 4768
group size rank 7 = 4768
group size rank 2 = 4768
group size rank 5 = 4768
group size rank 1 = 4736
group size rank 4 = 4768
group size rank 6 = 4768
BATCH_SIZE: 16 MAX_STEPS: 500 POT: 5
MY SGD TRAIN: Errors (MAE, RMSE, MAXAE)
Energy      = 3.355334e+00, 4.888137e+00, 1.945152e+01
Energy/Atom = 1.048542e-01, 1.527543e-01, 6.078601e-01
Forces      = 1.259240e+00, 1.694149e+00, 1.564552e+01
Stress      = 5.905257e+01, 8.737875e+01, 2.676026e+02
Charges     = 0.000000e+00, 0.000000e+00, 0.000000e+00

MY SGD VALID: Errors (MAE, RMSE, MAXAE)
Energy      = 8.344265e+00, 9.591453e+00, 2.057655e+01
Energy/Atom = 2.607583e-01, 2.997329e-01, 6.430173e-01
Forces      = 1.850247e+00, 2.371566e+00, 1.647456e+01
Stress      = 9.261806e+01, 1.245418e+02, 2.625762e+02
Charges     = 0.000000e+00, 0.000000e+00, 0.000000e+00

MY SGD TIME: 60.04217166081071 STEPS: 500 EPOCHS: 49 FINAL_LOSS: 22.375886950862075

group size rank 0 = 4768
group size rank 3 = 960
group size rank 7 = 960
group size rank 2 = 960
group size rank 5 = 960
group size rank 1 = 960
group size rank 0 = 960
group size rank 6 = 960
group size rank 4 = 960
group size rank 2 = 4768
group size rank 7 = 4768
group size rank 5 = 4768
group size rank 3 = 4768
group size rank 4 = 4768
group size rank 1 = 4736
BATCH_SIZE: 32 MAX_STEPS: 500 POT: 1
MY SGD TRAIN: Errors (MAE, RMSE, MAXAE)
Energy      = 4.354607e+00, 6.419122e+00, 2.543104e+01
Energy/Atom = 1.360815e-01, 2.005976e-01, 7.947199e-01
Forces      = 1.380503e+00, 1.857881e+00, 1.571853e+01
Stress      = 7.179926e+01, 1.095609e+02, 3.423423e+02
Charges     = 0.000000e+00, 0.000000e+00, 0.000000e+00

MY SGD VALID: Errors (MAE, RMSE, MAXAE)
Energy      = 1.144723e+01, 1.317971e+01, 2.933210e+01
Energy/Atom = 3.577258e-01, 4.118659e-01, 9.166280e-01
Forces      = 1.994524e+00, 2.574736e+00, 1.592782e+01
Stress      = 1.125127e+02, 1.512652e+02, 3.387486e+02
Charges     = 0.000000e+00, 0.000000e+00, 0.000000e+00

MY SGD TIME: 120.68450285308063 STEPS: 500 EPOCHS: 99 FINAL_LOSS: 148.82685137230231

group size rank 0 = 4768
group size rank 6 = 4768
group size rank 2 = 960
group size rank 7 = 960
group size rank 5 = 960
group size rank 3 = 960
group size rank 4 = 960
group size rank 1 = 960
group size rank 0 = 960
group size rank 6 = 960
group size rank 2 = 4768
group size rank 7 = 4768
group size rank 3 = 4768
group size rank 5 = 4768
group size rank 1 = 4736
group size rank 4 = 4768
BATCH_SIZE: 32 MAX_STEPS: 500 POT: 2
MY SGD TRAIN: Errors (MAE, RMSE, MAXAE)
Energy      = 2.663563e+00, 3.450578e+00, 1.598767e+01
Energy/Atom = 8.323634e-02, 1.078306e-01, 4.996146e-01
Forces      = 1.415793e+00, 1.845533e+00, 1.682070e+01
Stress      = 9.152056e+01, 1.310201e+02, 3.175952e+02
Charges     = 0.000000e+00, 0.000000e+00, 0.000000e+00

MY SGD VALID: Errors (MAE, RMSE, MAXAE)
Energy      = 4.444257e+00, 5.532748e+00, 1.559754e+01
Energy/Atom = 1.388830e-01, 1.728984e-01, 4.874231e-01
Forces      = 1.887427e+00, 2.424575e+00, 2.075322e+01
Stress      = 1.275131e+02, 1.732216e+02, 3.254417e+02
Charges     = 0.000000e+00, 0.000000e+00, 0.000000e+00

MY SGD TIME: 121.76093969121575 STEPS: 500 EPOCHS: 99 FINAL_LOSS: 118.35492750646931

group size rank 0 = 4768
group size rank 6 = 4768
group size rank 2 = 960
group size rank 7 = 960
group size rank 3 = 960
group size rank 5 = 960
group size rank 1 = 960
group size rank 4 = 960
group size rank 0 = 960
group size rank 6 = 960
group size rank 2 = 4768
group size rank 7 = 4768
group size rank 3 = 4768
group size rank 5 = 4768
group size rank 4 = 4768
group size rank 1 = 4736
BATCH_SIZE: 32 MAX_STEPS: 500 POT: 3
MY SGD TRAIN: Errors (MAE, RMSE, MAXAE)
Energy      = 3.074818e+00, 4.328599e+00, 2.014501e+01
Energy/Atom = 9.608807e-02, 1.352687e-01, 6.295315e-01
Forces      = 1.908926e+00, 2.466432e+00, 1.845917e+01
Stress      = 3.104036e+01, 4.607822e+01, 2.002139e+02
Charges     = 0.000000e+00, 0.000000e+00, 0.000000e+00

MY SGD VALID: Errors (MAE, RMSE, MAXAE)
Energy      = 7.456223e+00, 8.361145e+00, 2.127436e+01
Energy/Atom = 2.330070e-01, 2.612858e-01, 6.648239e-01
Forces      = 2.429642e+00, 3.109684e+00, 1.848183e+01
Stress      = 5.457063e+01, 7.174690e+01, 2.016784e+02
Charges     = 0.000000e+00, 0.000000e+00, 0.000000e+00

MY SGD TIME: 120.78056025877595 STEPS: 500 EPOCHS: 99 FINAL_LOSS: 139.16686745611992

group size rank 0 = 4768
group size rank 6 = 4768
group size rank 2 = 960
group size rank 3 = 960
group size rank 7 = 960
group size rank 5 = 960
group size rank 4 = 960
group size rank 1 = 960
group size rank 0 = 960
group size rank 6 = 960
group size rank 2 = 4768
group size rank 7 = 4768
group size rank 3 = 4768
group size rank 5 = 4768
group size rank 1 = 4736
group size rank 4 = 4768
BATCH_SIZE: 32 MAX_STEPS: 500 POT: 4
MY SGD TRAIN: Errors (MAE, RMSE, MAXAE)
Energy      = 4.012140e+00, 4.992657e+00, 1.634690e+01
Energy/Atom = 1.253794e-01, 1.560205e-01, 5.108408e-01
Forces      = 2.157494e+00, 2.801026e+00, 1.874320e+01
Stress      = 5.400585e+01, 7.346107e+01, 2.448159e+02
Charges     = 0.000000e+00, 0.000000e+00, 0.000000e+00

MY SGD VALID: Errors (MAE, RMSE, MAXAE)
Energy      = 5.932905e+00, 7.270888e+00, 2.026957e+01
Energy/Atom = 1.854033e-01, 2.272153e-01, 6.334241e-01
Forces      = 2.817330e+00, 3.621565e+00, 1.977246e+01
Stress      = 7.404726e+01, 9.816818e+01, 2.544689e+02
Charges     = 0.000000e+00, 0.000000e+00, 0.000000e+00

MY SGD TIME: 120.71625179424882 STEPS: 500 EPOCHS: 99 FINAL_LOSS: 181.5092839153204

group size rank 0 = 4768
group size rank 6 = 4768
group size rank 2 = 960
group size rank 7 = 960
group size rank 3 = 960
group size rank 5 = 960
group size rank 1 = 960
group size rank 4 = 960
group size rank 0 = 960
group size rank 6 = 960
group size rank 2 = 4768
group size rank 3 = 4768
group size rank 7 = 4768
group size rank 5 = 4768
group size rank 4 = 4768
group size rank 1 = 4736
BATCH_SIZE: 32 MAX_STEPS: 500 POT: 5
MY SGD TRAIN: Errors (MAE, RMSE, MAXAE)
Energy      = 3.058879e+00, 4.429525e+00, 1.875072e+01
Energy/Atom = 9.558997e-02, 1.384226e-01, 5.859599e-01
Forces      = 1.223446e+00, 1.645961e+00, 1.537933e+01
Stress      = 5.891259e+01, 8.729028e+01, 2.579093e+02
Charges     = 0.000000e+00, 0.000000e+00, 0.000000e+00

MY SGD VALID: Errors (MAE, RMSE, MAXAE)
Energy      = 7.489689e+00, 8.697465e+00, 1.954809e+01
Energy/Atom = 2.340528e-01, 2.717958e-01, 6.108778e-01
Forces      = 1.790996e+00, 2.297654e+00, 1.647993e+01
Stress      = 9.220576e+01, 1.241405e+02, 2.657382e+02
Charges     = 0.000000e+00, 0.000000e+00, 0.000000e+00

MY SGD TIME: 120.69007044658065 STEPS: 500 EPOCHS: 99 FINAL_LOSS: 96.79828221645059

group size rank 0 = 4768
group size rank 6 = 4768
group size rank 2 = 960
group size rank 3 = 960
group size rank 7 = 960
group size rank 5 = 960
group size rank 4 = 960
group size rank 1 = 960
group size rank 0 = 960
group size rank 6 = 960
group size rank 7 = 4768
group size rank 2 = 4768
group size rank 3 = 4768
group size rank 5 = 4768
group size rank 1 = 4736
group size rank 4 = 4768
group size rank 6 = 4768
BATCH_SIZE: 64 MAX_STEPS: 500 POT: 1
MY SGD TRAIN: Errors (MAE, RMSE, MAXAE)
Energy      = 4.049141e+00, 6.991643e+00, 2.696872e+01
Energy/Atom = 1.265357e-01, 2.184888e-01, 8.427725e-01
Forces      = 1.355247e+00, 1.823408e+00, 1.544247e+01
Stress      = 6.948846e+01, 1.061798e+02, 3.360214e+02
Charges     = 0.000000e+00, 0.000000e+00, 0.000000e+00

MY SGD VALID: Errors (MAE, RMSE, MAXAE)
Energy      = 1.355154e+01, 1.512384e+01, 3.078811e+01
Energy/Atom = 4.234856e-01, 4.726201e-01, 9.621284e-01
Forces      = 1.956318e+00, 2.526535e+00, 1.555799e+01
Stress      = 1.092381e+02, 1.468358e+02, 3.314163e+02
Charges     = 0.000000e+00, 0.000000e+00, 0.000000e+00

MY SGD TIME: 201.40771555528045 STEPS: 500 EPOCHS: 166 FINAL_LOSS: 410.71526108850554

group size rank 0 = 4768
group size rank 2 = 960
group size rank 7 = 960
group size rank 3 = 960
group size rank 5 = 960
group size rank 4 = 960
group size rank 1 = 960
group size rank 0 = 960
group size rank 6 = 960
group size rank 3 = 4768
group size rank 7 = 4768
group size rank 2 = 4768
group size rank 5 = 4768
group size rank 1 = 4736
group size rank 4 = 4768
BATCH_SIZE: 64 MAX_STEPS: 500 POT: 2
MY SGD TRAIN: Errors (MAE, RMSE, MAXAE)
Energy      = 2.651572e+00, 3.418770e+00, 1.403403e+01
Energy/Atom = 8.286164e-02, 1.068366e-01, 4.385636e-01
Forces      = 1.412970e+00, 1.841579e+00, 1.669728e+01
Stress      = 9.179184e+01, 1.313010e+02, 3.185375e+02
Charges     = 0.000000e+00, 0.000000e+00, 0.000000e+00

MY SGD VALID: Errors (MAE, RMSE, MAXAE)
Energy      = 4.425041e+00, 5.520075e+00, 1.490293e+01
Energy/Atom = 1.382825e-01, 1.725024e-01, 4.657165e-01
Forces      = 1.884131e+00, 2.420081e+00, 2.102150e+01
Stress      = 1.274133e+02, 1.730861e+02, 3.258151e+02
Charges     = 0.000000e+00, 0.000000e+00, 0.000000e+00

MY SGD TIME: 201.5582617931068 STEPS: 500 EPOCHS: 166 FINAL_LOSS: 431.8914527720776

group size rank 0 = 4768
group size rank 6 = 4768
group size rank 3 = 960
group size rank 7 = 960
group size rank 2 = 960
group size rank 5 = 960
group size rank 0 = 960
group size rank 1 = 960
group size rank 4 = 960
group size rank 6 = 960
group size rank 2 = 4768
group size rank 3 = 4768
group size rank 7 = 4768
group size rank 5 = 4768
group size rank 1 = 4736
group size rank 4 = 4768
BATCH_SIZE: 64 MAX_STEPS: 500 POT: 3
MY SGD TRAIN: Errors (MAE, RMSE, MAXAE)
Energy      = 2.889980e+00, 4.034506e+00, 1.983577e+01
Energy/Atom = 9.031187e-02, 1.260783e-01, 6.198677e-01
Forces      = 1.895767e+00, 2.452931e+00, 1.831396e+01
Stress      = 3.133042e+01, 4.655137e+01, 1.997502e+02
Charges     = 0.000000e+00, 0.000000e+00, 0.000000e+00

MY SGD VALID: Errors (MAE, RMSE, MAXAE)
Energy      = 6.713363e+00, 7.677573e+00, 2.013340e+01
Energy/Atom = 2.097926e-01, 2.399242e-01, 6.291686e-01
Forces      = 2.426862e+00, 3.106817e+00, 1.913630e+01
Stress      = 5.520050e+01, 7.254895e+01, 2.019789e+02
Charges     = 0.000000e+00, 0.000000e+00, 0.000000e+00

MY SGD TIME: 201.4967411737889 STEPS: 500 EPOCHS: 166 FINAL_LOSS: 433.00989322501533

group size rank 0 = 4768
group size rank 6 = 4768
group size rank 2 = 960
group size rank 3 = 960
group size rank 7 = 960
group size rank 5 = 960
group size rank 1 = 960
group size rank 0 = 960
group size rank 4 = 960
group size rank 6 = 960
group size rank 2 = 4768
group size rank 3 = 4768
group size rank 5 = 4768
group size rank 7 = 4768
group size rank 1 = 4736
group size rank 4 = 4768
BATCH_SIZE: 64 MAX_STEPS: 500 POT: 4
MY SGD TRAIN: Errors (MAE, RMSE, MAXAE)
Energy      = 4.494957e+00, 5.490562e+00, 1.991340e+01
Energy/Atom = 1.404674e-01, 1.715801e-01, 6.222938e-01
Forces      = 2.135026e+00, 2.769972e+00, 1.864418e+01
Stress      = 5.360370e+01, 7.286386e+01, 2.525165e+02
Charges     = 0.000000e+00, 0.000000e+00, 0.000000e+00

MY SGD VALID: Errors (MAE, RMSE, MAXAE)
Energy      = 6.538554e+00, 7.839471e+00, 2.050349e+01
Energy/Atom = 2.043298e-01, 2.449835e-01, 6.407342e-01
Forces      = 2.786649e+00, 3.583149e+00, 1.962372e+01
Stress      = 7.322496e+01, 9.714595e+01, 2.468490e+02
Charges     = 0.000000e+00, 0.000000e+00, 0.000000e+00

MY SGD TIME: 201.32089463993907 STEPS: 500 EPOCHS: 166 FINAL_LOSS: 555.4489709747913

group size rank 0 = 4768
group size rank 6 = 4768
group size rank 2 = 960
group size rank 3 = 960
group size rank 5 = 960
group size rank 7 = 960
group size rank 1 = 960
group size rank 4 = 960
group size rank 0 = 960
group size rank 6 = 960
group size rank 3 = 4768
group size rank 7 = 4768
group size rank 2 = 4768
group size rank 5 = 4768
group size rank 1 = 4736
group size rank 4 = 4768
BATCH_SIZE: 64 MAX_STEPS: 500 POT: 5
MY SGD TRAIN: Errors (MAE, RMSE, MAXAE)
Energy      = 2.956698e+00, 4.177144e+00, 1.849973e+01
Energy/Atom = 9.239683e-02, 1.305358e-01, 5.781164e-01
Forces      = 1.218327e+00, 1.637494e+00, 1.578163e+01
Stress      = 5.904970e+01, 8.746446e+01, 2.610164e+02
Charges     = 0.000000e+00, 0.000000e+00, 0.000000e+00

MY SGD VALID: Errors (MAE, RMSE, MAXAE)
Energy      = 6.860351e+00, 8.090753e+00, 1.747139e+01
Energy/Atom = 2.143860e-01, 2.528360e-01, 5.459809e-01
Forces      = 1.775113e+00, 2.275999e+00, 1.537861e+01
Stress      = 9.249237e+01, 1.245888e+02, 2.584817e+02
Charges     = 0.000000e+00, 0.000000e+00, 0.000000e+00

MY SGD TIME: 201.354712061584 STEPS: 500 EPOCHS: 166 FINAL_LOSS: 297.01224465282803

group size rank 0 = 4768
group size rank 6 = 4768
group size rank 7 = 960
group size rank 2 = 960
group size rank 3 = 960
group size rank 5 = 960
group size rank 1 = 960
group size rank 4 = 960
group size rank 0 = 960
group size rank 6 = 960
group size rank 3 = 4768
group size rank 7 = 4768
group size rank 2 = 4768
group size rank 5 = 4768
group size rank 1 = 4736
group size rank 4 = 4768
BATCH_SIZE: 128 MAX_STEPS: 500 POT: 1
MY SGD TRAIN: Errors (MAE, RMSE, MAXAE)
Energy      = 4.081243e+00, 6.407155e+00, 2.551408e+01
Energy/Atom = 1.275388e-01, 2.002236e-01, 7.973151e-01
Forces      = 1.374203e+00, 1.849886e+00, 1.567038e+01
Stress      = 7.140026e+01, 1.089094e+02, 3.406228e+02
Charges     = 0.000000e+00, 0.000000e+00, 0.000000e+00

MY SGD VALID: Errors (MAE, RMSE, MAXAE)
Energy      = 1.182825e+01, 1.353956e+01, 2.955559e+01
Energy/Atom = 3.696329e-01, 4.231113e-01, 9.236122e-01
Forces      = 1.984858e+00, 2.561964e+00, 1.553650e+01
Stress      = 1.118194e+02, 1.503254e+02, 3.384720e+02
Charges     = 0.000000e+00, 0.000000e+00, 0.000000e+00

MY SGD TIME: 301.69641415961087 STEPS: 500 EPOCHS: 249 FINAL_LOSS: 173.4482622722319

group size rank 0 = 4768
group size rank 6 = 4768
group size rank 7 = 960
group size rank 3 = 960
group size rank 2 = 960
group size rank 5 = 960
group size rank 1 = 960
group size rank 4 = 960
group size rank 0 = 960
group size rank 6 = 960
group size rank 2 = 4768
group size rank 7 = 4768
group size rank 3 = 4768
group size rank 5 = 4768
group size rank 1 = 4736
group size rank 4 = 4768
group size rank 6 = 4768
BATCH_SIZE: 128 MAX_STEPS: 500 POT: 2
MY SGD TRAIN: Errors (MAE, RMSE, MAXAE)
Energy      = 2.631630e+00, 3.434565e+00, 1.457662e+01
Energy/Atom = 8.223845e-02, 1.073302e-01, 4.555193e-01
Forces      = 1.417006e+00, 1.847145e+00, 1.703991e+01
Stress      = 9.160211e+01, 1.310032e+02, 3.202575e+02
Charges     = 0.000000e+00, 0.000000e+00, 0.000000e+00

MY SGD VALID: Errors (MAE, RMSE, MAXAE)
Energy      = 4.525019e+00, 5.639696e+00, 1.660888e+01
Energy/Atom = 1.414068e-01, 1.762405e-01, 5.190275e-01
Forces      = 1.889075e+00, 2.426331e+00, 2.100190e+01
Stress      = 1.273365e+02, 1.729499e+02, 3.251949e+02
Charges     = 0.000000e+00, 0.000000e+00, 0.000000e+00

MY SGD TIME: 301.4662611037493 STEPS: 500 EPOCHS: 249 FINAL_LOSS: 136.92770183810808

group size rank 0 = 4768
group size rank 2 = 960
group size rank 7 = 960
group size rank 3 = 960
group size rank 5 = 960
group size rank 1 = 960
group size rank 4 = 960
group size rank 0 = 960
group size rank 6 = 960
group size rank 2 = 4768
group size rank 7 = 4768
group size rank 3 = 4768
group size rank 5 = 4768
group size rank 4 = 4768
BATCH_SIZE: 128 MAX_STEPS: 500 POT: 3
MY SGD TRAIN: Errors (MAE, RMSE, MAXAE)
Energy      = 2.783403e+00, 3.892013e+00, 1.909224e+01
Energy/Atom = 8.698134e-02, 1.216254e-01, 5.966325e-01
Forces      = 1.892245e+00, 2.450160e+00, 1.877118e+01
Stress      = 3.155118e+01, 4.685286e+01, 2.004555e+02
Charges     = 0.000000e+00, 0.000000e+00, 0.000000e+00

MY SGD VALID: Errors (MAE, RMSE, MAXAE)
Energy      = 6.458878e+00, 7.461000e+00, 1.999133e+01
Energy/Atom = 2.018399e-01, 2.331563e-01, 6.247289e-01
Forces      = 2.427762e+00, 3.108690e+00, 1.898285e+01
Stress      = 5.555572e+01, 7.299999e+01, 2.016705e+02
Charges     = 0.000000e+00, 0.000000e+00, 0.000000e+00

MY SGD TIME: 301.4591729044914 STEPS: 500 EPOCHS: 249 FINAL_LOSS: 159.39998819950824

group size rank 0 = 4768
group size rank 6 = 4768
group size rank 1 = 4736
group size rank 2 = 960
group size rank 7 = 960
group size rank 3 = 960
group size rank 5 = 960
group size rank 0 = 960
group size rank 4 = 960
group size rank 6 = 960
group size rank 1 = 960
group size rank 7 = 4768
group size rank 2 = 4768
group size rank 3 = 4768
group size rank 5 = 4768
group size rank 1 = 4736
group size rank 6 = 4768
group size rank 4 = 4768
BATCH_SIZE: 128 MAX_STEPS: 500 POT: 4
MY SGD TRAIN: Errors (MAE, RMSE, MAXAE)
Energy      = 3.739655e+00, 4.821125e+00, 1.968554e+01
Energy/Atom = 1.168642e-01, 1.506602e-01, 6.151732e-01
Forces      = 2.160344e+00, 2.804189e+00, 1.885553e+01
Stress      = 5.385635e+01, 7.330729e+01, 2.514954e+02
Charges     = 0.000000e+00, 0.000000e+00, 0.000000e+00

MY SGD VALID: Errors (MAE, RMSE, MAXAE)
Energy      = 5.790195e+00, 7.070607e+00, 2.020393e+01
Energy/Atom = 1.809436e-01, 2.209565e-01, 6.313729e-01
Forces      = 2.821961e+00, 3.627158e+00, 1.980287e+01
Stress      = 7.387661e+01, 9.797544e+01, 2.472509e+02
Charges     = 0.000000e+00, 0.000000e+00, 0.000000e+00

MY SGD TIME: 301.44668547809124 STEPS: 500 EPOCHS: 249 FINAL_LOSS: 174.29226459806014

group size rank 0 = 4768
group size rank 7 = 960
group size rank 2 = 960
group size rank 3 = 960
group size rank 5 = 960
group size rank 1 = 960
group size rank 0 = 960
group size rank 6 = 960
group size rank 4 = 960
group size rank 7 = 4768
group size rank 3 = 4768
group size rank 2 = 4768
group size rank 5 = 4768
group size rank 1 = 4736
group size rank 6 = 4768
group size rank 4 = 4768
BATCH_SIZE: 128 MAX_STEPS: 500 POT: 5
MY SGD TRAIN: Errors (MAE, RMSE, MAXAE)
Energy      = 2.846075e+00, 4.068968e+00, 1.809221e+01
Energy/Atom = 8.893985e-02, 1.271553e-01, 5.653815e-01
Forces      = 1.235602e+00, 1.659408e+00, 1.582555e+01
Stress      = 5.944950e+01, 8.797803e+01, 2.631500e+02
Charges     = 0.000000e+00, 0.000000e+00, 0.000000e+00

MY SGD VALID: Errors (MAE, RMSE, MAXAE)
Energy      = 6.768861e+00, 7.973886e+00, 1.738276e+01
Energy/Atom = 2.115269e-01, 2.491839e-01, 5.432113e-01
Forces      = 1.795041e+00, 2.299946e+00, 1.555900e+01
Stress      = 9.324585e+01, 1.255497e+02, 2.584994e+02
Charges     = 0.000000e+00, 0.000000e+00, 0.000000e+00

MY SGD TIME: 301.0562079604715 STEPS: 500 EPOCHS: 249 FINAL_LOSS: 112.71047953632836

group size rank 0 = 4768
group size rank 7 = 960
group size rank 2 = 960
group size rank 3 = 960
group size rank 5 = 960
group size rank 1 = 960
group size rank 6 = 960
group size rank 0 = 960
group size rank 4 = 960
group size rank 5 = 4768
group size rank 4 = 4768
BATCH_SIZE: 256 MAX_STEPS: 500 POT: 1
MY SGD TRAIN: Errors (MAE, RMSE, MAXAE)
Energy      = 4.090449e+00, 6.534279e+00, 2.540022e+01
Energy/Atom = 1.278265e-01, 2.041962e-01, 7.937568e-01
Forces      = 1.367336e+00, 1.839382e+00, 1.554682e+01
Stress      = 7.090594e+01, 1.081157e+02, 3.434618e+02
Charges     = 0.000000e+00, 0.000000e+00, 0.000000e+00

MY SGD VALID: Errors (MAE, RMSE, MAXAE)
Energy      = 1.215160e+01, 1.386469e+01, 2.842733e+01
Energy/Atom = 3.797376e-01, 4.332717e-01, 8.883540e-01
Forces      = 1.973484e+00, 2.547459e+00, 1.572297e+01
Stress      = 1.112638e+02, 1.496356e+02, 3.384216e+02
Charges     = 0.000000e+00, 0.000000e+00, 0.000000e+00

MY SGD TIME: 672.943142959848 STEPS: 500 EPOCHS: 499 FINAL_LOSS: 1017.3693707602839

group size rank 0 = 4768
group size rank 5 = 960
group size rank 4 = 960
group size rank 1 = 4736
group size rank 6 = 4768
group size rank 7 = 4768
group size rank 0 = 960
group size rank 1 = 960
group size rank 6 = 960
group size rank 7 = 960
group size rank 3 = 4768
group size rank 2 = 4768
group size rank 3 = 960
group size rank 2 = 960
group size rank 2 = 4768
group size rank 5 = 4768
group size rank 7 = 4768
group size rank 3 = 4768
group size rank 1 = 4736
BATCH_SIZE: 256 MAX_STEPS: 500 POT: 2
MY SGD TRAIN: Errors (MAE, RMSE, MAXAE)
Energy      = 2.815936e+00, 3.626691e+00, 1.490482e+01
Energy/Atom = 8.799799e-02, 1.133341e-01, 4.657755e-01
Forces      = 1.396163e+00, 1.823410e+00, 1.620429e+01
Stress      = 8.874330e+01, 1.276775e+02, 3.183566e+02
Charges     = 0.000000e+00, 0.000000e+00, 0.000000e+00

MY SGD VALID: Errors (MAE, RMSE, MAXAE)
Energy      = 4.656025e+00, 5.748922e+00, 1.698760e+01
Energy/Atom = 1.455008e-01, 1.796538e-01, 5.308626e-01
Forces      = 1.876835e+00, 2.410581e+00, 1.990206e+01
Stress      = 1.254372e+02, 1.703031e+02, 3.176955e+02
Charges     = 0.000000e+00, 0.000000e+00, 0.000000e+00

MY SGD TIME: 672.6462845783681 STEPS: 500 EPOCHS: 499 FINAL_LOSS: 986.507088400999

group size rank 0 = 4768
group size rank 6 = 4768
group size rank 4 = 4768
group size rank 2 = 960
group size rank 5 = 960
group size rank 7 = 960
group size rank 3 = 960
group size rank 0 = 960
group size rank 1 = 960
group size rank 6 = 960
group size rank 4 = 960
group size rank 5 = 4768
group size rank 2 = 4768
group size rank 7 = 4768
group size rank 3 = 4768
group size rank 1 = 4736
BATCH_SIZE: 256 MAX_STEPS: 500 POT: 3
MY SGD TRAIN: Errors (MAE, RMSE, MAXAE)
Energy      = 2.667974e+00, 3.725075e+00, 1.857840e+01
Energy/Atom = 8.337420e-02, 1.164086e-01, 5.805749e-01
Forces      = 1.775999e+00, 2.308888e+00, 1.735099e+01
Stress      = 3.026678e+01, 4.526332e+01, 1.953570e+02
Charges     = 0.000000e+00, 0.000000e+00, 0.000000e+00

MY SGD VALID: Errors (MAE, RMSE, MAXAE)
Energy      = 6.184790e+00, 7.103770e+00, 1.859403e+01
Energy/Atom = 1.932747e-01, 2.219928e-01, 5.810633e-01
Forces      = 2.304621e+00, 2.955254e+00, 1.747254e+01
Stress      = 5.442652e+01, 7.151694e+01, 1.963775e+02
Charges     = 0.000000e+00, 0.000000e+00, 0.000000e+00

MY SGD TIME: 672.3967259004712 STEPS: 500 EPOCHS: 499 FINAL_LOSS: 873.3857588631436

group size rank 0 = 4768
group size rank 4 = 4768
group size rank 6 = 4768
group size rank 5 = 960
group size rank 2 = 960
group size rank 7 = 960
group size rank 3 = 960
group size rank 1 = 960
group size rank 0 = 960
group size rank 4 = 960
group size rank 6 = 960
group size rank 7 = 4768
group size rank 2 = 4768
group size rank 7 = 960
group size rank 1 = 4736
BATCH_SIZE: 256 MAX_STEPS: 500 POT: 4
MY SGD TRAIN: Errors (MAE, RMSE, MAXAE)
Energy      = 3.166906e+00, 4.109557e+00, 1.607379e+01
Energy/Atom = 9.896580e-02, 1.284236e-01, 5.023058e-01
Forces      = 2.137831e+00, 2.775821e+00, 1.825682e+01
Stress      = 5.459720e+01, 7.477005e+01, 2.521445e+02
Charges     = 0.000000e+00, 0.000000e+00, 0.000000e+00

MY SGD VALID: Errors (MAE, RMSE, MAXAE)
Energy      = 4.876172e+00, 6.112782e+00, 1.652031e+01
Energy/Atom = 1.523804e-01, 1.910245e-01, 5.162598e-01
Forces      = 2.795531e+00, 3.589625e+00, 1.932172e+01
Stress      = 7.574906e+01, 1.005350e+02, 2.541909e+02
Charges     = 0.000000e+00, 0.000000e+00, 0.000000e+00

MY SGD TIME: 670.84635402821 STEPS: 500 EPOCHS: 499 FINAL_LOSS: 1380.4135157113549

group size rank 0 = 4768
group size rank 4 = 4768
group size rank 6 = 4768
group size rank 5 = 4768
group size rank 3 = 4768
group size rank 2 = 960
group size rank 1 = 960
group size rank 0 = 960
group size rank 4 = 960
group size rank 6 = 960
group size rank 3 = 960
group size rank 5 = 960
BATCH_SIZE: 256 MAX_STEPS: 500 POT: 5
MY SGD TRAIN: Errors (MAE, RMSE, MAXAE)
Energy      = 2.875892e+00, 3.887858e+00, 1.796814e+01
Energy/Atom = 8.987163e-02, 1.214956e-01, 5.615044e-01
Forces      = 1.229237e+00, 1.650430e+00, 1.576156e+01
Stress      = 5.972136e+01, 8.839143e+01, 2.610097e+02
Charges     = 0.000000e+00, 0.000000e+00, 0.000000e+00

MY SGD VALID: Errors (MAE, RMSE, MAXAE)
Energy      = 6.149450e+00, 7.329463e+00, 1.942572e+01
Energy/Atom = 1.921703e-01, 2.290457e-01, 6.070538e-01
Forces      = 1.781001e+00, 2.281812e+00, 1.566775e+01
Stress      = 9.367047e+01, 1.261969e+02, 2.607041e+02
Charges     = 0.000000e+00, 0.000000e+00, 0.000000e+00

MY SGD TIME: 682.3126901127398 STEPS: 500 EPOCHS: 499 FINAL_LOSS: 673.2147124566063

