
The following have been reloaded with a version change:
  1) Python/Anaconda_v02.2024 => Python/Miniconda

[prun] Master compute host = cn-034
[prun] Resource manager = slurm
[prun] Launch cmd = mpirun /home/peivzarenkov/.conda/envs/peter_env/bin/python train_etn_my_momentum.py (family=openmpi)
group size rank 1 = 4736
group size rank 5 = 4768
group size rank 7 = 4768
group size rank 3 = 4768
group size rank 4 = 4768
group size rank 0 = 4768
group size rank 6 = 4768
group size rank 2 = 4768
group size rank 1 = 960
group size rank 5 = 960
group size rank 7 = 960
group size rank 4 = 960
group size rank 0 = 960
group size rank 3 = 960
group size rank 6 = 960
group size rank 2 = 960
group size rank 2 = 4768
group size rank 4 = 4768
group size rank 7 = 4768
group size rank 1 = 4736
group size rank 5 = 4768
group size rank 6 = 4768
group size rank 3 = 4768
POT: 1
MY MOMENTUM TRAIN: Errors (MAE, RMSE, MAXAE)
Energy      = 5.744217e+01, 5.758945e+01, 6.516026e+01
Energy/Atom = 1.795068e+00, 1.799670e+00, 2.036258e+00
Forces      = 1.038970e+00, 1.402845e+00, 1.353371e+01
Stress      = 1.311219e+01, 1.941007e+01, 7.397706e+01
Charges     = 0.000000e+00, 0.000000e+00, 0.000000e+00

MY MOMENTUM VALID: Errors (MAE, RMSE, MAXAE)
Energy      = 5.229812e+01, 5.233837e+01, 5.727668e+01
Energy/Atom = 1.634316e+00, 1.635574e+00, 1.789896e+00
Forces      = 1.267463e+00, 1.731212e+00, 1.353365e+01
Stress      = 2.339739e+01, 3.089563e+01, 7.397662e+01
Charges     = 0.000000e+00, 0.000000e+00, 0.000000e+00

MY MOMENTUM TIME: 310.32413406670094 STEPS: 1500 EPOCHS: 299 FINAL_LOSS: 2237.559686712141

group size rank 0 = 4768
group size rank 2 = 960
group size rank 4 = 960
group size rank 7 = 960
group size rank 1 = 960
group size rank 5 = 960
group size rank 3 = 960
group size rank 6 = 960
group size rank 0 = 960
POT: 2
MY MOMENTUM TRAIN: Errors (MAE, RMSE, MAXAE)
Energy      = 5.809031e+01, 5.823501e+01, 6.578597e+01
Energy/Atom = 1.815322e+00, 1.819844e+00, 2.055812e+00
Forces      = 1.037270e+00, 1.401044e+00, 1.354158e+01
Stress      = 1.308127e+01, 1.934766e+01, 7.379499e+01
Charges     = 0.000000e+00, 0.000000e+00, 0.000000e+00

MY MOMENTUM VALID: Errors (MAE, RMSE, MAXAE)
Energy      = 5.296170e+01, 5.300127e+01, 5.794158e+01
Energy/Atom = 1.655053e+00, 1.656290e+00, 1.810674e+00
Forces      = 1.266131e+00, 1.729945e+00, 1.354156e+01
Stress      = 2.331802e+01, 3.079071e+01, 7.379507e+01
Charges     = 0.000000e+00, 0.000000e+00, 0.000000e+00

MY MOMENTUM TIME: 321.2900237701833 STEPS: 1500 EPOCHS: 299 FINAL_LOSS: 2312.092738514141

group size rank 0 = 4768
group size rank 4 = 4768
group size rank 2 = 4768
group size rank 7 = 4768
group size rank 1 = 4736
group size rank 5 = 4768
group size rank 3 = 4768
group size rank 6 = 4768
group size rank 0 = 960
group size rank 4 = 960
group size rank 2 = 960
group size rank 7 = 960
group size rank 1 = 960
group size rank 5 = 960
group size rank 3 = 960
group size rank 6 = 960
POT: 3
MY MOMENTUM TRAIN: Errors (MAE, RMSE, MAXAE)
Energy      = 5.616470e+01, 5.631438e+01, 6.386415e+01
Energy/Atom = 1.755147e+00, 1.759824e+00, 1.995755e+00
Forces      = 1.037460e+00, 1.401206e+00, 1.354107e+01
Stress      = 1.307087e+01, 1.932860e+01, 7.375592e+01
Charges     = 0.000000e+00, 0.000000e+00, 0.000000e+00

MY MOMENTUM VALID: Errors (MAE, RMSE, MAXAE)
Energy      = 5.103828e+01, 5.107934e+01, 5.600805e+01
Energy/Atom = 1.594946e+00, 1.596229e+00, 1.750252e+00
Forces      = 1.266141e+00, 1.730001e+00, 1.354107e+01
Stress      = 2.330538e+01, 3.077440e+01, 7.375561e+01
Charges     = 0.000000e+00, 0.000000e+00, 0.000000e+00

MY MOMENTUM TIME: 312.5476277768612 STEPS: 1500 EPOCHS: 299 FINAL_LOSS: 2092.8949063189916

group size rank 0 = 4768
group size rank 4 = 4768
group size rank 7 = 4768
group size rank 2 = 4768
group size rank 5 = 4768
group size rank 1 = 4736
group size rank 3 = 4768
group size rank 6 = 4768
group size rank 0 = 960
group size rank 4 = 960
group size rank 2 = 960
group size rank 7 = 960
group size rank 5 = 960
group size rank 1 = 960
group size rank 3 = 960
group size rank 6 = 960
POT: 4
MY MOMENTUM TRAIN: Errors (MAE, RMSE, MAXAE)
Energy      = 5.418869e+01, 5.434004e+01, 6.178116e+01
Energy/Atom = 1.693397e+00, 1.698126e+00, 1.930661e+00
Forces      = 1.031067e+00, 1.395041e+00, 1.353044e+01
Stress      = 1.313687e+01, 1.941114e+01, 7.396536e+01
Charges     = 0.000000e+00, 0.000000e+00, 0.000000e+00

MY MOMENTUM VALID: Errors (MAE, RMSE, MAXAE)
Energy      = 4.912010e+01, 4.916218e+01, 5.408008e+01
Energy/Atom = 1.535003e+00, 1.536318e+00, 1.690003e+00
Forces      = 1.262301e+00, 1.726353e+00, 1.353047e+01
Stress      = 2.336346e+01, 3.085472e+01, 7.396246e+01
Charges     = 0.000000e+00, 0.000000e+00, 0.000000e+00

MY MOMENTUM TIME: 312.6362401545048 STEPS: 1500 EPOCHS: 299 FINAL_LOSS: 2003.5293397214812

group size rank 0 = 4768
group size rank 4 = 4768
group size rank 7 = 4768
group size rank 2 = 4768
group size rank 1 = 4736
group size rank 3 = 4768
group size rank 5 = 4768
group size rank 6 = 4768
group size rank 0 = 960
group size rank 4 = 960
group size rank 7 = 960
group size rank 2 = 960
group size rank 5 = 960
group size rank 3 = 960
group size rank 1 = 960
group size rank 6 = 960
POT: 5
MY MOMENTUM TRAIN: Errors (MAE, RMSE, MAXAE)
Energy      = 6.146564e+01, 6.160251e+01, 6.916493e+01
Energy/Atom = 1.920801e+00, 1.925078e+00, 2.161404e+00
Forces      = 1.036994e+00, 1.400742e+00, 1.353313e+01
Stress      = 1.309053e+01, 1.937257e+01, 7.397007e+01
Charges     = 0.000000e+00, 0.000000e+00, 0.000000e+00

MY MOMENTUM VALID: Errors (MAE, RMSE, MAXAE)
Energy      = 5.633622e+01, 5.637342e+01, 6.132491e+01
Energy/Atom = 1.760507e+00, 1.761669e+00, 1.916404e+00
Forces      = 1.266068e+00, 1.729863e+00, 1.353313e+01
Stress      = 2.335105e+01, 3.083516e+01, 7.396806e+01
Charges     = 0.000000e+00, 0.000000e+00, 0.000000e+00

MY MOMENTUM TIME: 311.4352283999324 STEPS: 1500 EPOCHS: 299 FINAL_LOSS: 2523.7070411854643

