
The following have been reloaded with a version change:
  1) Python/Anaconda_v02.2024 => Python/Miniconda

[prun] Master compute host = cn-033
[prun] Resource manager = slurm
[prun] Launch cmd = mpirun python train_etn_my_sgd.py (family=openmpi)
python: can't open file '/var/spool/slurm/d/job4001591/train_etn_my_sgd.py': [Errno 2] No such file or directory
python: can't open file '/var/spool/slurm/d/job4001591/train_etn_my_sgd.py': [Errno 2] No such file or directory
python: can't open file '/var/spool/slurm/d/job4001591/train_etn_my_sgd.py': [Errno 2] No such file or directory
python: can't open file '/var/spool/slurm/d/job4001591/train_etn_my_sgd.py': [Errno 2] No such file or directory
python: can't open file '/var/spool/slurm/d/job4001591/train_etn_my_sgd.py': [Errno 2] No such file or directory
python: can't open file '/var/spool/slurm/d/job4001591/train_etn_my_sgd.py': [Errno 2] No such file or directory
python: can't open file '/var/spool/slurm/d/job4001591/train_etn_my_sgd.py': [Errno 2] No such file or directory
python: can't open file '/var/spool/slurm/d/job4001591/train_etn_my_sgd.py': [Errno 2] No such file or directory
[prun] Master compute host = cn-033
[prun] Resource manager = slurm
[prun] Launch cmd = mpirun python train_etn_my_momentum.py (family=openmpi)
python: can't open file '/var/spool/slurm/d/job4001591/train_etn_my_momentum.py': [Errno 2] No such file or directory
python: can't open file '/var/spool/slurm/d/job4001591/train_etn_my_momentum.py': [Errno 2] No such file or directory
python: can't open file '/var/spool/slurm/d/job4001591/train_etn_my_momentum.py': [Errno 2] No such file or directory
python: can't open file '/var/spool/slurm/d/job4001591/train_etn_my_momentum.py': [Errno 2] No such file or directory
python: can't open file '/var/spool/slurm/d/job4001591/train_etn_my_momentum.py': [Errno 2] No such file or directory
python: can't open file '/var/spool/slurm/d/job4001591/train_etn_my_momentum.py': [Errno 2] No such file or directory
python: can't open file '/var/spool/slurm/d/job4001591/train_etn_my_momentum.py': [Errno 2] No such file or directory
python: can't open file '/var/spool/slurm/d/job4001591/train_etn_my_momentum.py': [Errno 2] No such file or directory
[prun] Master compute host = cn-033
[prun] Resource manager = slurm
[prun] Launch cmd = mpirun python train_etn_my_adam.py (family=openmpi)
python: can't open file '/var/spool/slurm/d/job4001591/train_etn_my_adam.py': [Errno 2] No such file or directory
python: can't open file '/var/spool/slurm/d/job4001591/train_etn_my_adam.py': [Errno 2] No such file or directory
python: can't open file '/var/spool/slurm/d/job4001591/train_etn_my_adam.py': [Errno 2] No such file or directory
python: can't open file '/var/spool/slurm/d/job4001591/train_etn_my_adam.py': [Errno 2] No such file or directory
python: can't open file '/var/spool/slurm/d/job4001591/train_etn_my_adam.py': [Errno 2] No such file or directory
python: can't open file '/var/spool/slurm/d/job4001591/train_etn_my_adam.py': [Errno 2] No such file or directory
python: can't open file '/var/spool/slurm/d/job4001591/train_etn_my_adam.py': [Errno 2] No such file or directory
python: can't open file '/var/spool/slurm/d/job4001591/train_etn_my_adam.py': [Errno 2] No such file or directory
[prun] Master compute host = cn-033
[prun] Resource manager = slurm
[prun] Launch cmd = mpirun python train_etn_my_muon_pad_sqrt.py (family=openmpi)
python: can't open file '/var/spool/slurm/d/job4001591/train_etn_my_muon_pad_sqrt.py': [Errno 2] No such file or directory
python: can't open file '/var/spool/slurm/d/job4001591/train_etn_my_muon_pad_sqrt.py': [Errno 2] No such file or directory
python: can't open file '/var/spool/slurm/d/job4001591/train_etn_my_muon_pad_sqrt.py': [Errno 2] No such file or directory
python: can't open file '/var/spool/slurm/d/job4001591/train_etn_my_muon_pad_sqrt.py': [Errno 2] No such file or directory
python: can't open file '/var/spool/slurm/d/job4001591/train_etn_my_muon_pad_sqrt.py': [Errno 2] No such file or directory
python: can't open file '/var/spool/slurm/d/job4001591/train_etn_my_muon_pad_sqrt.py': [Errno 2] No such file or directory
python: can't open file '/var/spool/slurm/d/job4001591/train_etn_my_muon_pad_sqrt.py': [Errno 2] No such file or directory
python: can't open file '/var/spool/slurm/d/job4001591/train_etn_my_muon_pad_sqrt.py': [Errno 2] No such file or directory
[prun] Master compute host = cn-033
[prun] Resource manager = slurm
[prun] Launch cmd = mpirun python train_etn_my_muon_factorization.py (family=openmpi)
python: can't open file '/var/spool/slurm/d/job4001591/train_etn_my_muon_factorization.py': [Errno 2] No such file or directory
python: can't open file '/var/spool/slurm/d/job4001591/train_etn_my_muon_factorization.py': [Errno 2] No such file or directory
python: can't open file '/var/spool/slurm/d/job4001591/train_etn_my_muon_factorization.py': [Errno 2] No such file or directory
python: can't open file '/var/spool/slurm/d/job4001591/train_etn_my_muon_factorization.py': [Errno 2] No such file or directory
python: can't open file '/var/spool/slurm/d/job4001591/train_etn_my_muon_factorization.py': [Errno 2] No such file or directory
python: can't open file '/var/spool/slurm/d/job4001591/train_etn_my_muon_factorization.py': [Errno 2] No such file or directory
python: can't open file '/var/spool/slurm/d/job4001591/train_etn_my_muon_factorization.py': [Errno 2] No such file or directory
python: can't open file '/var/spool/slurm/d/job4001591/train_etn_my_muon_factorization.py': [Errno 2] No such file or directory
[prun] Master compute host = cn-033
[prun] Resource manager = slurm
[prun] Launch cmd = mpirun python train_etn_scipy_bfgs.py (family=openmpi)
python: can't open file '/var/spool/slurm/d/job4001591/train_etn_scipy_bfgs.py': [Errno 2] No such file or directory
python: can't open file '/var/spool/slurm/d/job4001591/train_etn_scipy_bfgs.py': [Errno 2] No such file or directory
python: can't open file '/var/spool/slurm/d/job4001591/train_etn_scipy_bfgs.py': [Errno 2] No such file or directory
python: can't open file '/var/spool/slurm/d/job4001591/train_etn_scipy_bfgs.py': [Errno 2] No such file or directory
python: can't open file '/var/spool/slurm/d/job4001591/train_etn_scipy_bfgs.py': [Errno 2] No such file or directory
python: can't open file '/var/spool/slurm/d/job4001591/train_etn_scipy_bfgs.py': [Errno 2] No such file or directory
python: can't open file '/var/spool/slurm/d/job4001591/train_etn_scipy_bfgs.py': [Errno 2] No such file or directory
python: can't open file '/var/spool/slurm/d/job4001591/train_etn_scipy_bfgs.py': [Errno 2] No such file or directory
