
The following have been reloaded with a version change:
  1) Python/Anaconda_v02.2024 => Python/Miniconda

[prun] Master compute host = cn-032
[prun] Resource manager = slurm
[prun] Launch cmd = mpirun /home/peivzarenkov/.conda/envs/peter_env/bin/python train_etn_my_adam.py (family=openmpi)
Traceback (most recent call last):
  File "/home/peivzarenkov/mlip-4/Testing-optimization-methods-in-MLP/task6/train_etn_my_adam.py", line 15, in <module>
Traceback (most recent call last):
Traceback (most recent call last):
  File "/home/peivzarenkov/mlip-4/Testing-optimization-methods-in-MLP/task6/train_etn_my_adam.py", line 15, in <module>
Traceback (most recent call last):
  File "/home/peivzarenkov/mlip-4/Testing-optimization-methods-in-MLP/task6/train_etn_my_adam.py", line 15, in <module>
Traceback (most recent call last):
  File "/home/peivzarenkov/mlip-4/Testing-optimization-methods-in-MLP/task6/train_etn_my_adam.py", line 15, in <module>
Traceback (most recent call last):
  File "/home/peivzarenkov/mlip-4/Testing-optimization-methods-in-MLP/task6/train_etn_my_adam.py", line 15, in <module>
Traceback (most recent call last):
  File "/home/peivzarenkov/mlip-4/Testing-optimization-methods-in-MLP/task6/train_etn_my_adam.py", line 15, in <module>
  File "/home/peivzarenkov/mlip-4/Testing-optimization-methods-in-MLP/task6/train_etn_my_adam.py", line 15, in <module>
Traceback (most recent call last):
    import utils
ModuleNotFoundError: No module named 'utils'
  File "/home/peivzarenkov/mlip-4/Testing-optimization-methods-in-MLP/task6/train_etn_my_adam.py", line 15, in <module>
    import utils
ModuleNotFoundError: No module named 'utils'
    import utils
ModuleNotFoundError: No module named 'utils'
    import utils
ModuleNotFoundError: No module named 'utils'
    import utils
ModuleNotFoundError: No module named 'utils'
    import utils
ModuleNotFoundError: No module named 'utils'
    import utils
ModuleNotFoundError: No module named 'utils'
    import utils
ModuleNotFoundError: No module named 'utils'
[prun] Master compute host = cn-032
[prun] Resource manager = slurm
[prun] Launch cmd = mpirun /home/peivzarenkov/.conda/envs/peter_env/bin/python train_etn_my_momentum.py (family=openmpi)
Traceback (most recent call last):
  File "/home/peivzarenkov/mlip-4/Testing-optimization-methods-in-MLP/task6/train_etn_my_momentum.py", line 15, in <module>
Traceback (most recent call last):
  File "/home/peivzarenkov/mlip-4/Testing-optimization-methods-in-MLP/task6/train_etn_my_momentum.py", line 15, in <module>
Traceback (most recent call last):
  File "/home/peivzarenkov/mlip-4/Testing-optimization-methods-in-MLP/task6/train_etn_my_momentum.py", line 15, in <module>
Traceback (most recent call last):
  File "/home/peivzarenkov/mlip-4/Testing-optimization-methods-in-MLP/task6/train_etn_my_momentum.py", line 15, in <module>
Traceback (most recent call last):
  File "/home/peivzarenkov/mlip-4/Testing-optimization-methods-in-MLP/task6/train_etn_my_momentum.py", line 15, in <module>
    import utils
    import utils
ModuleNotFoundError: No module named 'utils'
ModuleNotFoundError: No module named 'utils'
    import utils
ModuleNotFoundError: No module named 'utils'
    import utils
ModuleNotFoundError: No module named 'utils'
    import utils
ModuleNotFoundError: No module named 'utils'
Traceback (most recent call last):
  File "/home/peivzarenkov/mlip-4/Testing-optimization-methods-in-MLP/task6/train_etn_my_momentum.py", line 15, in <module>
Traceback (most recent call last):
  File "/home/peivzarenkov/mlip-4/Testing-optimization-methods-in-MLP/task6/train_etn_my_momentum.py", line 15, in <module>
    import utils
ModuleNotFoundError: No module named 'utils'
Traceback (most recent call last):
  File "/home/peivzarenkov/mlip-4/Testing-optimization-methods-in-MLP/task6/train_etn_my_momentum.py", line 15, in <module>
    import utils
ModuleNotFoundError: No module named 'utils'
    import utils
ModuleNotFoundError: No module named 'utils'
[prun] Master compute host = cn-032
[prun] Resource manager = slurm
[prun] Launch cmd = mpirun /home/peivzarenkov/.conda/envs/peter_env/bin/python train_etn_my_muon_factorization.py (family=openmpi)
Traceback (most recent call last):
  File "/home/peivzarenkov/mlip-4/Testing-optimization-methods-in-MLP/task6/train_etn_my_muon_factorization.py", line 15, in <module>
Traceback (most recent call last):
  File "/home/peivzarenkov/mlip-4/Testing-optimization-methods-in-MLP/task6/train_etn_my_muon_factorization.py", line 15, in <module>
Traceback (most recent call last):
  File "/home/peivzarenkov/mlip-4/Testing-optimization-methods-in-MLP/task6/train_etn_my_muon_factorization.py", line 15, in <module>
Traceback (most recent call last):
  File "/home/peivzarenkov/mlip-4/Testing-optimization-methods-in-MLP/task6/train_etn_my_muon_factorization.py", line 15, in <module>
    import utils
ModuleNotFoundError: No module named 'utils'
    import utils
ModuleNotFoundError: No module named 'utils'
    import utils
ModuleNotFoundError: No module named 'utils'
    import utils
ModuleNotFoundError: No module named 'utils'
Traceback (most recent call last):
  File "/home/peivzarenkov/mlip-4/Testing-optimization-methods-in-MLP/task6/train_etn_my_muon_factorization.py", line 15, in <module>
Traceback (most recent call last):
Traceback (most recent call last):
  File "/home/peivzarenkov/mlip-4/Testing-optimization-methods-in-MLP/task6/train_etn_my_muon_factorization.py", line 15, in <module>
  File "/home/peivzarenkov/mlip-4/Testing-optimization-methods-in-MLP/task6/train_etn_my_muon_factorization.py", line 15, in <module>
    import utils
ModuleNotFoundError: No module named 'utils'
    import utils
ModuleNotFoundError: No module named 'utils'
    import utils
ModuleNotFoundError: No module named 'utils'
Traceback (most recent call last):
  File "/home/peivzarenkov/mlip-4/Testing-optimization-methods-in-MLP/task6/train_etn_my_muon_factorization.py", line 15, in <module>
    import utils
ModuleNotFoundError: No module named 'utils'
[prun] Master compute host = cn-032
[prun] Resource manager = slurm
[prun] Launch cmd = mpirun /home/peivzarenkov/.conda/envs/peter_env/bin/python train_etn_my_muon_pad_sqrt.py (family=openmpi)
Traceback (most recent call last):
Traceback (most recent call last):
  File "/home/peivzarenkov/mlip-4/Testing-optimization-methods-in-MLP/task6/train_etn_my_muon_pad_sqrt.py", line 15, in <module>
Traceback (most recent call last):
  File "/home/peivzarenkov/mlip-4/Testing-optimization-methods-in-MLP/task6/train_etn_my_muon_pad_sqrt.py", line 15, in <module>
Traceback (most recent call last):
  File "/home/peivzarenkov/mlip-4/Testing-optimization-methods-in-MLP/task6/train_etn_my_muon_pad_sqrt.py", line 15, in <module>
Traceback (most recent call last):
  File "/home/peivzarenkov/mlip-4/Testing-optimization-methods-in-MLP/task6/train_etn_my_muon_pad_sqrt.py", line 15, in <module>
  File "/home/peivzarenkov/mlip-4/Testing-optimization-methods-in-MLP/task6/train_etn_my_muon_pad_sqrt.py", line 15, in <module>
    import utils
Traceback (most recent call last):
  File "/home/peivzarenkov/mlip-4/Testing-optimization-methods-in-MLP/task6/train_etn_my_muon_pad_sqrt.py", line 15, in <module>
    import utils
    import utils
ModuleNotFoundError: No module named 'utils'
    import utils
ModuleNotFoundError: No module named 'utils'
    import utils
ModuleNotFoundError: No module named 'utils'
ModuleNotFoundError: No module named 'utils'
ModuleNotFoundError: No module named 'utils'
    import utils
ModuleNotFoundError: No module named 'utils'
Traceback (most recent call last):
  File "/home/peivzarenkov/mlip-4/Testing-optimization-methods-in-MLP/task6/train_etn_my_muon_pad_sqrt.py", line 15, in <module>
Traceback (most recent call last):
  File "/home/peivzarenkov/mlip-4/Testing-optimization-methods-in-MLP/task6/train_etn_my_muon_pad_sqrt.py", line 15, in <module>
    import utils
ModuleNotFoundError: No module named 'utils'
    import utils
ModuleNotFoundError: No module named 'utils'
[prun] Master compute host = cn-032
[prun] Resource manager = slurm
[prun] Launch cmd = mpirun /home/peivzarenkov/.conda/envs/peter_env/bin/python train_etn_my_sgd.py (family=openmpi)
Traceback (most recent call last):
  File "/home/peivzarenkov/mlip-4/Testing-optimization-methods-in-MLP/task6/train_etn_my_sgd.py", line 15, in <module>
Traceback (most recent call last):
Traceback (most recent call last):
  File "/home/peivzarenkov/mlip-4/Testing-optimization-methods-in-MLP/task6/train_etn_my_sgd.py", line 15, in <module>
Traceback (most recent call last):
  File "/home/peivzarenkov/mlip-4/Testing-optimization-methods-in-MLP/task6/train_etn_my_sgd.py", line 15, in <module>
Traceback (most recent call last):
  File "/home/peivzarenkov/mlip-4/Testing-optimization-methods-in-MLP/task6/train_etn_my_sgd.py", line 15, in <module>
Traceback (most recent call last):
  File "/home/peivzarenkov/mlip-4/Testing-optimization-methods-in-MLP/task6/train_etn_my_sgd.py", line 15, in <module>
Traceback (most recent call last):
  File "/home/peivzarenkov/mlip-4/Testing-optimization-methods-in-MLP/task6/train_etn_my_sgd.py", line 15, in <module>
  File "/home/peivzarenkov/mlip-4/Testing-optimization-methods-in-MLP/task6/train_etn_my_sgd.py", line 15, in <module>
Traceback (most recent call last):
  File "/home/peivzarenkov/mlip-4/Testing-optimization-methods-in-MLP/task6/train_etn_my_sgd.py", line 15, in <module>
    import utils
ModuleNotFoundError: No module named 'utils'
    import utils
ModuleNotFoundError: No module named 'utils'
    import utils
ModuleNotFoundError: No module named 'utils'
    import utils
ModuleNotFoundError: No module named 'utils'
    import utils
ModuleNotFoundError: No module named 'utils'
    import utils
ModuleNotFoundError: No module named 'utils'
    import utils
ModuleNotFoundError: No module named 'utils'
    import utils
ModuleNotFoundError: No module named 'utils'
[prun] Master compute host = cn-032
[prun] Resource manager = slurm
[prun] Launch cmd = mpirun /home/peivzarenkov/.conda/envs/peter_env/bin/python train_etn_scipy_bfgs.py (family=openmpi)
Traceback (most recent call last):
  File "/home/peivzarenkov/mlip-4/Testing-optimization-methods-in-MLP/task6/train_etn_scipy_bfgs.py", line 17, in <module>
Traceback (most recent call last):
  File "/home/peivzarenkov/mlip-4/Testing-optimization-methods-in-MLP/task6/train_etn_scipy_bfgs.py", line 17, in <module>
    from utils import MlipWrapper
ModuleNotFoundError: No module named 'utils'
    from utils import MlipWrapper
ModuleNotFoundError: No module named 'utils'
Traceback (most recent call last):
  File "/home/peivzarenkov/mlip-4/Testing-optimization-methods-in-MLP/task6/train_etn_scipy_bfgs.py", line 17, in <module>
Traceback (most recent call last):
  File "/home/peivzarenkov/mlip-4/Testing-optimization-methods-in-MLP/task6/train_etn_scipy_bfgs.py", line 17, in <module>
    from utils import MlipWrapper
ModuleNotFoundError: No module named 'utils'
Traceback (most recent call last):
  File "/home/peivzarenkov/mlip-4/Testing-optimization-methods-in-MLP/task6/train_etn_scipy_bfgs.py", line 17, in <module>
Traceback (most recent call last):
  File "/home/peivzarenkov/mlip-4/Testing-optimization-methods-in-MLP/task6/train_etn_scipy_bfgs.py", line 17, in <module>
Traceback (most recent call last):
  File "/home/peivzarenkov/mlip-4/Testing-optimization-methods-in-MLP/task6/train_etn_scipy_bfgs.py", line 17, in <module>
    from utils import MlipWrapper
ModuleNotFoundError: No module named 'utils'
Traceback (most recent call last):
  File "/home/peivzarenkov/mlip-4/Testing-optimization-methods-in-MLP/task6/train_etn_scipy_bfgs.py", line 17, in <module>
    from utils import MlipWrapper
ModuleNotFoundError: No module named 'utils'
    from utils import MlipWrapper
ModuleNotFoundError: No module named 'utils'
    from utils import MlipWrapper
ModuleNotFoundError: No module named 'utils'
    from utils import MlipWrapper
ModuleNotFoundError: No module named 'utils'
