
The following have been reloaded with a version change:
  1) Python/Anaconda_v02.2024 => Python/Miniconda

[prun] Master compute host = cn-032
[prun] Resource manager = slurm
[prun] Launch cmd = mpirun /home/peivzarenkov/.conda/envs/peter_env/bin/python train_etn_bfgs.py (family=openmpi)
group size rank 1 = 9705
group size rank 6 = 9706
group size rank 7 = 9706
group size rank 4 = 9706
group size rank 1 = 1638
group size rank 6 = 1640

=== POT 1 ===
init params head: [-0.76989087  0.21813308 -0.73321807 -0.51882076 -0.34572189]
group size rank 0 = 9707
group size rank 5 = 9706
group size rank 3 = 9705
group size rank 2 = 9705
group size rank 7 = 1640
group size rank 4 = 1639
group size rank 5 = 1640
group size rank 0 = 1640
group size rank 2 = 1639
group size rank 3 = 1639
init loss: 1285249.2857779567
[MLIP] Starting pretraining...
[MLIP] Rescaling potential...
[MLIP] Potential rescaling completed
[MLIP] 0	6573.98	1.84655e+19	1.77637e+08	7053.65	5663.14
[MLIP] 1	1.58124e+16	9.48543e+06	2466.8
[MLIP] 2	9.0324e+21	8.02077e+10	556.731	556.713	172.987
[MLIP] 3	2.57447e+17	5.41903e+06	706.556	98.9396
[MLIP] 4	2.85263e+14	6834.25	99.4598	78.3374
[MLIP] 5	1.92191e+13	3535.03	47.427
[MLIP] 6	2.99618e+11	1841.11	28.2827	27.4233
[MLIP] 7	1.1673e+10	393.992	23.8066
[MLIP] 8	1.49174e+09	53.8382	16.3956
[MLIP] 9	1.63812e+06	28.7829	15.8096
[MLIP] 10	100756	15.3018	13.8063
[MLIP] 11	4289.01	11.8474
[MLIP] 12	67395.3	10.8849
[MLIP] 13	46.7348	10.1621
[MLIP] 14	5017.21	9.64093
[MLIP] 15	9.39339	8.9108
[MLIP] 16	11.0752	8.82422	8.80284
[MLIP] 17	8.61483	8.49002
[MLIP] 18	9.92747	8.35398
[MLIP] 19	7.97423
[MLIP] 20	7.61104
[MLIP] 21	56.3354	7.27741
[MLIP] 22	6.89833
[MLIP] 23	6.26958	6.17035
[MLIP] 24	5.4608	5.3539
[MLIP] 25	60.6946	4.82782	4.80079	4.71013	4.63191
[MLIP] 26	94.486	4.35777
[MLIP] 27	8.1016	3.88036
[MLIP] 28	548.057	3.62847
[MLIP] 29	1226.49	3.48509	3.4818	3.43386
[MLIP] 30	7.063	3.13369
[MLIP] 31	3.76302	2.8825
[MLIP] 32	3.06622	2.79209
[MLIP] 33	2.73013	2.69878
[MLIP] 34	3.14595	2.64076
[MLIP] 35	2.50811
[MLIP] 36	2.4345	2.38742
[MLIP] 37	2.37027	2.28629
[MLIP] 38	2.28619	2.24091
[MLIP] 39	2.88019	2.21201
[MLIP] 40	2.17292
[MLIP] 41	2.17271	2.14144
[MLIP] 42	2.11176
[MLIP] 43	2.07831
[MLIP] 44	2.57588	2.04809
[MLIP] 45	1.99739
[MLIP] 46	1.94474	1.91815
[MLIP] 47	2.01126	1.85892
[MLIP] 48	1.90569	1.83357
[MLIP] 49	2.32352	1.8234
[MLIP] 50	1.81088
[MLIP] 51	1.79524
[MLIP] 52	1.7765
[MLIP] 53	1.76074
[MLIP] 54	1.74535
[MLIP] 55	1.725
[MLIP] 56	1.70746
[MLIP] 57	1.70571	1.70384
[MLIP] 58	1.7018
[MLIP] 59	1.69935	1.6983
[MLIP] 60	1.69274	1.6849
[MLIP] 61	1.66835
[MLIP] 62	1.66302
[MLIP] 63	1.66074
[MLIP] 64	1.66012
[MLIP] 65	1.65978
[MLIP] 66	1.65963
[MLIP] 67	1.65942	1.65934
[MLIP] 68	1.65904	1.65855	1.65802
[MLIP] 69	1.65684
[MLIP] 70	1.65667
[MLIP] 71	1.65663	1.65658
[MLIP] 72	1.65639	1.65619
[MLIP] 73	1.6558	1.65557
[MLIP] 74	1.65547
[MLIP] Number of iterations exceeded the threshold. Stopping the training...
[MLIP] Pretraining completed
[MLIP] Rescaling potential...
[MLIP] Potential rescaling completed
[MLIP] 0	1.65547	30728.4	36.8341	1.72329	1.65572	1.65548	1.65547	1.65547
[MLIP] 1	33.6497	1.73151	1.65583	1.65548	1.65547	1.65547
[MLIP] 2	2.99126	1.66038	1.65551	1.65547	1.65547
[MLIP] 3	1.66136	1.65553	1.65547	1.65547
[MLIP] 4	1.65561	1.65547	1.65547
[MLIP] 5	1.65568	1.65547	1.65547
[MLIP] 6	1.65597	1.65548	1.65547
[MLIP] 7	1.6556	1.65547	1.65547
[MLIP] 8	1.65549	1.65547	1.65547
[MLIP] 9	1.65549	1.65547	1.65547
[MLIP] 10	1.65548	1.65547	1.65547
[MLIP] 11	1.65547
[MLIP] 12	1.65547
[MLIP] 13	1.65547
[MLIP] 14	1.65547
[MLIP] 15	1.65547
[MLIP] 16	1.65547
[MLIP] 17	1.65547
[MLIP] 18	1.65547	1.65547
[MLIP] 19	1.65547
[MLIP] 20	1.65547
[MLIP] 21	1.65547
[MLIP] 22	1.65547
[MLIP] 23	1.65547	1.65547
[MLIP] 24	1.65547
[MLIP] 25	1.65547
[MLIP] 26	1.65547	1.65547
[MLIP] 27	1.65547	1.65547
[MLIP] 28	1.65547
[MLIP] 29	1.65547
[MLIP] 30	1.65547	1.65547
[MLIP] 31	1.65547	1.65547
[MLIP] 32	1.65547
[MLIP] 33	1.65547
[MLIP] 34	1.65547	1.65547	1.65547
[MLIP] 35	1.65547
[MLIP] 36	1.65547	1.65547	1.65547	1.65547	1.65547	1.65547	1.65547	1.65547	1.65547	 Line search: prev_x == curr_x	1.65547
[MLIP] 37	1.65547	1.65547	1.65547	1.65547	1.65547	1.65547	1.65547	1.65547	1.65547	1.65547	1.65547
[MLIP] 38	1.65547	1.65547
[MLIP] 39	1.65547	1.65547	1.65547	1.65547	1.65547	1.65547	1.65547	 Line search: prev_x == curr_x	1.65547
[MLIP] 40	1.65547	1.65547	1.65547	1.65547	1.65547	1.65547	1.65547	1.65547	1.65547	1.65547	1.65547
[MLIP] 41	1.65547	1.65547	1.65547	1.65547	1.65547	1.65547	1.65547	1.65547	1.65547	1.65547	1.65547
[MLIP] Stepping in accend direction. Stopping the training...
final params head: [ 1.1226863  -3.28366815 -0.76968987 -0.55761325  1.80459894]
final loss: 211.41355903399864
TRAIN: Errors (MAE, RMSE, MAXAE)
Energy      = 4.493672e+00, 7.557570e+00, 5.375574e+01
Energy/Atom = 1.440744e-01, 4.173344e-01, 3.076669e+00
Forces      = 3.643953e-01, 5.151704e-01, 8.833204e+00
Stress      = 3.082118e+01, 6.206519e+01, 5.033179e+02
Charges     = 0.000000e+00, 0.000000e+00, 0.000000e+00

VALID: Errors (MAE, RMSE, MAXAE)
Energy      = 3.875852e+00, 6.054119e+00, 2.810512e+01
Energy/Atom = 1.608446e-01, 4.768755e-01, 3.089187e+00
Forces      = 3.673885e-01, 5.234715e-01, 9.467325e+00
Stress      = 2.737345e+01, 5.515731e+01, 3.007778e+02
Charges     = 0.000000e+00, 0.000000e+00, 0.000000e+00

TRAIN_TIME: 198.23105031251907

=== POT 2 ===
init params head: [ 0.6696843  -0.79040779  0.48928096 -0.27899833 -0.28137832]
group size rank 0 = 9707
group size rank 5 = 9706
group size rank 1 = 9705
group size rank 7 = 9706
group size rank 6 = 9706
group size rank 4 = 9706
group size rank 5 = 1640
group size rank 0 = 1640
group size rank 1 = 1638
group size rank 7 = 1640
group size rank 6 = 1640
group size rank 4 = 1639
group size rank 3 = 9705
group size rank 2 = 9705
group size rank 3 = 1639
group size rank 2 = 1639
init loss: 1247127.4450660166
[MLIP] Starting pretraining...
[MLIP] Rescaling potential...
[MLIP] Potential rescaling completed
[MLIP] 0	6696.85	8.87177e+18	8.52196e+07	5433.24
[MLIP] 1	1.07738e+22	7.58875e+10	1598.73
[MLIP] 2	1.11269e+22	1.03104e+11	6881.17	855.633	763.897
[MLIP] 3	5.72086e+16	1.62336e+06	192.736
[MLIP] 4	9.97055e+14	355132	649.555	187.216	182.858
[MLIP] 5	1.55362e+14	22692.1	151.493	75.6054
[MLIP] 6	2.83259e+11	239.998	40.1904
[MLIP] 7	3.08395e+10	477.206	22.6235
[MLIP] 8	4.00863e+10	518.202	25.6676	19.4374
[MLIP] 9	1.88666e+06	19.3899	14.787
[MLIP] 10	4.82149e+08	43.8622	12.3902
[MLIP] 11	91453.3	19.3013	10.2702
[MLIP] 12	3.39285e+07	49.7625	9.31904	8.97212
[MLIP] 13	291459	19.6595	8.52819
[MLIP] 14	562632	9.10784	7.54859
[MLIP] 15	339.784	5.98486
[MLIP] 16	39.166	4.64627
[MLIP] 17	467.741	3.96578	3.90898
[MLIP] 18	18.8081	3.02402
[MLIP] 19	3.86762	2.71437
[MLIP] 20	3.14795	2.51841
[MLIP] 21	3.23114	2.37549
[MLIP] 22	2.22483	2.12406
[MLIP] 23	10.573	1.9919
[MLIP] 24	2.15111	1.86653
[MLIP] 25	1.98614	1.83088
[MLIP] 26	1.88106	1.80299
[MLIP] 27	1.86762	1.78444
[MLIP] 28	1.79677	1.77921
[MLIP] 29	1.7719
[MLIP] 30	1.76502
[MLIP] 31	1.75319
[MLIP] 32	1.74101
[MLIP] 33	1.73472	1.72539
[MLIP] 34	1.72051
[MLIP] 35	1.71964
[MLIP] 36	1.71955	1.71943
[MLIP] 37	1.71891
[MLIP] 38	1.71818	1.71713
[MLIP] 39	1.71599
[MLIP] 40	1.7157	1.71541
[MLIP] 41	1.71471	1.71363	1.71288
[MLIP] 42	1.7116
[MLIP] 43	1.71066
[MLIP] 44	1.7098	1.70938
[MLIP] 45	1.70883
[MLIP] 46	1.70867
[MLIP] 47	1.70863
[MLIP] 48	1.70861
[MLIP] 49	1.70858	1.70853	1.7085
[MLIP] 50	1.70842	1.70831
[MLIP] 51	1.70815	1.70803
[MLIP] 52	1.70791	1.70785
[MLIP] 53	1.70773	1.70749	1.70706	1.70631	1.70531
[MLIP] 54	1.69964	1.69168
[MLIP] 55	1.67641
[MLIP] 56	1.67276	1.67037
[MLIP] 57	1.66319
[MLIP] 58	1.65929
[MLIP] 59	1.65703
[MLIP] 60	1.65592
[MLIP] 61	1.65558
[MLIP] 62	1.6555
[MLIP] 63	1.65548
[MLIP] 64	1.65547
[MLIP] 65	1.65547
[MLIP] 66	1.65547
[MLIP] 67	1.65547
[MLIP] 68	1.65547
[MLIP] 69	1.65547
[MLIP] 70	1.65547
[MLIP] 71	1.65547	1.65547
[MLIP] 72	1.65547	1.65547	1.65547	1.65547	1.65547	1.65547	1.65547	1.65547	1.65547	1.65547	1.65547
[MLIP] 73	1.65547	1.65547	1.65547	1.65547	1.65547	1.65547	1.65547	1.65547	1.65547	1.65547	 Line search: prev_x == curr_x	1.65547
[MLIP] 74	1.65547	1.65547	1.65547	1.65547	1.65547	1.65547	1.65547	1.65547	1.65547	1.65547	1.65547
[MLIP] Stepping in accend direction. Stopping the training...
[MLIP] Pretraining completed
[MLIP] Rescaling potential...
[MLIP] Potential rescaling completed
[MLIP] 0	1.65547	1.65547	1.65547
[MLIP] 1	1.65547	1.65547	1.65547	1.65547	1.65547	1.65547	1.65547	 Line search: prev_x == curr_x	1.65547
[MLIP] 2	1.65547	1.65547
[MLIP] 3	1.65547	1.65547	1.65547	1.65547	1.65547	1.65547	1.65547	1.65547	1.65547	1.65547	1.65547
[MLIP] 4	1.65547	1.65547	1.65547	1.65547	1.65547
[MLIP] 5	1.65547	1.65547	1.65547	1.65547	1.65547	1.65547	1.65547	1.65547	1.65547	1.65547	 Line search: prev_x == curr_x	1.65547
[MLIP] 6	1.65547	1.65547	1.65547	1.65547	1.65547	1.65547	1.65547	 Line search: prev_x == curr_x	1.65547
[MLIP] 7	1.65547	1.65547	1.65547	1.65547	1.65547	1.65547	1.65547	1.65547	1.65547	1.65547	1.65547
[MLIP] Stepping in accend direction. Stopping the training...
group size rank 1 = 9705
group size rank 5 = 9706
final params head: [-16.05879905  10.18849841  -4.3387667    1.35690118  -1.18637222]
final loss: 211.41355903412511
TRAIN: Errors (MAE, RMSE, MAXAE)
Energy      = 4.493672e+00, 7.557570e+00, 5.375574e+01
Energy/Atom = 1.440744e-01, 4.173344e-01, 3.076669e+00
Forces      = 3.643953e-01, 5.151704e-01, 8.833204e+00
Stress      = 3.082118e+01, 6.206519e+01, 5.033179e+02
Charges     = 0.000000e+00, 0.000000e+00, 0.000000e+00

VALID: Errors (MAE, RMSE, MAXAE)
Energy      = 3.875852e+00, 6.054119e+00, 2.810512e+01
Energy/Atom = 1.608446e-01, 4.768755e-01, 3.089187e+00
Forces      = 3.673885e-01, 5.234715e-01, 9.467325e+00
Stress      = 2.737345e+01, 5.515731e+01, 3.007778e+02
Charges     = 0.000000e+00, 0.000000e+00, 0.000000e+00

TRAIN_TIME: 125.34662604704499

=== POT 3 ===
init params head: [ 0.97802303  0.09908945 -0.4371054  -0.84542087 -0.11106101]
group size rank 0 = 9707
group size rank 3 = 9705
group size rank 6 = 9706
group size rank 4 = 9706
group size rank 7 = 9706
group size rank 2 = 9705
group size rank 0 = 1640
group size rank 5 = 1640
group size rank 3 = 1639
group size rank 1 = 1638
group size rank 6 = 1640
group size rank 4 = 1639
group size rank 7 = 1640
group size rank 2 = 1639
init loss: 1171980.1846117203
[MLIP] Starting pretraining...
[MLIP] Rescaling potential...
[MLIP] Potential rescaling completed
[MLIP] 0	7042.19	6.82905e+17	1.08313e+07	4549.44
[MLIP] 1	6.05151e+21	4.9866e+10	1285.74
[MLIP] 2	1.06009e+21	1.60762e+10	2472.36	362.245	257.779
[MLIP] 3	6.69395e+14	373736	195.944
[MLIP] 4	3.83421e+13	1474.63	184.255	131.791
[MLIP] 5	1.29784e+13	1938.94	46.801
[MLIP] 6	1.08244e+12	21580.4	86.9321	41.9786
[MLIP] 7	8.14833e+11	4282.21	24.0103
[MLIP] 8	1.70464e+08	39.1743	20.56
[MLIP] 9	4.10739e+06	38.3409	16.75
[MLIP] 10	6.01755e+08	142.815	12.3377	12.0021
[MLIP] 11	2.66092e+08	115.691	11.0713
[MLIP] 12	7.07111e+06	16.0345	8.65025
[MLIP] 13	431870	29.3329	8.25626	8.02695
[MLIP] 14	2.63747e+06	8.24549	6.81806
[MLIP] 15	3143.41	6.19739	6.18203	6.01725
[MLIP] 16	5.91107e+06	6.35396	4.04248
[MLIP] 17	14.8043	2.53409
[MLIP] 18	9.96294	2.26177
[MLIP] 19	2.52496	2.1327
[MLIP] 20	2.37585	2.06644
[MLIP] 21	2.10045	2.01241
[MLIP] 22	1.99662	1.96251
[MLIP] 23	2.07379	1.93657
[MLIP] 24	1.87601
[MLIP] 25	1.92029	1.86397
[MLIP] 26	1.88352	1.86081
[MLIP] 27	1.86242	1.85767
[MLIP] 28	1.85713	1.85531
[MLIP] 29	1.85158	1.84979
[MLIP] 30	1.85082	1.84666
[MLIP] 31	1.84256
[MLIP] 32	1.84107
[MLIP] 33	1.83723
[MLIP] 34	1.83284
[MLIP] 35	1.83362	1.82936
[MLIP] 36	1.82628
[MLIP] 37	1.82196	1.81965
[MLIP] 38	1.81221	1.7983	1.77506	1.75783
[MLIP] 39	1.73527	1.72832
[MLIP] 40	1.71279
[MLIP] 41	1.70724
[MLIP] 42	1.70201
[MLIP] 43	1.7
[MLIP] 44	1.69634
[MLIP] 45	1.69404
[MLIP] 46	1.69336	1.69294
[MLIP] 47	1.6924
[MLIP] 48	1.69211
[MLIP] 49	1.69197
[MLIP] 50	1.69188	1.69184
[MLIP] 51	1.69175	1.69162
[MLIP] 52	1.6912	1.6907
[MLIP] 53	1.68949	1.68806
[MLIP] 54	1.68536	1.68373
[MLIP] 55	1.68083	1.67864
[MLIP] 56	1.67635
[MLIP] 57	1.67321	1.67203
[MLIP] 58	1.66789	1.66239
[MLIP] 59	1.65583
[MLIP] 60	1.65552
[MLIP] 61	1.65547
[MLIP] 62	1.65547
[MLIP] 63	1.65547
[MLIP] 64	1.65547
[MLIP] 65	1.65547
[MLIP] 66	1.65547
[MLIP] 67	1.65547
[MLIP] 68	1.65547
[MLIP] 69	1.65547
[MLIP] 70	1.65547	1.65547	1.65547	1.65547	1.65547	1.65547	1.65547	1.65547	 Line search: prev_x == curr_x	1.65547
[MLIP] 71	1.65547	1.65547	1.65547	1.65547	1.65547	1.65547	1.65547	1.65547	1.65547	1.65547	 Line search: prev_x == curr_x	1.65547
[MLIP] 72	1.65547	1.65547	1.65547	1.65547	1.65547	1.65547	1.65547	1.65547	1.65547	1.65547	1.65547
[MLIP] Stepping in accend direction. Stopping the training...
[MLIP] Pretraining completed
[MLIP] Rescaling potential...
[MLIP] Potential rescaling completed
[MLIP] 0	1.65547	1.65547	1.65547	1.65547	1.65547	1.65547	1.65547	1.65547	1.65547	1.65547	1.65547	1.65547
[MLIP] 1	1.65547	1.65547	1.65547	1.65547	1.65547	1.65547	1.65547	1.65547	1.65547	1.65547	1.65547
[MLIP] 2	1.65547	1.65547	1.65547	1.65547	1.65547	1.65547	1.65547	1.65547	1.65547	1.65547	1.65547
[MLIP] Stepping in accend direction. Stopping the training...
group size rank 6 = 9706
final params head: [-10.16597985   5.82044221  -3.7053659    0.34740767   0.11858116]
final loss: 211.4135590036908
TRAIN: Errors (MAE, RMSE, MAXAE)
Energy      = 4.493672e+00, 7.557570e+00, 5.375574e+01
Energy/Atom = 1.440744e-01, 4.173344e-01, 3.076669e+00
Forces      = 3.643953e-01, 5.151704e-01, 8.833204e+00
Stress      = 3.082118e+01, 6.206519e+01, 5.033179e+02
Charges     = 0.000000e+00, 0.000000e+00, 0.000000e+00

VALID: Errors (MAE, RMSE, MAXAE)
Energy      = 3.875852e+00, 6.054119e+00, 2.810512e+01
Energy/Atom = 1.608446e-01, 4.768755e-01, 3.089187e+00
Forces      = 3.673885e-01, 5.234715e-01, 9.467325e+00
Stress      = 2.737345e+01, 5.515731e+01, 3.007778e+02
Charges     = 0.000000e+00, 0.000000e+00, 0.000000e+00

TRAIN_TIME: 207.0820946134627

=== POT 4 ===
init params head: [ 0.5676647   0.26966741 -0.50191382  0.51615173 -0.37384613]
group size rank 0 = 9707
group size rank 4 = 9706
group size rank 1 = 9705
group size rank 5 = 9706
group size rank 3 = 9705
group size rank 6 = 1640
group size rank 0 = 1640
group size rank 1 = 1638
group size rank 4 = 1639
group size rank 5 = 1640
group size rank 3 = 1639
group size rank 7 = 9706
group size rank 2 = 9705
group size rank 7 = 1640
group size rank 2 = 1639
init loss: 2005583.768171395
[MLIP] Starting pretraining...
[MLIP] Rescaling potential...
[MLIP] Potential rescaling completed
[MLIP] 0	2489.66	4.61599e+15	1.83255e+08	7658.01	1441.3
[MLIP] 1	2.15524e+21	1.12768e+10	8150.11	1400.98	1255
[MLIP] 2	2.06673e+15	2.54681e+06	843.803	735.794	365.608
[MLIP] 3	1.07311e+16	120764	5978.99	298.887	259.141
[MLIP] 4	3.51917e+14	7875.24	342.457	202.255
[MLIP] 5	4.61258e+16	957985	211.53	160.356
[MLIP] 6	1.75401e+13	8710.35	148.994	111.801
[MLIP] 7	3.16706e+13	13851.6	133.032	74.9755
[MLIP] 8	9.87486e+11	17368.6	113.536	68.3909
[MLIP] 9	3.33285e+10	4148.08	79.1282	65.8325
[MLIP] 10	5.31619e+08	143.965	49.3268
[MLIP] 11	1.9667e+07	63.888	36.2969
[MLIP] 12	1.91105e+10	2070.12	33.2827
[MLIP] 13	6.1084e+09	550.269	23.8241
[MLIP] 14	1.3965e+10	879.574	20.1216
[MLIP] 15	7.62209e+06	30.176	18.0235
[MLIP] 16	34897.2	27.8986	16.7449
[MLIP] 17	4175.42	24.2164	15.1613
[MLIP] 18	67213	19.9264	14.0149
[MLIP] 19	1213.38	14.5005	12.6769
[MLIP] 20	968.581	19.4714	11.2998
[MLIP] 21	6165.4	15.0172	10.5317
[MLIP] 22	20528.8	11.9754	10.0775
[MLIP] 23	41.5606	9.49252	9.22931
[MLIP] 24	410.968	26.8215	7.83836
[MLIP] 25	4485.91	15.6045	7.0112
[MLIP] 26	94.7751	7.76958	6.88417
[MLIP] 27	6.08555	5.25219
[MLIP] 28	178.208	6.8331	5.06426
[MLIP] 29	9.28555	3.41325
[MLIP] 30	7.81388	2.8571
[MLIP] 31	2.77753	2.50129
[MLIP] 32	2.21649
[MLIP] 33	2.02184
[MLIP] 34	1.86606
[MLIP] 35	1.76621
[MLIP] 36	1.73776
[MLIP] 37	1.73028
[MLIP] 38	1.72409	1.72069
[MLIP] 39	1.71593	1.71396
[MLIP] 40	1.71293
[MLIP] 41	1.71225
[MLIP] 42	1.71189
[MLIP] 43	1.71162
[MLIP] 44	1.71141
[MLIP] 45	1.71121
[MLIP] 46	1.71104
[MLIP] 47	1.71093
[MLIP] 48	1.71085
[MLIP] 49	1.71075	1.71071
[MLIP] 50	1.71057	1.71031	1.70986	1.70925
[MLIP] 51	1.70764	1.70651
[MLIP] 52	1.7044	1.70182
[MLIP] 53	1.69884	1.69659
[MLIP] 54	1.6916	1.68439
[MLIP] 55	1.67646
[MLIP] 56	1.67182	1.66874
[MLIP] 57	1.66329	1.65743
[MLIP] 58	1.65639
[MLIP] 59	1.65616	1.65601
[MLIP] 60	1.65571	1.65558
[MLIP] 61	1.65547
[MLIP] 62	1.65547
[MLIP] 63	1.65547
[MLIP] 64	1.65547
[MLIP] 65	1.65547
[MLIP] 66	1.65547
[MLIP] 67	1.65547
[MLIP] 68	1.65547	1.65547	1.65547	1.65547	1.65547	1.65547	1.65547	1.65547	1.65547	1.65547	1.65547
[MLIP] 69	1.65549	1.65547	1.65547	1.65547	1.65547	1.65547	1.65547	1.65547	1.65547	1.65547	1.65547
[MLIP] 70	1.65551	1.65547	1.65547	1.65547	 Line search: prev_x == curr_x	1.65547
[MLIP] Stepping in accend direction. Stopping the training...
[MLIP] Pretraining completed
[MLIP] Rescaling potential...
[MLIP] Potential rescaling completed
[MLIP] 0	1.65547	1.65547	1.65547
[MLIP] 1	1.65547	1.65547
[MLIP] 2	1.65547	1.65547	1.65547	1.65547	1.65547
[MLIP] 3	1.65547	1.65547	1.65547	1.65547	1.65547	1.65547	1.65547	1.65547	1.65547	1.65547	1.65547
[MLIP] 4	1.65547	1.65547	1.65547	1.65547	1.65547	1.65547	 Line search: prev_x == curr_x	1.65547
[MLIP] 5	1.65547	1.65547	1.65547	1.65547	1.65547	1.65547	1.65547	1.65547	1.65547	1.65547	1.65547
[MLIP] Stepping in accend direction. Stopping the training...
group size rank 6 = 9706
group size rank 3 = 9705
group size rank 4 = 9706
final params head: [16.2692006  -9.81308084  5.93778506 -0.5602288   1.45942819]
final loss: 211.41355874919353
TRAIN: Errors (MAE, RMSE, MAXAE)
Energy      = 4.493672e+00, 7.557570e+00, 5.375574e+01
Energy/Atom = 1.440744e-01, 4.173344e-01, 3.076669e+00
Forces      = 3.643953e-01, 5.151704e-01, 8.833204e+00
Stress      = 3.082118e+01, 6.206519e+01, 5.033179e+02
Charges     = 0.000000e+00, 0.000000e+00, 0.000000e+00

VALID: Errors (MAE, RMSE, MAXAE)
Energy      = 3.875852e+00, 6.054119e+00, 2.810512e+01
Energy/Atom = 1.608446e-01, 4.768755e-01, 3.089187e+00
Forces      = 3.673885e-01, 5.234715e-01, 9.467325e+00
Stress      = 2.737345e+01, 5.515731e+01, 3.007778e+02
Charges     = 0.000000e+00, 0.000000e+00, 0.000000e+00

TRAIN_TIME: 132.76031321659684

=== POT 5 ===
init params head: [-0.77302306  0.94896619  0.45746927 -0.29706439  0.41521028]
group size rank 0 = 9707
group size rank 1 = 9705
group size rank 5 = 9706
group size rank 7 = 9706
group size rank 2 = 9705
group size rank 6 = 1640
group size rank 3 = 1639
group size rank 4 = 1639
group size rank 1 = 1638
group size rank 0 = 1640
group size rank 5 = 1640
group size rank 7 = 1640
group size rank 2 = 1639
init loss: 1072786.1710550264
[MLIP] Starting pretraining...
[MLIP] Rescaling potential...
[MLIP] Potential rescaling completed
[MLIP] 0	7060.64	6.50614e+17	1.61902e+06	5098.14
[MLIP] 1	4.80604e+24	1.9045e+13	81056	3054.19	2755.28	9610.9	1757.58
[MLIP] 2	1.54423e+24	7.46039e+12	134799	970.948
[MLIP] 3	3.74281e+20	5.02299e+09	1409.3	246.781
[MLIP] 4	9.60327e+15	947144	175.739
[MLIP] 5	4.09815e+13	17155.9	143.659
[MLIP] 6	7.00859e+11	1727.88	74.5359
[MLIP] 7	3.35191e+11	401.981	59.6663	52.1372
[MLIP] 8	1.03987e+12	830.544	43.1223	37.7212
[MLIP] 9	6.03921e+09	57.8128	17.7131
[MLIP] 10	8.47011e+11	1457.7	17.9439	14.8187
[MLIP] 11	6.50631e+07	37.4147	11.7172
[MLIP] 12	25057.9	12.5094	9.25852
[MLIP] 13	5.01197e+06	10.5099	6.74393
[MLIP] 14	5.45242e+06	9.40127	5.38972
[MLIP] 15	3940.06	5.84517	4.28647
[MLIP] 16	3895.28	3.37077
[MLIP] 17	288.971	5.47404	3.21888
[MLIP] 18	17.7786	2.92794	2.76322
[MLIP] 19	3.79945	2.44097
[MLIP] 20	2.4719	2.31883
[MLIP] 21	2.37556	2.28357
[MLIP] 22	2.25522
[MLIP] 23	2.22464
[MLIP] 24	2.19583
[MLIP] 25	2.17394
[MLIP] 26	2.15949
[MLIP] 27	2.14044
[MLIP] 28	2.0963
[MLIP] 29	2.04451
[MLIP] 30	2.05884	2.00386
[MLIP] 31	1.95053
[MLIP] 32	1.9655	1.93947
[MLIP] 33	1.92028
[MLIP] 34	1.88807
[MLIP] 35	1.84441
[MLIP] 36	1.84076	1.81639
[MLIP] 37	1.75651
[MLIP] 38	1.71701
[MLIP] 39	1.79304	1.7015
[MLIP] 40	1.712	1.69061
[MLIP] 41	1.68952	1.68731
[MLIP] 42	1.68607
[MLIP] 43	1.68396
[MLIP] 44	1.67833
[MLIP] 45	1.67444
[MLIP] 46	1.67447	1.67308
[MLIP] 47	1.67278
[MLIP] 48	1.67261
[MLIP] 49	1.67248
[MLIP] 50	1.67224
[MLIP] 51	1.67175
[MLIP] 52	1.67079	1.66987
[MLIP] 53	1.66771	1.66694
[MLIP] 54	1.66521
[MLIP] 55	1.66465
[MLIP] 56	1.66404	1.66374
[MLIP] 57	1.66268	1.66124
[MLIP] 58	1.65726
[MLIP] 59	1.65622
[MLIP] 60	1.65594	1.65584
[MLIP] 61	1.65562
[MLIP] 62	1.65548
[MLIP] 63	1.65547
[MLIP] 64	1.65547
[MLIP] 65	1.65547
[MLIP] 66	1.65547
[MLIP] 67	1.65547
[MLIP] 68	1.65547
[MLIP] 69	1.65547
[MLIP] 70	1.65547
[MLIP] 71	1.65547
[MLIP] 72	1.65547
[MLIP] 73	1.65547
[MLIP] 74	1.65547	1.65547	1.65547	1.65547	1.65547	1.65547	1.65547	1.65547	1.65547	1.65547	1.65547
[MLIP] Number of iterations exceeded the threshold. Stopping the training...
[MLIP] Pretraining completed
[MLIP] Rescaling potential...
[MLIP] Potential rescaling completed
[MLIP] 0	1.65547	1.65547	1.65547	1.65547	1.65547	1.65547	1.65547	1.65547	1.65547	1.65547	1.65547	 Line search: prev_x == curr_x	1.65547
[MLIP] 1	1.65547	1.65547	1.65547	1.65547	1.65547	1.65547	1.65547	1.65547	1.65547	1.65547	 Line search: prev_x == curr_x	1.65547
[MLIP] 2	1.65547	1.65547	1.65547	1.65547	1.65547	1.65547	1.65547	1.65547	1.65547	1.65547	 Line search: prev_x == curr_x	1.65547
[MLIP] Stepping in accend direction. Stopping the training...
final params head: [ 1.71046191 -0.00588741  3.19966747  0.90238315 -1.11200516]
final loss: 211.41355903623412
TRAIN: Errors (MAE, RMSE, MAXAE)
Energy      = 4.493672e+00, 7.557570e+00, 5.375574e+01
Energy/Atom = 1.440744e-01, 4.173344e-01, 3.076669e+00
Forces      = 3.643953e-01, 5.151704e-01, 8.833204e+00
Stress      = 3.082118e+01, 6.206519e+01, 5.033179e+02
Charges     = 0.000000e+00, 0.000000e+00, 0.000000e+00

VALID: Errors (MAE, RMSE, MAXAE)
Energy      = 3.875852e+00, 6.054119e+00, 2.810512e+01
Energy/Atom = 1.608446e-01, 4.768755e-01, 3.089187e+00
Forces      = 3.673885e-01, 5.234715e-01, 9.467325e+00
Stress      = 2.737345e+01, 5.515731e+01, 3.007778e+02
Charges     = 0.000000e+00, 0.000000e+00, 0.000000e+00

TRAIN_TIME: 184.6321528479457
