
The following have been reloaded with a version change:
  1) Python/Anaconda_v02.2024 => Python/Miniconda

[prun] Master compute host = cn-030
[prun] Resource manager = slurm
[prun] Launch cmd = mpirun /home/peivzarenkov/.conda/envs/peter_env/bin/python train_mtp_scipy_bfgs.py (family=openmpi)
Traceback (most recent call last):
  File "/home/peivzarenkov/mlip-4/Testing-optimization-methods-in-MLP/task3/train_mtp_scipy_bfgs.py", line 10, in <module>
Traceback (most recent call last):
  File "/home/peivzarenkov/mlip-4/Testing-optimization-methods-in-MLP/task3/train_mtp_scipy_bfgs.py", line 10, in <module>
Traceback (most recent call last):
  File "/home/peivzarenkov/mlip-4/Testing-optimization-methods-in-MLP/task3/train_mtp_scipy_bfgs.py", line 10, in <module>
Traceback (most recent call last):
  File "/home/peivzarenkov/mlip-4/Testing-optimization-methods-in-MLP/task3/train_mtp_scipy_bfgs.py", line 10, in <module>
Traceback (most recent call last):
  File "/home/peivzarenkov/mlip-4/Testing-optimization-methods-in-MLP/task3/train_mtp_scipy_bfgs.py", line 10, in <module>
Traceback (most recent call last):
  File "/home/peivzarenkov/mlip-4/Testing-optimization-methods-in-MLP/task3/train_mtp_scipy_bfgs.py", line 10, in <module>
    from mlip_wrapper import MlipWrapper
    from mlip_wrapper import MlipWrapper
ModuleNotFoundError: No module named 'mlip_wrapper'
    from mlip_wrapper import MlipWrapper
ModuleNotFoundError: No module named 'mlip_wrapper'
ModuleNotFoundError: No module named 'mlip_wrapper'
    from mlip_wrapper import MlipWrapper
ModuleNotFoundError: No module named 'mlip_wrapper'
Traceback (most recent call last):
  File "/home/peivzarenkov/mlip-4/Testing-optimization-methods-in-MLP/task3/train_mtp_scipy_bfgs.py", line 10, in <module>
    from mlip_wrapper import MlipWrapper
ModuleNotFoundError: No module named 'mlip_wrapper'
Traceback (most recent call last):
  File "/home/peivzarenkov/mlip-4/Testing-optimization-methods-in-MLP/task3/train_mtp_scipy_bfgs.py", line 10, in <module>
    from mlip_wrapper import MlipWrapper
ModuleNotFoundError: No module named 'mlip_wrapper'
    from mlip_wrapper import MlipWrapper
ModuleNotFoundError: No module named 'mlip_wrapper'
    from mlip_wrapper import MlipWrapper
ModuleNotFoundError: No module named 'mlip_wrapper'
