
The following have been reloaded with a version change:
  1) Python/Anaconda_v02.2024 => Python/Miniconda

[prun] Master compute host = cn-022
[prun] Resource manager = slurm
[prun] Launch cmd = mpirun /home/peivzarenkov/.conda/envs/peter_env/bin/python train_mtp_scipy_bfgs_intervals.py (family=openmpi)
group size rank 4 = 4768
group size rank 1 = 4736
group size rank 3 = 4768
group size rank 7 = 4768
group size rank 5 = 4768
group size rank 2 = 4768
group size rank 6 = 4768
group size rank 0 = 4768
group size rank 7 = 960
group size rank 4 = 960
group size rank 1 = 960
group size rank 3 = 960
group size rank 5 = 960
group size rank 2 = 960
group size rank 6 = 960
group size rank 0 = 960
group size rank 7 = 4768
group size rank 4 = 4768
group size rank 6 = 4768
INTERVAL: [-0.0001, 0.0001]
POT: 1
SCIPY BFGS TRAIN: Errors (MAE, RMSE, MAXAE)
Energy      = 2.599564e-02, 3.550461e-02, 1.612101e-01
Energy/Atom = 8.123639e-04, 1.109519e-03, 5.037815e-03
Forces      = 2.255988e-02, 3.156758e-02, 3.356478e-01
Stress      = 2.370425e-01, 3.359425e-01, 3.519197e+00
Charges     = 0.000000e+00, 0.000000e+00, 0.000000e+00

SCIPY BFGS VALID: Errors (MAE, RMSE, MAXAE)
Energy      = 5.678854e-02, 7.488854e-02, 2.491564e-01
Energy/Atom = 1.774642e-03, 2.340267e-03, 7.786137e-03
Forces      = 3.936078e-02, 5.698542e-02, 1.081475e+00
Stress      = 3.932485e-01, 5.541462e-01, 3.182621e+00
Charges     = 0.000000e+00, 0.000000e+00, 0.000000e+00

SCIPY BFGS TIME: 350.07561403140426 NIT: 500 SUCCESS: False

group size rank 0 = 4768
group size rank 7 = 960
group size rank 2 = 4768
group size rank 4 = 960
group size rank 5 = 4768
group size rank 3 = 4768
group size rank 6 = 960
group size rank 1 = 4736
group size rank 0 = 960
group size rank 2 = 960
group size rank 5 = 960
group size rank 3 = 960
group size rank 1 = 960
group size rank 7 = 4768
group size rank 2 = 4768
group size rank 5 = 4768
group size rank 3 = 4768
group size rank 4 = 4768
group size rank 1 = 4736
group size rank 6 = 4768
INTERVAL: [-0.0001, 0.0001]
POT: 2
SCIPY BFGS TRAIN: Errors (MAE, RMSE, MAXAE)
Energy      = 3.046569e-02, 4.251830e-02, 2.631838e-01
Energy/Atom = 9.520527e-04, 1.328697e-03, 8.224495e-03
Forces      = 2.627367e-02, 3.665111e-02, 4.564444e-01
Stress      = 2.725634e-01, 3.926484e-01, 2.959968e+00
Charges     = 0.000000e+00, 0.000000e+00, 0.000000e+00

SCIPY BFGS VALID: Errors (MAE, RMSE, MAXAE)
Energy      = 6.715524e-02, 8.589331e-02, 3.734269e-01
Energy/Atom = 2.098601e-03, 2.684166e-03, 1.166959e-02
Forces      = 4.549056e-02, 6.330838e-02, 7.282624e-01
Stress      = 4.536316e-01, 6.167123e-01, 3.028188e+00
Charges     = 0.000000e+00, 0.000000e+00, 0.000000e+00

SCIPY BFGS TIME: 336.85426880419254 NIT: 500 SUCCESS: False

group size rank 0 = 4768
group size rank 5 = 960
group size rank 2 = 960
group size rank 7 = 960
group size rank 3 = 960
group size rank 4 = 960
group size rank 1 = 960
group size rank 0 = 960
group size rank 6 = 960
group size rank 7 = 4768
group size rank 4 = 4768
group size rank 6 = 4768
INTERVAL: [-0.0001, 0.0001]
POT: 3
SCIPY BFGS TRAIN: Errors (MAE, RMSE, MAXAE)
Energy      = 3.109492e-02, 4.110876e-02, 1.993815e-01
Energy/Atom = 9.717161e-04, 1.284649e-03, 6.230672e-03
Forces      = 2.425805e-02, 3.377039e-02, 3.240976e-01
Stress      = 2.678588e-01, 3.797836e-01, 2.692819e+00
Charges     = 0.000000e+00, 0.000000e+00, 0.000000e+00

SCIPY BFGS VALID: Errors (MAE, RMSE, MAXAE)
Energy      = 6.372122e-02, 8.258680e-02, 2.863160e-01
Energy/Atom = 1.991288e-03, 2.580838e-03, 8.947374e-03
Forces      = 4.166533e-02, 5.987271e-02, 1.292460e+00
Stress      = 4.315412e-01, 6.198165e-01, 3.442181e+00
Charges     = 0.000000e+00, 0.000000e+00, 0.000000e+00

SCIPY BFGS TIME: 316.0276559814811 NIT: 500 SUCCESS: False

group size rank 0 = 4768
group size rank 3 = 4768
group size rank 5 = 4768
group size rank 1 = 4736
group size rank 2 = 4768
group size rank 7 = 960
group size rank 4 = 960
group size rank 6 = 960
group size rank 0 = 960
group size rank 3 = 960
group size rank 5 = 960
group size rank 2 = 960
group size rank 1 = 960
group size rank 7 = 4768
group size rank 4 = 4768
group size rank 6 = 4768
INTERVAL: [-0.0001, 0.0001]
POT: 4
SCIPY BFGS TRAIN: Errors (MAE, RMSE, MAXAE)
Energy      = 2.878727e-02, 3.909664e-02, 2.122237e-01
Energy/Atom = 8.996022e-04, 1.221770e-03, 6.631991e-03
Forces      = 2.348067e-02, 3.278638e-02, 3.234974e-01
Stress      = 2.547297e-01, 3.676514e-01, 3.266746e+00
Charges     = 0.000000e+00, 0.000000e+00, 0.000000e+00

SCIPY BFGS VALID: Errors (MAE, RMSE, MAXAE)
Energy      = 6.087238e-02, 7.848076e-02, 2.830030e-01
Energy/Atom = 1.902262e-03, 2.452524e-03, 8.843844e-03
Forces      = 4.066866e-02, 6.120098e-02, 1.999644e+00
Stress      = 4.419163e-01, 6.555830e-01, 4.867483e+00
Charges     = 0.000000e+00, 0.000000e+00, 0.000000e+00

SCIPY BFGS TIME: 329.3841303177178 NIT: 500 SUCCESS: False

group size rank 0 = 4768
group size rank 3 = 4768
group size rank 5 = 4768
group size rank 2 = 4768
group size rank 1 = 4736
group size rank 7 = 960
group size rank 4 = 960
group size rank 0 = 960
group size rank 6 = 960
group size rank 3 = 960
group size rank 5 = 960
group size rank 2 = 960
group size rank 1 = 960
group size rank 7 = 4768
group size rank 6 = 4768
INTERVAL: [-0.0001, 0.0001]
POT: 5
SCIPY BFGS TRAIN: Errors (MAE, RMSE, MAXAE)
Energy      = 3.060356e-02, 4.227894e-02, 2.167680e-01
Energy/Atom = 9.563612e-04, 1.321217e-03, 6.773999e-03
Forces      = 2.635551e-02, 3.686834e-02, 3.740849e-01
Stress      = 2.679143e-01, 3.822823e-01, 3.278713e+00
Charges     = 0.000000e+00, 0.000000e+00, 0.000000e+00

SCIPY BFGS VALID: Errors (MAE, RMSE, MAXAE)
Energy      = 6.340466e-02, 8.135714e-02, 2.605038e-01
Energy/Atom = 1.981396e-03, 2.542411e-03, 8.140742e-03
Forces      = 4.470807e-02, 6.219672e-02, 7.363729e-01
Stress      = 4.357652e-01, 6.027266e-01, 3.602039e+00
Charges     = 0.000000e+00, 0.000000e+00, 0.000000e+00

SCIPY BFGS TIME: 323.15132817812264 NIT: 500 SUCCESS: False

group size rank 0 = 4768
group size rank 4 = 4768
group size rank 2 = 4768
group size rank 1 = 4736
group size rank 3 = 4768
group size rank 5 = 4768
group size rank 0 = 960
group size rank 6 = 960
group size rank 7 = 960
group size rank 4 = 960
group size rank 2 = 960
group size rank 1 = 960
group size rank 3 = 960
group size rank 5 = 960
group size rank 7 = 4768
group size rank 6 = 4768
group size rank 4 = 4768
INTERVAL: [-0.001, 0.001]
POT: 1
SCIPY BFGS TRAIN: Errors (MAE, RMSE, MAXAE)
Energy      = 2.887283e-02, 3.935308e-02, 2.191381e-01
Energy/Atom = 9.022758e-04, 1.229784e-03, 6.848064e-03
Forces      = 2.421370e-02, 3.401210e-02, 4.193845e-01
Stress      = 2.486464e-01, 3.559768e-01, 3.004633e+00
Charges     = 0.000000e+00, 0.000000e+00, 0.000000e+00

SCIPY BFGS VALID: Errors (MAE, RMSE, MAXAE)
Energy      = 6.248412e-02, 7.962137e-02, 3.045415e-01
Energy/Atom = 1.952629e-03, 2.488168e-03, 9.516923e-03
Forces      = 4.170764e-02, 5.900507e-02, 9.442491e-01
Stress      = 4.106435e-01, 5.682303e-01, 2.910410e+00
Charges     = 0.000000e+00, 0.000000e+00, 0.000000e+00

SCIPY BFGS TIME: 322.2836057152599 NIT: 500 SUCCESS: False

group size rank 0 = 4768
group size rank 3 = 4768
group size rank 2 = 4768
group size rank 5 = 4768
group size rank 1 = 4736
group size rank 3 = 960
group size rank 6 = 960
group size rank 4 = 960
group size rank 7 = 960
group size rank 2 = 960
group size rank 0 = 960
group size rank 5 = 960
group size rank 1 = 960
group size rank 7 = 4768
group size rank 4 = 4768
group size rank 6 = 4768
INTERVAL: [-0.001, 0.001]
POT: 2
SCIPY BFGS TRAIN: Errors (MAE, RMSE, MAXAE)
Energy      = 3.292942e-02, 4.411066e-02, 1.927574e-01
Energy/Atom = 1.029044e-03, 1.378458e-03, 6.023668e-03
Forces      = 2.667578e-02, 3.712605e-02, 3.938828e-01
Stress      = 2.939263e-01, 4.169461e-01, 4.147142e+00
Charges     = 0.000000e+00, 0.000000e+00, 0.000000e+00

SCIPY BFGS VALID: Errors (MAE, RMSE, MAXAE)
Energy      = 6.643453e-02, 8.790760e-02, 4.131354e-01
Energy/Atom = 2.076079e-03, 2.747112e-03, 1.291048e-02
Forces      = 4.635540e-02, 6.547755e-02, 1.202315e+00
Stress      = 4.459333e-01, 6.162065e-01, 3.150137e+00
Charges     = 0.000000e+00, 0.000000e+00, 0.000000e+00

SCIPY BFGS TIME: 321.26240700669587 NIT: 500 SUCCESS: False

group size rank 0 = 4768
group size rank 2 = 4768
group size rank 3 = 4768
group size rank 5 = 4768
group size rank 1 = 4736
group size rank 7 = 960
group size rank 0 = 960
group size rank 4 = 960
group size rank 6 = 960
group size rank 3 = 960
group size rank 2 = 960
group size rank 5 = 960
group size rank 1 = 960
group size rank 7 = 4768
group size rank 4 = 4768
INTERVAL: [-0.001, 0.001]
POT: 3
SCIPY BFGS TRAIN: Errors (MAE, RMSE, MAXAE)
Energy      = 3.025715e-02, 4.009843e-02, 2.287113e-01
Energy/Atom = 9.455361e-04, 1.253076e-03, 7.147229e-03
Forces      = 2.465744e-02, 3.459080e-02, 3.990891e-01
Stress      = 2.689859e-01, 3.780820e-01, 2.317896e+00
Charges     = 0.000000e+00, 0.000000e+00, 0.000000e+00

SCIPY BFGS VALID: Errors (MAE, RMSE, MAXAE)
Energy      = 6.804634e-02, 8.768146e-02, 2.894747e-01
Energy/Atom = 2.126448e-03, 2.740046e-03, 9.046084e-03
Forces      = 4.269771e-02, 5.973649e-02, 8.285424e-01
Stress      = 4.222660e-01, 5.810977e-01, 2.694025e+00
Charges     = 0.000000e+00, 0.000000e+00, 0.000000e+00

SCIPY BFGS TIME: 323.79964938387275 NIT: 500 SUCCESS: False

group size rank 0 = 4768
group size rank 6 = 4768
group size rank 3 = 4768
group size rank 2 = 4768
group size rank 5 = 4768
group size rank 1 = 4736
group size rank 4 = 960
group size rank 7 = 960
group size rank 0 = 960
group size rank 6 = 960
group size rank 3 = 960
group size rank 5 = 960
group size rank 2 = 960
group size rank 1 = 960
group size rank 3 = 4768
group size rank 5 = 4768
group size rank 2 = 4768
group size rank 1 = 4736
group size rank 7 = 4768
group size rank 6 = 4768
group size rank 4 = 4768
INTERVAL: [-0.001, 0.001]
POT: 4
SCIPY BFGS TRAIN: Errors (MAE, RMSE, MAXAE)
Energy      = 2.812708e-02, 3.781506e-02, 1.973244e-01
Energy/Atom = 8.789714e-04, 1.181721e-03, 6.166388e-03
Forces      = 2.347233e-02, 3.287686e-02, 3.412161e-01
Stress      = 2.519949e-01, 3.598697e-01, 2.483961e+00
Charges     = 0.000000e+00, 0.000000e+00, 0.000000e+00

SCIPY BFGS VALID: Errors (MAE, RMSE, MAXAE)
Energy      = 5.832108e-02, 7.333729e-02, 2.431007e-01
Energy/Atom = 1.822534e-03, 2.291790e-03, 7.596898e-03
Forces      = 4.027333e-02, 5.701250e-02, 7.669831e-01
Stress      = 4.122155e-01, 5.587078e-01, 2.673578e+00
Charges     = 0.000000e+00, 0.000000e+00, 0.000000e+00

SCIPY BFGS TIME: 325.768578870222 NIT: 500 SUCCESS: False

group size rank 0 = 4768
group size rank 3 = 960
group size rank 5 = 960
group size rank 2 = 960
group size rank 1 = 960
group size rank 4 = 960
group size rank 6 = 960
group size rank 7 = 960
group size rank 0 = 960
group size rank 7 = 4768
group size rank 6 = 4768
group size rank 4 = 4768
INTERVAL: [-0.001, 0.001]
POT: 5
SCIPY BFGS TRAIN: Errors (MAE, RMSE, MAXAE)
Energy      = 2.983800e-02, 4.045042e-02, 2.218697e-01
Energy/Atom = 9.324375e-04, 1.264075e-03, 6.933427e-03
Forces      = 2.474911e-02, 3.468009e-02, 4.093608e-01
Stress      = 2.600257e-01, 3.736026e-01, 2.970227e+00
Charges     = 0.000000e+00, 0.000000e+00, 0.000000e+00

SCIPY BFGS VALID: Errors (MAE, RMSE, MAXAE)
Energy      = 6.201318e-02, 7.978213e-02, 3.159392e-01
Energy/Atom = 1.937912e-03, 2.493192e-03, 9.873099e-03
Forces      = 4.218866e-02, 6.022033e-02, 1.221462e+00
Stress      = 4.340363e-01, 6.158832e-01, 3.251405e+00
Charges     = 0.000000e+00, 0.000000e+00, 0.000000e+00

SCIPY BFGS TIME: 323.7311906795949 NIT: 500 SUCCESS: False

group size rank 0 = 4768
group size rank 3 = 4768
group size rank 5 = 4768
group size rank 2 = 4768
group size rank 1 = 4736
group size rank 6 = 960
group size rank 4 = 960
group size rank 7 = 960
group size rank 0 = 960
group size rank 5 = 960
group size rank 3 = 960
group size rank 2 = 960
group size rank 1 = 960
group size rank 7 = 4768
group size rank 6 = 4768
group size rank 4 = 4768
INTERVAL: [-0.01, 0.01]
POT: 1
SCIPY BFGS TRAIN: Errors (MAE, RMSE, MAXAE)
Energy      = 3.973670e-02, 5.102831e-02, 2.713467e-01
Energy/Atom = 1.241772e-03, 1.594635e-03, 8.479586e-03
Forces      = 3.213450e-02, 4.401052e-02, 4.500704e-01
Stress      = 3.344029e-01, 4.893523e-01, 3.547360e+00
Charges     = 0.000000e+00, 0.000000e+00, 0.000000e+00

SCIPY BFGS VALID: Errors (MAE, RMSE, MAXAE)
Energy      = 7.720968e-02, 9.906111e-02, 3.100548e-01
Energy/Atom = 2.412803e-03, 3.095660e-03, 9.689212e-03
Forces      = 5.338954e-02, 7.315565e-02, 1.117073e+00
Stress      = 5.481504e-01, 7.774597e-01, 3.846808e+00
Charges     = 0.000000e+00, 0.000000e+00, 0.000000e+00

SCIPY BFGS TIME: 322.0477981362492 NIT: 500 SUCCESS: False

group size rank 0 = 4768
group size rank 3 = 4768
group size rank 2 = 4768
group size rank 5 = 4768
group size rank 1 = 4736
group size rank 4 = 960
group size rank 7 = 960
group size rank 6 = 960
group size rank 0 = 960
group size rank 3 = 960
group size rank 5 = 960
group size rank 2 = 960
group size rank 1 = 960
group size rank 7 = 4768
INTERVAL: [-0.01, 0.01]
POT: 2
SCIPY BFGS TRAIN: Errors (MAE, RMSE, MAXAE)
Energy      = 3.526055e-02, 4.813080e-02, 3.158848e-01
Energy/Atom = 1.101892e-03, 1.504088e-03, 9.871401e-03
Forces      = 2.794759e-02, 3.899586e-02, 3.814398e-01
Stress      = 3.142795e-01, 4.550100e-01, 3.114413e+00
Charges     = 0.000000e+00, 0.000000e+00, 0.000000e+00

SCIPY BFGS VALID: Errors (MAE, RMSE, MAXAE)
Energy      = 7.242153e-02, 9.378641e-02, 2.454149e-01
Energy/Atom = 2.263173e-03, 2.930825e-03, 7.669216e-03
Forces      = 4.809235e-02, 6.781587e-02, 1.344305e+00
Stress      = 4.761864e-01, 6.636510e-01, 3.175099e+00
Charges     = 0.000000e+00, 0.000000e+00, 0.000000e+00

SCIPY BFGS TIME: 326.18919465504587 NIT: 500 SUCCESS: False

group size rank 0 = 4768
group size rank 4 = 4768
group size rank 6 = 4768
group size rank 5 = 4768
group size rank 2 = 4768
group size rank 3 = 4768
group size rank 1 = 4736
group size rank 3 = 960
group size rank 2 = 960
group size rank 5 = 960
group size rank 1 = 960
group size rank 0 = 960
group size rank 4 = 960
group size rank 7 = 960
group size rank 6 = 960
group size rank 2 = 4768
group size rank 3 = 4768
group size rank 1 = 4736
group size rank 5 = 4768
group size rank 6 = 4768
group size rank 7 = 4768
INTERVAL: [-0.01, 0.01]
POT: 3
SCIPY BFGS TRAIN: Errors (MAE, RMSE, MAXAE)
Energy      = 3.509277e-02, 4.665337e-02, 2.626339e-01
Energy/Atom = 1.096649e-03, 1.457918e-03, 8.207308e-03
Forces      = 2.852966e-02, 3.929606e-02, 3.688458e-01
Stress      = 3.135796e-01, 4.602651e-01, 3.602231e+00
Charges     = 0.000000e+00, 0.000000e+00, 0.000000e+00

SCIPY BFGS VALID: Errors (MAE, RMSE, MAXAE)
Energy      = 6.364071e-02, 8.136867e-02, 3.075428e-01
Energy/Atom = 1.988772e-03, 2.542771e-03, 9.610713e-03
Forces      = 4.761579e-02, 6.676881e-02, 1.179054e+00
Stress      = 5.339081e-01, 7.469545e-01, 3.695945e+00
Charges     = 0.000000e+00, 0.000000e+00, 0.000000e+00

SCIPY BFGS TIME: 374.6938539221883 NIT: 500 SUCCESS: False

group size rank 0 = 4768
group size rank 4 = 4768
group size rank 2 = 960
group size rank 3 = 960
group size rank 5 = 960
group size rank 1 = 960
group size rank 6 = 960
group size rank 0 = 960
group size rank 4 = 960
group size rank 7 = 960
group size rank 7 = 4768
group size rank 6 = 4768
group size rank 4 = 4768
INTERVAL: [-0.01, 0.01]
POT: 4
SCIPY BFGS TRAIN: Errors (MAE, RMSE, MAXAE)
Energy      = 3.760914e-02, 4.968616e-02, 2.793285e-01
Energy/Atom = 1.175286e-03, 1.552693e-03, 8.729014e-03
Forces      = 3.020297e-02, 4.178832e-02, 4.143190e-01
Stress      = 3.314843e-01, 4.848899e-01, 3.775333e+00
Charges     = 0.000000e+00, 0.000000e+00, 0.000000e+00

SCIPY BFGS VALID: Errors (MAE, RMSE, MAXAE)
Energy      = 7.303851e-02, 9.392893e-02, 2.728398e-01
Energy/Atom = 2.282453e-03, 2.935279e-03, 8.526244e-03
Forces      = 5.143972e-02, 7.341674e-02, 1.583745e+00
Stress      = 5.459336e-01, 7.615096e-01, 3.742047e+00
Charges     = 0.000000e+00, 0.000000e+00, 0.000000e+00

SCIPY BFGS TIME: 333.81045351549983 NIT: 500 SUCCESS: False

group size rank 0 = 4768
group size rank 2 = 4768
group size rank 3 = 4768
group size rank 5 = 4768
group size rank 1 = 4736
group size rank 6 = 960
group size rank 4 = 960
group size rank 7 = 960
group size rank 0 = 960
group size rank 3 = 960
group size rank 2 = 960
group size rank 5 = 960
group size rank 1 = 960
group size rank 7 = 4768
group size rank 6 = 4768
group size rank 4 = 4768
INTERVAL: [-0.01, 0.01]
POT: 5
SCIPY BFGS TRAIN: Errors (MAE, RMSE, MAXAE)
Energy      = 3.254752e-02, 4.425595e-02, 2.641288e-01
Energy/Atom = 1.017110e-03, 1.382999e-03, 8.254024e-03
Forces      = 2.576232e-02, 3.588036e-02, 3.470454e-01
Stress      = 2.682594e-01, 3.891393e-01, 2.930929e+00
Charges     = 0.000000e+00, 0.000000e+00, 0.000000e+00

SCIPY BFGS VALID: Errors (MAE, RMSE, MAXAE)
Energy      = 6.748478e-02, 8.694666e-02, 2.717916e-01
Energy/Atom = 2.108899e-03, 2.717083e-03, 8.493489e-03
Forces      = 4.461036e-02, 6.455734e-02, 1.157259e+00
Stress      = 4.698473e-01, 6.639389e-01, 3.608386e+00
Charges     = 0.000000e+00, 0.000000e+00, 0.000000e+00

SCIPY BFGS TIME: 322.6246601380408 NIT: 500 SUCCESS: False

group size rank 0 = 4768
group size rank 2 = 4768
group size rank 3 = 4768
group size rank 1 = 4736
group size rank 5 = 4768
group size rank 7 = 960
group size rank 6 = 960
group size rank 4 = 960
group size rank 0 = 960
group size rank 3 = 960
group size rank 2 = 960
group size rank 1 = 960
group size rank 5 = 960
group size rank 7 = 4768
group size rank 6 = 4768
INTERVAL: [-0.1, 0.1]
POT: 1
SCIPY BFGS TRAIN: Errors (MAE, RMSE, MAXAE)
Energy      = 3.650670e-02, 4.897180e-02, 2.696887e-01
Energy/Atom = 1.140835e-03, 1.530369e-03, 8.427772e-03
Forces      = 2.967497e-02, 4.170122e-02, 4.906556e-01
Stress      = 3.222945e-01, 4.786541e-01, 3.920438e+00
Charges     = 0.000000e+00, 0.000000e+00, 0.000000e+00

SCIPY BFGS VALID: Errors (MAE, RMSE, MAXAE)
Energy      = 6.998702e-02, 8.885978e-02, 2.452781e-01
Energy/Atom = 2.187094e-03, 2.776868e-03, 7.664942e-03
Forces      = 5.047198e-02, 7.242979e-02, 1.327651e+00
Stress      = 5.446160e-01, 7.884213e-01, 4.609708e+00
Charges     = 0.000000e+00, 0.000000e+00, 0.000000e+00

SCIPY BFGS TIME: 327.2211039979011 NIT: 500 SUCCESS: False

group size rank 0 = 4768
group size rank 4 = 4768
group size rank 2 = 4768
group size rank 3 = 4768
group size rank 5 = 4768
group size rank 1 = 4736
group size rank 6 = 960
group size rank 7 = 960
group size rank 4 = 960
group size rank 0 = 960
group size rank 2 = 960
group size rank 3 = 960
group size rank 5 = 960
group size rank 1 = 960
group size rank 7 = 4768
group size rank 6 = 4768
group size rank 4 = 4768
INTERVAL: [-0.1, 0.1]
POT: 2
SCIPY BFGS TRAIN: Errors (MAE, RMSE, MAXAE)
Energy      = 3.198260e-02, 4.379721e-02, 2.976979e-01
Energy/Atom = 9.994563e-04, 1.368663e-03, 9.303059e-03
Forces      = 2.777049e-02, 3.891307e-02, 4.140314e-01
Stress      = 3.112319e-01, 4.720817e-01, 5.062817e+00
Charges     = 0.000000e+00, 0.000000e+00, 0.000000e+00

SCIPY BFGS VALID: Errors (MAE, RMSE, MAXAE)
Energy      = 6.963207e-02, 9.070357e-02, 2.915012e-01
Energy/Atom = 2.176002e-03, 2.834486e-03, 9.109413e-03
Forces      = 4.816458e-02, 6.961794e-02, 1.476363e+00
Stress      = 5.281965e-01, 7.855912e-01, 4.185350e+00
Charges     = 0.000000e+00, 0.000000e+00, 0.000000e+00

SCIPY BFGS TIME: 327.8548947516829 NIT: 500 SUCCESS: False

group size rank 0 = 4768
group size rank 2 = 4768
group size rank 3 = 4768
group size rank 1 = 4736
group size rank 5 = 4768
group size rank 7 = 960
group size rank 6 = 960
group size rank 0 = 960
group size rank 4 = 960
group size rank 3 = 960
group size rank 2 = 960
group size rank 1 = 960
group size rank 5 = 960
group size rank 7 = 4768
group size rank 6 = 4768
group size rank 4 = 4768
INTERVAL: [-0.1, 0.1]
POT: 3
SCIPY BFGS TRAIN: Errors (MAE, RMSE, MAXAE)
Energy      = 3.138645e-02, 4.382672e-02, 2.228581e-01
Energy/Atom = 9.808266e-04, 1.369585e-03, 6.964316e-03
Forces      = 2.625283e-02, 3.664059e-02, 3.534626e-01
Stress      = 2.755289e-01, 3.974269e-01, 3.294684e+00
Charges     = 0.000000e+00, 0.000000e+00, 0.000000e+00

SCIPY BFGS VALID: Errors (MAE, RMSE, MAXAE)
Energy      = 6.730490e-02, 8.670078e-02, 2.628485e-01
Energy/Atom = 2.103278e-03, 2.709399e-03, 8.214017e-03
Forces      = 4.494898e-02, 6.301421e-02, 1.012686e+00
Stress      = 4.516085e-01, 6.359397e-01, 3.341252e+00
Charges     = 0.000000e+00, 0.000000e+00, 0.000000e+00

SCIPY BFGS TIME: 335.50151894427836 NIT: 500 SUCCESS: False

group size rank 0 = 4768
group size rank 2 = 4768
group size rank 3 = 4768
group size rank 1 = 4736
group size rank 6 = 960
group size rank 5 = 4768
group size rank 7 = 960
group size rank 4 = 960
group size rank 0 = 960
group size rank 3 = 960
group size rank 2 = 960
group size rank 1 = 960
group size rank 5 = 960
group size rank 3 = 4768
group size rank 2 = 4768
group size rank 1 = 4736
group size rank 5 = 4768
group size rank 6 = 4768
group size rank 7 = 4768
INTERVAL: [-0.1, 0.1]
POT: 4
SCIPY BFGS TRAIN: Errors (MAE, RMSE, MAXAE)
Energy      = 3.199421e-02, 4.515148e-02, 2.734393e-01
Energy/Atom = 9.998192e-04, 1.410984e-03, 8.544979e-03
Forces      = 2.783713e-02, 3.880538e-02, 4.320329e-01
Stress      = 2.885589e-01, 4.170448e-01, 2.911178e+00
Charges     = 0.000000e+00, 0.000000e+00, 0.000000e+00

SCIPY BFGS VALID: Errors (MAE, RMSE, MAXAE)
Energy      = 7.022140e-02, 8.903437e-02, 3.179762e-01
Energy/Atom = 2.194419e-03, 2.782324e-03, 9.936755e-03
Forces      = 4.808963e-02, 6.798570e-02, 8.966544e-01
Stress      = 5.119476e-01, 7.324428e-01, 4.876947e+00
Charges     = 0.000000e+00, 0.000000e+00, 0.000000e+00

SCIPY BFGS TIME: 340.5513325035572 NIT: 500 SUCCESS: False

group size rank 0 = 4768
group size rank 4 = 4768
group size rank 3 = 960
group size rank 2 = 960
group size rank 1 = 960
group size rank 5 = 960
group size rank 6 = 960
group size rank 7 = 960
group size rank 0 = 960
group size rank 4 = 960
group size rank 7 = 4768
group size rank 6 = 4768
INTERVAL: [-0.1, 0.1]
POT: 5
SCIPY BFGS TRAIN: Errors (MAE, RMSE, MAXAE)
Energy      = 3.691758e-02, 4.857071e-02, 2.236541e-01
Energy/Atom = 1.153674e-03, 1.517835e-03, 6.989192e-03
Forces      = 3.006000e-02, 4.181842e-02, 4.700090e-01
Stress      = 3.625645e-01, 5.470401e-01, 3.952325e+00
Charges     = 0.000000e+00, 0.000000e+00, 0.000000e+00

SCIPY BFGS VALID: Errors (MAE, RMSE, MAXAE)
Energy      = 7.539288e-02, 9.471641e-02, 3.047634e-01
Energy/Atom = 2.356028e-03, 2.959888e-03, 9.523855e-03
Forces      = 5.238721e-02, 7.467094e-02, 1.463412e+00
Stress      = 6.281695e-01, 9.204862e-01, 5.045635e+00
Charges     = 0.000000e+00, 0.000000e+00, 0.000000e+00

SCIPY BFGS TIME: 347.8673193641007 NIT: 500 SUCCESS: False

group size rank 0 = 4768
group size rank 4 = 4768
group size rank 3 = 4768
group size rank 2 = 4768
group size rank 1 = 4736
group size rank 5 = 4768
group size rank 6 = 960
group size rank 7 = 960
group size rank 4 = 960
group size rank 0 = 960
group size rank 3 = 960
group size rank 2 = 960
group size rank 1 = 960
group size rank 5 = 960
group size rank 2 = 4768
group size rank 3 = 4768
group size rank 5 = 4768
group size rank 7 = 4768
group size rank 1 = 4736
group size rank 6 = 4768
INTERVAL: [-1, 1]
POT: 1
SCIPY BFGS TRAIN: Errors (MAE, RMSE, MAXAE)
Energy      = 5.098363e+01, 1.365111e+02, 9.435699e+02
Energy/Atom = 1.593238e+00, 4.265971e+00, 2.948656e+01
Forces      = 2.762560e+01, 9.207570e+01, 2.439731e+03
Stress      = 3.385057e+02, 1.121439e+03, 1.660083e+04
Charges     = 0.000000e+00, 0.000000e+00, 0.000000e+00

SCIPY BFGS VALID: Errors (MAE, RMSE, MAXAE)
Energy      = 5.480923e+01, 1.486733e+02, 7.796249e+02
Energy/Atom = 1.712788e+00, 4.646041e+00, 2.436328e+01
Forces      = 4.553978e+01, 1.448556e+02, 2.769536e+03
Stress      = 5.483308e+02, 1.557175e+03, 1.139435e+04
Charges     = 0.000000e+00, 0.000000e+00, 0.000000e+00

SCIPY BFGS TIME: 321.8580320440233 NIT: 500 SUCCESS: False

group size rank 0 = 4768
group size rank 4 = 4768
group size rank 3 = 960
group size rank 2 = 960
group size rank 5 = 960
group size rank 1 = 960
group size rank 7 = 960
group size rank 6 = 960
group size rank 0 = 960
group size rank 4 = 960
group size rank 3 = 4768
group size rank 5 = 4768
group size rank 1 = 4736
group size rank 4 = 4768
group size rank 7 = 4768
group size rank 2 = 4768
group size rank 3 = 960
group size rank 5 = 960
group size rank 1 = 960
group size rank 4 = 960
group size rank 7 = 960
group size rank 2 = 960
INTERVAL: [-1, 1]
POT: 2
SCIPY BFGS TRAIN: Errors (MAE, RMSE, MAXAE)
Energy      = 2.238920e-01, 3.997748e-01, 2.872922e+00
Energy/Atom = 6.996626e-03, 1.249296e-02, 8.977881e-02
Forces      = 1.879550e-01, 3.396527e-01, 8.321878e+00
Stress      = 2.766779e+00, 5.940228e+00, 8.011862e+01
Charges     = 0.000000e+00, 0.000000e+00, 0.000000e+00

SCIPY BFGS VALID: Errors (MAE, RMSE, MAXAE)
Energy      = 3.916082e-01, 6.711047e-01, 3.073241e+00
Energy/Atom = 1.223776e-02, 2.097202e-02, 9.603878e-02
Forces      = 3.197098e-01, 7.915954e-01, 3.375901e+01
Stress      = 5.279655e+00, 1.245569e+01, 1.254382e+02
Charges     = 0.000000e+00, 0.000000e+00, 0.000000e+00

SCIPY BFGS TIME: 564.8291342444718 NIT: 500 SUCCESS: False

group size rank 0 = 4768
group size rank 6 = 4768
group size rank 0 = 960
group size rank 6 = 960
group size rank 6 = 4768
INTERVAL: [-1, 1]
POT: 3
SCIPY BFGS TRAIN: Errors (MAE, RMSE, MAXAE)
Energy      = 1.078113e-01, 1.638056e-01, 1.824363e+00
Energy/Atom = 3.369104e-03, 5.118926e-03, 5.701136e-02
Forces      = 9.335927e-02, 1.495616e-01, 7.623160e+00
Stress      = 1.133831e+00, 1.799052e+00, 1.582765e+01
Charges     = 0.000000e+00, 0.000000e+00, 0.000000e+00

SCIPY BFGS VALID: Errors (MAE, RMSE, MAXAE)
Energy      = 2.050606e-01, 2.950717e-01, 1.283067e+00
Energy/Atom = 6.408143e-03, 9.220991e-03, 4.009584e-02
Forces      = 1.513525e-01, 2.928111e-01, 1.324467e+01
Stress      = 1.756677e+00, 2.832171e+00, 2.374686e+01
Charges     = 0.000000e+00, 0.000000e+00, 0.000000e+00

SCIPY BFGS TIME: 392.594320949167 NIT: 500 SUCCESS: False

group size rank 0 = 4768
group size rank 1 = 4736
group size rank 4 = 4768
group size rank 7 = 4768
group size rank 3 = 4768
group size rank 5 = 4768
group size rank 2 = 4768
group size rank 7 = 960
group size rank 6 = 960
group size rank 4 = 960
group size rank 0 = 960
group size rank 3 = 960
group size rank 5 = 960
group size rank 2 = 960
group size rank 1 = 960
group size rank 7 = 4768
INTERVAL: [-1, 1]
POT: 4
SCIPY BFGS TRAIN: Errors (MAE, RMSE, MAXAE)
Energy      = 3.479370e-01, 5.724846e-01, 3.671319e+00
Energy/Atom = 1.087303e-02, 1.789014e-02, 1.147287e-01
Forces      = 2.552104e-01, 4.072981e-01, 7.572210e+00
Stress      = 4.858802e+00, 8.669422e+00, 7.561583e+01
Charges     = 0.000000e+00, 0.000000e+00, 0.000000e+00

SCIPY BFGS VALID: Errors (MAE, RMSE, MAXAE)
Energy      = 8.565219e-01, 1.267640e+00, 4.243641e+00
Energy/Atom = 2.676631e-02, 3.961376e-02, 1.326138e-01
Forces      = 4.086666e-01, 7.399551e-01, 3.065819e+01
Stress      = 6.020814e+00, 1.057041e+01, 7.049131e+01
Charges     = 0.000000e+00, 0.000000e+00, 0.000000e+00

SCIPY BFGS TIME: 345.485147645697 NIT: 500 SUCCESS: False

group size rank 0 = 4768
group size rank 4 = 4768
group size rank 6 = 4768
group size rank 3 = 4768
group size rank 2 = 4768
group size rank 5 = 4768
group size rank 1 = 4736
group size rank 0 = 960
group size rank 7 = 960
group size rank 4 = 960
group size rank 6 = 960
group size rank 3 = 960
group size rank 5 = 960
group size rank 2 = 960
group size rank 1 = 960
INTERVAL: [-1, 1]
POT: 5
SCIPY BFGS TRAIN: Errors (MAE, RMSE, MAXAE)
Energy      = 3.331546e-01, 4.730860e-01, 2.478391e+00
Energy/Atom = 1.041108e-02, 1.478394e-02, 7.744971e-02
Forces      = 2.735760e-01, 3.953664e-01, 6.418543e+00
Stress      = 3.943266e+00, 6.183596e+00, 4.646414e+01
Charges     = 0.000000e+00, 0.000000e+00, 0.000000e+00

SCIPY BFGS VALID: Errors (MAE, RMSE, MAXAE)
Energy      = 6.061802e-01, 8.132137e-01, 2.773319e+00
Energy/Atom = 1.894313e-02, 2.541293e-02, 8.666622e-02
Forces      = 4.240690e-01, 6.814729e-01, 3.296319e+01
Stress      = 5.499302e+00, 8.642093e+00, 6.105997e+01
Charges     = 0.000000e+00, 0.000000e+00, 0.000000e+00

SCIPY BFGS TIME: 348.41697218827903 NIT: 500 SUCCESS: False

