
The following have been reloaded with a version change:
  1) Python/Anaconda_v02.2024 => Python/Miniconda

[prun] Master compute host = cn-034
[prun] Resource manager = slurm
[prun] Launch cmd = mpirun /home/peivzarenkov/.conda/envs/peter_env/bin/python train_etn.py (family=openmpi)
group size rank 5 = 4768
group size rank 3 = 4768
group size rank 7 = 4768
group size rank 1 = 4736
group size rank 2 = 4768
group size rank 6 = 4768
group size rank 4 = 4768
group size rank 0 = 4768
group size rank 5 = 960
group size rank 3 = 960
group size rank 7 = 960
group size rank 2 = 960
group size rank 1 = 960
group size rank 6 = 960
group size rank 4 = 960
group size rank 0 = 960
[MLIP] Starting pretraining...
[MLIP] Rescaling potential...
[MLIP] Potential rescaling completed
[MLIP] 0	294.847	7.30715e+14	3.98887e+06	3296.68	46.0354
[MLIP] 1	4.91488e+13	276.09	319.314	41.5976	24.9421
[MLIP] 2	3.28628e+09	86.2711	4.17978
[MLIP] 3	5.23466e+07	317.342	4.22526	2.96718
[MLIP] 4	23489.2	5.81554	2.90274
[MLIP] 5	51.8046	2.67734
[MLIP] 6	56.7176	2.41368
[MLIP] 7	40722	2.59282	2.24855
[MLIP] 8	161667	2.5306	2.08412
[MLIP] 9	19.8266	1.78703
[MLIP] 10	3.03956	1.51048
[MLIP] 11	18.2536	1.17002
[MLIP] 12	2.42124	0.921985
[MLIP] 13	6.00771	0.827018
[MLIP] 14	3.52994	0.708343
[MLIP] 15	12.6777	0.687873	0.674069	0.664639
[MLIP] 16	0.449289
[MLIP] 17	0.439257	0.419891
[MLIP] 18	0.413591	0.410542
[MLIP] 19	0.400796
[MLIP] 20	0.391126
[MLIP] 21	0.388773	0.387064
[MLIP] 22	0.384572
[MLIP] 23	0.382456
[MLIP] 24	0.381573
[MLIP] 25	0.380756	0.380234
[MLIP] 26	0.379371
[MLIP] 27	0.376955	0.375844
[MLIP] 28	0.371591	0.366888
[MLIP] 29	0.435639	0.357122	0.355362	0.354861	0.353399
[MLIP] 30	0.341551
[MLIP] 31	0.345652	0.320349
[MLIP] 32	0.293121	0.289023	0.278484
[MLIP] 33	0.238417
[MLIP] 34	0.238398	0.181049
[MLIP] 35	0.148592
[MLIP] 36	0.119005
[MLIP] 37	0.175938	0.110697
[MLIP] 38	0.104356
[MLIP] 39	0.102558	0.10194
[MLIP] 40	0.0963974
[MLIP] 41	0.0876088
[MLIP] 42	0.0771536
[MLIP] 43	0.0716904	0.0683291
[MLIP] 44	0.060395	0.0583335
[MLIP] 45	0.0534479
[MLIP] 46	0.050077	0.0486409
[MLIP] 47	0.0456061
[MLIP] 48	0.0489131	0.043477
[MLIP] 49	0.0421163
[MLIP] 50	0.0412969
[MLIP] 51	0.0408986
[MLIP] 52	0.0406859
[MLIP] 53	0.0404895
[MLIP] 54	0.0402857
[MLIP] 55	0.0400645	0.0399568
[MLIP] 56	0.0396775	0.0392439	0.038862
[MLIP] 57	0.0388
[MLIP] 58	0.03879
[MLIP] 59	0.0387894
[MLIP] 60	0.0387893
[MLIP] 61	0.0387893
[MLIP] 62	0.0387893
[MLIP] 63	0.0387893
[MLIP] 64	0.0387893
[MLIP] 65	0.0387893	0.0387893
[MLIP] 66	0.0387893	0.0387893	0.0387893	0.0387893	0.0387893	0.0387893	0.0387893	0.0387893	0.0387893	0.0387893	0.0387893
[MLIP] 67	0.0387893	0.0387893	0.0387893	0.0387893	0.0387893	0.0387893	0.0387893	0.0387893	 Line search: prev_x == curr_x	0.0387893
[MLIP] 68	0.0387893	0.0387893	0.0387893	0.0387893	0.0387893	0.0387893	0.0387893	0.0387893	0.0387893	0.0387893	0.0387893
[MLIP] Stepping in accend direction. Stopping the training...
[MLIP] Pretraining completed
[MLIP] Rescaling potential...
[MLIP] Potential rescaling completed
[MLIP] 0	0.0387893	0.0387893	0.0387893
[MLIP] 1	0.0387893	0.0387893
[MLIP] 2	0.0387893	0.0387893
[MLIP] 3	0.0387893	0.0387893	0.0387893
[MLIP] 4	0.0387893	0.0387893	0.0387893	0.0387893	0.0387893
[MLIP] 5	0.0387893	0.0387893	0.0387893	0.0387893	0.0387893	0.0387893	0.0387893
[MLIP] 6	0.0387893	0.0387893	0.0387893	0.0387893	0.0387893
[MLIP] 7	0.0387893	0.0387893	0.0387893	0.0387893	0.0387893	0.0387893
[MLIP] 8	0.0387893	0.0387893	0.0387893	 Line search: prev_x == curr_x	0.0387893
[MLIP] 9	0.0387893	0.0387893	0.0387893	0.0387893	0.0387893	 Line search: prev_x == curr_x	0.0387893
[MLIP] 10	0.0387893	0.0387893	0.0387893	0.0387893	0.0387893	0.0387893	0.0387893	0.0387893	0.0387893	0.0387893	 Line search: prev_x == curr_x	0.0387893
[MLIP] Stepping in accend direction. Stopping the training...
POT: 1
TRAIN: Errors (MAE, RMSE, MAXAE)
Energy      = 2.057596e-01, 2.756559e-01, 1.332411e+00
Energy/Atom = 6.429987e-03, 8.614246e-03, 4.163784e-02
Forces      = 1.341377e-01, 1.917362e-01, 4.324607e+00
Stress      = 1.620948e+00, 2.373711e+00, 1.037363e+01
Charges     = 0.000000e+00, 0.000000e+00, 0.000000e+00

VALID: Errors (MAE, RMSE, MAXAE)
Energy      = 3.539201e-01, 4.439839e-01, 1.332411e+00
Energy/Atom = 1.106000e-02, 1.387450e-02, 4.163784e-02
Forces      = 1.825137e-01, 2.771155e-01, 4.324607e+00
Stress      = 1.661372e+00, 2.316578e+00, 1.037363e+01
Charges     = 0.000000e+00, 0.000000e+00, 0.000000e+00

TRAIN_TIME: 55.27189851179719

[MLIP] Starting pretraining...
[MLIP] Rescaling potential...
[MLIP] Potential rescaling completed
[MLIP] 0	424.513	7.46856e+09	3040.06	21.8263
[MLIP] 1	4.19214e+09	58.9774	10.3202	7.62443	11.0225	4.85301
[MLIP] 2	501976	27.9423	4.67218	4.60059
[MLIP] 3	25946.5	3.06904
[MLIP] 4	303.691	2.35482
[MLIP] 5	4762.34	1.91245	1.9114	1.86721	1.82691
[MLIP] 6	4908.16	1.64968
[MLIP] 7	4.87071	1.40469
[MLIP] 8	3.09885	1.61355	1.37187
[MLIP] 9	1.28942
[MLIP] 10	1.18838
[MLIP] 11	3.48115	1.18902	1.1765
[MLIP] 12	1.09439
[MLIP] 13	0.9249	0.944768	0.899001
[MLIP] 14	0.602487
[MLIP] 15	58.0503	0.543182
[MLIP] 16	0.767705	0.459177
[MLIP] 17	0.837902	0.442596
[MLIP] 18	0.457735	0.429164
[MLIP] 19	0.427852
[MLIP] 20	0.427466
[MLIP] 21	0.426881	0.426233
[MLIP] 22	0.424519
[MLIP] 23	0.421357
[MLIP] 24	0.415807
[MLIP] 25	0.410041
[MLIP] 26	0.407907	0.406959
[MLIP] 27	0.403121
[MLIP] 28	0.400259
[MLIP] 29	0.400162	0.3971
[MLIP] 30	0.399937	0.393888
[MLIP] 31	0.396332	0.392209
[MLIP] 32	0.390633	0.390231
[MLIP] 33	0.387933
[MLIP] 34	0.385226
[MLIP] 35	0.461494	0.383343	0.383223
[MLIP] 36	0.386321	0.381909
[MLIP] 37	0.379276
[MLIP] 38	0.3771
[MLIP] 39	0.401241	0.375964
[MLIP] 40	0.377742	0.375566
[MLIP] 41	0.374907
[MLIP] 42	0.373267	0.372729
[MLIP] 43	0.372691	0.371723
[MLIP] 44	0.370795	0.370425	0.370234
[MLIP] 45	0.379766	0.369169
[MLIP] 46	0.367719
[MLIP] 47	0.42656	0.366989	0.366951	0.366843
[MLIP] 48	0.365921	0.3655
[MLIP] 49	0.365675	0.365017
[MLIP] 50	0.365315	0.364488
[MLIP] 51	0.365326	0.364084
[MLIP] 52	0.363385
[MLIP] 53	0.364142	0.363175
[MLIP] 54	0.362828
[MLIP] 55	0.363007	0.362641
[MLIP] 56	0.362428
[MLIP] 57	0.362298
[MLIP] 58	0.362265	0.362222
[MLIP] 59	0.362182	0.362174
[MLIP] 60	0.362107	0.36207
[MLIP] 61	0.362041
[MLIP] 62	0.362016
[MLIP] 63	0.361999
[MLIP] 64	0.361979	0.361962
[MLIP] 65	0.361923	0.361862	0.361823
[MLIP] 66	0.361739	0.361657
[MLIP] 67	0.361442	0.361118	0.360831
[MLIP] 68	0.361192	0.360614
[MLIP] 69	0.359937
[MLIP] 70	0.359245	0.358979
[MLIP] 71	0.359414	0.358509
[MLIP] 72	0.35661	0.354632
[MLIP] 73	0.349803	0.349991	0.349295
[MLIP] 74	1.17325	0.346062
[MLIP] Number of iterations exceeded the threshold. Stopping the training...
[MLIP] Pretraining completed
[MLIP] Rescaling potential...
[MLIP] Potential rescaling completed
[MLIP] 0	0.346038	199.233	3.85818	0.377535	0.346178	0.345819
[MLIP] 1	28108.3	6.32968	0.389864	0.345671	0.345225
[MLIP] 2	57.1041	0.363635	0.344252
[MLIP] 3	1.04443	0.350646	0.343207
[MLIP] 4	255.6	0.465211	0.339948
[MLIP] 5	0.336166
[MLIP] 6	0.3332
[MLIP] 7	0.331107
[MLIP] 8	0.332067	0.329899
[MLIP] 9	0.328696	0.327935
[MLIP] 10	0.327434
[MLIP] 11	0.327224
[MLIP] 12	0.327074
[MLIP] 13	0.32694	0.326893
[MLIP] 14	0.326821	0.326787
[MLIP] 15	0.326757	0.32671	0.326665
[MLIP] 16	0.326375	0.325862	0.32552
[MLIP] 17	0.323801	0.323226	0.322868
[MLIP] 18	0.33262	0.32083	0.320417	0.320666	0.319944
[MLIP] 19	0.326739	0.318699
[MLIP] 20	0.311302
[MLIP] 21	0.397008	0.307344
[MLIP] 22	0.313169	0.301535
[MLIP] 23	393.71	0.294073	0.294067	0.29358	0.292675
[MLIP] 24	20.6738	0.291363	0.291336	0.290807
[MLIP] 25	0.285908
[MLIP] 26	0.276739
[MLIP] 27	0.498901	0.268024
[MLIP] 28	0.260429	0.257774
[MLIP] 29	2.20412	0.253691
[MLIP] 30	0.766965	0.24459
[MLIP] 31	0.25935	0.222651
[MLIP] 32	0.261215	0.212932
[MLIP] 33	0.443396	0.202959	0.201981	0.200584
[MLIP] 34	0.394003	0.194694
[MLIP] 35	0.382505	0.176672
[MLIP] 36	0.263531	0.161661
[MLIP] 37	1.87221	0.145464	0.144563	0.142122	0.140087
[MLIP] 38	0.230485	0.11962
[MLIP] 39	0.708545	0.103236
[MLIP] 40	0.212317	0.077704
[MLIP] 41	0.632536	0.0680029
[MLIP] 42	0.325022	0.0586689
[MLIP] 43	0.0531535	0.0516126
[MLIP] 44	0.176519	0.046835
[MLIP] 45	0.114845	0.0448018
[MLIP] 46	0.0511816	0.0425446
[MLIP] 47	0.0427321	0.0415164
[MLIP] 48	0.0409472
[MLIP] 49	0.0402016
[MLIP] 50	0.0392363
[MLIP] 51	0.03888
[MLIP] 52	0.0388309
[MLIP] 53	0.0388147
[MLIP] 54	0.0388051	0.0387966
[MLIP] 55	0.0387905
[MLIP] 56	0.0387893
[MLIP] 57	0.0387893
[MLIP] 58	0.0387893
[MLIP] 59	0.0387893	0.0387893
[MLIP] 60	0.0387893
[MLIP] 61	0.0387893
[MLIP] 62	0.0387893
[MLIP] 63	0.0387893
[MLIP] 64	0.0387893
[MLIP] 65	0.0387893
[MLIP] 66	0.0387893
[MLIP] 67	0.0387893
[MLIP] 68	0.0387893	0.0387893	0.0387893	0.0387893	0.0387893	 Line search: prev_x == curr_x	0.0387893
[MLIP] 69	0.0387893	0.0387893	0.0387893
[MLIP] 70	0.0387893	0.0387893	0.0387893	0.0387893	0.0387893	0.0387893	0.0387893	0.0387893	0.0387893	0.0387893	0.0387893
[MLIP] 71	0.0387893	0.0387893	0.0387893	0.0387893	0.0387893	0.0387893	0.0387893	0.0387893	0.0387893	0.0387893	0.0387893
[MLIP] 72	0.0387893	0.0387893	0.0387893	0.0387893	0.0387893	0.0387893	0.0387893	0.0387893	0.0387893	0.0387893	0.0387893
[MLIP] Stepping in accend direction. Stopping the training...
POT: 2
TRAIN: Errors (MAE, RMSE, MAXAE)
Energy      = 2.057596e-01, 2.756559e-01, 1.332411e+00
Energy/Atom = 6.429987e-03, 8.614246e-03, 4.163784e-02
Forces      = 1.341377e-01, 1.917362e-01, 4.324607e+00
Stress      = 1.620948e+00, 2.373711e+00, 1.037363e+01
Charges     = 0.000000e+00, 0.000000e+00, 0.000000e+00

VALID: Errors (MAE, RMSE, MAXAE)
Energy      = 3.539201e-01, 4.439839e-01, 1.332411e+00
Energy/Atom = 1.106000e-02, 1.387450e-02, 4.163784e-02
Forces      = 1.825137e-01, 2.771155e-01, 4.324607e+00
Stress      = 1.661372e+00, 2.316578e+00, 1.037363e+01
Charges     = 0.000000e+00, 0.000000e+00, 0.000000e+00

TRAIN_TIME: 77.84322641044855

[MLIP] Starting pretraining...
[MLIP] Rescaling potential...
[MLIP] Potential rescaling completed
[MLIP] 0	73.7773	1.30322e+13	553763	696.57	49.0918
[MLIP] 1	2.00344e+14	391.055	132.714	8.94136
[MLIP] 2	5.78413e+10	367.138	2.70542
[MLIP] 3	156692	2.21856
[MLIP] 4	345.418	2.53579	2.05372
[MLIP] 5	12301.8	2.22355	1.87499
[MLIP] 6	33.0012	1.56868
[MLIP] 7	4.86434	1.60818	1.51824
[MLIP] 8	5.81028	1.45142
[MLIP] 9	1.34401
[MLIP] 10	2.98196	1.25565
[MLIP] 11	1.45545	1.1834	1.17428
[MLIP] 12	3.75776	1.0733
[MLIP] 13	23.3749	0.959312	0.953978	0.950704	0.914748
[MLIP] 14	1.03382	0.844412
[MLIP] 15	1.75612	0.701064	0.68208
[MLIP] 16	1.4513	0.622629
[MLIP] 17	1.19666	0.570487	0.565722
[MLIP] 18	0.684717	0.529212
[MLIP] 19	0.460335
[MLIP] 20	0.499319	0.444807
[MLIP] 21	0.464188	0.438439
[MLIP] 22	0.425413	0.421512
[MLIP] 23	0.41472	0.410611
[MLIP] 24	0.398368
[MLIP] 25	0.384869
[MLIP] 26	0.381203
[MLIP] 27	0.380148	0.379468
[MLIP] 28	0.378583
[MLIP] 29	0.378452
[MLIP] 30	0.378402	0.378327	0.378271
[MLIP] 31	0.377952	0.377363	0.376392	0.375299
[MLIP] 32	0.367797	0.374951	0.365132
[MLIP] 33	0.352249
[MLIP] 34	0.37734	0.347763
[MLIP] 35	0.339188
[MLIP] 36	0.333001	0.33103
[MLIP] 37	0.305376
[MLIP] 38	0.247489
[MLIP] 39	6.78519	0.217497
[MLIP] 40	4.64601	0.178634
[MLIP] 41	2.28115	0.141371
[MLIP] 42	1.04281	0.085028
[MLIP] 43	18.6223	0.0676784
[MLIP] 44	1.72047	0.0505719
[MLIP] 45	0.0510606	0.0426626
[MLIP] 46	0.0526988	0.0403458
[MLIP] 47	0.0396001	0.0391794
[MLIP] 48	0.0389341	0.0388576
[MLIP] 49	0.0387978
[MLIP] 50	0.0387902
[MLIP] 51	0.0387893
[MLIP] 52	0.0387893
[MLIP] 53	0.0387893
[MLIP] 54	0.0387893
[MLIP] 55	0.0387893
[MLIP] 56	0.0387893	0.0387893
[MLIP] 57	0.0387893	0.0387893	0.0387893	0.0387893	0.0387893
[MLIP] 58	0.0387893	0.0387893	0.0387893	0.0387893	0.0387893	0.0387893	0.0387893	 Line search: prev_x == curr_x	0.0387893
[MLIP] 59	0.0387893	0.0387893	0.0387893	0.0387893	0.0387893	0.0387893	0.0387893	 Line search: prev_x == curr_x	0.0387893
[MLIP] 60	0.0387893	0.0387893	0.0387893	0.0387893	0.0387893	0.0387893	0.0387893	0.0387893	 Line search: prev_x == curr_x	0.0387893
[MLIP] Stepping in accend direction. Stopping the training...
[MLIP] Pretraining completed
[MLIP] Rescaling potential...
[MLIP] Potential rescaling completed
[MLIP] 0	0.0387893	0.0387893	0.0387893	0.0387893
[MLIP] 1	0.0387893	0.0387893
[MLIP] 2	0.0387893	0.0387893	0.0387893
[MLIP] 3	0.0387893	0.0387893	0.0387893	0.0387893	0.0387893	0.0387893	0.0387893	0.0387893	0.0387893	0.0387893	0.0387893
[MLIP] 4	0.0387893	0.0387893	0.0387893	0.0387893	0.0387893	0.0387893	0.0387893	 Line search: prev_x == curr_x	0.0387893
[MLIP] 5	0.0387893	0.0387893	0.0387893	0.0387893	0.0387893	0.0387893	0.0387893	 Line search: prev_x == curr_x	0.0387893
[MLIP] Stepping in accend direction. Stopping the training...
POT: 3
TRAIN: Errors (MAE, RMSE, MAXAE)
Energy      = 2.057596e-01, 2.756559e-01, 1.332411e+00
Energy/Atom = 6.429987e-03, 8.614246e-03, 4.163784e-02
Forces      = 1.341377e-01, 1.917362e-01, 4.324607e+00
Stress      = 1.620948e+00, 2.373711e+00, 1.037363e+01
Charges     = 0.000000e+00, 0.000000e+00, 0.000000e+00

VALID: Errors (MAE, RMSE, MAXAE)
Energy      = 3.539201e-01, 4.439839e-01, 1.332411e+00
Energy/Atom = 1.106000e-02, 1.387450e-02, 4.163784e-02
Forces      = 1.825137e-01, 2.771155e-01, 4.324607e+00
Stress      = 1.661372e+00, 2.316578e+00, 1.037363e+01
Charges     = 0.000000e+00, 0.000000e+00, 0.000000e+00

TRAIN_TIME: 45.28259556181729

[MLIP] Starting pretraining...
[MLIP] Rescaling potential...
[MLIP] Potential rescaling completed
[MLIP] 0	5.79853	72218	7.92883	4.15715
[MLIP] 1	1.44221e+15	8764.48	9.44375	1.88437
[MLIP] 2	2753.68	2.29493	1.65387
[MLIP] 3	151.458	1.54702
[MLIP] 4	68.5175	1.4382
[MLIP] 5	12.5894	1.42046	1.38508
[MLIP] 6	10.1588	1.21532	1.20247	1.17808
[MLIP] 7	6.9382	1.09303	1.08695	1.07719
[MLIP] 8	0.913994	0.9011
[MLIP] 9	2.12832	0.852347
[MLIP] 10	63.8779	0.854806	0.806559
[MLIP] 11	4.73096	0.683211
[MLIP] 12	7.57549	0.569869
[MLIP] 13	13.4954	0.473249
[MLIP] 14	16.8592	0.409217
[MLIP] 15	0.70826	0.378725
[MLIP] 16	0.38343	0.375468
[MLIP] 17	0.374341	0.373868
[MLIP] 18	0.373133
[MLIP] 19	0.372072
[MLIP] 20	0.370735
[MLIP] 21	0.37031
[MLIP] 22	0.369864
[MLIP] 23	0.369558
[MLIP] 24	0.36861	0.367606
[MLIP] 25	0.363972	0.364113	0.362539
[MLIP] 26	0.341115	0.337746	0.328845
[MLIP] 27	140.058	0.306775
[MLIP] 28	6640.57	0.301275	0.301202	0.28812
[MLIP] 29	0.313703	0.262448
[MLIP] 30	0.16829
[MLIP] 31	7543.21	0.272947	0.145723
[MLIP] 32	40.706	0.112766
[MLIP] 33	3.17958	0.0917607
[MLIP] 34	0.861838	0.0807477
[MLIP] 35	0.410861	0.0563168
[MLIP] 36	0.112871	0.0479772
[MLIP] 37	0.046807	0.0415603
[MLIP] 38	0.0577283	0.0391736
[MLIP] 39	0.0394361	0.0389696
[MLIP] 40	0.0388574
[MLIP] 41	0.0387953
[MLIP] 42	0.0387921	0.0387902
[MLIP] 43	0.0387895
[MLIP] 44	0.0387893
[MLIP] 45	0.0387893	0.0387893
[MLIP] 46	0.0387893
[MLIP] 47	0.0387893
[MLIP] 48	0.0387893
[MLIP] 49	0.0387893
[MLIP] 50	0.0387893	0.0387893	0.0387893	0.0387893
[MLIP] 51	0.0387893	0.0387893	0.0387893	0.0387893	 Line search: prev_x == curr_x	0.0387893
[MLIP] 52	0.0387893	0.0387893
[MLIP] 53	0.0387893	0.0387893	0.0387893	0.0387893	0.0387893	0.0387893	0.0387893	0.0387893	0.0387893	 Line search: prev_x == curr_x	0.0387893
[MLIP] 54	0.0387893	0.0387893	0.0387893	0.0387893	0.0387893	0.0387893	0.0387893	0.0387893	 Line search: prev_x == curr_x	0.0387893
[MLIP] 55	0.0387893	0.0387893	0.0387893	0.0387893	0.0387893	0.0387893	 Line search: prev_x == curr_x	0.0387893
[MLIP] Stepping in accend direction. Stopping the training...
[MLIP] Pretraining completed
[MLIP] Rescaling potential...
[MLIP] Potential rescaling completed
[MLIP] 0	0.0387893	0.0387893	0.0387893
[MLIP] 1	0.0387893	0.0387893
[MLIP] 2	0.0387893	0.0387893	0.0387893
[MLIP] 3	0.0387893	0.0387893	0.0387893	0.0387893	0.0387893	0.0387893	0.0387893	0.0387893	0.0387893	0.0387893	0.0387893
[MLIP] 4	0.0387893	0.0387893
[MLIP] 5	0.0387893	0.0387893	0.0387893	0.0387893	0.0387893	0.0387893	0.0387893	0.0387893	 Line search: prev_x == curr_x	0.0387893
[MLIP] 6	0.0387893	0.0387893	0.0387893	0.0387893
[MLIP] 7	0.0387893	0.0387893	0.0387893	0.0387893	0.0387893	0.0387893	0.0387893	0.0387893	0.0387893	 Line search: prev_x == curr_x	0.0387893
[MLIP] 8	0.0387893	0.0387893	0.0387893	0.0387893	0.0387893	0.0387893	0.0387893	0.0387893	0.0387893	0.0387893	0.0387893
[MLIP] 9	0.0387893	0.0387893	0.0387893	0.0387893	0.0387893	0.0387893	0.0387893	0.0387893	0.0387893	0.0387893	 Line search: prev_x == curr_x	0.0387893
[MLIP] Stepping in accend direction. Stopping the training...
POT: 4
TRAIN: Errors (MAE, RMSE, MAXAE)
Energy      = 2.057596e-01, 2.756559e-01, 1.332411e+00
Energy/Atom = 6.429987e-03, 8.614246e-03, 4.163784e-02
Forces      = 1.341377e-01, 1.917362e-01, 4.324607e+00
Stress      = 1.620948e+00, 2.373711e+00, 1.037363e+01
Charges     = 0.000000e+00, 0.000000e+00, 0.000000e+00

VALID: Errors (MAE, RMSE, MAXAE)
Energy      = 3.539201e-01, 4.439839e-01, 1.332411e+00
Energy/Atom = 1.106000e-02, 1.387450e-02, 4.163784e-02
Forces      = 1.825137e-01, 2.771155e-01, 4.324607e+00
Stress      = 1.661372e+00, 2.316578e+00, 1.037363e+01
Charges     = 0.000000e+00, 0.000000e+00, 0.000000e+00

TRAIN_TIME: 49.62429179251194

[MLIP] Starting pretraining...
[MLIP] Rescaling potential...
[MLIP] Potential rescaling completed
[MLIP] 0	53.93	3.35199e+11	41279.6	237.927	42.835
[MLIP] 1	1.64836e+13	291.251	24.1237	7.87262
[MLIP] 2	1.337e+08	268.218	7.50893	4.98538
[MLIP] 3	148436	3.57238	3.56119	2.22129
[MLIP] 4	64798.4	3.12909	1.89123
[MLIP] 5	31573.3	1.65683	1.65581	1.55295
[MLIP] 6	4.66767	1.31294
[MLIP] 7	3.88254	1.1676
[MLIP] 8	1.94924	1.11295
[MLIP] 9	1.02576
[MLIP] 10	2.80025	0.943423
[MLIP] 11	1.38769	0.792798
[MLIP] 12	3.46805	0.691666
[MLIP] 13	0.506097
[MLIP] 14	1.83316	0.434085
[MLIP] 15	0.790493	0.419266
[MLIP] 16	0.395673
[MLIP] 17	0.387738
[MLIP] 18	0.381693
[MLIP] 19	0.377158	0.375115
[MLIP] 20	0.370272
[MLIP] 21	0.370396	0.36837
[MLIP] 22	0.367499
[MLIP] 23	0.367126
[MLIP] 24	0.367058	0.366993
[MLIP] 25	0.366828	0.366545	0.366177
[MLIP] 26	0.364546	0.362831
[MLIP] 27	0.356562	0.347381
[MLIP] 28	0.348265	0.32878
[MLIP] 29	0.292552
[MLIP] 30	0.682972	0.269225
[MLIP] 31	2.29609	0.226452
[MLIP] 32	1.33957	0.190727	0.188106
[MLIP] 33	0.917013	0.164116	0.162509
[MLIP] 34	0.761252	0.138974
[MLIP] 35	2.18626	0.113873	0.112613	0.108765
[MLIP] 36	0.416797	0.0887456
[MLIP] 37	0.178385	0.0694342
[MLIP] 38	0.108448	0.0650213
[MLIP] 39	0.281829	0.0599879
[MLIP] 40	0.0712267	0.0505307
[MLIP] 41	0.0460386
[MLIP] 42	0.0504763	0.044997
[MLIP] 43	0.045768	0.043706
[MLIP] 44	0.0430645	0.0425017
[MLIP] 45	0.041917	0.0417348
[MLIP] 46	0.0414255	0.0411296
[MLIP] 47	0.0416117	0.040866
[MLIP] 48	0.0407408
[MLIP] 49	0.0405572	0.0404214
[MLIP] 50	0.0399547	0.0398836
[MLIP] 51	0.0394864
[MLIP] 52	0.0392903
[MLIP] 53	0.0390717
[MLIP] 54	0.0389338
[MLIP] 55	0.0388736
[MLIP] 56	0.0388175
[MLIP] 57	0.038796
[MLIP] 58	0.0387904
[MLIP] 59	0.0387896
[MLIP] 60	0.0387893
[MLIP] 61	0.0387893
[MLIP] 62	0.0387893
[MLIP] 63	0.0387893
[MLIP] 64	0.0387893
[MLIP] 65	0.0387893
[MLIP] 66	0.0387893
[MLIP] 67	0.0387893
[MLIP] 68	0.0387893
[MLIP] 69	0.0387893
[MLIP] 70	0.0387893	0.0387893
[MLIP] 71	0.0387893	0.0387893	0.0387893	0.0387893	0.0387893
[MLIP] 72	0.0387893	0.0387893	0.0387893	0.0387893	0.0387893	0.0387893	 Line search: prev_x == curr_x	0.0387893
[MLIP] 73	0.0387893	0.0387893	0.0387893	0.0387893	0.0387893	0.0387893	0.0387893	0.0387893	0.0387893	0.0387893	0.0387893
[MLIP] 74	0.0387893	0.0387893	0.0387893	0.0387893	0.0387893	0.0387893	0.0387893	0.0387893	0.0387893
[MLIP] Number of iterations exceeded the threshold. Stopping the training...
[MLIP] Pretraining completed
[MLIP] Rescaling potential...
[MLIP] Potential rescaling completed
[MLIP] 0	0.0387893	0.0387893	0.0387893	0.0387893
[MLIP] 1	0.0387893	0.0387893	0.0387893	0.0387893	0.0387893	0.0387893	0.0387893	0.0387893	0.0387893	0.0387893	0.0387893
[MLIP] 2	0.0387893	0.0387893	0.0387893	0.0387893	0.0387893	0.0387893	0.0387893	0.0387893	0.0387893	0.0387893
[MLIP] 3	0.0387893	0.0387893	0.0387893	0.0387893	0.0387893	0.0387893	0.0387893	0.0387893	0.0387893	0.0387893	0.0387893
[MLIP] 4	0.0387893	0.0387893
[MLIP] 5	0.0387893	0.0387893	0.0387893	0.0387893	0.0387893	0.0387893	0.0387893	0.0387893	0.0387893	0.0387893	0.0387893
[MLIP] 6	0.0387893	0.0387893	0.0387893	0.0387893	0.0387893	0.0387893	0.0387893	0.0387893	0.0387893	0.0387893	0.0387893
[MLIP] 7	0.0387893	0.0387893	0.0387893	0.0387893	0.0387893	0.0387893	0.0387893	0.0387893
[MLIP] 8	0.0387893	0.0387893	0.0387893	0.0387893	0.0387893	 Line search: prev_x == curr_x	0.0387893
[MLIP] 9	0.0387893	0.0387893
[MLIP] 10	0.0387893	0.0387893	0.0387893	0.0387893	0.0387893	0.0387893	0.0387893	0.0387893	0.0387893	0.0387893	0.0387893
[MLIP] 11	0.0387893	0.0387893	0.0387893	0.0387893	0.0387893	0.0387893	0.0387893	0.0387893	0.0387893	0.0387893	 Line search: prev_x == curr_x	0.0387893
[MLIP] 12	0.0387893	0.0387893	0.0387893	0.0387893	0.0387893	0.0387893	0.0387893	0.0387893	0.0387893	0.0387893	 Line search: prev_x == curr_x	0.0387893
[MLIP] Stepping in accend direction. Stopping the training...
POT: 5
TRAIN: Errors (MAE, RMSE, MAXAE)
Energy      = 2.057596e-01, 2.756559e-01, 1.332411e+00
Energy/Atom = 6.429987e-03, 8.614246e-03, 4.163784e-02
Forces      = 1.341377e-01, 1.917362e-01, 4.324607e+00
Stress      = 1.620948e+00, 2.373711e+00, 1.037363e+01
Charges     = 0.000000e+00, 0.000000e+00, 0.000000e+00

VALID: Errors (MAE, RMSE, MAXAE)
Energy      = 3.539201e-01, 4.439839e-01, 1.332411e+00
Energy/Atom = 1.106000e-02, 1.387450e-02, 4.163784e-02
Forces      = 1.825137e-01, 2.771155e-01, 4.324607e+00
Stress      = 1.661372e+00, 2.316578e+00, 1.037363e+01
Charges     = 0.000000e+00, 0.000000e+00, 0.000000e+00

TRAIN_TIME: 64.89565258100629

[MLIP] Starting pretraining...
[MLIP] Rescaling potential...
[MLIP] Potential rescaling completed
[MLIP] 0	180.744	8.53281e+14	226650	2965.47	54.0468
[MLIP] 1	5.77072e+14	10945.6	34.7881	31.6381	15.2958
[MLIP] 2	1.73459e+08	18.8495	7.43331
[MLIP] 3	1.24553e+08	16.7016	3.49359
[MLIP] 4	1.14099e+11	1012.57	2.52403
[MLIP] 5	74.5395	2.38174
[MLIP] 6	3.22842	1.83462
[MLIP] 7	15.2443	1.61025
[MLIP] 8	2.68198e+06	5.34217	1.48964
[MLIP] 9	2257.01	1.25872
[MLIP] 10	89.6132	1.04054
[MLIP] 11	54.6263	0.636042
[MLIP] 12	2.2012	0.573354
[MLIP] 13	222.086	0.508906	0.507445	0.49155
[MLIP] 14	0.49839	0.457285
[MLIP] 15	0.51637	0.428408
[MLIP] 16	0.480682	0.419316
[MLIP] 17	0.409811
[MLIP] 18	0.471479	0.404991
[MLIP] 19	0.401289	0.396775
[MLIP] 20	0.388159
[MLIP] 21	0.385028
[MLIP] 22	0.382427
[MLIP] 23	0.381035
[MLIP] 24	0.379806
[MLIP] 25	0.378068	0.376953
[MLIP] 26	0.374263	0.371517
[MLIP] 27	0.360749	0.348431
[MLIP] 28	0.325644	0.324044	0.320132
[MLIP] 29	0.266241
[MLIP] 30	9.73794	0.254737	0.253656
[MLIP] 31	1.9382	0.230912
[MLIP] 32	0.208407	0.201466
[MLIP] 33	0.241566	0.188767
[MLIP] 34	0.210616	0.173896
[MLIP] 35	0.145287
[MLIP] 36	0.105482
[MLIP] 37	0.210941	0.0886567
[MLIP] 38	0.102199	0.0800549
[MLIP] 39	0.092941	0.0737617
[MLIP] 40	0.0734971	0.0699474
[MLIP] 41	0.0803816	0.065747
[MLIP] 42	0.0606889
[MLIP] 43	0.0581728	0.0555362
[MLIP] 44	0.0501883
[MLIP] 45	0.0489667	0.0443741
[MLIP] 46	0.0438479	0.0418051
[MLIP] 47	0.0405161
[MLIP] 48	0.0397301
[MLIP] 49	0.0392646
[MLIP] 50	0.0388422
[MLIP] 51	0.0387925
[MLIP] 52	0.0387908	0.0387901
[MLIP] 53	0.0387894
[MLIP] 54	0.0387893
[MLIP] 55	0.0387893
[MLIP] 56	0.0387893
[MLIP] 57	0.0387893
[MLIP] 58	0.0387893
[MLIP] 59	0.0387893
[MLIP] 60	0.0387893
[MLIP] 61	0.0387893	0.0387893
[MLIP] 62	0.0387893
[MLIP] 63	0.0387893	0.0387893	0.0387893	0.0387893	0.0387893	0.0387893	0.0387893	0.0387893	 Line search: prev_x == curr_x	0.0387893
[MLIP] 64	0.0387893	0.0387893	0.0387893	0.0387893	0.0387893	0.0387893	0.0387893	0.0387893	0.0387893	0.0387893	0.0387893
[MLIP] 65	0.0387893	0.0387893	0.0387893
[MLIP] 66	0.0387893	0.0387893	0.0387893	0.0387893	0.0387893	0.0387893	0.0387893	0.0387893	0.0387893	 Line search: prev_x == curr_x	0.0387893
[MLIP] 67	0.0387893	0.0387893	0.0387893	0.0387893
[MLIP] 68	0.0387893	0.0387893	0.0387893	0.0387893	0.0387893	0.0387893	0.0387893	0.0387893	0.0387893	0.0387893	 Line search: prev_x == curr_x	0.0387893
[MLIP] 69	0.0387893	0.0387893	0.0387893	0.0387893	0.0387893	0.0387893	0.0387893
[MLIP] 70	0.0387893	0.0387893	0.0387893	0.0387893	0.0387893	0.0387893	0.0387893	0.0387893	0.0387893	0.0387893	0.0387893
[MLIP] 71	0.0387893	0.0387893	0.0387893	0.0387893	0.0387893	0.0387893	0.0387893	0.0387893	0.0387893	0.0387893	 Line search: prev_x == curr_x	0.0387893
[MLIP] 72	0.0387893	0.0387893	0.0387893	0.0387893	0.0387893	0.0387893	0.0387893	0.0387893	0.0387893	0.0387893	0.0387893
[MLIP] Stepping in accend direction. Stopping the training...
[MLIP] Pretraining completed
[MLIP] Rescaling potential...
[MLIP] Potential rescaling completed
[MLIP] 0	0.0387893	0.0387893	0.0387893	0.0387893	0.0387893
[MLIP] 1	0.0387893	0.0387893
[MLIP] 2	0.0387893	0.0387893	0.0387893	0.0387893	0.0387893
[MLIP] 3	0.0387893	0.0387893	0.0387893	0.0387893	0.0387893	0.0387893	0.0387893	0.0387893	0.0387893	 Line search: prev_x == curr_x	0.0387893
[MLIP] 4	0.0387893	0.0387893	0.0387893	0.0387893	0.0387893	0.0387893	0.0387893	0.0387893	 Line search: prev_x == curr_x	0.0387893
[MLIP] 5	0.0387893	0.0387893	0.0387893	0.0387893	0.0387893	0.0387893	0.0387893	0.0387893
[MLIP] 6	0.0387893	0.0387893	0.0387893	0.0387893	0.0387893	0.0387893	0.0387893	0.0387893	0.0387893	0.0387893	0.0387893
[MLIP] 7	0.0387893	0.0387893	0.0387893	0.0387893	0.0387893	0.0387893	0.0387893	0.0387893	0.0387893	0.0387893	0.0387893
[MLIP] 8	0.0387893	0.0387893	0.0387893	0.0387893	0.0387893	0.0387893	0.0387893	0.0387893	0.0387893	0.0387893	0.0387893
[MLIP] Stepping in accend direction. Stopping the training...
POT: 1
TRAIN: Errors (MAE, RMSE, MAXAE)
Energy      = 2.057596e-01, 2.756559e-01, 1.332411e+00
Energy/Atom = 6.429987e-03, 8.614246e-03, 4.163784e-02
Forces      = 1.341377e-01, 1.917362e-01, 4.324607e+00
Stress      = 1.620948e+00, 2.373711e+00, 1.037363e+01
Charges     = 0.000000e+00, 0.000000e+00, 0.000000e+00

VALID: Errors (MAE, RMSE, MAXAE)
Energy      = 3.539201e-01, 4.439839e-01, 1.332411e+00
Energy/Atom = 1.106000e-02, 1.387450e-02, 4.163784e-02
Forces      = 1.825137e-01, 2.771155e-01, 4.324607e+00
Stress      = 1.661372e+00, 2.316578e+00, 1.037363e+01
Charges     = 0.000000e+00, 0.000000e+00, 0.000000e+00

TRAIN_TIME: 69.59889405593276

[MLIP] Starting pretraining...
[MLIP] Rescaling potential...
[MLIP] Potential rescaling completed
[MLIP] 0	357.558	4.92985e+14	3457.68	328.642	162.094
[MLIP] 1	2.02921e+16	65993.5	263.661	10.4691
[MLIP] 2	2.25323e+11	2275.34	5.55436
[MLIP] 3	56322.6	5.5575	1.69127
[MLIP] 4	576.069	3.31341	1.57481
[MLIP] 5	174.129	1.56731	1.48689
[MLIP] 6	2.20297	1.41754
[MLIP] 7	1.32668
[MLIP] 8	2.38976	1.2711
[MLIP] 9	1.26875	1.21878
[MLIP] 10	1.37547	1.16294
[MLIP] 11	1.13436	1.13019
[MLIP] 12	1.08782
[MLIP] 13	1.13449	1.05734
[MLIP] 14	3.00545	0.97913
[MLIP] 15	0.834946
[MLIP] 16	1.1343	0.74176
[MLIP] 17	2.95437	0.622416
[MLIP] 18	0.7332	0.490203
[MLIP] 19	0.651326	0.432085
[MLIP] 20	0.432259	0.409189
[MLIP] 21	0.418945	0.40437
[MLIP] 22	0.411744	0.403189
[MLIP] 23	0.402513
[MLIP] 24	0.399278	0.399503	0.397653
[MLIP] 25	0.397766	0.396088
[MLIP] 26	0.391972
[MLIP] 27	0.388679
[MLIP] 28	0.388418	0.386673
[MLIP] 29	0.386529	0.385061
[MLIP] 30	0.382532
[MLIP] 31	0.381771	0.381311
[MLIP] 32	0.37951	0.379554	0.379087
[MLIP] 33	0.378973	0.37824
[MLIP] 34	0.380356	0.377526
[MLIP] 35	0.376193
[MLIP] 36	0.375689
[MLIP] 37	0.375069	0.375038
[MLIP] 38	0.374651	0.374519
[MLIP] 39	0.374215
[MLIP] 40	0.373701
[MLIP] 41	0.373379
[MLIP] 42	0.373138
[MLIP] 43	0.372925	0.37289	0.372853
[MLIP] 44	0.372715	0.372581
[MLIP] 45	0.373394	0.372406
[MLIP] 46	0.372752	0.372254
[MLIP] 47	0.372128
[MLIP] 48	0.372004
[MLIP] 49	0.371728
[MLIP] 50	0.371505	0.371446
[MLIP] 51	0.371716	0.37126
[MLIP] 52	0.371424	0.371046
[MLIP] 53	0.37154	0.370945
[MLIP] 54	0.370694
[MLIP] 55	0.370231
[MLIP] 56	0.37
[MLIP] 57	0.369764
[MLIP] 58	0.369455
[MLIP] 59	0.370501	0.369296
[MLIP] 60	0.368872
[MLIP] 61	0.368266
[MLIP] 62	0.367966	0.367923
[MLIP] 63	0.36749
[MLIP] 64	0.366731
[MLIP] 65	0.365762
[MLIP] 66	0.365175
[MLIP] 67	0.365013	0.364762
[MLIP] 68	0.366561	0.364354
[MLIP] 69	0.363827
[MLIP] 70	0.36285
[MLIP] 71	0.363619	0.362384
[MLIP] 72	0.362525	0.361377	0.361299
[MLIP] 73	0.362926	0.360983
[MLIP] 74	0.359867
[MLIP] Number of iterations exceeded the threshold. Stopping the training...
[MLIP] Pretraining completed
[MLIP] Rescaling potential...
[MLIP] Potential rescaling completed
[MLIP] 0	0.359712	138811	314.646	1.72837	0.371666	0.359655	0.359534
[MLIP] 1	1622.28	4.43875	0.379863	0.359728	0.359528
[MLIP] 2	2.05539	0.366988	0.359594	0.359528	0.359527
[MLIP] 3	10.8837	0.386799	0.359779	0.35951
[MLIP] 4	0.358846	0.358211
[MLIP] 5	0.356655	0.354852
[MLIP] 6	0.353241	0.352656
[MLIP] 7	0.35124	0.350451
[MLIP] 8	0.355054	0.35018
[MLIP] 9	0.350015
[MLIP] 10	0.349948
[MLIP] 11	0.349934	0.349911	0.349892
[MLIP] 12	0.349818	0.349706	0.349623
[MLIP] 13	0.349583	0.349519	0.349462
[MLIP] 14	0.349163	0.348581	0.347503	0.346185
[MLIP] 15	0.56372	0.345635
[MLIP] 16	0.34331	0.343032
[MLIP] 17	0.336941
[MLIP] 18	0.707453	0.332891
[MLIP] 19	0.376718	0.329776
[MLIP] 20	0.333968	0.325505
[MLIP] 21	0.330213	0.322274
[MLIP] 22	0.333594	0.317895
[MLIP] 23	0.309295
[MLIP] 24	0.30971	0.303889
[MLIP] 25	0.323091	0.293332
[MLIP] 26	0.614848	0.280345	0.278639	0.2773	0.275761
[MLIP] 27	0.792335	0.271838
[MLIP] 28	0.307763	0.268172
[MLIP] 29	0.295241	0.257848
[MLIP] 30	2.92066	0.251726
[MLIP] 31	0.221187
[MLIP] 32	7.45852	0.201982	0.201528	0.198092
[MLIP] 33	0.763196	0.177849
[MLIP] 34	1.49909	0.162924
[MLIP] 35	0.199306	0.139944
[MLIP] 36	0.215299	0.125954
[MLIP] 37	0.167019	0.106592
[MLIP] 38	19.9262	0.0970153
[MLIP] 39	0.172252	0.0920403
[MLIP] 40	0.0996472	0.0879911
[MLIP] 41	0.0853713
[MLIP] 42	0.085821	0.0846782
[MLIP] 43	0.0808815	0.0769743
[MLIP] 44	0.0810968	0.0696488
[MLIP] 45	0.0549379
[MLIP] 46	0.0734321	0.0494329
[MLIP] 47	0.0459694
[MLIP] 48	0.0447474
[MLIP] 49	0.0442611
[MLIP] 50	0.0438591	0.0436844
[MLIP] 51	0.0428573	0.0415253	0.040125
[MLIP] 52	0.0391093
[MLIP] 53	0.0389436
[MLIP] 54	0.0388757
[MLIP] 55	0.0388693
[MLIP] 56	0.0388638	0.0388569
[MLIP] 57	0.0388373	0.0388181
[MLIP] 58	0.038796
[MLIP] 59	0.0387893
[MLIP] 60	0.0387893
[MLIP] 61	0.0387893
[MLIP] 62	0.0387893
[MLIP] 63	0.0387893
[MLIP] 64	0.0387893
[MLIP] 65	0.0387893
[MLIP] 66	0.0387893	0.0387893	0.0387893	0.0387893	0.0387893	0.0387893	0.0387893	0.0387893	0.0387893	0.0387893	0.0387893
[MLIP] 67	0.0387893	0.0387893	0.0387893	0.0387893	0.0387893	0.0387893	0.0387893	0.0387893	0.0387893	0.0387893	0.0387893
[MLIP] 68	0.0387893	0.0387893	0.0387893	0.0387893	0.0387893	 Line search: prev_x == curr_x	0.0387893
[MLIP] Stepping in accend direction. Stopping the training...
POT: 2
TRAIN: Errors (MAE, RMSE, MAXAE)
Energy      = 2.057596e-01, 2.756559e-01, 1.332411e+00
Energy/Atom = 6.429987e-03, 8.614246e-03, 4.163784e-02
Forces      = 1.341377e-01, 1.917362e-01, 4.324607e+00
Stress      = 1.620948e+00, 2.373711e+00, 1.037363e+01
Charges     = 0.000000e+00, 0.000000e+00, 0.000000e+00

VALID: Errors (MAE, RMSE, MAXAE)
Energy      = 3.539201e-01, 4.439839e-01, 1.332411e+00
Energy/Atom = 1.106000e-02, 1.387450e-02, 4.163784e-02
Forces      = 1.825137e-01, 2.771155e-01, 4.324607e+00
Stress      = 1.661372e+00, 2.316578e+00, 1.037363e+01
Charges     = 0.000000e+00, 0.000000e+00, 0.000000e+00

TRAIN_TIME: 72.20204273797572

[MLIP] Starting pretraining...
[MLIP] Rescaling potential...
[MLIP] Potential rescaling completed
[MLIP] 0	44.2917	2.03728e+12	68590.1	256.85	30.7457
[MLIP] 1	2.28966e+13	25.1891	100.404	8.17073
[MLIP] 2	9.08201e+09	138.728	2.97258
[MLIP] 3	614301	2.02935
[MLIP] 4	21178	3.65645	1.88408
[MLIP] 5	13527.1	1.85098	1.63003
[MLIP] 6	3.54409	1.43941
[MLIP] 7	1.83359	1.38212
[MLIP] 8	1.30742
[MLIP] 9	1.2268
[MLIP] 10	1.18359	1.13588
[MLIP] 11	7.14537	1.1102
[MLIP] 12	11.3209	0.99015	0.977132	1.37028	0.919527
[MLIP] 13	1.07259	0.856427
[MLIP] 14	46.1407	0.805162
[MLIP] 15	2.97828	0.764489
[MLIP] 16	0.648635
[MLIP] 17	0.87134	0.612547
[MLIP] 18	0.626303	0.567352
[MLIP] 19	0.545406	0.535228
[MLIP] 20	0.50385	0.494236
[MLIP] 21	0.473153
[MLIP] 22	0.441356
[MLIP] 23	0.489001	0.432046
[MLIP] 24	0.402218
[MLIP] 25	0.395053	0.38951
[MLIP] 26	0.38203
[MLIP] 27	0.380415
[MLIP] 28	0.380212
[MLIP] 29	0.380174
[MLIP] 30	0.380139	0.38008	0.380003
[MLIP] 31	0.379678	0.3792	0.378894
[MLIP] 32	0.377174	0.373829	0.367508	0.356606	0.349084
[MLIP] 33	0.339705
[MLIP] 34	0.328585
[MLIP] 35	0.32085
[MLIP] 36	0.313159	0.309911
[MLIP] 37	0.310261	0.30516
[MLIP] 38	0.326423	0.30358
[MLIP] 39	0.299858
[MLIP] 40	0.298094
[MLIP] 41	0.296391	0.295792
[MLIP] 42	0.293576	0.290879
[MLIP] 43	0.286107
[MLIP] 44	0.292857	0.281086
[MLIP] 45	0.445088	0.277913
[MLIP] 46	0.27385	0.273178
[MLIP] 47	0.270007	0.268135
[MLIP] 48	0.2582
[MLIP] 49	0.308666	0.254227
[MLIP] 50	0.241029
[MLIP] 51	0.244024	0.231648
[MLIP] 52	0.21651
[MLIP] 53	0.220124	0.204551
[MLIP] 54	0.186391
[MLIP] 55	0.181929	0.171087
[MLIP] 56	0.149716
[MLIP] 57	0.126189
[MLIP] 58	0.137007	0.106358
[MLIP] 59	0.102726	0.0805902
[MLIP] 60	0.0734009	0.0656776
[MLIP] 61	0.0514521
[MLIP] 62	0.0573739	0.0420455
[MLIP] 63	0.0422263	0.0401457
[MLIP] 64	0.0411888	0.0392407
[MLIP] 65	0.0392437	0.0390872
[MLIP] 66	0.0391773	0.0390292
[MLIP] 67	0.0389153
[MLIP] 68	0.0388024
[MLIP] 69	0.0387897
[MLIP] 70	0.0387893
[MLIP] 71	0.0387893
[MLIP] 72	0.0387893
[MLIP] 73	0.0387893
[MLIP] 74	0.0387893
[MLIP] Number of iterations exceeded the threshold. Stopping the training...
[MLIP] Pretraining completed
[MLIP] Rescaling potential...
[MLIP] Potential rescaling completed
[MLIP] 0	0.0387893	0.0387893	0.0387893
[MLIP] 1	0.0387893	0.0387893	0.0387893	0.0387893	0.0387893	0.0387893	0.0387893	 Line search: prev_x == curr_x	0.0387893
[MLIP] 2	0.0387893	0.0387893	0.0387893	0.0387893	 Line search: prev_x == curr_x	0.0387893
[MLIP] 3	0.0387893	0.0387893	0.0387893	0.0387893
[MLIP] 4	0.0387893	0.0387893
[MLIP] 5	0.0387893	0.0387893	0.0387893	0.0387893	0.0387893	0.0387893	0.0387893	0.0387893	0.0387893	0.0387893	0.0387893
[MLIP] 6	0.0387893	0.0387893	0.0387893	0.0387893
[MLIP] 7	0.0387893	0.0387893	0.0387893	0.0387893	0.0387893	0.0387893	0.0387893	0.0387893	0.0387893	0.0387893	0.0387893
[MLIP] 8	0.0387893	0.0387893	0.0387893	0.0387893	0.0387893	0.0387893	0.0387893	0.0387893	0.0387893	0.0387893	0.0387893
[MLIP] 9	0.0387893	0.0387893	0.0387893	0.0387893	0.0387893	0.0387893	0.0387893	0.0387893	 Line search: prev_x == curr_x	0.0387893
[MLIP] Stepping in accend direction. Stopping the training...
POT: 3
TRAIN: Errors (MAE, RMSE, MAXAE)
Energy      = 2.057596e-01, 2.756559e-01, 1.332411e+00
Energy/Atom = 6.429987e-03, 8.614246e-03, 4.163784e-02
Forces      = 1.341377e-01, 1.917362e-01, 4.324607e+00
Stress      = 1.620948e+00, 2.373711e+00, 1.037363e+01
Charges     = 0.000000e+00, 0.000000e+00, 0.000000e+00

VALID: Errors (MAE, RMSE, MAXAE)
Energy      = 3.539201e-01, 4.439839e-01, 1.332411e+00
Energy/Atom = 1.106000e-02, 1.387450e-02, 4.163784e-02
Forces      = 1.825137e-01, 2.771155e-01, 4.324607e+00
Stress      = 1.661372e+00, 2.316578e+00, 1.037363e+01
Charges     = 0.000000e+00, 0.000000e+00, 0.000000e+00

TRAIN_TIME: 54.9776153806597

[MLIP] Starting pretraining...
[MLIP] Rescaling potential...
[MLIP] Potential rescaling completed
[MLIP] 0	12.0518	53984.5	1242.02	30.0339	10.5979
[MLIP] 1	4.85051e+13	612.356	15.038	2.85772
[MLIP] 2	42863.6	2.60644	2.29845
[MLIP] 3	139383	2.74338	1.69319
[MLIP] 4	80.2823	1.60325	1.58632	1.5584
[MLIP] 5	3278.58	1.42894	1.41961	1.26217
[MLIP] 6	5.94149	1.29939	1.22497
[MLIP] 7	24.0078	1.10504	1.09913	1.09032	1.06358
[MLIP] 8	23.6883	0.865252	0.851612	0.83774	0.797114
[MLIP] 9	12.1324	0.711136
[MLIP] 10	79.9436	0.586697
[MLIP] 11	3.30487	0.534144
[MLIP] 12	16.1711	0.546555	0.502061
[MLIP] 13	0.846466	0.482028
[MLIP] 14	0.439998
[MLIP] 15	0.598508	0.429583
[MLIP] 16	0.386903
[MLIP] 17	0.376508
[MLIP] 18	0.727021	0.371577
[MLIP] 19	0.371108	0.370515
[MLIP] 20	0.370217	0.369911
[MLIP] 21	0.369447
[MLIP] 22	0.369033
[MLIP] 23	0.36835	0.368046
[MLIP] 24	0.367061	0.365366	0.363266
[MLIP] 25	0.353313	0.346504
[MLIP] 26	0.318198
[MLIP] 27	8.35389	0.294815
[MLIP] 28	0.429409	0.256393
[MLIP] 29	0.786614	0.219587
[MLIP] 30	6.51839	0.181968	0.18073	0.174934
[MLIP] 31	12.2535	0.157458
[MLIP] 32	0.148887	0.113842
[MLIP] 33	6.92791	0.0857092
[MLIP] 34	2.10157	0.0721214
[MLIP] 35	0.269214	0.0676012
[MLIP] 36	0.0973514	0.0527365
[MLIP] 37	0.0630648	0.0470092
[MLIP] 38	0.0448884	0.0434458
[MLIP] 39	0.0542194	0.0415036
[MLIP] 40	0.0402532
[MLIP] 41	0.039599
[MLIP] 42	0.0389826
[MLIP] 43	0.0388187
[MLIP] 44	0.0387922
[MLIP] 45	0.0387895
[MLIP] 46	0.0387893
[MLIP] 47	0.0387893
[MLIP] 48	0.0387893
[MLIP] 49	0.0387893
[MLIP] 50	0.0387893
[MLIP] 51	0.0387893
[MLIP] 52	0.0387893
[MLIP] 53	0.0387893	0.0387893	0.0387893	0.0387893
[MLIP] 54	0.0387893	0.0387893	0.0387893
[MLIP] 55	0.0387893	0.0387893	0.0387893	0.0387893	0.0387893	0.0387893	 Line search: prev_x == curr_x	0.0387893
[MLIP] 56	0.0387893	0.0387893	0.0387893	0.0387893	0.0387893	0.0387893	0.0387893	 Line search: prev_x == curr_x	0.0387893
[MLIP] 57	0.0387893	0.0387893	0.0387893	0.0387893	0.0387893	 Line search: prev_x == curr_x	0.0387893
[MLIP] Stepping in accend direction. Stopping the training...
[MLIP] Pretraining completed
[MLIP] Rescaling potential...
[MLIP] Potential rescaling completed
[MLIP] 0	0.0387893	0.0387893	0.0387893	0.0387893
[MLIP] 1	0.0387893	0.0387893	0.0387893	0.0387893	0.0387893	0.0387893	0.0387893	0.0387893	0.0387893	0.0387893	0.0387893
[MLIP] 2	0.0387893	0.0387893	0.0387893	0.0387893	0.0387893	0.0387893	0.0387893	 Line search: prev_x == curr_x	0.0387893
[MLIP] 3	0.0387893	0.0387893	0.0387893	0.0387893	0.0387893	0.0387893	0.0387893	0.0387893	0.0387893	0.0387893	 Line search: prev_x == curr_x	0.0387893
[MLIP] Stepping in accend direction. Stopping the training...
POT: 4
TRAIN: Errors (MAE, RMSE, MAXAE)
Energy      = 2.057596e-01, 2.756559e-01, 1.332411e+00
Energy/Atom = 6.429987e-03, 8.614246e-03, 4.163784e-02
Forces      = 1.341377e-01, 1.917362e-01, 4.324607e+00
Stress      = 1.620948e+00, 2.373711e+00, 1.037363e+01
Charges     = 0.000000e+00, 0.000000e+00, 0.000000e+00

VALID: Errors (MAE, RMSE, MAXAE)
Energy      = 3.539201e-01, 4.439839e-01, 1.332411e+00
Energy/Atom = 1.106000e-02, 1.387450e-02, 4.163784e-02
Forces      = 1.825137e-01, 2.771155e-01, 4.324607e+00
Stress      = 1.661372e+00, 2.316578e+00, 1.037363e+01
Charges     = 0.000000e+00, 0.000000e+00, 0.000000e+00

TRAIN_TIME: 42.7415706794709

[MLIP] Starting pretraining...
[MLIP] Rescaling potential...
[MLIP] Potential rescaling completed
[MLIP] 0	80.3851	3.40068e+11	266796	578.353	63.9915
[MLIP] 1	7.78137e+13	530.327	51.1874	10.2004
[MLIP] 2	8.50226e+08	848.984	12.9291	6.39877
[MLIP] 3	1.87845e+06	6.82082	2.36533
[MLIP] 4	157016	4.208	1.9446
[MLIP] 5	113516	1.96707	1.57364
[MLIP] 6	2.43206	1.29296
[MLIP] 7	2.13027	1.20249
[MLIP] 8	9.26009	1.16533	1.15967
[MLIP] 9	8.83221	1.03995
[MLIP] 10	0.990794	0.900546
[MLIP] 11	5.21636	0.699332
[MLIP] 12	6.31525	0.607901
[MLIP] 13	0.67268	0.494091
[MLIP] 14	0.650115	0.441246
[MLIP] 15	2.66626	0.401061
[MLIP] 16	0.395578	0.386714
[MLIP] 17	0.379467
[MLIP] 18	0.372986
[MLIP] 19	0.36852
[MLIP] 20	0.367773	0.365274
[MLIP] 21	0.364998
[MLIP] 22	0.364852	0.364728
[MLIP] 23	0.364454	0.364034	0.363714
[MLIP] 24	0.362094	0.359356	0.355926
[MLIP] 25	0.341099	0.319458
[MLIP] 26	2.35354	0.305034	0.304524
[MLIP] 27	0.635624	0.2746	0.271648
[MLIP] 28	0.270159	0.204002
[MLIP] 29	14.0429	0.203226	0.193829
[MLIP] 30	0.237768	0.157353
[MLIP] 31	2.26379	0.146235	0.143905
[MLIP] 32	0.102114	0.0928835
[MLIP] 33	1.53657	0.088959	0.0852045
[MLIP] 34	0.104408	0.0655401
[MLIP] 35	0.0456524
[MLIP] 36	0.0607404	0.0419746
[MLIP] 37	0.219793	0.0403269
[MLIP] 38	0.0402568	0.0394495
[MLIP] 39	0.0408038	0.0389657
[MLIP] 40	0.0388302
[MLIP] 41	0.0387951
[MLIP] 42	0.0387901
[MLIP] 43	0.0387894
[MLIP] 44	0.0387893
[MLIP] 45	0.0387893
[MLIP] 46	0.0387893
[MLIP] 47	0.0387893
[MLIP] 48	0.0387893
[MLIP] 49	0.0387893
[MLIP] 50	0.0387893
[MLIP] 51	0.0387893
[MLIP] 52	0.0387893
[MLIP] 53	0.0387893	0.0387893	0.0387893	0.0387893	0.0387893	0.0387893	0.0387893	0.0387893	0.0387893	0.0387893	0.0387893
[MLIP] 54	0.0387893	0.0387893	0.0387893	0.0387893	0.0387893	0.0387893	0.0387893	0.0387893	0.0387893	 Line search: prev_x == curr_x	0.0387893
[MLIP] 55	0.0387893	0.0387893
[MLIP] 56	0.0387893	0.0387893	0.0387893	0.0387893	0.0387893	0.0387893	0.0387893	0.0387893	0.0387893	 Line search: prev_x == curr_x	0.0387893
[MLIP] 57	0.0387893	0.0387893	0.0387893	0.0387893	0.0387893	0.0387893	0.0387893	0.0387893	0.0387893	 Line search: prev_x == curr_x	0.0387893
[MLIP] 58	0.0387893	0.0387893	0.0387893	0.0387893	0.0387893	0.0387893	0.0387893	0.0387893	0.0387893	0.0387893	0.0387893
[MLIP] Stepping in accend direction. Stopping the training...
[MLIP] Pretraining completed
[MLIP] Rescaling potential...
[MLIP] Potential rescaling completed
[MLIP] 0	0.0387893	0.0387893	0.0387893	0.0387893	0.0387893
[MLIP] 1	0.0387893	0.0387893
[MLIP] 2	0.0387893	0.0387893	0.0387893	0.0387893	0.0387893	0.0387893	0.0387893	0.0387893	 Line search: prev_x == curr_x	0.0387893
[MLIP] 3	0.0387893	0.0387893	0.0387893	0.0387893	0.0387893	0.0387893	0.0387893	 Line search: prev_x == curr_x	0.0387893
[MLIP] 4	0.0387893	0.0387893	0.0387893	0.0387893	0.0387893	0.0387893
[MLIP] 5	0.0387893	0.0387893	0.0387893	0.0387893	0.0387893	0.0387893	0.0387893	0.0387893	0.0387893	 Line search: prev_x == curr_x	0.0387893
[MLIP] 6	0.0387893	0.0387893	0.0387893	0.0387893	0.0387893	0.0387893	0.0387893	 Line search: prev_x == curr_x	0.0387893
[MLIP] 7	0.0387893	0.0387893	0.0387893	0.0387893	0.0387893	0.0387893	0.0387893	0.0387893	0.0387893	 Line search: prev_x == curr_x	0.0387893
[MLIP] Stepping in accend direction. Stopping the training...
POT: 5
TRAIN: Errors (MAE, RMSE, MAXAE)
Energy      = 2.057596e-01, 2.756559e-01, 1.332411e+00
Energy/Atom = 6.429987e-03, 8.614246e-03, 4.163784e-02
Forces      = 1.341377e-01, 1.917362e-01, 4.324607e+00
Stress      = 1.620948e+00, 2.373711e+00, 1.037363e+01
Charges     = 0.000000e+00, 0.000000e+00, 0.000000e+00

VALID: Errors (MAE, RMSE, MAXAE)
Energy      = 3.539201e-01, 4.439839e-01, 1.332411e+00
Energy/Atom = 1.106000e-02, 1.387450e-02, 4.163784e-02
Forces      = 1.825137e-01, 2.771155e-01, 4.324607e+00
Stress      = 1.661372e+00, 2.316578e+00, 1.037363e+01
Charges     = 0.000000e+00, 0.000000e+00, 0.000000e+00

TRAIN_TIME: 53.604921678081155

[MLIP] Starting pretraining...
[MLIP] Rescaling potential...
[MLIP] Potential rescaling completed
[MLIP] 0	329.122	7.39372e+13	1.12043e+07	4050.9	44.4044
[MLIP] 1	2.77209e+13	52.5079	406.945	59.1732	26.5712
[MLIP] 2	5.99757e+09	125.359	4.27269
[MLIP] 3	7.22098e+07	235.242	4.52941	3.04817
[MLIP] 4	231.825	3.87807	3.00685
[MLIP] 5	1393.55	2.80683
[MLIP] 6	3669.23	2.7261	2.7168	2.5966
[MLIP] 7	1025.31	2.24256
[MLIP] 8	17049.7	2.04835	2.04769	1.99244
[MLIP] 9	277.903	2.14286	1.91684
[MLIP] 10	23.2022	1.65509
[MLIP] 11	1.94665	1.24948
[MLIP] 12	44.9612	0.887955
[MLIP] 13	8.26211	0.709284
[MLIP] 14	1.90612	0.584632
[MLIP] 15	0.516229	0.481015
[MLIP] 16	0.688518	0.450646
[MLIP] 17	0.435225
[MLIP] 18	0.423659	0.418135
[MLIP] 19	0.404543
[MLIP] 20	0.394957
[MLIP] 21	0.386026
[MLIP] 22	0.383084	0.382519
[MLIP] 23	0.380651
[MLIP] 24	0.380153
[MLIP] 25	0.379524	0.378979
[MLIP] 26	0.376933	0.373886	0.372735
[MLIP] 27	0.351357	0.322985
[MLIP] 28	0.24602
[MLIP] 29	3.51794	0.185372	0.18013	0.172354
[MLIP] 30	0.161139	0.142634
[MLIP] 31	0.115538
[MLIP] 32	0.0742214
[MLIP] 33	0.0600206
[MLIP] 34	0.0494019
[MLIP] 35	0.0418772
[MLIP] 36	0.0395299
[MLIP] 37	0.0390078
[MLIP] 38	0.0388228
[MLIP] 39	0.0388015
[MLIP] 40	0.0387968
[MLIP] 41	0.0387921
[MLIP] 42	0.0387903
[MLIP] 43	0.0387897
[MLIP] 44	0.0387894
[MLIP] 45	0.0387893
[MLIP] 46	0.0387893
[MLIP] 47	0.0387893
[MLIP] 48	0.0387893
[MLIP] 49	0.0387893
[MLIP] 50	0.0387893
[MLIP] 51	0.0387893
[MLIP] 52	0.0387893	0.0387893	0.0387893	0.0387893
[MLIP] 53	0.0387893	0.0387893	0.0387893	0.0387893
[MLIP] 54	0.0387893	0.0387893	0.0387893	0.0387893	0.0387893	0.0387893	0.0387893	0.0387893	0.0387893	0.0387893	0.0387893
[MLIP] 55	0.0387893	0.0387893	0.0387893	0.0387893	0.0387893	0.0387893	0.0387893	0.0387893	0.0387893	0.0387893	0.0387893
[MLIP] 56	0.0387893	0.0387893	0.0387893	0.0387893	0.0387893	 Line search: prev_x == curr_x	0.0387893
[MLIP] Stepping in accend direction. Stopping the training...
[MLIP] Pretraining completed
[MLIP] Rescaling potential...
[MLIP] Potential rescaling completed
[MLIP] 0	0.0387893	0.0387893	0.0387893	0.0387893	0.0387893	0.0387893	0.0387893	0.0387893	 Line search: prev_x == curr_x	0.0387893
[MLIP] 1	0.0387893	0.0387893	0.0387893	0.0387893	0.0387893	0.0387893	0.0387893	 Line search: prev_x == curr_x	0.0387893
[MLIP] 2	0.0387893	0.0387893	0.0387893	0.0387893	0.0387893	0.0387893	0.0387893	 Line search: prev_x == curr_x	0.0387893
[MLIP] Stepping in accend direction. Stopping the training...
POT: 1
TRAIN: Errors (MAE, RMSE, MAXAE)
Energy      = 2.057596e-01, 2.756559e-01, 1.332411e+00
Energy/Atom = 6.429987e-03, 8.614246e-03, 4.163784e-02
Forces      = 1.341377e-01, 1.917362e-01, 4.324607e+00
Stress      = 1.620948e+00, 2.373711e+00, 1.037363e+01
Charges     = 0.000000e+00, 0.000000e+00, 0.000000e+00

VALID: Errors (MAE, RMSE, MAXAE)
Energy      = 3.539201e-01, 4.439839e-01, 1.332411e+00
Energy/Atom = 1.106000e-02, 1.387450e-02, 4.163784e-02
Forces      = 1.825137e-01, 2.771155e-01, 4.324607e+00
Stress      = 1.661372e+00, 2.316578e+00, 1.037363e+01
Charges     = 0.000000e+00, 0.000000e+00, 0.000000e+00

TRAIN_TIME: 41.93204376287758

[MLIP] Starting pretraining...
[MLIP] Rescaling potential...
[MLIP] Potential rescaling completed
[MLIP] 0	332.208	1.34364e+15	6632.01	339.938	150.8
[MLIP] 1	5.58313e+15	133827	198.41	13.3039
[MLIP] 2	2.40981e+11	2371.23	7.27065
[MLIP] 3	633642	5.71328	1.90002
[MLIP] 4	2556.67	3.49927	1.68146
[MLIP] 5	566.783	1.80911	1.56289
[MLIP] 6	3.4219	1.45562
[MLIP] 7	1.31884
[MLIP] 8	1.27156	1.231
[MLIP] 9	1.42324	1.20519
[MLIP] 10	1.15175	1.1235
[MLIP] 11	1.07195	1.06201
[MLIP] 12	4.78106	1.01979
[MLIP] 13	1.38671	0.916174
[MLIP] 14	1.18651	0.724439
[MLIP] 15	2.7569	0.5751
[MLIP] 16	1.46503	0.516133
[MLIP] 17	0.535319	0.460764
[MLIP] 18	0.512805	0.431059
[MLIP] 19	0.410449
[MLIP] 20	0.413095	0.407351
[MLIP] 21	0.407391	0.404984
[MLIP] 22	0.402476
[MLIP] 23	0.41742	0.401144
[MLIP] 24	0.398387
[MLIP] 25	0.395248
[MLIP] 26	0.399231	0.393322
[MLIP] 27	0.391218	0.390977
[MLIP] 28	0.387031
[MLIP] 29	0.403298	0.385771
[MLIP] 30	0.385002	0.384133
[MLIP] 31	0.383409	0.383151
[MLIP] 32	0.38169
[MLIP] 33	0.381009
[MLIP] 34	0.37968
[MLIP] 35	0.385509	0.378899
[MLIP] 36	0.377585
[MLIP] 37	0.376698
[MLIP] 38	0.375775
[MLIP] 39	0.37582	0.375278
[MLIP] 40	0.374718
[MLIP] 41	0.374157
[MLIP] 42	0.373658
[MLIP] 43	0.373357
[MLIP] 44	0.375904	0.372924	0.372867
[MLIP] 45	0.373295	0.372723
[MLIP] 46	0.372578
[MLIP] 47	0.37242
[MLIP] 48	0.372165
[MLIP] 49	0.372076	0.372051
[MLIP] 50	0.371843
[MLIP] 51	0.371737	0.371617
[MLIP] 52	0.37192	0.371592
[MLIP] 53	0.371501
[MLIP] 54	0.371386
[MLIP] 55	0.371345	0.37133
[MLIP] 56	0.371459	0.37125
[MLIP] 57	0.371506	0.371203
[MLIP] 58	0.371111
[MLIP] 59	0.370987
[MLIP] 60	0.370967	0.370852
[MLIP] 61	0.370579
[MLIP] 62	0.369905
[MLIP] 63	0.372257	0.369592	0.369547	0.369516
[MLIP] 64	0.368897
[MLIP] 65	0.368137
[MLIP] 66	0.368501	0.367603
[MLIP] 67	0.406283	0.366991	0.366942	0.36686	0.366788
[MLIP] 68	0.367942	0.366439
[MLIP] 69	0.36513
[MLIP] 70	0.364111
[MLIP] 71	0.365459	0.363464
[MLIP] 72	0.362625	0.362482
[MLIP] 73	0.360554
[MLIP] 74	0.359112
[MLIP] Number of iterations exceeded the threshold. Stopping the training...
[MLIP] Pretraining completed
[MLIP] Rescaling potential...
[MLIP] Potential rescaling completed
[MLIP] 0	0.358722	433534	852.516	3.55673	0.38328	0.358857	0.35858
[MLIP] 1	969.264	2.60363	0.368867	0.358673	0.358579	0.358578
[MLIP] 2	4.95196	0.378049	0.358743	0.358577	0.358576
[MLIP] 3	45.9458	0.444222	0.35935	0.358526
[MLIP] 4	0.357234
[MLIP] 5	0.356255	0.354561	0.352703
[MLIP] 6	0.350478	0.349737
[MLIP] 7	0.349069	0.348621
[MLIP] 8	0.346923
[MLIP] 9	0.346472	0.346113
[MLIP] 10	0.345682
[MLIP] 11	0.345446
[MLIP] 12	0.345358
[MLIP] 13	0.345278	0.345206
[MLIP] 14	0.345096	0.345004
[MLIP] 15	0.344963
[MLIP] 16	0.344924	0.344908
[MLIP] 17	0.344836	0.344699	0.344452	0.344102
[MLIP] 18	0.342806
[MLIP] 19	0.369007	0.341627	0.341461	0.341339	0.341211
[MLIP] 20	0.343208	0.340236
[MLIP] 21	0.334802	0.339697	0.33372
[MLIP] 22	0.326939
[MLIP] 23	1.29946	0.325438
[MLIP] 24	0.419619	0.32043
[MLIP] 25	0.310682
[MLIP] 26	0.468318	0.301857
[MLIP] 27	0.330582	0.297332
[MLIP] 28	0.767913	0.290572	0.290067	0.28911
[MLIP] 29	0.617853	0.284497
[MLIP] 30	0.285531	0.277919
[MLIP] 31	0.289015	0.274562
[MLIP] 32	0.273948	0.266186
[MLIP] 33	1.01827	0.252824	0.252101
[MLIP] 34	1.29914	0.244859
[MLIP] 35	0.249806	0.22683
[MLIP] 36	0.199718
[MLIP] 37	0.540398	0.178403
[MLIP] 38	0.400372	0.170206
[MLIP] 39	7.72555	0.156566	0.156265	0.155738	0.15128
[MLIP] 40	0.372757	0.144188
[MLIP] 41	0.145948	0.135896
[MLIP] 42	0.190332	0.13263
[MLIP] 43	0.135598	0.129425
[MLIP] 44	0.137472	0.126054
[MLIP] 45	0.125571	0.124567
[MLIP] 46	0.121961	0.118114	0.116296
[MLIP] 47	0.100766
[MLIP] 48	0.0963657	0.0507361
[MLIP] 49	0.400309	0.0485715	0.048085
[MLIP] 50	0.0460493	0.0414254
[MLIP] 51	0.0400781
[MLIP] 52	0.0401224	0.0398914
[MLIP] 53	0.0398406
[MLIP] 54	0.0397673	0.0396661
[MLIP] 55	0.039356	0.0391638
[MLIP] 56	0.0389017	0.0387985
[MLIP] 57	0.0387955
[MLIP] 58	0.0387949
[MLIP] 59	0.0387946	0.0387944
[MLIP] 60	0.0387937	0.0387925	0.0387907
[MLIP] 61	0.0387893
[MLIP] 62	0.0387893
[MLIP] 63	0.0387893
[MLIP] 64	0.0387893
[MLIP] 65	0.0387893
[MLIP] 66	0.0387893
[MLIP] 67	0.0387893
[MLIP] 68	0.0387893	0.0387893	0.0387893	0.0387893	0.0387893	0.0387893	0.0387893	0.0387893	0.0387893	0.0387893	0.0387893
[MLIP] 69	0.0387893	0.0387893	0.0387893	0.0387893	0.0387893	0.0387893	0.0387893	0.0387893	0.0387893	0.0387893	0.0387893
[MLIP] 70	0.0387893	0.0387893	0.0387893	0.0387893	0.0387893	0.0387893	0.0387893	0.0387893	0.0387893	 Line search: prev_x == curr_x	0.0387893
[MLIP] Stepping in accend direction. Stopping the training...
POT: 2
TRAIN: Errors (MAE, RMSE, MAXAE)
Energy      = 2.057596e-01, 2.756559e-01, 1.332411e+00
Energy/Atom = 6.429987e-03, 8.614246e-03, 4.163784e-02
Forces      = 1.341377e-01, 1.917362e-01, 4.324607e+00
Stress      = 1.620948e+00, 2.373711e+00, 1.037363e+01
Charges     = 0.000000e+00, 0.000000e+00, 0.000000e+00

VALID: Errors (MAE, RMSE, MAXAE)
Energy      = 3.539201e-01, 4.439839e-01, 1.332411e+00
Energy/Atom = 1.106000e-02, 1.387450e-02, 4.163784e-02
Forces      = 1.825137e-01, 2.771155e-01, 4.324607e+00
Stress      = 1.661372e+00, 2.316578e+00, 1.037363e+01
Charges     = 0.000000e+00, 0.000000e+00, 0.000000e+00

TRAIN_TIME: 74.92484374903142

[MLIP] Starting pretraining...
[MLIP] Rescaling potential...
[MLIP] Potential rescaling completed
[MLIP] 0	49.0499	3.22436e+12	102236	311.453	33.754
[MLIP] 1	3.51226e+13	15.4733	124.512	9.94728
[MLIP] 2	2.14111e+10	229.123	3.50769	3.08079
[MLIP] 3	714152	2.15691
[MLIP] 4	1.55947e+06	9.12195	1.86671
[MLIP] 5	1793.7	1.74572	1.7348	1.5938
[MLIP] 6	3.92522	1.464
[MLIP] 7	1.86012	1.39467
[MLIP] 8	1.31949
[MLIP] 9	1.24066
[MLIP] 10	1.17972
[MLIP] 11	5.01811	1.05897	1.03447	1.23969	0.960966
[MLIP] 12	19.9879	0.915362
[MLIP] 13	2.46601	0.803518
[MLIP] 14	17.6169	0.72583
[MLIP] 15	0.530696
[MLIP] 16	0.440714
[MLIP] 17	0.824676	0.429062
[MLIP] 18	2.25933	0.427575	0.41881
[MLIP] 19	0.419169	0.406299
[MLIP] 20	0.400054
[MLIP] 21	0.394956	0.393586
[MLIP] 22	0.388459
[MLIP] 23	0.382729
[MLIP] 24	0.380811
[MLIP] 25	0.380092
[MLIP] 26	0.379851	0.379763
[MLIP] 27	0.379717	0.379681
[MLIP] 28	0.379564	0.379338	0.378914	0.378179	0.377153
[MLIP] 29	0.372359
[MLIP] 30	0.36273	0.359314
[MLIP] 31	0.855823	0.358906	0.357493
[MLIP] 32	0.349455
[MLIP] 33	0.344534
[MLIP] 34	0.338973
[MLIP] 35	0.32385	0.307414
[MLIP] 36	4.65501	0.296379
[MLIP] 37	5.83732	0.282315
[MLIP] 38	0.418173	0.264196
[MLIP] 39	0.249556	0.237774
[MLIP] 40	0.310142	0.212792
[MLIP] 41	1.09691	0.198551
[MLIP] 42	0.163035	0.153751
[MLIP] 43	0.214959	0.133032
[MLIP] 44	0.441196	0.123067
[MLIP] 45	0.0968465
[MLIP] 46	0.462674	0.0883008
[MLIP] 47	0.0709387
[MLIP] 48	0.0738251	0.0605472
[MLIP] 49	0.0644417	0.0569629
[MLIP] 50	0.0524182
[MLIP] 51	0.050038	0.0459577
[MLIP] 52	0.0423827
[MLIP] 53	0.0423271	0.0407079
[MLIP] 54	0.0398207
[MLIP] 55	0.0391465
[MLIP] 56	0.0388754
[MLIP] 57	0.0388022
[MLIP] 58	0.0387915
[MLIP] 59	0.0387897
[MLIP] 60	0.0387893
[MLIP] 61	0.0387893
[MLIP] 62	0.0387893
[MLIP] 63	0.0387893
[MLIP] 64	0.0387893
[MLIP] 65	0.0387893
[MLIP] 66	0.0387893
[MLIP] 67	0.0387893	0.0387893	0.0387893	0.0387893	0.0387893	0.0387893	0.0387893	 Line search: prev_x == curr_x	0.0387893
[MLIP] 68	0.0387893	0.0387893	0.0387893	0.0387893	0.0387893	0.0387893	0.0387893	0.0387893	0.0387893	0.0387893	0.0387893
[MLIP] 69	0.0387893	0.0387893	0.0387893	0.0387893	0.0387893	0.0387893	0.0387893	0.0387893	0.0387893	0.0387893	0.0387893
[MLIP] Stepping in accend direction. Stopping the training...
[MLIP] Pretraining completed
[MLIP] Rescaling potential...
[MLIP] Potential rescaling completed
[MLIP] 0	0.0387893	0.0387893	0.0387893
[MLIP] 1	0.0387893	0.0387893
[MLIP] 2	0.0387893	0.0387893
[MLIP] 3	0.0387893	0.0387893	0.0387893	0.0387893	0.0387893	0.0387893	0.0387893	0.0387893	0.0387893	 Line search: prev_x == curr_x	0.0387893
[MLIP] 4	0.0387893	0.0387893	0.0387893
[MLIP] 5	0.0387893	0.0387893	0.0387893
[MLIP] 6	0.0387893	0.0387893	0.0387893	0.0387893	0.0387893	0.0387893	0.0387893	0.0387893	0.0387893	0.0387893	0.0387893
[MLIP] 7	0.0387893	0.0387893	0.0387893	0.0387893	0.0387893	0.0387893	 Line search: prev_x == curr_x	0.0387893
[MLIP] 8	0.0387893	0.0387893	0.0387893	0.0387893	0.0387893	0.0387893	0.0387893	0.0387893	0.0387893	0.0387893	0.0387893
[MLIP] Stepping in accend direction. Stopping the training...
POT: 3
TRAIN: Errors (MAE, RMSE, MAXAE)
Energy      = 2.057596e-01, 2.756559e-01, 1.332411e+00
Energy/Atom = 6.429987e-03, 8.614246e-03, 4.163783e-02
Forces      = 1.341377e-01, 1.917362e-01, 4.324607e+00
Stress      = 1.620948e+00, 2.373711e+00, 1.037363e+01
Charges     = 0.000000e+00, 0.000000e+00, 0.000000e+00

VALID: Errors (MAE, RMSE, MAXAE)
Energy      = 3.539201e-01, 4.439839e-01, 1.332411e+00
Energy/Atom = 1.106000e-02, 1.387450e-02, 4.163783e-02
Forces      = 1.825137e-01, 2.771155e-01, 4.324607e+00
Stress      = 1.661372e+00, 2.316578e+00, 1.037363e+01
Charges     = 0.000000e+00, 0.000000e+00, 0.000000e+00

TRAIN_TIME: 52.20946168154478

[MLIP] Starting pretraining...
[MLIP] Rescaling potential...
[MLIP] Potential rescaling completed
[MLIP] 0	6.49464	63193.9	18.9584	6.18022	4.465
[MLIP] 1	2.51845e+14	473.893	30.6625	1.94471
[MLIP] 2	1659.05	1.63381
[MLIP] 3	260.201	1.86983	1.43377
[MLIP] 4	39.3042	1.38035	1.37327
[MLIP] 5	93.0851	1.26218	1.25412
[MLIP] 6	15.5547	1.19115
[MLIP] 7	1.85647	0.988613
[MLIP] 8	1.67897	0.908126
[MLIP] 9	2864.02	0.740826	0.740229	0.73047
[MLIP] 10	1.34974	0.660607
[MLIP] 11	2.26339	0.481231
[MLIP] 12	2.41975	0.413591
[MLIP] 13	1.63984	0.402344	0.399594
[MLIP] 14	0.418266	0.389592
[MLIP] 15	0.422973	0.386038
[MLIP] 16	0.382039
[MLIP] 17	0.37938	0.378287
[MLIP] 18	0.375021
[MLIP] 19	0.372737
[MLIP] 20	0.37103
[MLIP] 21	0.370719	0.370596
[MLIP] 22	0.370065
[MLIP] 23	0.369657
[MLIP] 24	0.369311	0.369013
[MLIP] 25	0.368366	0.367205	0.365413	0.364142
[MLIP] 26	0.380784	0.361619
[MLIP] 27	0.353149
[MLIP] 28	0.336196	0.322401
[MLIP] 29	1.10373	0.307445
[MLIP] 30	1.0257	0.285135
[MLIP] 31	0.199011
[MLIP] 32	51.0159	0.149542
[MLIP] 33	12.7514	0.118988
[MLIP] 34	25.4987	0.1241	0.0999272
[MLIP] 35	8.51644	0.0753125
[MLIP] 36	0.127512	0.0468337
[MLIP] 37	0.133788	0.0400119
[MLIP] 38	0.0404993	0.0390293
[MLIP] 39	0.0390428	0.0388324
[MLIP] 40	0.0388075	0.0387976
[MLIP] 41	0.0387915
[MLIP] 42	0.0387893
[MLIP] 43	0.0387893	0.0387893
[MLIP] 44	0.0387893
[MLIP] 45	0.0387893
[MLIP] 46	0.0387893
[MLIP] 47	0.0387893
[MLIP] 48	0.0387893	0.0387893	0.0387893
[MLIP] 49	0.0387893	0.0387893
[MLIP] 50	0.0387893
[MLIP] 51	0.0387893	0.0387893	0.0387893	0.0387893	0.0387893	0.0387893	0.0387893	0.0387893	0.0387893	0.0387893	 Line search: prev_x == curr_x	0.0387893
[MLIP] 52	0.0387893	0.0387893	0.0387893	0.0387893	0.0387893	0.0387893	0.0387893	0.0387893	0.0387893	0.0387893	0.0387893
[MLIP] 53	0.0387893	0.0387893	0.0387893
[MLIP] 54	0.0387893	0.0387893	0.0387893	0.0387893	 Line search: prev_x == curr_x	0.0387893
[MLIP] 55	0.0387893	0.0387893	0.0387893	0.0387893	0.0387893	0.0387893	0.0387893	0.0387893	0.0387893	0.0387893	0.0387893
[MLIP] 56	0.0387893	0.0387893	0.0387893	0.0387893	0.0387893	0.0387893	0.0387893	0.0387893	0.0387893	0.0387893	0.0387893
[MLIP] Stepping in accend direction. Stopping the training...
[MLIP] Pretraining completed
[MLIP] Rescaling potential...
[MLIP] Potential rescaling completed
[MLIP] 0	0.0387893	0.0387893	0.0387893	0.0387893	0.0387893	0.0387893	0.0387893	0.0387893	0.0387893	0.0387893	0.0387893	 Line search: prev_x == curr_x	0.0387893
[MLIP] 1	0.0387893	0.0387893	0.0387893	0.0387893	0.0387893	0.0387893	0.0387893	0.0387893	0.0387893	0.0387893	 Line search: prev_x == curr_x	0.0387893
[MLIP] 2	0.0387893	0.0387893	0.0387893	0.0387893	0.0387893	0.0387893	0.0387893	0.0387893	0.0387893	0.0387893	 Line search: prev_x == curr_x	0.0387893
[MLIP] Stepping in accend direction. Stopping the training...
POT: 4
TRAIN: Errors (MAE, RMSE, MAXAE)
Energy      = 2.057596e-01, 2.756559e-01, 1.332411e+00
Energy/Atom = 6.429987e-03, 8.614246e-03, 4.163784e-02
Forces      = 1.341377e-01, 1.917362e-01, 4.324607e+00
Stress      = 1.620948e+00, 2.373711e+00, 1.037363e+01
Charges     = 0.000000e+00, 0.000000e+00, 0.000000e+00

VALID: Errors (MAE, RMSE, MAXAE)
Energy      = 3.539201e-01, 4.439839e-01, 1.332411e+00
Energy/Atom = 1.106000e-02, 1.387450e-02, 4.163784e-02
Forces      = 1.825137e-01, 2.771155e-01, 4.324607e+00
Stress      = 1.661372e+00, 2.316578e+00, 1.037363e+01
Charges     = 0.000000e+00, 0.000000e+00, 0.000000e+00

TRAIN_TIME: 46.350641714408994

[MLIP] Starting pretraining...
[MLIP] Rescaling potential...
[MLIP] Potential rescaling completed
[MLIP] 0	65.0602	4.8478e+11	91964.6	350.052	51.6282
[MLIP] 1	3.34674e+13	392.662	32.917	8.85274
[MLIP] 2	3.30289e+08	462.347	9.51901	5.56294
[MLIP] 3	462522	4.65024	2.29071
[MLIP] 4	95946.5	3.44652	1.9138
[MLIP] 5	59291.2	1.76608	1.76453	1.56412
[MLIP] 6	3.96939	1.32923
[MLIP] 7	7.20569	1.21762
[MLIP] 8	1.98492	1.15146
[MLIP] 9	1.01042
[MLIP] 10	1.15205	0.886292
[MLIP] 11	2.57972	0.771967
[MLIP] 12	18.2052	0.695021
[MLIP] 13	3.48778	0.583308
[MLIP] 14	0.784742	0.470407
[MLIP] 15	0.662026	0.438469
[MLIP] 16	0.424744	0.414551
[MLIP] 17	0.417723	0.405574
[MLIP] 18	0.390961
[MLIP] 19	0.380812
[MLIP] 20	0.371275
[MLIP] 21	0.366395
[MLIP] 22	0.365936
[MLIP] 23	0.36566
[MLIP] 24	0.365617	0.365552
[MLIP] 25	0.365431	0.365361
[MLIP] 26	0.36507	0.364564	0.363847
[MLIP] 27	0.359774	0.354369
[MLIP] 28	0.336236	0.350577	0.33083
[MLIP] 29	0.280658	0.300839	0.27344
[MLIP] 30	1.36709	0.213087	0.206599	0.198298
[MLIP] 31	18.4286	0.209804	0.187239
[MLIP] 32	31.2838	0.171845	0.170296	0.164372
[MLIP] 33	0.887033	0.142769
[MLIP] 34	0.111558
[MLIP] 35	0.0786046
[MLIP] 36	0.120176	0.0582674
[MLIP] 37	0.203952	0.0510174
[MLIP] 38	0.141276	0.0429777
[MLIP] 39	0.0504757	0.0413308
[MLIP] 40	0.0569823	0.0400933
[MLIP] 41	0.0399441	0.039378
[MLIP] 42	0.0390646	0.0388882
[MLIP] 43	0.0388145
[MLIP] 44	0.0387951
[MLIP] 45	0.0387908
[MLIP] 46	0.0387897
[MLIP] 47	0.0387894
[MLIP] 48	0.0387893
[MLIP] 49	0.0387893
[MLIP] 50	0.0387893
[MLIP] 51	0.0387893
[MLIP] 52	0.0387893
[MLIP] 53	0.0387893	0.0387893
[MLIP] 54	0.0387893	0.0387893	0.0387893	0.0387893	 Line search: prev_x == curr_x	0.0387893
[MLIP] 55	0.0387893	0.0387893	0.0387893	0.0387893	0.0387893	 Line search: prev_x == curr_x	0.0387893
[MLIP] 56	0.0387893	0.0387893	0.0387893	0.0387893	0.0387893	0.0387893	0.0387893	0.0387893	0.0387893	0.0387893	0.0387893
[MLIP] Stepping in accend direction. Stopping the training...
[MLIP] Pretraining completed
[MLIP] Rescaling potential...
[MLIP] Potential rescaling completed
[MLIP] 0	0.0387893	0.0387893	0.0387893	0.0387893
[MLIP] 1	0.0387893	0.0387893	0.0387893	0.0387893	0.0387893	0.0387893	0.0387893	0.0387893	0.0387893	0.0387893	0.0387893
[MLIP] 2	0.0387893	0.0387893	0.0387893	0.0387893
[MLIP] 3	0.0387893	0.0387893	0.0387893	0.0387893	0.0387893	0.0387893	0.0387893	0.0387893	0.0387893	0.0387893	0.0387893
[MLIP] 4	0.0387893	0.0387893
[MLIP] 5	0.0387893	0.0387893	0.0387893	0.0387893	0.0387893	0.0387893	0.0387893	0.0387893	0.0387893	0.0387893	0.0387893
[MLIP] 6	0.0387893	0.0387893	0.0387893	0.0387893	0.0387893
[MLIP] 7	0.0387893	0.0387893	0.0387893	0.0387893	0.0387893	0.0387893	0.0387893	0.0387893	0.0387893
[MLIP] 8	0.0387893	0.0387893	0.0387893	0.0387893	0.0387893	0.0387893	0.0387893	0.0387893	0.0387893	0.0387893	0.0387893
[MLIP] 9	0.0387893	0.0387893	0.0387893	0.0387893	0.0387893	0.0387893	0.0387893	0.0387893	0.0387893	0.0387893	0.0387893
[MLIP] 10	0.0387893	0.0387893	0.0387893	0.0387893	0.0387893	0.0387893	 Line search: prev_x == curr_x	0.0387893
[MLIP] Stepping in accend direction. Stopping the training...
POT: 5
TRAIN: Errors (MAE, RMSE, MAXAE)
Energy      = 2.057596e-01, 2.756559e-01, 1.332411e+00
Energy/Atom = 6.429987e-03, 8.614246e-03, 4.163783e-02
Forces      = 1.341377e-01, 1.917362e-01, 4.324607e+00
Stress      = 1.620948e+00, 2.373711e+00, 1.037363e+01
Charges     = 0.000000e+00, 0.000000e+00, 0.000000e+00

VALID: Errors (MAE, RMSE, MAXAE)
Energy      = 3.539201e-01, 4.439839e-01, 1.332411e+00
Energy/Atom = 1.106000e-02, 1.387450e-02, 4.163783e-02
Forces      = 1.825137e-01, 2.771155e-01, 4.324607e+00
Stress      = 1.661372e+00, 2.316578e+00, 1.037363e+01
Charges     = 0.000000e+00, 0.000000e+00, 0.000000e+00

TRAIN_TIME: 53.32748110964894

