
The following have been reloaded with a version change:
  1) Python/Anaconda_v02.2024 => Python/Miniconda

[prun] Master compute host = cn-017
[prun] Resource manager = slurm
[prun] Launch cmd = mpirun /home/peivzarenkov/.conda/envs/peter_env/bin/python train_mtp.py (family=openmpi)
group size rank 7 = 4768
group size rank 0 = 4768
group size rank 3 = 4768
group size rank 1 = 4736
group size rank 6 = 4768
group size rank 5 = 4768
group size rank 4 = 4768
group size rank 2 = 4768
group size rank 1 = 960
group size rank 3 = 960
group size rank 0 = 960
group size rank 7 = 960
group size rank 6 = 960
group size rank 5 = 960
group size rank 4 = 960
group size rank 2 = 960
[MLIP] Starting pretraining...
[MLIP] Rescaling potential...
[MLIP] Potential rescaling completed
[MLIP] 0	3324.02	2.33612e+26	31823.3	13646	19765.2	5155.61	941.972
[MLIP] 1	1.43927e+23	374.947	52.9671
[MLIP] 2	1.6774e+11	163.053	28.2114
[MLIP] 3	183266	289.244	25.7621	18.6527
[MLIP] 4	654.918	41.0949	7.61197
[MLIP] 5	385.373	11.9874	6.42456
[MLIP] 6	173.714	5.3789	4.33223
[MLIP] 7	29.5453	3.61643	3.29469
[MLIP] 8	8.44272	2.68308
[MLIP] 9	3.65806	2.27643
[MLIP] 10	2.24013	1.97781
[MLIP] 11	2.57053	1.73059
[MLIP] 12	2.00416	1.51803
[MLIP] 13	1.38696
[MLIP] 14	1.30133
[MLIP] 15	1.25831
[MLIP] 16	1.20264
[MLIP] 17	1.1409
[MLIP] 18	1.07317
[MLIP] 19	1.01301
[MLIP] 20	0.956235
[MLIP] 21	0.910071
[MLIP] 22	0.879741
[MLIP] 23	0.862358
[MLIP] 24	0.859543	0.841868
[MLIP] 25	0.816386
[MLIP] 26	0.779889
[MLIP] 27	0.757629
[MLIP] 28	0.733019
[MLIP] 29	0.706123
[MLIP] 30	0.684147
[MLIP] 31	0.662934
[MLIP] 32	0.644124
[MLIP] 33	0.620338
[MLIP] 34	0.586084
[MLIP] 35	0.537831
[MLIP] 36	0.500261
[MLIP] 37	0.478051
[MLIP] 38	0.448656
[MLIP] 39	0.416722
[MLIP] 40	0.374323
[MLIP] 41	0.341606
[MLIP] 42	0.31392
[MLIP] 43	0.289431
[MLIP] 44	0.260417
[MLIP] 45	0.238312
[MLIP] 46	0.226735
[MLIP] 47	0.218743
[MLIP] 48	0.211415
[MLIP] 49	0.201719
[MLIP] 50	0.190954
[MLIP] 51	0.182925
[MLIP] 52	0.178456
[MLIP] 53	0.176225
[MLIP] 54	0.173557	0.170112
[MLIP] 55	0.164276	0.161856
[MLIP] 56	0.157561	0.155998
[MLIP] 57	0.152534
[MLIP] 58	0.149209
[MLIP] 59	0.146191
[MLIP] 60	0.143365
[MLIP] 61	0.140579
[MLIP] 62	0.138123
[MLIP] 63	0.134798
[MLIP] 64	0.1318
[MLIP] 65	0.128362
[MLIP] 66	0.126088
[MLIP] 67	0.123896
[MLIP] 68	0.122666
[MLIP] 69	0.12142
[MLIP] 70	0.11979
[MLIP] 71	0.117933
[MLIP] 72	0.116266
[MLIP] 73	0.11475
[MLIP] 74	0.113372
[MLIP] Number of iterations exceeded the threshold. Stopping the training...
[MLIP] Pretraining completed
[MLIP] Rescaling potential...
[MLIP] Potential rescaling completed
[MLIP] 0	22.1478	85720.7	4383.97	229.13	21.162	18.0595
[MLIP] 1	401141	3531.06	51.1098	11.9224
[MLIP] 2	2036.59	69.4862	10.0905	9.33801
[MLIP] 3	1946.22	121.183	8.88199	6.84176
[MLIP] 4	292.628	7.36155	3.35381
[MLIP] 5	4933.9	1.96452
[MLIP] 6	54.1333	2.48745	1.63139
[MLIP] 7	37.9691	2.47436	1.40804
[MLIP] 8	5.72895	1.0811
[MLIP] 9	3.86212	0.765816
[MLIP] 10	0.774639	0.509573
[MLIP] 11	0.462119	0.389354
[MLIP] 12	0.324788
[MLIP] 13	0.2621
[MLIP] 14	0.254008	0.24176
[MLIP] 15	0.210398
[MLIP] 16	0.17824
[MLIP] 17	0.157743
[MLIP] 18	0.147126
[MLIP] 19	0.136367
[MLIP] 20	0.129339
[MLIP] 21	0.124276
[MLIP] 22	0.120292	0.118871
[MLIP] 23	0.11573	0.112265
[MLIP] 24	0.108798
[MLIP] 25	0.106988
[MLIP] 26	0.105171
[MLIP] 27	0.103445	0.102752
[MLIP] 28	0.101227	0.0993313
[MLIP] 29	0.0979503
[MLIP] 30	0.0969875
[MLIP] 31	0.095867
[MLIP] 32	0.0945348
[MLIP] 33	0.0931854
[MLIP] 34	0.0921228
[MLIP] 35	0.0913515
[MLIP] 36	0.0906101	0.0903409
[MLIP] 37	0.0896456	0.0886285	0.0880077
[MLIP] 38	0.0872075	0.0868817
[MLIP] 39	0.08555
[MLIP] 40	0.0844686	0.0840423
[MLIP] 41	0.082944	0.0823248
[MLIP] 42	0.0815955	0.0812361
[MLIP] 43	0.0804265	0.0795797
[MLIP] 44	0.0785393	0.078014
[MLIP] 45	0.0772444	0.0766766
[MLIP] 46	0.0759749	0.0756368
[MLIP] 47	0.0748828
[MLIP] 48	0.0738883
[MLIP] 49	0.0728427
[MLIP] 50	0.0716946
[MLIP] 51	0.0707303
[MLIP] 52	0.0696489
[MLIP] 53	0.0686198
[MLIP] 54	0.0677519
[MLIP] 55	0.0667837
[MLIP] 56	0.0659774	0.065523
[MLIP] 57	0.0647225
[MLIP] 58	0.0638966
[MLIP] 59	0.0629609
[MLIP] 60	0.0620825
[MLIP] 61	0.0609591
[MLIP] 62	0.0598899
[MLIP] 63	0.0589947
[MLIP] 64	0.0583045
[MLIP] 65	0.057578	0.057211
[MLIP] 66	0.0565883	0.0563306
[MLIP] 67	0.0558279
[MLIP] 68	0.055214
[MLIP] 69	0.0545919
[MLIP] 70	0.0542256
[MLIP] 71	0.0539051
[MLIP] 72	0.0535586	0.0533231
[MLIP] 73	0.0528575
[MLIP] 74	0.0524121
[MLIP] 75	0.0520117
[MLIP] 76	0.0515381
[MLIP] 77	0.0509743
[MLIP] 78	0.0504981
[MLIP] 79	0.0502264
[MLIP] 80	0.0500528
[MLIP] 81	0.0498703
[MLIP] 82	0.04964
[MLIP] 83	0.0493604
[MLIP] 84	0.0490729
[MLIP] 85	0.0488013
[MLIP] 86	0.0485212
[MLIP] 87	0.0481994
[MLIP] 88	0.0477949
[MLIP] 89	0.0473537
[MLIP] 90	0.0469257
[MLIP] 91	0.046563
[MLIP] 92	0.0462084
[MLIP] 93	0.0459583
[MLIP] 94	0.0457734
[MLIP] 95	0.0455431
[MLIP] 96	0.0451965	0.0450172
[MLIP] 97	0.0445582	0.0443683
[MLIP] 98	0.043787
[MLIP] 99	0.0433526
[MLIP] 100	0.0430595
[MLIP] 101	0.0425639	0.0423809
[MLIP] 102	0.04195
[MLIP] 103	0.0413915
[MLIP] 104	0.0411067
[MLIP] 105	0.0406818
[MLIP] 106	0.0402464
[MLIP] 107	0.0398089
[MLIP] 108	0.0395204
[MLIP] 109	0.0392963
[MLIP] 110	0.03912
[MLIP] 111	0.0389266
[MLIP] 112	0.0387234
[MLIP] 113	0.038476
[MLIP] 114	0.0381957
[MLIP] 115	0.0379439
[MLIP] 116	0.0377399
[MLIP] 117	0.0375394
[MLIP] 118	0.0373174
[MLIP] 119	0.0371046
[MLIP] 120	0.0368907
[MLIP] 121	0.0367372
[MLIP] 122	0.0365237
[MLIP] 123	0.0363162
[MLIP] 124	0.0360942
[MLIP] 125	0.0359239
[MLIP] 126	0.0357672
[MLIP] 127	0.0355578
[MLIP] 128	0.0351991
[MLIP] 129	0.0347764
[MLIP] 130	0.0342799
[MLIP] 131	0.0339074
[MLIP] 132	0.0337446
[MLIP] 133	0.0336573
[MLIP] 134	0.0335559	0.0335103
[MLIP] 135	0.0333567
[MLIP] 136	0.0330108
[MLIP] 137	0.0326865
[MLIP] 138	0.0323209
[MLIP] 139	0.0319349
[MLIP] 140	0.0316667
[MLIP] 141	0.0314723
[MLIP] 142	0.0313227
[MLIP] 143	0.0312468
[MLIP] 144	0.0311563
[MLIP] 145	0.0310516
[MLIP] 146	0.0309241
[MLIP] 147	0.0307962
[MLIP] 148	0.0306782
[MLIP] 149	0.0305731
[MLIP] 150	0.0304609
[MLIP] 151	0.0303414
[MLIP] 152	0.0301868
[MLIP] 153	0.0300395
[MLIP] 154	0.0299282
[MLIP] 155	0.0298346
[MLIP] 156	0.0297416
[MLIP] 157	0.0296359
[MLIP] 158	0.0294938
[MLIP] 159	0.0293086
[MLIP] 160	0.029072
[MLIP] 161	0.0288232
[MLIP] 162	0.0286324
[MLIP] 163	0.0284098
[MLIP] 164	0.0282374
[MLIP] 165	0.0281016
[MLIP] 166	0.0279187
[MLIP] 167	0.0276764
[MLIP] 168	0.0274465
[MLIP] 169	0.027231
[MLIP] 170	0.0270067
[MLIP] 171	0.0267375
[MLIP] 172	0.0265252
[MLIP] 173	0.0263246
[MLIP] 174	0.0260939
[MLIP] 175	0.0259577
[MLIP] 176	0.0258035
[MLIP] 177	0.0256229
[MLIP] 178	0.0254144
[MLIP] 179	0.0251486
[MLIP] 180	0.0248416
[MLIP] 181	0.0246492
[MLIP] 182	0.0244179
[MLIP] 183	0.0242751
[MLIP] 184	0.0240458
[MLIP] 185	0.0239124
[MLIP] 186	0.0237924
[MLIP] 187	0.0237016
[MLIP] 188	0.0236073
[MLIP] 189	0.0235238
[MLIP] 190	0.0234203
[MLIP] 191	0.0232682
[MLIP] 192	0.0231039
[MLIP] 193	0.0228908
[MLIP] 194	0.0226365
[MLIP] 195	0.02239
[MLIP] 196	0.022203
[MLIP] 197	0.022021
[MLIP] 198	0.0218493
[MLIP] 199	0.0217698
[MLIP] 200	0.0216545
[MLIP] 201	0.0215253
[MLIP] 202	0.0214081
[MLIP] 203	0.0212889
[MLIP] 204	0.0211164
[MLIP] 205	0.0208334
[MLIP] 206	0.0205685
[MLIP] 207	0.020226
[MLIP] 208	0.0198874
[MLIP] 209	0.0197583
[MLIP] 210	0.0196762
[MLIP] 211	0.0196297
[MLIP] 212	0.0195989
[MLIP] 213	0.0195777
[MLIP] 214	0.019551	0.0195363
[MLIP] 215	0.0194854	0.0194291
[MLIP] 216	0.0192703
[MLIP] 217	0.0190895
[MLIP] 218	0.0189454
[MLIP] 219	0.0188293
[MLIP] 220	0.0187591
[MLIP] 221	0.0187166
[MLIP] 222	0.0186746
[MLIP] 223	0.0186256
[MLIP] 224	0.0185617
[MLIP] 225	0.0184953
[MLIP] 226	0.0184084
[MLIP] 227	0.01827	0.0181934
[MLIP] 228	0.0179866	0.0178255
[MLIP] 229	0.0175845
[MLIP] 230	0.0174591
[MLIP] 231	0.0173643
[MLIP] 232	0.0173244
[MLIP] 233	0.0172916
[MLIP] 234	0.0172368
[MLIP] 235	0.0171748
[MLIP] 236	0.0170819
[MLIP] 237	0.0169553
[MLIP] 238	0.0167706
[MLIP] 239	0.016577
[MLIP] 240	0.0169168	0.0164481
[MLIP] 241	0.0162659
[MLIP] 242	0.0160994
[MLIP] 243	0.0160175
[MLIP] 244	0.0159379
[MLIP] 245	0.0158634
[MLIP] 246	0.0157755
[MLIP] 247	0.0157301
[MLIP] 248	0.0156695
[MLIP] 249	0.0155889	0.0155525
[MLIP] 250	0.015472
[MLIP] 251	0.0153674
[MLIP] 252	0.0152979
[MLIP] 253	0.0152427
[MLIP] 254	0.0151794
[MLIP] 255	0.0151311
[MLIP] 256	0.0150832
[MLIP] 257	0.0150246
[MLIP] 258	0.0149424
[MLIP] 259	0.0148289
[MLIP] 260	0.0147183
[MLIP] 261	0.0145998
[MLIP] 262	0.0144969
[MLIP] 263	0.0144179
[MLIP] 264	0.0143541
[MLIP] 265	0.0142902
[MLIP] 266	0.0142019
[MLIP] 267	0.0141139
[MLIP] 268	0.0140648
[MLIP] 269	0.0140459
[MLIP] 270	0.0140252
[MLIP] 271	0.0139994
[MLIP] 272	0.0139777
[MLIP] 273	0.0139355
[MLIP] 274	0.0138609
[MLIP] 275	0.0137374
[MLIP] 276	0.0136327
[MLIP] 277	0.0135101
[MLIP] 278	0.0134255
[MLIP] 279	0.0133558
[MLIP] 280	0.0133038
[MLIP] 281	0.0132565
[MLIP] 282	0.0132115
[MLIP] 283	0.0131887
[MLIP] 284	0.0131655
[MLIP] 285	0.0131356
[MLIP] 286	0.0131019
[MLIP] 287	0.0130615
[MLIP] 288	0.013004
[MLIP] 289	0.0129243
[MLIP] 290	0.0128329
[MLIP] 291	0.0127455
[MLIP] 292	0.0126749
[MLIP] 293	0.0126152
[MLIP] 294	0.012562
[MLIP] 295	0.012506
[MLIP] 296	0.0124659
[MLIP] 297	0.0124391
[MLIP] 298	0.0124176
[MLIP] 299	0.0123897
[MLIP] 300	0.0123647
[MLIP] 301	0.01232	0.0123025
[MLIP] 302	0.0122446	0.0122016
[MLIP] 303	0.0120873
[MLIP] 304	0.0119742
[MLIP] 305	0.0118573
[MLIP] 306	0.0117996
[MLIP] 307	0.0117499
[MLIP] 308	0.0117024
[MLIP] 309	0.0116321
[MLIP] 310	0.0115823
[MLIP] 311	0.0115446
[MLIP] 312	0.01151
[MLIP] 313	0.0114758
[MLIP] 314	0.0114319
[MLIP] 315	0.0113879
[MLIP] 316	0.0113363
[MLIP] 317	0.0112807
[MLIP] 318	0.0111928
[MLIP] 319	0.0110811
[MLIP] 320	0.0109436
[MLIP] 321	0.0108197
[MLIP] 322	0.0107287
[MLIP] 323	0.0106497
[MLIP] 324	0.0105696
[MLIP] 325	0.010504
[MLIP] 326	0.0104708
[MLIP] 327	0.0104443
[MLIP] 328	0.0104271
[MLIP] 329	0.0104068
[MLIP] 330	0.0103806
[MLIP] 331	0.0103432	0.0103285
[MLIP] 332	0.0102875	0.0102577
[MLIP] 333	0.010193
[MLIP] 334	0.0102293	0.0101686
[MLIP] 335	0.0101464
[MLIP] 336	0.0101261
[MLIP] 337	0.0101022
[MLIP] 338	0.0100662
[MLIP] 339	0.0100178
[MLIP] 340	0.0099568
[MLIP] 341	0.00989614
[MLIP] 342	0.00984517
[MLIP] 343	0.00978411
[MLIP] 344	0.00972131
[MLIP] 345	0.00966334
[MLIP] 346	0.00963241
[MLIP] 347	0.00960441
[MLIP] 348	0.00957857
[MLIP] 349	0.00955668
[MLIP] 350	0.00953959
[MLIP] 351	0.009526
[MLIP] 352	0.00951304
[MLIP] 353	0.00949492	0.00948571
[MLIP] 354	0.00945606	0.0094357
[MLIP] 355	0.00936678	0.00934001
[MLIP] 356	0.00927185	0.0092451
[MLIP] 357	0.00917698
[MLIP] 358	0.00913962
[MLIP] 359	0.0091145
[MLIP] 360	0.00908864
[MLIP] 361	0.00905808
[MLIP] 362	0.0090421
[MLIP] 363	0.00902101
[MLIP] 364	0.00900924
[MLIP] 365	0.00900075
[MLIP] 366	0.00899166	0.00898842
[MLIP] 367	0.00897677
[MLIP] 368	0.00895693
[MLIP] 369	0.00893093
[MLIP] 370	0.0089048
[MLIP] 371	0.00888348
[MLIP] 372	0.00889771	0.00887415
[MLIP] 373	0.00885568
[MLIP] 374	0.00883616
[MLIP] 375	0.00880497
[MLIP] 376	0.00874934
[MLIP] 377	0.00866718
[MLIP] 378	0.00857122
[MLIP] 379	0.00850818
[MLIP] 380	0.00843508
[MLIP] 381	0.00838731
[MLIP] 382	0.00835232
[MLIP] 383	0.00832472
[MLIP] 384	0.00831
[MLIP] 385	0.00830015
[MLIP] 386	0.00829225
[MLIP] 387	0.00828851
[MLIP] 388	0.00828461
[MLIP] 389	0.0082812
[MLIP] 390	0.00827661
[MLIP] 391	0.00826929	0.00826674
[MLIP] 392	0.008259	0.00825054
[MLIP] 393	0.00823636
[MLIP] 394	0.00822071	0.00821367
[MLIP] 395	0.0081947	0.00817324
[MLIP] 396	0.00814117
[MLIP] 397	0.00810194	0.00808776
[MLIP] 398	0.00803645	0.00801164
[MLIP] 399	0.00794222
[MLIP] 400	0.00786826
[MLIP] 401	0.00785679	0.00783396
[MLIP] 402	0.00780618
[MLIP] 403	0.0077943
[MLIP] 404	0.00778545
[MLIP] 405	0.00777934
[MLIP] 406	0.00777511
[MLIP] 407	0.00777022
[MLIP] 408	0.00776414
[MLIP] 409	0.00775495
[MLIP] 410	0.00774027
[MLIP] 411	0.0077192
[MLIP] 412	0.00768832
[MLIP] 413	0.00765187
[MLIP] 414	0.00760524
[MLIP] 415	0.00760063	0.00757593
[MLIP] 416	0.00753191
[MLIP] 417	0.00749874
[MLIP] 418	0.00747514
[MLIP] 419	0.00745437
[MLIP] 420	0.00743805
[MLIP] 421	0.00742518
[MLIP] 422	0.00741313
[MLIP] 423	0.00740303
[MLIP] 424	0.00739336
[MLIP] 425	0.00738487
[MLIP] 426	0.00737927
[MLIP] 427	0.00737572
[MLIP] 428	0.00737227
[MLIP] 429	0.00736525	0.00736293
[MLIP] 430	0.00735353	0.00734672
[MLIP] 431	0.00733043	0.00732359
[MLIP] 432	0.00730945	0.00730259
[MLIP] 433	0.00728367
[MLIP] 434	0.00726216
[MLIP] 435	0.00724025
[MLIP] 436	0.00722397
[MLIP] 437	0.00720784
[MLIP] 438	0.00719271
[MLIP] 439	0.00717701
[MLIP] 440	0.00716365
[MLIP] 441	0.00715099
[MLIP] 442	0.00714115
[MLIP] 443	0.00713239
[MLIP] 444	0.00712443
[MLIP] 445	0.0071145
[MLIP] 446	0.00710458
[MLIP] 447	0.00709448
[MLIP] 448	0.00708887
[MLIP] 449	0.00708466
[MLIP] 450	0.00708064
[MLIP] 451	0.00707662
[MLIP] 452	0.00707325
[MLIP] 453	0.00706919	0.00706742
[MLIP] 454	0.00706304	0.0070612
[MLIP] 455	0.00705556	0.00705154
[MLIP] 456	0.00704372	0.00703878
[MLIP] 457	0.00702575	0.00701959
[MLIP] 458	0.00700389	0.00699667
[MLIP] 459	0.00698455
[MLIP] 460	0.00697167
[MLIP] 461	0.00695837
[MLIP] 462	0.00694201
[MLIP] 463	0.00692823
[MLIP] 464	0.00691788
[MLIP] 465	0.00691028
[MLIP] 466	0.00690273
[MLIP] 467	0.00689696
[MLIP] 468	0.00689401
[MLIP] 469	0.00689127
[MLIP] 470	0.00688816
[MLIP] 471	0.00688268	0.00688045
[MLIP] 472	0.00687179	0.00686241
[MLIP] 473	0.00682716	0.00680112
[MLIP] 474	0.00675758	0.00673705
[MLIP] 475	0.00667931
[MLIP] 476	0.00668934	0.00665221
[MLIP] 477	0.00662883
[MLIP] 478	0.00661563
[MLIP] 479	0.00660847
[MLIP] 480	0.00660352
[MLIP] 481	0.00659912
[MLIP] 482	0.00659664
[MLIP] 483	0.00659495
[MLIP] 484	0.00659217	0.00659116
[MLIP] 485	0.00658741	0.00658407
[MLIP] 486	0.00657427
[MLIP] 487	0.00656114
[MLIP] 488	0.00655275
[MLIP] 489	0.0065313
[MLIP] 490	0.00650204
[MLIP] 491	0.00647653
[MLIP] 492	0.00646351
[MLIP] 493	0.00645181
[MLIP] 494	0.0064383
[MLIP] 495	0.00641444
[MLIP] 496	0.00638921
[MLIP] 497	0.00636116	0.0063513
[MLIP] 498	0.00633015
[MLIP] 499	0.00631946
[MLIP] Number of iterations exceeded the threshold. Stopping the training...
POT: 1
TRAIN: Errors (MAE, RMSE, MAXAE)
Energy      = 6.628185e-02, 9.327017e-02, 5.774322e-01
Energy/Atom = 2.071308e-03, 2.914693e-03, 1.804476e-02
Forces      = 5.554627e-02, 7.776093e-02, 1.173175e+00
Stress      = 7.027688e-01, 1.100621e+00, 7.072013e+00
Charges     = 0.000000e+00, 0.000000e+00, 0.000000e+00

VALID: Errors (MAE, RMSE, MAXAE)
Energy      = 1.229399e-01, 1.613120e-01, 5.774322e-01
Energy/Atom = 3.841873e-03, 5.041000e-03, 1.804476e-02
Forces      = 8.875327e-02, 1.200064e-01, 1.173175e+00
Stress      = 1.246158e+00, 1.843477e+00, 7.072013e+00
Charges     = 0.000000e+00, 0.000000e+00, 0.000000e+00

TRAIN_TIME: 339.1416070535779

[MLIP] Starting pretraining...
[MLIP] Rescaling potential...
[MLIP] Potential rescaling completed
[MLIP] 0	1256.28	7.60363e+26	86764.6	19407.5	18660.5	2100.76	399.509
[MLIP] 1	2.01883e+17	1590.7	218.635
[MLIP] 2	3.18948e+11	2140.12	128.106
[MLIP] 3	3.98593e+09	51.0937
[MLIP] 4	2.60604e+09	124.768	34.108
[MLIP] 5	14963.2	50.8951	22.597
[MLIP] 6	10816.4	110.862	18.4876
[MLIP] 7	419.282	21.486	13.1536
[MLIP] 8	102.408	11.6065	10.367	9.28218
[MLIP] 9	43.6227	7.22786
[MLIP] 10	62.052	6.28088	5.62772
[MLIP] 11	32.4099	4.67125
[MLIP] 12	16.0483	3.87071
[MLIP] 13	20.749	3.48611	3.34079
[MLIP] 14	7.61762	3.11259
[MLIP] 15	4.44696	2.62077
[MLIP] 16	2.37384
[MLIP] 17	2.36785	2.06889
[MLIP] 18	1.78847
[MLIP] 19	1.66446	1.61734
[MLIP] 20	1.54813	1.4803
[MLIP] 21	1.38878
[MLIP] 22	1.27904
[MLIP] 23	1.36312	1.20918
[MLIP] 24	1.14542	1.11816
[MLIP] 25	1.0723
[MLIP] 26	1.01697
[MLIP] 27	0.977616
[MLIP] 28	0.942627
[MLIP] 29	0.919912
[MLIP] 30	0.893878
[MLIP] 31	0.863761
[MLIP] 32	0.840834	0.827566
[MLIP] 33	0.800947
[MLIP] 34	0.774539
[MLIP] 35	0.744977
[MLIP] 36	0.714951
[MLIP] 37	0.693379
[MLIP] 38	0.668817
[MLIP] 39	0.646577
[MLIP] 40	0.631043
[MLIP] 41	0.615796
[MLIP] 42	0.598751
[MLIP] 43	0.582738
[MLIP] 44	0.565371
[MLIP] 45	0.543269
[MLIP] 46	0.51684
[MLIP] 47	0.488675
[MLIP] 48	0.462036
[MLIP] 49	0.438842
[MLIP] 50	0.41918
[MLIP] 51	0.398266	0.391407
[MLIP] 52	0.370375
[MLIP] 53	0.351992
[MLIP] 54	0.337522
[MLIP] 55	0.319327
[MLIP] 56	0.29746
[MLIP] 57	0.275943
[MLIP] 58	0.264345
[MLIP] 59	0.256329
[MLIP] 60	0.244354
[MLIP] 61	0.232931
[MLIP] 62	0.222014
[MLIP] 63	0.214903
[MLIP] 64	0.211084
[MLIP] 65	0.207092
[MLIP] 66	0.202781
[MLIP] 67	0.197404	0.195544
[MLIP] 68	0.189905	0.182818
[MLIP] 69	0.174531
[MLIP] 70	0.168349
[MLIP] 71	0.16086
[MLIP] 72	0.152052
[MLIP] 73	0.141069
[MLIP] 74	0.132862
[MLIP] Number of iterations exceeded the threshold. Stopping the training...
[MLIP] Pretraining completed
[MLIP] Rescaling potential...
[MLIP] Potential rescaling completed
[MLIP] 0	1029.39	2.0805e+25	15337.3	11254.1	8688.67	975.447	132.444
[MLIP] 1	1.36435e+11	202.948	97.6396
[MLIP] 2	1.46288e+06	652.302	70.2766
[MLIP] 3	660309	536.262	52.0355
[MLIP] 4	1.05228e+07	36.1306
[MLIP] 5	5748.35	101.396	22.4068
[MLIP] 6	1.86012e+07	23.7483	17.0598
[MLIP] 7	542065	8.62619
[MLIP] 8	414.601	7.67715	6.74774
[MLIP] 9	29.1082	3.88121
[MLIP] 10	38.4507	3.08422
[MLIP] 11	23.5068	2.46851
[MLIP] 12	3.08202	1.36516
[MLIP] 13	5.00663	1.11638
[MLIP] 14	2.4499	0.923089
[MLIP] 15	1.51022	0.683061
[MLIP] 16	0.462464
[MLIP] 17	0.364084
[MLIP] 18	0.314649
[MLIP] 19	0.276811
[MLIP] 20	0.227407
[MLIP] 21	0.194562
[MLIP] 22	0.170425
[MLIP] 23	0.152632
[MLIP] 24	0.138832
[MLIP] 25	0.127021
[MLIP] 26	0.120122
[MLIP] 27	0.11303
[MLIP] 28	0.106195
[MLIP] 29	0.0993405
[MLIP] 30	0.0937161
[MLIP] 31	0.0893677
[MLIP] 32	0.0855537
[MLIP] 33	0.0814359
[MLIP] 34	0.0775033
[MLIP] 35	0.0744539
[MLIP] 36	0.0721605
[MLIP] 37	0.0700663
[MLIP] 38	0.0680696
[MLIP] 39	0.0664156
[MLIP] 40	0.0648708
[MLIP] 41	0.0630198
[MLIP] 42	0.0608362
[MLIP] 43	0.0588869
[MLIP] 44	0.0575836
[MLIP] 45	0.0566846
[MLIP] 46	0.0558505
[MLIP] 47	0.055005
[MLIP] 48	0.0541488
[MLIP] 49	0.0532058
[MLIP] 50	0.0520637
[MLIP] 51	0.0508645
[MLIP] 52	0.0499332
[MLIP] 53	0.0493178
[MLIP] 54	0.0487936
[MLIP] 55	0.0481974
[MLIP] 56	0.0475782
[MLIP] 57	0.0469818
[MLIP] 58	0.0463093	0.046064
[MLIP] 59	0.0453542	0.0443408
[MLIP] 60	0.0428401
[MLIP] 61	0.042223	0.0419777
[MLIP] 62	0.0413876	0.0407769
[MLIP] 63	0.0396797	0.0392186
[MLIP] 64	0.0380799	0.0376588
[MLIP] 65	0.0371416
[MLIP] 66	0.0365957
[MLIP] 67	0.0360854
[MLIP] 68	0.0357199
[MLIP] 69	0.0353471
[MLIP] 70	0.0348711	0.0346463
[MLIP] 71	0.0340223	0.0336118
[MLIP] 72	0.0331925	0.0330142
[MLIP] 73	0.0327388	0.032562
[MLIP] 74	0.0322715	0.0321059
[MLIP] 75	0.0318653	0.0317668
[MLIP] 76	0.0315352	0.0313485
[MLIP] 77	0.0310705	0.0309662
[MLIP] 78	0.0308011	0.0307222
[MLIP] 79	0.0305746	0.0304609
[MLIP] 80	0.0301684	0.0299461
[MLIP] 81	0.0297621
[MLIP] 82	0.0295049
[MLIP] 83	0.0291552	0.0290008
[MLIP] 84	0.0285852	0.0281168
[MLIP] 85	0.0278198
[MLIP] 86	0.0277073	0.0276363
[MLIP] 87	0.027453	0.0272923
[MLIP] 88	0.0269186	0.0266106
[MLIP] 89	0.0261997
[MLIP] 90	0.025947
[MLIP] 91	0.0258527	0.0258012
[MLIP] 92	0.0256591	0.0255148
[MLIP] 93	0.0252926	0.0252032
[MLIP] 94	0.0250412	0.0248894
[MLIP] 95	0.0247044
[MLIP] 96	0.0244635
[MLIP] 97	0.024279
[MLIP] 98	0.0240985
[MLIP] 99	0.0239821
[MLIP] 100	0.0238954
[MLIP] 101	0.0237911
[MLIP] 102	0.0236216
[MLIP] 103	0.0233549
[MLIP] 104	0.0230943
[MLIP] 105	0.0229424
[MLIP] 106	0.0228353
[MLIP] 107	0.0227112
[MLIP] 108	0.0225438
[MLIP] 109	0.022364
[MLIP] 110	0.0221987
[MLIP] 111	0.0220418
[MLIP] 112	0.0219114
[MLIP] 113	0.021803
[MLIP] 114	0.0216699
[MLIP] 115	0.0215134
[MLIP] 116	0.0213636
[MLIP] 117	0.0212521
[MLIP] 118	0.0211859
[MLIP] 119	0.021143
[MLIP] 120	0.0211033
[MLIP] 121	0.0210537
[MLIP] 122	0.020982
[MLIP] 123	0.0208817
[MLIP] 124	0.0207912
[MLIP] 125	0.020729
[MLIP] 126	0.0206924
[MLIP] 127	0.0206633
[MLIP] 128	0.0206341
[MLIP] 129	0.0205872	0.0205711
[MLIP] 130	0.0205148	0.0204517
[MLIP] 131	0.0202502	0.0201479
[MLIP] 132	0.0200049
[MLIP] 133	0.0199236
[MLIP] 134	0.0198929
[MLIP] 135	0.0198454
[MLIP] 136	0.0197869
[MLIP] 137	0.0197208
[MLIP] 138	0.0196518
[MLIP] 139	0.0195762
[MLIP] 140	0.0194635
[MLIP] 141	0.0193458
[MLIP] 142	0.0192887
[MLIP] 143	0.0192537
[MLIP] 144	0.0192278
[MLIP] 145	0.0191945	0.0191776
[MLIP] 146	0.0191264	0.0190643
[MLIP] 147	0.0189175
[MLIP] 148	0.0188001
[MLIP] 149	0.0187622
[MLIP] 150	0.0187064
[MLIP] 151	0.0186679
[MLIP] 152	0.0186192
[MLIP] 153	0.0185715
[MLIP] 154	0.0185103
[MLIP] 155	0.0184307	0.0184033
[MLIP] 156	0.0183264	0.0182423
[MLIP] 157	0.0181327
[MLIP] 158	0.0180834	0.0180646
[MLIP] 159	0.0180162
[MLIP] 160	0.0179571
[MLIP] 161	0.0179175
[MLIP] 162	0.0178869
[MLIP] 163	0.017849
[MLIP] 164	0.01778
[MLIP] 165	0.0177036
[MLIP] 166	0.0176173
[MLIP] 167	0.0175488
[MLIP] 168	0.0175007
[MLIP] 169	0.0174728
[MLIP] 170	0.0174544
[MLIP] 171	0.0174381
[MLIP] 172	0.0174177	0.0174096
[MLIP] 173	0.0173805	0.0173502
[MLIP] 174	0.0172602
[MLIP] 175	0.0171847
[MLIP] 176	0.0171566
[MLIP] 177	0.0171388
[MLIP] 178	0.0171214	0.0171139
[MLIP] 179	0.0170797	0.0170392
[MLIP] 180	0.0169255	0.0168788
[MLIP] 181	0.016834
[MLIP] 182	0.016813
[MLIP] 183	0.0168019
[MLIP] 184	0.0167906	0.0167808
[MLIP] 185	0.0167603	0.0167347
[MLIP] 186	0.0166948
[MLIP] 187	0.016655
[MLIP] 188	0.0166157
[MLIP] 189	0.0165863
[MLIP] 190	0.0165644
[MLIP] 191	0.0165433
[MLIP] 192	0.016511	0.0165002
[MLIP] 193	0.0164623	0.016432
[MLIP] 194	0.0164039
[MLIP] 195	0.0163948
[MLIP] 196	0.0163813
[MLIP] 197	0.0163615	0.0163521
[MLIP] 198	0.0163233	0.0162888
[MLIP] 199	0.0162358
[MLIP] 200	0.0162236
[MLIP] 201	0.0162138
[MLIP] 202	0.0162054	0.0162017
[MLIP] 203	0.0161885	0.0161699
[MLIP] 204	0.0160996
[MLIP] 205	0.0160376
[MLIP] 206	0.0160162
[MLIP] 207	0.0160068
[MLIP] 208	0.0160007	0.0159979
[MLIP] 209	0.0159872	0.0159703	0.0159547
[MLIP] 210	0.015904	0.0158788
[MLIP] 211	0.0158513
[MLIP] 212	0.0158377
[MLIP] 213	0.0158339
[MLIP] 214	0.0158275	0.0158243
[MLIP] 215	0.015813	0.0157928	0.0157624	0.0157405
[MLIP] 216	0.0156571
[MLIP] 217	0.0156157
[MLIP] 218	0.0156112	0.0156096
[MLIP] 219	0.015603	0.0155924	0.015582
[MLIP] 220	0.0155418	0.015493
[MLIP] 221	0.0154226
[MLIP] 222	0.0154054
[MLIP] 223	0.0154013	0.0153993
[MLIP] 224	0.0153931	0.0153828	0.0153695
[MLIP] 225	0.0153176	0.0152798
[MLIP] 226	0.0152097	0.0151839
[MLIP] 227	0.01516
[MLIP] 228	0.0151535
[MLIP] 229	0.0151488	0.0151472
[MLIP] 230	0.0151418	0.0151328	0.0151219
[MLIP] 231	0.0150892	0.0150669
[MLIP] 232	0.0149969	0.0149498
[MLIP] 233	0.0148711
[MLIP] 234	0.0148255
[MLIP] 235	0.01481
[MLIP] 236	0.0147972
[MLIP] 237	0.0147801	0.0147688
[MLIP] 238	0.014733	0.0146814
[MLIP] 239	0.0145132
[MLIP] 240	0.0144553
[MLIP] 241	0.0144444
[MLIP] 242	0.0144334
[MLIP] 243	0.014424
[MLIP] 244	0.0144085	0.014402
[MLIP] 245	0.0143745	0.0143453
[MLIP] 246	0.014263	0.0142232
[MLIP] 247	0.0141312
[MLIP] 248	0.014054
[MLIP] 249	0.0140107
[MLIP] 250	0.0139899
[MLIP] 251	0.0139786
[MLIP] 252	0.0139714
[MLIP] 253	0.0139633	0.0139582
[MLIP] 254	0.0139393	0.0139213
[MLIP] 255	0.0138373	0.0137851
[MLIP] 256	0.0137127
[MLIP] 257	0.0136831
[MLIP] 258	0.0136738
[MLIP] 259	0.0136608	0.0136545
[MLIP] 260	0.0136366	0.0136128
[MLIP] 261	0.0135701
[MLIP] 262	0.0135141	0.0134869
[MLIP] 263	0.0134203	0.0133843
[MLIP] 264	0.013315
[MLIP] 265	0.0132731
[MLIP] 266	0.0132396
[MLIP] 267	0.013228
[MLIP] 268	0.0132195
[MLIP] 269	0.0132115	0.0132076
[MLIP] 270	0.0131929	0.0131723
[MLIP] 271	0.0130829	0.0130516
[MLIP] 272	0.012925
[MLIP] 273	0.0127115
[MLIP] 274	0.0125879
[MLIP] 275	0.0125726	0.012554
[MLIP] 276	0.0125323
[MLIP] 277	0.0125138
[MLIP] 278	0.0125001
[MLIP] 279	0.0124864
[MLIP] 280	0.0124624
[MLIP] 281	0.0124301
[MLIP] 282	0.0123816
[MLIP] 283	0.012306
[MLIP] 284	0.0122097
[MLIP] 285	0.0121238
[MLIP] 286	0.0120745
[MLIP] 287	0.0120421
[MLIP] 288	0.0120209
[MLIP] 289	0.0120002
[MLIP] 290	0.0119831
[MLIP] 291	0.0119656
[MLIP] 292	0.0119408
[MLIP] 293	0.0118974
[MLIP] 294	0.0118149
[MLIP] 295	0.0116756
[MLIP] 296	0.0114761
[MLIP] 297	0.011263
[MLIP] 298	0.0112531	0.011187
[MLIP] 299	0.0111281
[MLIP] 300	0.01111
[MLIP] 301	0.011098
[MLIP] 302	0.0110833	0.0110778
[MLIP] 303	0.0110575	0.0110317
[MLIP] 304	0.0109426
[MLIP] 305	0.0108342
[MLIP] 306	0.0107457
[MLIP] 307	0.0106418
[MLIP] 308	0.0105683
[MLIP] 309	0.0105349
[MLIP] 310	0.0104998
[MLIP] 311	0.0104732
[MLIP] 312	0.0104495
[MLIP] 313	0.0104315
[MLIP] 314	0.0104091
[MLIP] 315	0.0103833
[MLIP] 316	0.0103574
[MLIP] 317	0.0103285
[MLIP] 318	0.0102794
[MLIP] 319	0.0102205
[MLIP] 320	0.0101584
[MLIP] 321	0.0100775
[MLIP] 322	0.0100143
[MLIP] 323	0.00998483
[MLIP] 324	0.00997291
[MLIP] 325	0.00996276
[MLIP] 326	0.00995155
[MLIP] 327	0.00993463
[MLIP] 328	0.00991471
[MLIP] 329	0.00988237
[MLIP] 330	0.00983252
[MLIP] 331	0.00976409
[MLIP] 332	0.00967585
[MLIP] 333	0.00957927
[MLIP] 334	0.00950191
[MLIP] 335	0.00945783
[MLIP] 336	0.00943221
[MLIP] 337	0.00941862
[MLIP] 338	0.00940861
[MLIP] 339	0.00939955
[MLIP] 340	0.00938749
[MLIP] 341	0.00936957	0.00935973
[MLIP] 342	0.00932699	0.00931528
[MLIP] 343	0.00926431
[MLIP] 344	0.00918728
[MLIP] 345	0.00906556
[MLIP] 346	0.00896405
[MLIP] 347	0.00895947	0.0089268
[MLIP] 348	0.00888469
[MLIP] 349	0.00885631
[MLIP] 350	0.00883295
[MLIP] 351	0.00880951
[MLIP] 352	0.00877985
[MLIP] 353	0.00874329
[MLIP] 354	0.00871497
[MLIP] 355	0.00868831
[MLIP] 356	0.00866418
[MLIP] 357	0.00863939
[MLIP] 358	0.00860788	0.00859676
[MLIP] 359	0.00856005	0.00852336
[MLIP] 360	0.00846135
[MLIP] 361	0.00842091
[MLIP] 362	0.0083895
[MLIP] 363	0.00837017
[MLIP] 364	0.00836052
[MLIP] 365	0.00834765
[MLIP] 366	0.00833428
[MLIP] 367	0.0083247
[MLIP] 368	0.00831111
[MLIP] 369	0.00829882
[MLIP] 370	0.00828012	0.00827236
[MLIP] 371	0.00824652	0.00821742
[MLIP] 372	0.00814487	0.0081206
[MLIP] 373	0.00806364
[MLIP] 374	0.00798136
[MLIP] 375	0.00790972
[MLIP] 376	0.00785652
[MLIP] 377	0.00779575
[MLIP] 378	0.00776433
[MLIP] 379	0.00773791
[MLIP] 380	0.00771009
[MLIP] 381	0.00767559
[MLIP] 382	0.00764696
[MLIP] 383	0.00763149
[MLIP] 384	0.0076232
[MLIP] 385	0.00761762
[MLIP] 386	0.00760999	0.00760737
[MLIP] 387	0.00759817	0.00758777
[MLIP] 388	0.00756284
[MLIP] 389	0.00753995
[MLIP] 390	0.0075175
[MLIP] 391	0.00749322
[MLIP] 392	0.00746552
[MLIP] 393	0.00743059
[MLIP] 394	0.00738763
[MLIP] 395	0.00733391
[MLIP] 396	0.0072928
[MLIP] 397	0.00727173
[MLIP] 398	0.00725917
[MLIP] 399	0.00725247
[MLIP] 400	0.0072475
[MLIP] 401	0.00723968	0.00723592
[MLIP] 402	0.00722373	0.00720789
[MLIP] 403	0.00716788
[MLIP] 404	0.00712824
[MLIP] 405	0.00707909
[MLIP] 406	0.00702956
[MLIP] 407	0.00699802
[MLIP] 408	0.00697709
[MLIP] 409	0.00695816
[MLIP] 410	0.00693847
[MLIP] 411	0.00691485
[MLIP] 412	0.00688545
[MLIP] 413	0.0068545
[MLIP] 414	0.00682209
[MLIP] 415	0.00680416
[MLIP] 416	0.00679148
[MLIP] 417	0.00678494
[MLIP] 418	0.00678089
[MLIP] 419	0.0067775
[MLIP] 420	0.00677419
[MLIP] 421	0.00676937
[MLIP] 422	0.00676179
[MLIP] 423	0.00675082	0.00674674
[MLIP] 424	0.00673275	0.00672177
[MLIP] 425	0.00669302
[MLIP] 426	0.00665661
[MLIP] 427	0.00662347
[MLIP] 428	0.00658568
[MLIP] 429	0.00656377
[MLIP] 430	0.00655231
[MLIP] 431	0.00654201
[MLIP] 432	0.00653731
[MLIP] 433	0.00653373
[MLIP] 434	0.00652959
[MLIP] 435	0.00652428
[MLIP] 436	0.00651837
[MLIP] 437	0.00651151
[MLIP] 438	0.00650268
[MLIP] 439	0.00649176
[MLIP] 440	0.00647779
[MLIP] 441	0.00646459
[MLIP] 442	0.00644422
[MLIP] 443	0.00640924
[MLIP] 444	0.00636983
[MLIP] 445	0.00633868
[MLIP] 446	0.00632938	0.00631549
[MLIP] 447	0.00629562
[MLIP] 448	0.00626979
[MLIP] 449	0.0062515
[MLIP] 450	0.00623245
[MLIP] 451	0.00621469
[MLIP] 452	0.00620361
[MLIP] 453	0.00619078
[MLIP] 454	0.00618419
[MLIP] 455	0.00617989
[MLIP] 456	0.00617621
[MLIP] 457	0.00617201
[MLIP] 458	0.00616679
[MLIP] 459	0.00615781
[MLIP] 460	0.00614457
[MLIP] 461	0.00612381	0.00611653
[MLIP] 462	0.00609014	0.00606497
[MLIP] 463	0.00602359
[MLIP] 464	0.00599735
[MLIP] 465	0.00597965
[MLIP] 466	0.00596649
[MLIP] 467	0.00594981
[MLIP] 468	0.00593761
[MLIP] 469	0.00592092
[MLIP] 470	0.00590422
[MLIP] 471	0.0058866
[MLIP] 472	0.00587386
[MLIP] 473	0.00586571
[MLIP] 474	0.00585899
[MLIP] 475	0.00585167
[MLIP] 476	0.00584363
[MLIP] 477	0.00583505
[MLIP] 478	0.00582642
[MLIP] 479	0.00581942
[MLIP] 480	0.00581386
[MLIP] 481	0.00580803
[MLIP] 482	0.00580202
[MLIP] 483	0.00579588
[MLIP] 484	0.00578912
[MLIP] 485	0.00578263
[MLIP] 486	0.00577223
[MLIP] 487	0.00576014
[MLIP] 488	0.00574766
[MLIP] 489	0.00573558
[MLIP] 490	0.00571777
[MLIP] 491	0.00569728
[MLIP] 492	0.00567523
[MLIP] 493	0.00565164
[MLIP] 494	0.00563189
[MLIP] 495	0.00561831
[MLIP] 496	0.00560754
[MLIP] 497	0.00559985
[MLIP] 498	0.00559572
[MLIP] 499	0.00559183
[MLIP] Number of iterations exceeded the threshold. Stopping the training...
POT: 2
TRAIN: Errors (MAE, RMSE, MAXAE)
Energy      = 5.790977e-02, 7.708313e-02, 3.592444e-01
Energy/Atom = 1.809680e-03, 2.408848e-03, 1.122639e-02
Forces      = 5.218589e-02, 7.407160e-02, 3.213135e+00
Stress      = 5.487783e-01, 8.160835e-01, 7.388752e+00
Charges     = 0.000000e+00, 0.000000e+00, 0.000000e+00

VALID: Errors (MAE, RMSE, MAXAE)
Energy      = 9.854515e-02, 1.243186e-01, 3.592444e-01
Energy/Atom = 3.079536e-03, 3.884957e-03, 1.122639e-02
Forces      = 7.834513e-02, 1.130152e-01, 3.213135e+00
Stress      = 6.932420e-01, 9.513430e-01, 7.388752e+00
Charges     = 0.000000e+00, 0.000000e+00, 0.000000e+00

TRAIN_TIME: 364.9691368546337

[MLIP] Starting pretraining...
[MLIP] Rescaling potential...
[MLIP] Potential rescaling completed
[MLIP] 0	5257.12	3.85324e+30	1.98638e+09	50723.5	2220.78	4206.52	358.531
[MLIP] 1	7.76148e+18	7644.59	381.21	173.271
[MLIP] 2	1.99508e+15	2058.08	210.752	117.551
[MLIP] 3	280170	18024.7	459.644	88.922
[MLIP] 4	1.95409e+11	711.954	75.703	70.3845
[MLIP] 5	1.56965e+06	553.935	52.93
[MLIP] 6	10898.6	985.071	130.236	37.1563
[MLIP] 7	9.88076e+07	392.831	28.3614
[MLIP] 8	21642.6	252.153	27.6553	24.734
[MLIP] 9	33829	86.9381	20.5831
[MLIP] 10	20967.8	90.7455	17.9073
[MLIP] 11	8845.28	34.0267	14.9707
[MLIP] 12	7047.15	32.7031	10.8846
[MLIP] 13	615.003	17.0473	9.20175
[MLIP] 14	514.336	12.6527	6.82566
[MLIP] 15	145.274	7.15434	5.07496
[MLIP] 16	53.3171	3.65625
[MLIP] 17	75.2225	3.8071	3.03486
[MLIP] 18	16.0748	2.75583	2.61069
[MLIP] 19	8.41161	2.22959
[MLIP] 20	5.85781	2.01675
[MLIP] 21	12.7638	1.96846	1.84572
[MLIP] 22	4.94271	1.75718
[MLIP] 23	3.87284	1.67247
[MLIP] 24	4.04468	1.62235	1.60249
[MLIP] 25	1.92189	1.5197
[MLIP] 26	1.82743	1.48579
[MLIP] 27	1.98763	1.45745
[MLIP] 28	1.60049	1.43823
[MLIP] 29	1.57492	1.41799
[MLIP] 30	1.6212	1.40155
[MLIP] 31	1.47133	1.38312
[MLIP] 32	1.39632	1.36859
[MLIP] 33	1.40763	1.35364
[MLIP] 34	1.35829	1.33617
[MLIP] 35	1.35418	1.32468
[MLIP] 36	1.31166
[MLIP] 37	1.30337	1.29934
[MLIP] 38	1.29473	1.28978
[MLIP] 39	1.2904	1.28141
[MLIP] 40	1.26872
[MLIP] 41	1.25868
[MLIP] 42	1.24977
[MLIP] 43	1.23228
[MLIP] 44	1.21638
[MLIP] 45	1.19009
[MLIP] 46	1.17039
[MLIP] 47	1.15417
[MLIP] 48	1.1378
[MLIP] 49	1.11989
[MLIP] 50	1.09666
[MLIP] 51	1.06509
[MLIP] 52	1.06803	1.04987
[MLIP] 53	1.14332	1.02651
[MLIP] 54	1.02337	1.00036
[MLIP] 55	0.973557
[MLIP] 56	0.950621
[MLIP] 57	0.932551
[MLIP] 58	0.957776	0.912253
[MLIP] 59	0.889265
[MLIP] 60	0.882039	0.876787
[MLIP] 61	0.858049
[MLIP] 62	0.85188	0.84858
[MLIP] 63	0.845081	0.837639
[MLIP] 64	0.823644
[MLIP] 65	0.812584
[MLIP] 66	0.80406
[MLIP] 67	0.80111	0.795954
[MLIP] 68	0.784174
[MLIP] 69	0.77737	0.77523
[MLIP] 70	0.765289	0.760262
[MLIP] 71	0.750946	0.748487
[MLIP] 72	0.797563	0.73916
[MLIP] 73	0.725583
[MLIP] 74	0.767283	0.716944
[MLIP] Number of iterations exceeded the threshold. Stopping the training...
[MLIP] Pretraining completed
[MLIP] Rescaling potential...
[MLIP] Potential rescaling completed
[MLIP] 0	2.04507	1.83854e+06	6587.38	59.1687	1.70482	1.13123
[MLIP] 1	1180.57	10.8917	1.12499	1.02138
[MLIP] 2	107.825	2.05791	0.961112
[MLIP] 3	39.4492	1.3176	0.895579
[MLIP] 4	23.4025	1.11089	0.865131
[MLIP] 5	3.50637	0.878705	0.849523
[MLIP] 6	1.07148	0.835717
[MLIP] 7	1.12131	0.817349
[MLIP] 8	0.93928	0.798646
[MLIP] 9	0.785282
[MLIP] 10	0.801021	0.772152
[MLIP] 11	0.757272
[MLIP] 12	0.764525	0.74621
[MLIP] 13	0.731387
[MLIP] 14	0.723945
[MLIP] 15	0.710432
[MLIP] 16	0.701054
[MLIP] 17	0.678669
[MLIP] 18	0.65701
[MLIP] 19	0.637016
[MLIP] 20	0.624156
[MLIP] 21	0.609347
[MLIP] 22	0.595885
[MLIP] 23	0.585123
[MLIP] 24	0.568109	0.557503
[MLIP] 25	0.535035
[MLIP] 26	0.507804
[MLIP] 27	0.486029
[MLIP] 28	0.469361
[MLIP] 29	0.449701
[MLIP] 30	0.436184	0.428479
[MLIP] 31	0.402163
[MLIP] 32	0.389099
[MLIP] 33	0.363655
[MLIP] 34	0.332651
[MLIP] 35	0.30023	0.295219
[MLIP] 36	0.274779	0.262506
[MLIP] 37	0.240505
[MLIP] 38	0.228542
[MLIP] 39	0.220284
[MLIP] 40	0.203685
[MLIP] 41	0.18695
[MLIP] 42	0.169438
[MLIP] 43	0.155969
[MLIP] 44	0.154643	0.149373
[MLIP] 45	0.142956
[MLIP] 46	0.133368
[MLIP] 47	0.125035
[MLIP] 48	0.11779
[MLIP] 49	0.113009
[MLIP] 50	0.109483
[MLIP] 51	0.106636
[MLIP] 52	0.103229
[MLIP] 53	0.100468	0.0992086
[MLIP] 54	0.0962136	0.093112
[MLIP] 55	0.089928
[MLIP] 56	0.0860746
[MLIP] 57	0.0829848
[MLIP] 58	0.0796082
[MLIP] 59	0.0771213
[MLIP] 60	0.0751016
[MLIP] 61	0.0737341
[MLIP] 62	0.0724612
[MLIP] 63	0.0709031
[MLIP] 64	0.0693239
[MLIP] 65	0.0677397
[MLIP] 66	0.0666251
[MLIP] 67	0.0656411
[MLIP] 68	0.0646257	0.0642558
[MLIP] 69	0.0632488	0.062111
[MLIP] 70	0.0605489
[MLIP] 71	0.0594658
[MLIP] 72	0.058418
[MLIP] 73	0.057871
[MLIP] 74	0.0571483
[MLIP] 75	0.0562183
[MLIP] 76	0.0553317
[MLIP] 77	0.0547804
[MLIP] 78	0.0542675
[MLIP] 79	0.0536809
[MLIP] 80	0.0530486
[MLIP] 81	0.0524767
[MLIP] 82	0.0519123
[MLIP] 83	0.0513209
[MLIP] 84	0.0506801
[MLIP] 85	0.0501601
[MLIP] 86	0.0497452
[MLIP] 87	0.0493538
[MLIP] 88	0.0489711
[MLIP] 89	0.0486086
[MLIP] 90	0.0483216
[MLIP] 91	0.0480668
[MLIP] 92	0.0477775
[MLIP] 93	0.0474618
[MLIP] 94	0.0471098
[MLIP] 95	0.0467049
[MLIP] 96	0.0462985
[MLIP] 97	0.0459463
[MLIP] 98	0.0456729
[MLIP] 99	0.0454416
[MLIP] 100	0.0451546	0.0450367
[MLIP] 101	0.0446903	0.0443412
[MLIP] 102	0.0439463
[MLIP] 103	0.0434651
[MLIP] 104	0.0430147	0.0428399
[MLIP] 105	0.0424745	0.0423252
[MLIP] 106	0.0420058
[MLIP] 107	0.0417769	0.0416707
[MLIP] 108	0.0413921	0.041261
[MLIP] 109	0.0409698	0.0407758
[MLIP] 110	0.0405776
[MLIP] 111	0.0403367	0.0402282
[MLIP] 112	0.0398943
[MLIP] 113	0.0395912
[MLIP] 114	0.0394057
[MLIP] 115	0.0391863
[MLIP] 116	0.0389695
[MLIP] 117	0.0387754
[MLIP] 118	0.0385794
[MLIP] 119	0.0383458
[MLIP] 120	0.0380475
[MLIP] 121	0.0376775
[MLIP] 122	0.0373142
[MLIP] 123	0.0370791
[MLIP] 124	0.0369086
[MLIP] 125	0.0367291	0.0365952
[MLIP] 126	0.0363976	0.0362804
[MLIP] 127	0.0360187
[MLIP] 128	0.035811
[MLIP] 129	0.035704
[MLIP] 130	0.0355636
[MLIP] 131	0.035395
[MLIP] 132	0.0351738
[MLIP] 133	0.0349599
[MLIP] 134	0.0347446
[MLIP] 135	0.0345126
[MLIP] 136	0.0342412
[MLIP] 137	0.0339961
[MLIP] 138	0.0338286
[MLIP] 139	0.0337221
[MLIP] 140	0.0336239
[MLIP] 141	0.0335002	0.0334566
[MLIP] 142	0.0333406	0.033206
[MLIP] 143	0.0329158
[MLIP] 144	0.0326869
[MLIP] 145	0.0325422
[MLIP] 146	0.0324009	0.0323443
[MLIP] 147	0.0321943	0.032115
[MLIP] 148	0.0319891
[MLIP] 149	0.0318889
[MLIP] 150	0.0318102	0.0317815
[MLIP] 151	0.031704	0.0315995
[MLIP] 152	0.0313858
[MLIP] 153	0.0311298
[MLIP] 154	0.0309126
[MLIP] 155	0.0307881
[MLIP] 156	0.0307122
[MLIP] 157	0.0306431
[MLIP] 158	0.030554	0.0305239
[MLIP] 159	0.0304199	0.0303015
[MLIP] 160	0.0300567
[MLIP] 161	0.029862
[MLIP] 162	0.0297517
[MLIP] 163	0.0296674
[MLIP] 164	0.0295791
[MLIP] 165	0.0294824
[MLIP] 166	0.0293765
[MLIP] 167	0.0292595
[MLIP] 168	0.0291539
[MLIP] 169	0.0290477
[MLIP] 170	0.0289866
[MLIP] 171	0.0289236
[MLIP] 172	0.0288165	0.0287658
[MLIP] 173	0.0285955	0.028319	0.0280206
[MLIP] 174	0.0275397
[MLIP] 175	0.027164
[MLIP] 176	0.0270622
[MLIP] 177	0.0269047
[MLIP] 178	0.0268327
[MLIP] 179	0.0267198
[MLIP] 180	0.0265968	0.0265531
[MLIP] 181	0.0264008	0.0263369
[MLIP] 182	0.0261123
[MLIP] 183	0.0259755
[MLIP] 184	0.0259251
[MLIP] 185	0.0258755
[MLIP] 186	0.0257966
[MLIP] 187	0.0256638
[MLIP] 188	0.0254509
[MLIP] 189	0.0251313
[MLIP] 190	0.0248613
[MLIP] 191	0.0247234
[MLIP] 192	0.0246538
[MLIP] 193	0.0246097
[MLIP] 194	0.024555
[MLIP] 195	0.0245009	0.024466
[MLIP] 196	0.0243815	0.024307
[MLIP] 197	0.0241333	0.0240362
[MLIP] 198	0.0238395	0.0237122
[MLIP] 199	0.0236092
[MLIP] 200	0.023499
[MLIP] 201	0.023443
[MLIP] 202	0.0234007
[MLIP] 203	0.0233467
[MLIP] 204	0.023274
[MLIP] 205	0.0231554	0.0231147
[MLIP] 206	0.0229944	0.022947
[MLIP] 207	0.0228735
[MLIP] 208	0.0228316
[MLIP] 209	0.0227849
[MLIP] 210	0.0227113
[MLIP] 211	0.0226088	0.0225744
[MLIP] 212	0.0224608	0.0224001
[MLIP] 213	0.0221697	0.0220873
[MLIP] 214	0.0219225
[MLIP] 215	0.0217661
[MLIP] 216	0.021674
[MLIP] 217	0.0216016
[MLIP] 218	0.0215623
[MLIP] 219	0.0215292
[MLIP] 220	0.0214926
[MLIP] 221	0.0214394
[MLIP] 222	0.0213672	0.0213401
[MLIP] 223	0.021261	0.0211532
[MLIP] 224	0.0209164
[MLIP] 225	0.0207504
[MLIP] 226	0.0206319
[MLIP] 227	0.0204925
[MLIP] 228	0.0204303
[MLIP] 229	0.0203794
[MLIP] 230	0.0203565
[MLIP] 231	0.0203241
[MLIP] 232	0.0203005
[MLIP] 233	0.0202751
[MLIP] 234	0.0202425
[MLIP] 235	0.0201919	0.020172
[MLIP] 236	0.0200951	0.0200252
[MLIP] 237	0.0198875
[MLIP] 238	0.0197264
[MLIP] 239	0.0196071
[MLIP] 240	0.0195012
[MLIP] 241	0.0194408
[MLIP] 242	0.0194148
[MLIP] 243	0.0193568
[MLIP] 244	0.019304
[MLIP] 245	0.0192429
[MLIP] 246	0.0191717
[MLIP] 247	0.0191025
[MLIP] 248	0.0190155
[MLIP] 249	0.0189294
[MLIP] 250	0.0188388
[MLIP] 251	0.0187389
[MLIP] 252	0.0186402
[MLIP] 253	0.0185652
[MLIP] 254	0.0184905
[MLIP] 255	0.0183896
[MLIP] 256	0.0182637
[MLIP] 257	0.0181233
[MLIP] 258	0.0180187
[MLIP] 259	0.0179367
[MLIP] 260	0.0178912
[MLIP] 261	0.0178503
[MLIP] 262	0.0178178
[MLIP] 263	0.0177719
[MLIP] 264	0.0177191
[MLIP] 265	0.0176488	0.0176212
[MLIP] 266	0.0175509
[MLIP] 267	0.0174071
[MLIP] 268	0.0172871
[MLIP] 269	0.0170927
[MLIP] 270	0.0168645
[MLIP] 271	0.0165523
[MLIP] 272	0.0164139
[MLIP] 273	0.0163171
[MLIP] 274	0.0162556
[MLIP] 275	0.0161913
[MLIP] 276	0.0161439
[MLIP] 277	0.0160797
[MLIP] 278	0.0160099
[MLIP] 279	0.015937
[MLIP] 280	0.0158328
[MLIP] 281	0.0157018	0.0156571
[MLIP] 282	0.0155439	0.0154739
[MLIP] 283	0.0152797
[MLIP] 284	0.0151131
[MLIP] 285	0.0149297
[MLIP] 286	0.0147107
[MLIP] 287	0.014585
[MLIP] 288	0.0144584
[MLIP] 289	0.0143858
[MLIP] 290	0.0143219
[MLIP] 291	0.0142595
[MLIP] 292	0.0141977
[MLIP] 293	0.0141179
[MLIP] 294	0.0140152
[MLIP] 295	0.0138897
[MLIP] 296	0.0137721
[MLIP] 297	0.0136399
[MLIP] 298	0.0135136
[MLIP] 299	0.0132988
[MLIP] 300	0.0130975	0.0130253
[MLIP] 301	0.0128167
[MLIP] 302	0.012693
[MLIP] 303	0.0126248	0.0125871
[MLIP] 304	0.0124744
[MLIP] 305	0.0122994
[MLIP] 306	0.0121995
[MLIP] 307	0.0120644
[MLIP] 308	0.0119359
[MLIP] 309	0.0118533
[MLIP] 310	0.011771
[MLIP] 311	0.0116774
[MLIP] 312	0.0116017
[MLIP] 313	0.0115324
[MLIP] 314	0.0114755
[MLIP] 315	0.011412
[MLIP] 316	0.0113292
[MLIP] 317	0.0112165
[MLIP] 318	0.011131
[MLIP] 319	0.0110508
[MLIP] 320	0.0109558
[MLIP] 321	0.0108623
[MLIP] 322	0.0107658
[MLIP] 323	0.010662
[MLIP] 324	0.0105603
[MLIP] 325	0.0104755
[MLIP] 326	0.0104032
[MLIP] 327	0.01033	0.0103056
[MLIP] 328	0.0102519
[MLIP] 329	0.0101907
[MLIP] 330	0.0101428	0.0101237
[MLIP] 331	0.0100668	0.0100411
[MLIP] 332	0.00997372
[MLIP] 333	0.00995307
[MLIP] 334	0.00993963	0.00993499
[MLIP] 335	0.00992114	0.00990912
[MLIP] 336	0.00987882	0.00985786
[MLIP] 337	0.00980802	0.00976728
[MLIP] 338	0.00969506
[MLIP] 339	0.00959802
[MLIP] 340	0.00954227
[MLIP] 341	0.0094671	0.0094393
[MLIP] 342	0.00938853
[MLIP] 343	0.00933527
[MLIP] 344	0.00929751
[MLIP] 345	0.00925591
[MLIP] 346	0.00921503
[MLIP] 347	0.0091819
[MLIP] 348	0.00916443
[MLIP] 349	0.00915287
[MLIP] 350	0.009145
[MLIP] 351	0.00913786
[MLIP] 352	0.00912645
[MLIP] 353	0.00911033
[MLIP] 354	0.00908376
[MLIP] 355	0.00904782
[MLIP] 356	0.009011
[MLIP] 357	0.00898042
[MLIP] 358	0.00894968
[MLIP] 359	0.00891338
[MLIP] 360	0.00887675
[MLIP] 361	0.00883355
[MLIP] 362	0.00878234
[MLIP] 363	0.00873007
[MLIP] 364	0.00869013
[MLIP] 365	0.00866264
[MLIP] 366	0.00863507
[MLIP] 367	0.00860407
[MLIP] 368	0.00857246
[MLIP] 369	0.00855216
[MLIP] 370	0.00852904
[MLIP] 371	0.00851099
[MLIP] 372	0.00849778
[MLIP] 373	0.00848515
[MLIP] 374	0.00847477	0.00847125
[MLIP] 375	0.00846087
[MLIP] 376	0.00844771
[MLIP] 377	0.00843119
[MLIP] 378	0.00840881
[MLIP] 379	0.00837128	0.0083572
[MLIP] 380	0.00830654	0.00827247
[MLIP] 381	0.00818104
[MLIP] 382	0.00816365	0.0081103
[MLIP] 383	0.00804671
[MLIP] 384	0.00798914
[MLIP] 385	0.00794379
[MLIP] 386	0.0079007
[MLIP] 387	0.00785776
[MLIP] 388	0.0078384	0.00783398
[MLIP] 389	0.00780885
[MLIP] 390	0.00780016
[MLIP] 391	0.00779431
[MLIP] 392	0.00778904
[MLIP] 393	0.00778164
[MLIP] 394	0.0077711
[MLIP] 395	0.00775931	0.0077552
[MLIP] 396	0.00773586	0.00772542
[MLIP] 397	0.00768474
[MLIP] 398	0.0076304
[MLIP] 399	0.00759644
[MLIP] 400	0.00754438
[MLIP] 401	0.00749712
[MLIP] 402	0.00747071
[MLIP] 403	0.00744451
[MLIP] 404	0.00741924
[MLIP] 405	0.0074083
[MLIP] 406	0.00739645
[MLIP] 407	0.00738614
[MLIP] 408	0.00737442	0.00737043
[MLIP] 409	0.00735678	0.0073521
[MLIP] 410	0.00733321
[MLIP] 411	0.0073168
[MLIP] 412	0.00730659
[MLIP] 413	0.00729538
[MLIP] 414	0.00728458	0.00728066
[MLIP] 415	0.00726758	0.00726193
[MLIP] 416	0.00724176
[MLIP] 417	0.00722342
[MLIP] 418	0.00720311
[MLIP] 419	0.00718058
[MLIP] 420	0.00713707
[MLIP] 421	0.00709221
[MLIP] 422	0.00703343
[MLIP] 423	0.00697886
[MLIP] 424	0.00695722	0.00694512
[MLIP] 425	0.00690594
[MLIP] 426	0.00687862
[MLIP] 427	0.00686031
[MLIP] 428	0.00684136
[MLIP] 429	0.00683069
[MLIP] 430	0.00682043
[MLIP] 431	0.00681152
[MLIP] 432	0.00680229
[MLIP] 433	0.00679488
[MLIP] 434	0.00678949
[MLIP] 435	0.00678618
[MLIP] 436	0.00678065
[MLIP] 437	0.00677451
[MLIP] 438	0.00675993
[MLIP] 439	0.00673396
[MLIP] 440	0.00669945
[MLIP] 441	0.00666928
[MLIP] 442	0.00665071
[MLIP] 443	0.0066409
[MLIP] 444	0.00663094
[MLIP] 445	0.00662014
[MLIP] 446	0.00660643
[MLIP] 447	0.00659218
[MLIP] 448	0.00657301
[MLIP] 449	0.00655099
[MLIP] 450	0.0065368
[MLIP] 451	0.00652381
[MLIP] 452	0.00651528
[MLIP] 453	0.00650968
[MLIP] 454	0.00650373
[MLIP] 455	0.0064987
[MLIP] 456	0.00649365
[MLIP] 457	0.00648784	0.00648528
[MLIP] 458	0.00647711	0.00646671
[MLIP] 459	0.00644071
[MLIP] 460	0.00641435
[MLIP] 461	0.00637902
[MLIP] 462	0.00633406
[MLIP] 463	0.00627809
[MLIP] 464	0.00620843
[MLIP] 465	0.00615872
[MLIP] 466	0.00618819	0.00612058
[MLIP] 467	0.00608884
[MLIP] 468	0.00605453
[MLIP] 469	0.00604232
[MLIP] 470	0.00603425	0.0060308
[MLIP] 471	0.00601369
[MLIP] 472	0.00599993
[MLIP] 473	0.00599309	0.00598942
[MLIP] 474	0.00597874
[MLIP] 475	0.00597127
[MLIP] 476	0.00596595
[MLIP] 477	0.00596266
[MLIP] 478	0.00595837
[MLIP] 479	0.00595269
[MLIP] 480	0.00594739
[MLIP] 481	0.00594015
[MLIP] 482	0.00592647
[MLIP] 483	0.0059089
[MLIP] 484	0.00588279
[MLIP] 485	0.00584648
[MLIP] 486	0.00579873
[MLIP] 487	0.00574421
[MLIP] 488	0.00570536
[MLIP] 489	0.00566437
[MLIP] 490	0.00563518
[MLIP] 491	0.00561833
[MLIP] 492	0.00561329	0.00560603
[MLIP] 493	0.00559563
[MLIP] 494	0.00558709
[MLIP] 495	0.00558223
[MLIP] 496	0.00557767
[MLIP] 497	0.00557409
[MLIP] 498	0.00557038
[MLIP] 499	0.00556606	0.00556445
[MLIP] Number of iterations exceeded the threshold. Stopping the training...
POT: 3
TRAIN: Errors (MAE, RMSE, MAXAE)
Energy      = 6.786552e-02, 8.665854e-02, 3.901560e-01
Energy/Atom = 2.120798e-03, 2.708079e-03, 1.219238e-02
Forces      = 5.384888e-02, 7.386016e-02, 1.129049e+00
Stress      = 4.592213e-01, 6.420266e-01, 3.569510e+00
Charges     = 0.000000e+00, 0.000000e+00, 0.000000e+00

VALID: Errors (MAE, RMSE, MAXAE)
Energy      = 1.028059e-01, 1.299401e-01, 3.901560e-01
Energy/Atom = 3.212684e-03, 4.060629e-03, 1.219238e-02
Forces      = 8.209816e-02, 1.104553e-01, 1.129049e+00
Stress      = 7.192212e-01, 9.535760e-01, 3.569510e+00
Charges     = 0.000000e+00, 0.000000e+00, 0.000000e+00

TRAIN_TIME: 366.3424741066992

[MLIP] Starting pretraining...
[MLIP] Rescaling potential...
[MLIP] Potential rescaling completed
[MLIP] 0	1245.88	5.00155e+17	290445	16261.4	1002.54	802.583
[MLIP] 1	5.01973e+18	46261.9	3178.37	329.685
[MLIP] 2	6.53022e+12	4767.46	380.121	201.149
[MLIP] 3	8.11651e+12	345.967	109.054
[MLIP] 4	3.41227e+10	94.7501	47.4044
[MLIP] 5	3.42383e+06	208.27	28.8328
[MLIP] 6	8777.75	130.057	16.8347
[MLIP] 7	1772.48	34.9406	13.188
[MLIP] 8	2525.91	44.5882	10.8025
[MLIP] 9	406.462	11.9254	8.78163
[MLIP] 10	155.234	9.13651	7.10889
[MLIP] 11	166.717	7.05395	5.38725
[MLIP] 12	365.967	6.1659	4.19085
[MLIP] 13	45.1737	3.98861	3.63512
[MLIP] 14	31.4298	3.31908	3.12862
[MLIP] 15	20.9087	2.79672
[MLIP] 16	17.659	2.62165	2.50346
[MLIP] 17	8.1032	2.1942
[MLIP] 18	4.14852	2.01781
[MLIP] 19	4.01239	1.88471
[MLIP] 20	4.77739	1.81071	1.78292
[MLIP] 21	2.23506	1.69016
[MLIP] 22	2.00689	1.63508
[MLIP] 23	1.71605	1.57973
[MLIP] 24	1.63877	1.54697
[MLIP] 25	1.59391	1.51991
[MLIP] 26	1.57496	1.49516
[MLIP] 27	1.47499
[MLIP] 28	1.48926	1.45516
[MLIP] 29	1.45835	1.44162
[MLIP] 30	1.42365
[MLIP] 31	1.40774
[MLIP] 32	1.37813
[MLIP] 33	1.34148
[MLIP] 34	1.29402
[MLIP] 35	1.32634	1.24861
[MLIP] 36	1.21137	1.19848
[MLIP] 37	1.20967	1.1562
[MLIP] 38	1.10175
[MLIP] 39	1.11701	1.06734
[MLIP] 40	1.43379	1.03295
[MLIP] 41	1.01172	0.984408
[MLIP] 42	0.92343
[MLIP] 43	0.936209	0.894933
[MLIP] 44	0.865045	0.855768
[MLIP] 45	0.832688
[MLIP] 46	0.810904
[MLIP] 47	0.785391
[MLIP] 48	0.785569	0.767404
[MLIP] 49	0.749078
[MLIP] 50	0.719623
[MLIP] 51	0.700045
[MLIP] 52	0.667978
[MLIP] 53	0.646585
[MLIP] 54	0.625699
[MLIP] 55	0.610286
[MLIP] 56	0.599985
[MLIP] 57	0.5833
[MLIP] 58	0.570919
[MLIP] 59	0.554375
[MLIP] 60	0.532785
[MLIP] 61	0.526933	0.522937
[MLIP] 62	0.509119	0.50545
[MLIP] 63	0.489733
[MLIP] 64	0.471121
[MLIP] 65	0.448295
[MLIP] 66	0.426329
[MLIP] 67	0.406596
[MLIP] 68	0.389565
[MLIP] 69	0.369015
[MLIP] 70	0.357685
[MLIP] 71	0.351964	0.349275
[MLIP] 72	0.337234
[MLIP] 73	0.323655
[MLIP] 74	0.311828
[MLIP] Number of iterations exceeded the threshold. Stopping the training...
[MLIP] Pretraining completed
[MLIP] Rescaling potential...
[MLIP] Potential rescaling completed
[MLIP] 0	1.71625	1.17445e+06	4058.87	37.3124	1.41184	1.06424
[MLIP] 1	3598.55	30.4028	1.00151	0.696292
[MLIP] 2	133.499	1.96773	0.657418
[MLIP] 3	4.79577	0.560913	0.525671
[MLIP] 4	10.3572	0.589082	0.478529
[MLIP] 5	0.816227	0.432521
[MLIP] 6	4.19477	0.442841	0.403579
[MLIP] 7	0.458419	0.391065
[MLIP] 8	0.363316
[MLIP] 9	0.343367
[MLIP] 10	0.324195
[MLIP] 11	0.305875
[MLIP] 12	0.296226
[MLIP] 13	0.285907
[MLIP] 14	0.279941	0.276812
[MLIP] 15	0.270956	0.264616
[MLIP] 16	0.255595	0.250738
[MLIP] 17	0.238702	0.230645
[MLIP] 18	0.212394	0.204551
[MLIP] 19	0.193685
[MLIP] 20	0.184277
[MLIP] 21	0.175444
[MLIP] 22	0.165909
[MLIP] 23	0.155443
[MLIP] 24	0.147384
[MLIP] 25	0.142715
[MLIP] 26	0.139368
[MLIP] 27	0.13424
[MLIP] 28	0.128686
[MLIP] 29	0.124269
[MLIP] 30	0.119835
[MLIP] 31	0.116204
[MLIP] 32	0.112034	0.110285
[MLIP] 33	0.106639
[MLIP] 34	0.100276
[MLIP] 35	0.0951406
[MLIP] 36	0.0912772
[MLIP] 37	0.0896103
[MLIP] 38	0.0881577
[MLIP] 39	0.086633
[MLIP] 40	0.0841938
[MLIP] 41	0.0819962
[MLIP] 42	0.0802105
[MLIP] 43	0.0788092	0.0782642
[MLIP] 44	0.0769942
[MLIP] 45	0.0757348
[MLIP] 46	0.0748996
[MLIP] 47	0.074101	0.0736694
[MLIP] 48	0.0725189	0.0718376
[MLIP] 49	0.0710443
[MLIP] 50	0.0700491
[MLIP] 51	0.0688595
[MLIP] 52	0.0668336
[MLIP] 53	0.0662283	0.0660207
[MLIP] 54	0.0651658
[MLIP] 55	0.0646862
[MLIP] 56	0.0640068
[MLIP] 57	0.0634084
[MLIP] 58	0.0628288
[MLIP] 59	0.0623212
[MLIP] 60	0.0618314	0.0615557
[MLIP] 61	0.0609382	0.0606231
[MLIP] 62	0.0600338
[MLIP] 63	0.0595124	0.0592564
[MLIP] 64	0.0586132	0.0583964
[MLIP] 65	0.0579813
[MLIP] 66	0.0576262
[MLIP] 67	0.0572819
[MLIP] 68	0.0568664
[MLIP] 69	0.0562746
[MLIP] 70	0.055601
[MLIP] 71	0.0550901
[MLIP] 72	0.0545842
[MLIP] 73	0.0541584
[MLIP] 74	0.0536831
[MLIP] 75	0.0534359
[MLIP] 76	0.0532421
[MLIP] 77	0.0530539	0.0529801
[MLIP] 78	0.0527294	0.0524837
[MLIP] 79	0.0521701
[MLIP] 80	0.0519261	0.0518251
[MLIP] 81	0.0515742	0.0512379
[MLIP] 82	0.0508251
[MLIP] 83	0.0505022
[MLIP] 84	0.0501496
[MLIP] 85	0.0498646
[MLIP] 86	0.049557
[MLIP] 87	0.0492014
[MLIP] 88	0.0487073
[MLIP] 89	0.0479643
[MLIP] 90	0.0471385
[MLIP] 91	0.0464905
[MLIP] 92	0.0461971
[MLIP] 93	0.045916
[MLIP] 94	0.0456569
[MLIP] 95	0.0454194
[MLIP] 96	0.0452449
[MLIP] 97	0.045021	0.0448724
[MLIP] 98	0.0445213	0.0442695
[MLIP] 99	0.0437005
[MLIP] 100	0.0433418
[MLIP] 101	0.0430316
[MLIP] 102	0.042836
[MLIP] 103	0.0426006
[MLIP] 104	0.0422162	0.0419372
[MLIP] 105	0.0413863
[MLIP] 106	0.0408189
[MLIP] 107	0.040578
[MLIP] 108	0.0403226
[MLIP] 109	0.040053
[MLIP] 110	0.039695
[MLIP] 111	0.0391446
[MLIP] 112	0.0386334
[MLIP] 113	0.0383376
[MLIP] 114	0.0381506
[MLIP] 115	0.0379727
[MLIP] 116	0.037762	0.037685
[MLIP] 117	0.0374733	0.0371766
[MLIP] 118	0.0366954
[MLIP] 119	0.0364153
[MLIP] 120	0.0361346
[MLIP] 121	0.0359443
[MLIP] 122	0.0357966
[MLIP] 123	0.035642
[MLIP] 124	0.0354514
[MLIP] 125	0.0352317	0.0351548
[MLIP] 126	0.0349501	0.034723
[MLIP] 127	0.034275
[MLIP] 128	0.0340232
[MLIP] 129	0.0338018
[MLIP] 130	0.0336382
[MLIP] 131	0.0335137
[MLIP] 132	0.0333473
[MLIP] 133	0.0331755
[MLIP] 134	0.0330518
[MLIP] 135	0.0329396
[MLIP] 136	0.0327838
[MLIP] 137	0.032555
[MLIP] 138	0.0322548
[MLIP] 139	0.0319513
[MLIP] 140	0.0317707
[MLIP] 141	0.0316814
[MLIP] 142	0.0315708
[MLIP] 143	0.031394	0.0312726
[MLIP] 144	0.0309475	0.0308213
[MLIP] 145	0.0305226
[MLIP] 146	0.0302856
[MLIP] 147	0.0302135
[MLIP] 148	0.030151
[MLIP] 149	0.030078
[MLIP] 150	0.0299848	0.0299388
[MLIP] 151	0.0297938	0.0295861
[MLIP] 152	0.0290682
[MLIP] 153	0.0287633
[MLIP] 154	0.0285198
[MLIP] 155	0.0283967
[MLIP] 156	0.028287
[MLIP] 157	0.0281737	0.0280791
[MLIP] 158	0.0279172	0.027747
[MLIP] 159	0.0272657	0.0269842
[MLIP] 160	0.0264239
[MLIP] 161	0.026204
[MLIP] 162	0.0261637	0.0261462
[MLIP] 163	0.0260977
[MLIP] 164	0.0260103
[MLIP] 165	0.0258952	0.0258439
[MLIP] 166	0.025621	0.0255007
[MLIP] 167	0.0250881
[MLIP] 168	0.0247303
[MLIP] 169	0.0245463
[MLIP] 170	0.0244264
[MLIP] 171	0.0243371
[MLIP] 172	0.0242084	0.0241513
[MLIP] 173	0.023981	0.0238781
[MLIP] 174	0.0236762
[MLIP] 175	0.0234912
[MLIP] 176	0.0233003
[MLIP] 177	0.0231626
[MLIP] 178	0.0230335
[MLIP] 179	0.0229228
[MLIP] 180	0.0228508
[MLIP] 181	0.0228115	0.0227644
[MLIP] 182	0.0226327	0.022512
[MLIP] 183	0.0223327	0.0222417
[MLIP] 184	0.0220938
[MLIP] 185	0.0219343
[MLIP] 186	0.0218686
[MLIP] 187	0.0218036
[MLIP] 188	0.0217172
[MLIP] 189	0.0215848
[MLIP] 190	0.0213882
[MLIP] 191	0.0211792
[MLIP] 192	0.0210487
[MLIP] 193	0.0209728
[MLIP] 194	0.0209081
[MLIP] 195	0.0208347
[MLIP] 196	0.0207321
[MLIP] 197	0.0206127	0.0205571
[MLIP] 198	0.020392	0.0202477
[MLIP] 199	0.0199919
[MLIP] 200	0.0196236
[MLIP] 201	0.0194568
[MLIP] 202	0.0193387
[MLIP] 203	0.0192239
[MLIP] 204	0.0190925
[MLIP] 205	0.0189759
[MLIP] 206	0.0188216
[MLIP] 207	0.0186488	0.0185271
[MLIP] 208	0.0183772	0.0183076
[MLIP] 209	0.0181523
[MLIP] 210	0.0179958
[MLIP] 211	0.0178976
[MLIP] 212	0.0177932
[MLIP] 213	0.0177093
[MLIP] 214	0.0176354
[MLIP] 215	0.0175646
[MLIP] 216	0.0174679	0.0174354
[MLIP] 217	0.0173183	0.0171908
[MLIP] 218	0.0169234
[MLIP] 219	0.0166454
[MLIP] 220	0.0164911
[MLIP] 221	0.0163908
[MLIP] 222	0.0163296
[MLIP] 223	0.016274
[MLIP] 224	0.0162168
[MLIP] 225	0.0161408
[MLIP] 226	0.0160423
[MLIP] 227	0.0159592
[MLIP] 228	0.0158816
[MLIP] 229	0.0158046	0.0157773
[MLIP] 230	0.0156723	0.0155296
[MLIP] 231	0.0151249	0.0149943
[MLIP] 232	0.014653	0.0145144
[MLIP] 233	0.0143204
[MLIP] 234	0.0142766
[MLIP] 235	0.0142414
[MLIP] 236	0.0142136
[MLIP] 237	0.0141915
[MLIP] 238	0.0141562	0.0141395
[MLIP] 239	0.014082	0.0140258
[MLIP] 240	0.0138396	0.0137738
[MLIP] 241	0.0135961	0.0135187
[MLIP] 242	0.0133744
[MLIP] 243	0.013267
[MLIP] 244	0.0132079
[MLIP] 245	0.013171
[MLIP] 246	0.0131524
[MLIP] 247	0.0131365
[MLIP] 248	0.0131096
[MLIP] 249	0.0130753
[MLIP] 250	0.0130326	0.0130164
[MLIP] 251	0.0129669	0.0129043
[MLIP] 252	0.0127643
[MLIP] 253	0.0126553	0.012614
[MLIP] 254	0.0124881
[MLIP] 255	0.0123311
[MLIP] 256	0.0122385	0.0121926
[MLIP] 257	0.01209	0.0120323
[MLIP] 258	0.011944
[MLIP] 259	0.0118911
[MLIP] 260	0.0118649
[MLIP] 261	0.0118464
[MLIP] 262	0.0118271
[MLIP] 263	0.0118025
[MLIP] 264	0.0117673
[MLIP] 265	0.011698	0.011657
[MLIP] 266	0.01154	0.0114431
[MLIP] 267	0.0111894
[MLIP] 268	0.0110457
[MLIP] 269	0.0109608
[MLIP] 270	0.0109058
[MLIP] 271	0.0108573
[MLIP] 272	0.0108322
[MLIP] 273	0.0108078
[MLIP] 274	0.0107833
[MLIP] 275	0.0107636
[MLIP] 276	0.0107394
[MLIP] 277	0.0107013	0.0106819
[MLIP] 278	0.0106167	0.0105212	0.0104735
[MLIP] 279	0.0101304
[MLIP] 280	0.0097968
[MLIP] 281	0.00949436
[MLIP] 282	0.00946608	0.00933529
[MLIP] 283	0.0092623
[MLIP] 284	0.00923879	0.00921194
[MLIP] 285	0.00919153
[MLIP] 286	0.00916746
[MLIP] 287	0.00914471
[MLIP] 288	0.00911721
[MLIP] 289	0.00908827
[MLIP] 290	0.00907156
[MLIP] 291	0.00905402
[MLIP] 292	0.00903457
[MLIP] 293	0.00900626
[MLIP] 294	0.00897553
[MLIP] 295	0.00893817
[MLIP] 296	0.00888678
[MLIP] 297	0.00883235
[MLIP] 298	0.00875923
[MLIP] 299	0.00868341
[MLIP] 300	0.00862108
[MLIP] 301	0.00856962
[MLIP] 302	0.00855018	0.00853963
[MLIP] 303	0.00853003	0.00849208
[MLIP] 304	0.00844495
[MLIP] 305	0.00838448
[MLIP] 306	0.0083304
[MLIP] 307	0.00826219	0.00823561
[MLIP] 308	0.00816978
[MLIP] 309	0.00808718
[MLIP] 310	0.00801309
[MLIP] 311	0.00794681
[MLIP] 312	0.00790875
[MLIP] 313	0.00789571
[MLIP] 314	0.00788385
[MLIP] 315	0.00786629
[MLIP] 316	0.00785337
[MLIP] 317	0.00783483
[MLIP] 318	0.00781133
[MLIP] 319	0.00777417	0.00776095
[MLIP] 320	0.00772162	0.00769959
[MLIP] 321	0.00762846
[MLIP] 322	0.00756639
[MLIP] 323	0.00749104
[MLIP] 324	0.00743741
[MLIP] 325	0.00742253
[MLIP] 326	0.00741082
[MLIP] 327	0.00739883
[MLIP] 328	0.00738519
[MLIP] 329	0.00736921
[MLIP] 330	0.00735293
[MLIP] 331	0.00733329
[MLIP] 332	0.00731425
[MLIP] 333	0.00730552	0.00730272
[MLIP] 334	0.00728981
[MLIP] 335	0.00728085
[MLIP] 336	0.00727184	0.00726867
[MLIP] 337	0.00725298	0.00724318
[MLIP] 338	0.00721273	0.0071899
[MLIP] 339	0.00715742
[MLIP] 340	0.00710308
[MLIP] 341	0.00706797
[MLIP] 342	0.00720916	0.00703176
[MLIP] 343	0.00698964
[MLIP] 344	0.00692845
[MLIP] 345	0.00688308
[MLIP] 346	0.00684443
[MLIP] 347	0.0068148
[MLIP] 348	0.00678716
[MLIP] 349	0.00674627
[MLIP] 350	0.00669563
[MLIP] 351	0.00664576
[MLIP] 352	0.00660387
[MLIP] 353	0.00658334
[MLIP] 354	0.00658499	0.00656509
[MLIP] 355	0.00654329	0.00653519
[MLIP] 356	0.00651581
[MLIP] 357	0.00650158
[MLIP] 358	0.00648961
[MLIP] 359	0.00647085	0.00646199
[MLIP] 360	0.00644372
[MLIP] 361	0.00640742
[MLIP] 362	0.00637604
[MLIP] 363	0.00634011
[MLIP] 364	0.00630877
[MLIP] 365	0.00627371
[MLIP] 366	0.0062361
[MLIP] 367	0.00621359
[MLIP] 368	0.00618653
[MLIP] 369	0.0061463
[MLIP] 370	0.00609727
[MLIP] 371	0.00606026
[MLIP] 372	0.00610471	0.00603467
[MLIP] 373	0.00600387
[MLIP] 374	0.00596974
[MLIP] 375	0.00595555
[MLIP] 376	0.00593511
[MLIP] 377	0.00591662
[MLIP] 378	0.00589973
[MLIP] 379	0.00588263	0.00587697
[MLIP] 380	0.00586084	0.00585548
[MLIP] 381	0.00584013
[MLIP] 382	0.00582764
[MLIP] 383	0.00581331	0.00580801
[MLIP] 384	0.00579666	0.00579137
[MLIP] 385	0.00577581
[MLIP] 386	0.00574553
[MLIP] 387	0.00570543
[MLIP] 388	0.00570067	0.0056839
[MLIP] 389	0.0056353
[MLIP] 390	0.00559109
[MLIP] 391	0.0055439
[MLIP] 392	0.00552744
[MLIP] 393	0.00551912
[MLIP] 394	0.0055099
[MLIP] 395	0.0054974
[MLIP] 396	0.00548338
[MLIP] 397	0.00546979
[MLIP] 398	0.00545247
[MLIP] 399	0.00543522
[MLIP] 400	0.0054141
[MLIP] 401	0.00539138
[MLIP] 402	0.00536304
[MLIP] 403	0.00534273
[MLIP] 404	0.00539354	0.00532977
[MLIP] 405	0.00531365
[MLIP] 406	0.00529691
[MLIP] 407	0.0052835
[MLIP] 408	0.00526723
[MLIP] 409	0.00524553
[MLIP] 410	0.0052108
[MLIP] 411	0.00518422	0.00517228
[MLIP] 412	0.00512997	0.00511525
[MLIP] 413	0.00506264
[MLIP] 414	0.00503297
[MLIP] 415	0.00502354	0.00501929
[MLIP] 416	0.00499441
[MLIP] 417	0.00498059
[MLIP] 418	0.00496753
[MLIP] 419	0.00495337
[MLIP] 420	0.00493617
[MLIP] 421	0.00490917
[MLIP] 422	0.00487069
[MLIP] 423	0.00482121
[MLIP] 424	0.00478736
[MLIP] 425	0.00476423
[MLIP] 426	0.00475654
[MLIP] 427	0.00474812
[MLIP] 428	0.00474152
[MLIP] 429	0.00473733
[MLIP] 430	0.00473368
[MLIP] 431	0.00473002
[MLIP] 432	0.00472556
[MLIP] 433	0.00472216	0.00472072
[MLIP] 434	0.00471677	0.00471364
[MLIP] 435	0.00470709
[MLIP] 436	0.00469978
[MLIP] 437	0.00468935
[MLIP] 438	0.00467438	0.00466885
[MLIP] 439	0.00465091	0.00463377
[MLIP] 440	0.00460206
[MLIP] 441	0.00457916
[MLIP] 442	0.00455218
[MLIP] 443	0.00453235
[MLIP] 444	0.00451017
[MLIP] 445	0.00449018
[MLIP] 446	0.0044743
[MLIP] 447	0.00446658
[MLIP] 448	0.00446344
[MLIP] 449	0.00446026
[MLIP] 450	0.00445651
[MLIP] 451	0.00445396
[MLIP] 452	0.00445193
[MLIP] 453	0.0044495	0.00444867
[MLIP] 454	0.00444556	0.00444277
[MLIP] 455	0.00443473	0.00443085
[MLIP] 456	0.00442156	0.00441471
[MLIP] 457	0.00438782	0.00437506
[MLIP] 458	0.00432715
[MLIP] 459	0.00426279
[MLIP] 460	0.00421474
[MLIP] 461	0.004226	0.0042033
[MLIP] 462	0.00418866
[MLIP] 463	0.00417543
[MLIP] 464	0.00416794
[MLIP] 465	0.00416182
[MLIP] 466	0.00415539
[MLIP] 467	0.00415134
[MLIP] 468	0.00414896
[MLIP] 469	0.00414709
[MLIP] 470	0.00414467
[MLIP] 471	0.0041408	0.00413942
[MLIP] 472	0.00413405	0.00412985
[MLIP] 473	0.00411977
[MLIP] 474	0.00411188
[MLIP] 475	0.0041057
[MLIP] 476	0.00410095
[MLIP] 477	0.0040965
[MLIP] 478	0.00409273
[MLIP] 479	0.00408686
[MLIP] 480	0.00407946
[MLIP] 481	0.00406808
[MLIP] 482	0.00404906
[MLIP] 483	0.00401873
[MLIP] 484	0.00398753
[MLIP] 485	0.00396204
[MLIP] 486	0.00394275
[MLIP] 487	0.00392538
[MLIP] 488	0.00391438
[MLIP] 489	0.00390716
[MLIP] 490	0.00390124
[MLIP] 491	0.00389666
[MLIP] 492	0.00389291
[MLIP] 493	0.00389125
[MLIP] 494	0.00388892
[MLIP] 495	0.00388667
[MLIP] 496	0.00388492
[MLIP] 497	0.0038822
[MLIP] 498	0.0038776	0.00387538
[MLIP] 499	0.00386697	0.00385698
[MLIP] Number of iterations exceeded the threshold. Stopping the training...
POT: 4
TRAIN: Errors (MAE, RMSE, MAXAE)
Energy      = 5.618124e-02, 7.983011e-02, 5.007868e-01
Energy/Atom = 1.755664e-03, 2.494691e-03, 1.564959e-02
Forces      = 4.477522e-02, 6.069824e-02, 7.140264e-01
Stress      = 5.278041e-01, 7.656307e-01, 4.384221e+00
Charges     = 0.000000e+00, 0.000000e+00, 0.000000e+00

VALID: Errors (MAE, RMSE, MAXAE)
Energy      = 1.082298e-01, 1.372835e-01, 5.007868e-01
Energy/Atom = 3.382180e-03, 4.290111e-03, 1.564959e-02
Forces      = 6.649719e-02, 8.931568e-02, 7.140264e-01
Stress      = 7.340099e-01, 1.022109e+00, 4.384221e+00
Charges     = 0.000000e+00, 0.000000e+00, 0.000000e+00

TRAIN_TIME: 369.00964752584696

[MLIP] Starting pretraining...
[MLIP] Rescaling potential...
[MLIP] Potential rescaling completed
[MLIP] 0	270.318	9.32077e+13	174982	4892.22	174.843	122.834
[MLIP] 1	2.45526e+07	2025.71	109.041	83.8458
[MLIP] 2	1.22228e+09	636.744	40.8361
[MLIP] 3	29945.9	3569.87	416.876	36.4735	31.243
[MLIP] 4	6062.36	103.369	20.1919
[MLIP] 5	6962.65	16.8478	14.7725	12.265
[MLIP] 6	16138.6	16.359	9.05631
[MLIP] 7	421.431	21.5221	5.72736
[MLIP] 8	170.03	5.56157	4.34188
[MLIP] 9	14.4983	3.29559
[MLIP] 10	55.5318	3.01144	2.65929
[MLIP] 11	6.83002	2.23283
[MLIP] 12	57.714	2.00869
[MLIP] 13	4.1786	1.82636
[MLIP] 14	1.6163
[MLIP] 15	1.71096	1.48779
[MLIP] 16	1.36155
[MLIP] 17	1.28801
[MLIP] 18	1.23139
[MLIP] 19	1.18508
[MLIP] 20	1.14384
[MLIP] 21	1.09011
[MLIP] 22	1.04636
[MLIP] 23	1.02206
[MLIP] 24	1.0049
[MLIP] 25	0.977256	0.966374
[MLIP] 26	0.933029
[MLIP] 27	0.900671
[MLIP] 28	0.876968
[MLIP] 29	0.849188
[MLIP] 30	0.818365
[MLIP] 31	0.789587
[MLIP] 32	0.765767
[MLIP] 33	0.751048
[MLIP] 34	0.731106
[MLIP] 35	0.705988
[MLIP] 36	0.683649
[MLIP] 37	0.663468
[MLIP] 38	0.636182
[MLIP] 39	0.59596
[MLIP] 40	0.576172
[MLIP] 41	0.553376
[MLIP] 42	0.540821
[MLIP] 43	0.51509
[MLIP] 44	0.4872
[MLIP] 45	0.468984
[MLIP] 46	0.453434
[MLIP] 47	0.434377
[MLIP] 48	0.423196
[MLIP] 49	0.408156
[MLIP] 50	0.392627
[MLIP] 51	0.373644
[MLIP] 52	0.355961
[MLIP] 53	0.334916
[MLIP] 54	0.322038
[MLIP] 55	0.309415
[MLIP] 56	0.296005
[MLIP] 57	0.284242
[MLIP] 58	0.266702
[MLIP] 59	0.250056
[MLIP] 60	0.240264
[MLIP] 61	0.230786
[MLIP] 62	0.22173	0.218618
[MLIP] 63	0.207625	0.199319
[MLIP] 64	0.188463
[MLIP] 65	0.180239
[MLIP] 66	0.172868
[MLIP] 67	0.166428
[MLIP] 68	0.161337
[MLIP] 69	0.156405
[MLIP] 70	0.151438
[MLIP] 71	0.146224
[MLIP] 72	0.141862
[MLIP] 73	0.137771
[MLIP] 74	0.134055
[MLIP] Number of iterations exceeded the threshold. Stopping the training...
[MLIP] Pretraining completed
[MLIP] Rescaling potential...
[MLIP] Potential rescaling completed
[MLIP] 0	1.08577	2.48769e+06	9044.39	74.9706	1.19173	0.389295
[MLIP] 1	1017.5	8.3996	0.32572	0.248396
[MLIP] 2	1.82479	0.261738	0.243815
[MLIP] 3	1.318	0.245997	0.234211
[MLIP] 4	0.481626	0.212774
[MLIP] 5	0.228388	0.174379
[MLIP] 6	0.164502
[MLIP] 7	0.157239
[MLIP] 8	0.14845
[MLIP] 9	0.141277
[MLIP] 10	0.136655
[MLIP] 11	0.133427
[MLIP] 12	0.12981
[MLIP] 13	0.126713
[MLIP] 14	0.123966
[MLIP] 15	0.121236
[MLIP] 16	0.118298
[MLIP] 17	0.115443
[MLIP] 18	0.112965
[MLIP] 19	0.110728
[MLIP] 20	0.10823	0.107332
[MLIP] 21	0.104922	0.102503
[MLIP] 22	0.0977137
[MLIP] 23	0.0960301
[MLIP] 24	0.0945035
[MLIP] 25	0.0931166	0.092594
[MLIP] 26	0.0912189	0.0907111
[MLIP] 27	0.0887174
[MLIP] 28	0.0879414
[MLIP] 29	0.0867024	0.0858518
[MLIP] 30	0.0844372
[MLIP] 31	0.0829301
[MLIP] 32	0.0812653	0.0806835
[MLIP] 33	0.0792666	0.0772207
[MLIP] 34	0.0742336
[MLIP] 35	0.0729876
[MLIP] 36	0.0713858
[MLIP] 37	0.0699754
[MLIP] 38	0.0685727
[MLIP] 39	0.0675063
[MLIP] 40	0.0668468
[MLIP] 41	0.066312
[MLIP] 42	0.0656123	0.0653713
[MLIP] 43	0.0646323	0.0637528
[MLIP] 44	0.0624696
[MLIP] 45	0.0614036
[MLIP] 46	0.0604037	0.0600379
[MLIP] 47	0.059532
[MLIP] 48	0.0588431	0.0585306
[MLIP] 49	0.0578858	0.0575268
[MLIP] 50	0.0569602
[MLIP] 51	0.0564421	0.0562372
[MLIP] 52	0.0556264
[MLIP] 53	0.0549613
[MLIP] 54	0.0546964
[MLIP] 55	0.0543419
[MLIP] 56	0.0539538
[MLIP] 57	0.0535471
[MLIP] 58	0.0530257
[MLIP] 59	0.0524816
[MLIP] 60	0.0521053
[MLIP] 61	0.0518163
[MLIP] 62	0.0515116
[MLIP] 63	0.0511595	0.051032
[MLIP] 64	0.0506761	0.0501837
[MLIP] 65	0.0494865
[MLIP] 66	0.0488118
[MLIP] 67	0.0482414	0.0479592
[MLIP] 68	0.0477421
[MLIP] 69	0.0474956
[MLIP] 70	0.0472963	0.047221
[MLIP] 71	0.0469733	0.0467788
[MLIP] 72	0.0464633
[MLIP] 73	0.0462629
[MLIP] 74	0.0460493	0.0458639
[MLIP] 75	0.0455848	0.0454753
[MLIP] 76	0.0450172
[MLIP] 77	0.0446109
[MLIP] 78	0.0444546
[MLIP] 79	0.0443771
[MLIP] 80	0.0442989	0.0442662
[MLIP] 81	0.0441651	0.0440318
[MLIP] 82	0.043696
[MLIP] 83	0.0433077	0.0431758
[MLIP] 84	0.0428687	0.0426142
[MLIP] 85	0.0425093
[MLIP] 86	0.0423786
[MLIP] 87	0.0422535
[MLIP] 88	0.0420532
[MLIP] 89	0.0417803
[MLIP] 90	0.0414886
[MLIP] 91	0.0411964
[MLIP] 92	0.0408671	0.0407503
[MLIP] 93	0.0403887	0.0402016
[MLIP] 94	0.0398927
[MLIP] 95	0.0396577
[MLIP] 96	0.0394696
[MLIP] 97	0.0393067	0.0391875
[MLIP] 98	0.0388332	0.0386064
[MLIP] 99	0.0379
[MLIP] 100	0.0373095
[MLIP] 101	0.0369432	0.036802
[MLIP] 102	0.0364571
[MLIP] 103	0.0359155
[MLIP] 104	0.035621
[MLIP] 105	0.0352693
[MLIP] 106	0.0348092
[MLIP] 107	0.0344752
[MLIP] 108	0.0341599
[MLIP] 109	0.0339094
[MLIP] 110	0.0335356
[MLIP] 111	0.0330716	0.0329309
[MLIP] 112	0.0324393
[MLIP] 113	0.0320072
[MLIP] 114	0.0316497
[MLIP] 115	0.0311897
[MLIP] 116	0.0307921
[MLIP] 117	0.0303439
[MLIP] 118	0.0299935
[MLIP] 119	0.0297119
[MLIP] 120	0.0295112
[MLIP] 121	0.0293168
[MLIP] 122	0.0291397
[MLIP] 123	0.0289894	0.028897
[MLIP] 124	0.0286854	0.0285658
[MLIP] 125	0.028405
[MLIP] 126	0.0282872
[MLIP] 127	0.0281715
[MLIP] 128	0.0280354
[MLIP] 129	0.0279113
[MLIP] 130	0.0277852
[MLIP] 131	0.0276282	0.0275732
[MLIP] 132	0.0274016
[MLIP] 133	0.0269966
[MLIP] 134	0.0265093
[MLIP] 135	0.0260379
[MLIP] 136	0.0256082
[MLIP] 137	0.0252961
[MLIP] 138	0.0252303
[MLIP] 139	0.0251615
[MLIP] 140	0.0251119
[MLIP] 141	0.0250607	0.0250232
[MLIP] 142	0.0249077	0.0247808
[MLIP] 143	0.0245282
[MLIP] 144	0.0241662
[MLIP] 145	0.023924
[MLIP] 146	0.0238824	0.0238134
[MLIP] 147	0.0236808
[MLIP] 148	0.0235117
[MLIP] 149	0.023408
[MLIP] 150	0.0233126
[MLIP] 151	0.0231929
[MLIP] 152	0.0230271
[MLIP] 153	0.0228576
[MLIP] 154	0.0227672
[MLIP] 155	0.0225893
[MLIP] 156	0.02245
[MLIP] 157	0.0222965
[MLIP] 158	0.0221684
[MLIP] 159	0.0220813
[MLIP] 160	0.0219855
[MLIP] 161	0.0219106
[MLIP] 162	0.0218311
[MLIP] 163	0.0217572	0.0217316
[MLIP] 164	0.0216497	0.0215627
[MLIP] 165	0.0214172
[MLIP] 166	0.0213
[MLIP] 167	0.0212067
[MLIP] 168	0.0211321
[MLIP] 169	0.021063	0.021039
[MLIP] 170	0.0209717	0.0209373
[MLIP] 171	0.0208604
[MLIP] 172	0.0208198
[MLIP] 173	0.0207815	0.0207621
[MLIP] 174	0.020711	0.0206876
[MLIP] 175	0.0205303
[MLIP] 176	0.0203149	0.0202216
[MLIP] 177	0.0200566
[MLIP] 178	0.0199185
[MLIP] 179	0.0198603
[MLIP] 180	0.0197862	0.019724
[MLIP] 181	0.0196458	0.0196049
[MLIP] 182	0.0195404	0.0195137
[MLIP] 183	0.0194365	0.0194103
[MLIP] 184	0.019361	0.0193395
[MLIP] 185	0.0192173
[MLIP] 186	0.0190692
[MLIP] 187	0.0191071	0.0189439
[MLIP] 188	0.0188605	0.0188039
[MLIP] 189	0.0186722
[MLIP] 190	0.01851
[MLIP] 191	0.0183511
[MLIP] 192	0.0182164
[MLIP] 193	0.0181154
[MLIP] 194	0.0180386
[MLIP] 195	0.0179974
[MLIP] 196	0.0179655
[MLIP] 197	0.0179417
[MLIP] 198	0.01791
[MLIP] 199	0.0178611	0.0178413
[MLIP] 200	0.0177787	0.0177414
[MLIP] 201	0.0176211	0.017563
[MLIP] 202	0.0174407	0.0173855
[MLIP] 203	0.0172586
[MLIP] 204	0.0171771
[MLIP] 205	0.0171179
[MLIP] 206	0.0170642
[MLIP] 207	0.0170268
[MLIP] 208	0.016993
[MLIP] 209	0.0169577
[MLIP] 210	0.0169083	0.0168848
[MLIP] 211	0.0168227	0.0167332
[MLIP] 212	0.0164888
[MLIP] 213	0.0163418
[MLIP] 214	0.0162143
[MLIP] 215	0.0160848
[MLIP] 216	0.0160037
[MLIP] 217	0.0159412
[MLIP] 218	0.0158958
[MLIP] 219	0.0158534
[MLIP] 220	0.015814
[MLIP] 221	0.0157413	0.0157114
[MLIP] 222	0.0155939
[MLIP] 223	0.0153508
[MLIP] 224	0.015146
[MLIP] 225	0.0150632
[MLIP] 226	0.0149785
[MLIP] 227	0.0148908
[MLIP] 228	0.0148259
[MLIP] 229	0.0147431
[MLIP] 230	0.0146757
[MLIP] 231	0.0146487
[MLIP] 232	0.0146167	0.0146047
[MLIP] 233	0.0145609
[MLIP] 234	0.0144934
[MLIP] 235	0.0144217
[MLIP] 236	0.0143423
[MLIP] 237	0.0142637
[MLIP] 238	0.0141611
[MLIP] 239	0.0140837
[MLIP] 240	0.0140301
[MLIP] 241	0.0139507
[MLIP] 242	0.0138736	0.0138463
[MLIP] 243	0.0137372	0.0136935
[MLIP] 244	0.013585
[MLIP] 245	0.0134965
[MLIP] 246	0.0134345
[MLIP] 247	0.0133882
[MLIP] 248	0.0133513
[MLIP] 249	0.013318
[MLIP] 250	0.0132829	0.0132703
[MLIP] 251	0.0132337	0.0132218
[MLIP] 252	0.0131638
[MLIP] 253	0.0131014
[MLIP] 254	0.0129987
[MLIP] 255	0.0128627	0.0127632
[MLIP] 256	0.0125739
[MLIP] 257	0.0123737
[MLIP] 258	0.0122196
[MLIP] 259	0.0120693
[MLIP] 260	0.0120612	0.0120188
[MLIP] 261	0.0120894	0.0119623
[MLIP] 262	0.01194
[MLIP] 263	0.0119168
[MLIP] 264	0.0118962
[MLIP] 265	0.0118667
[MLIP] 266	0.011816
[MLIP] 267	0.0117454
[MLIP] 268	0.0116428
[MLIP] 269	0.0115493
[MLIP] 270	0.011713	0.0114864
[MLIP] 271	0.0114095
[MLIP] 272	0.0113474
[MLIP] 273	0.0112872
[MLIP] 274	0.0112446
[MLIP] 275	0.0112174
[MLIP] 276	0.011198
[MLIP] 277	0.0111814
[MLIP] 278	0.0111644
[MLIP] 279	0.011146	0.0111375
[MLIP] 280	0.011106
[MLIP] 281	0.0110589
[MLIP] 282	0.011011
[MLIP] 283	0.0109733
[MLIP] 284	0.0109386
[MLIP] 285	0.0109056
[MLIP] 286	0.0108686
[MLIP] 287	0.0108438
[MLIP] 288	0.0108193
[MLIP] 289	0.010781
[MLIP] 290	0.0107256
[MLIP] 291	0.0106463
[MLIP] 292	0.0105731
[MLIP] 293	0.0105002
[MLIP] 294	0.010452
[MLIP] 295	0.010382
[MLIP] 296	0.010328
[MLIP] 297	0.0102787
[MLIP] 298	0.0102482
[MLIP] 299	0.0102159
[MLIP] 300	0.0102037	0.0101974
[MLIP] 301	0.0101666
[MLIP] 302	0.0101296
[MLIP] 303	0.010073
[MLIP] 304	0.0100114
[MLIP] 305	0.0099542
[MLIP] 306	0.0099047
[MLIP] 307	0.00989315	0.00987907
[MLIP] 308	0.00983469
[MLIP] 309	0.00979792
[MLIP] 310	0.00974613
[MLIP] 311	0.00968775
[MLIP] 312	0.0096389
[MLIP] 313	0.00959771
[MLIP] 314	0.00955555
[MLIP] 315	0.00951651
[MLIP] 316	0.00945695
[MLIP] 317	0.00939557
[MLIP] 318	0.00932992
[MLIP] 319	0.00925971
[MLIP] 320	0.00920651
[MLIP] 321	0.00916424
[MLIP] 322	0.00911692
[MLIP] 323	0.00909136
[MLIP] 324	0.00906192
[MLIP] 325	0.00903378
[MLIP] 326	0.00900465
[MLIP] 327	0.00897987
[MLIP] 328	0.00895781
[MLIP] 329	0.00893741
[MLIP] 330	0.00892173
[MLIP] 331	0.00891287
[MLIP] 332	0.00890692
[MLIP] 333	0.00889822
[MLIP] 334	0.00888831	0.00888448
[MLIP] 335	0.00886445	0.00884176
[MLIP] 336	0.008771	0.00873913
[MLIP] 337	0.00867023
[MLIP] 338	0.00867654	0.00859444
[MLIP] 339	0.0085132
[MLIP] 340	0.00845116
[MLIP] 341	0.0084263	0.00841037
[MLIP] 342	0.00834863
[MLIP] 343	0.00829528
[MLIP] 344	0.00825762
[MLIP] 345	0.00823162
[MLIP] 346	0.00820465
[MLIP] 347	0.0081701
[MLIP] 348	0.00812517
[MLIP] 349	0.00808996
[MLIP] 350	0.00806039
[MLIP] 351	0.00803825
[MLIP] 352	0.00800797
[MLIP] 353	0.00796069
[MLIP] 354	0.00792297
[MLIP] 355	0.00790722
[MLIP] 356	0.00788811
[MLIP] 357	0.00787125	0.00786278
[MLIP] 358	0.00783194	0.0078215
[MLIP] 359	0.00778379
[MLIP] 360	0.00774813
[MLIP] 361	0.00772486
[MLIP] 362	0.00770596	0.00769935
[MLIP] 363	0.00768127
[MLIP] 364	0.00766362
[MLIP] 365	0.00765263
[MLIP] 366	0.00763737
[MLIP] 367	0.00762433
[MLIP] 368	0.00760322
[MLIP] 369	0.00758512
[MLIP] 370	0.00756646
[MLIP] 371	0.00754311
[MLIP] 372	0.00752406
[MLIP] 373	0.00749963
[MLIP] 374	0.00748367
[MLIP] 375	0.0074676
[MLIP] 376	0.00745649
[MLIP] 377	0.00744101
[MLIP] 378	0.00743216
[MLIP] 379	0.0074241
[MLIP] 380	0.00741912
[MLIP] 381	0.00741574
[MLIP] 382	0.00741329
[MLIP] 383	0.00741058	0.00740956
[MLIP] 384	0.00740572	0.00740042
[MLIP] 385	0.00738106	0.0073746
[MLIP] 386	0.00735325	0.00733401
[MLIP] 387	0.00729635
[MLIP] 388	0.00727254
[MLIP] 389	0.00726403
[MLIP] 390	0.00725902
[MLIP] 391	0.00725512
[MLIP] 392	0.0072523
[MLIP] 393	0.00724944
[MLIP] 394	0.00724689
[MLIP] 395	0.00724363
[MLIP] 396	0.00723921	0.00723761
[MLIP] 397	0.00723276	0.00722505	0.00721749
[MLIP] 398	0.00719957	0.00718605
[MLIP] 399	0.00714645	0.00711487
[MLIP] 400	0.00705855
[MLIP] 401	0.00701246
[MLIP] 402	0.00701499	0.00699348
[MLIP] 403	0.00696536
[MLIP] 404	0.00695539
[MLIP] 405	0.00694911
[MLIP] 406	0.00694662
[MLIP] 407	0.00694512
[MLIP] 408	0.00694383
[MLIP] 409	0.00694186	0.00694093
[MLIP] 410	0.0069378	0.00693446
[MLIP] 411	0.00692672
[MLIP] 412	0.00691389
[MLIP] 413	0.00689724
[MLIP] 414	0.00686524
[MLIP] 415	0.00686103	0.00685239
[MLIP] 416	0.00682147	0.00681149
[MLIP] 417	0.00679002
[MLIP] 418	0.00677795	0.00677465
[MLIP] 419	0.00679454	0.00676652
[MLIP] 420	0.00675958
[MLIP] 421	0.00675528
[MLIP] 422	0.00675158
[MLIP] 423	0.00674676
[MLIP] 424	0.00674008
[MLIP] 425	0.00673249
[MLIP] 426	0.00672215
[MLIP] 427	0.00670846
[MLIP] 428	0.00669425
[MLIP] 429	0.00668474
[MLIP] 430	0.00668183
[MLIP] 431	0.00668008
[MLIP] 432	0.00667828	0.00667768
[MLIP] 433	0.00667527	0.00667421
[MLIP] 434	0.00666987	0.0066652
[MLIP] 435	0.00665438	0.00664075
[MLIP] 436	0.00660123	0.00659525	0.00658199
[MLIP] 437	0.00651216
[MLIP] 438	0.00695417	0.00646742
[MLIP] 439	0.00636263
[MLIP] 440	0.00631842
[MLIP] 441	0.00628493
[MLIP] 442	0.00627529
[MLIP] 443	0.00626869
[MLIP] 444	0.00626698	0.00626588
[MLIP] 445	0.00626321
[MLIP] 446	0.00626035
[MLIP] 447	0.00625559
[MLIP] 448	0.00624974
[MLIP] 449	0.00624347
[MLIP] 450	0.00623901
[MLIP] 451	0.00623596
[MLIP] 452	0.00623466	0.006234
[MLIP] 453	0.00623143
[MLIP] 454	0.00622906
[MLIP] 455	0.00622653
[MLIP] 456	0.00622368
[MLIP] 457	0.00622013
[MLIP] 458	0.00621699
[MLIP] 459	0.00621436
[MLIP] 460	0.00621455	0.0062123
[MLIP] 461	0.0062075
[MLIP] 462	0.00619853	0.00619243
[MLIP] 463	0.00618021
[MLIP] 464	0.00615337
[MLIP] 465	0.00610562
[MLIP] 466	0.00609117	0.00608578
[MLIP] 467	0.00605899
[MLIP] 468	0.00605229
[MLIP] 469	0.00604618
[MLIP] 470	0.00604291
[MLIP] 471	0.00603867	0.00603733
[MLIP] 472	0.00603363
[MLIP] 473	0.00602956
[MLIP] 474	0.00602651
[MLIP] 475	0.00602282
[MLIP] 476	0.00601958
[MLIP] 477	0.00601655
[MLIP] 478	0.00601382
[MLIP] 479	0.00601152
[MLIP] 480	0.00600992
[MLIP] 481	0.00600638
[MLIP] 482	0.006003	0.00600179
[MLIP] 483	0.00599919	0.00599774
[MLIP] 484	0.005994	0.00599076
[MLIP] 485	0.00598446
[MLIP] 486	0.00597064	0.00596939	0.00596654
[MLIP] 487	0.00595412
[MLIP] 488	0.0059453
[MLIP] 489	0.00593388
[MLIP] 490	0.00592318
[MLIP] 491	0.00591427
[MLIP] 492	0.0059012
[MLIP] 493	0.00588451
[MLIP] 494	0.00586509
[MLIP] 495	0.00584713
[MLIP] 496	0.00643411	0.00583667
[MLIP] 497	0.00582922
[MLIP] 498	0.00582624
[MLIP] 499	0.00582365
[MLIP] Number of iterations exceeded the threshold. Stopping the training...
POT: 5
TRAIN: Errors (MAE, RMSE, MAXAE)
Energy      = 7.054942e-02, 9.978101e-02, 5.881000e-01
Energy/Atom = 2.204669e-03, 3.118156e-03, 1.837813e-02
Forces      = 5.372411e-02, 7.471361e-02, 1.183181e+00
Stress      = 5.944419e-01, 8.624492e-01, 4.417238e+00
Charges     = 0.000000e+00, 0.000000e+00, 0.000000e+00

VALID: Errors (MAE, RMSE, MAXAE)
Energy      = 1.357939e-01, 1.734220e-01, 5.881000e-01
Energy/Atom = 4.243561e-03, 5.419436e-03, 1.837813e-02
Forces      = 8.697825e-02, 1.154868e-01, 1.183181e+00
Stress      = 8.546659e-01, 1.174762e+00, 4.417238e+00
Charges     = 0.000000e+00, 0.000000e+00, 0.000000e+00

TRAIN_TIME: 359.9621797017753

