
The following have been reloaded with a version change:
  1) Python/Anaconda_v02.2024 => Python/Miniconda

[prun] Master compute host = cn-025
[prun] Resource manager = slurm
[prun] Launch cmd = mpirun /home/peivzarenkov/.conda/envs/peter_env/bin/python train_etn.py (family=openmpi)
group size rank 6 = 4224
group size rank 1 = 4224
group size rank 7 = 4256
group size rank 3 = 4224
group size rank 4 = 4224
group size rank 2 = 4224
group size rank 8 = 4256
group size rank 5 = 4224

=== POT 1 ===
init params head: [-0.76989087  0.21813308 -0.73321807 -0.51882076 -0.34572189]
group size rank 0 = 4256
group size rank 1 = 832
group size rank 6 = 864
group size rank 3 = 832
group size rank 4 = 864
group size rank 7 = 864
group size rank 8 = 864
group size rank 5 = 864
group size rank 2 = 832
group size rank 0 = 864
init loss: 40723.979954157105
[MLIP] Starting pretraining...
[MLIP] Rescaling potential...
[MLIP] Potential rescaling completed
[MLIP] 0	294.847	7.30715e+14	3.98887e+06	3296.68	46.0354
[MLIP] 1	4.91488e+13	276.09	319.314	41.5976	24.9421
[MLIP] 2	3.28628e+09	86.2711	4.17978
[MLIP] 3	5.23466e+07	317.342	4.22526	2.96718
[MLIP] 4	23489.2	5.81554	2.90274
[MLIP] 5	51.8046	2.67734
[MLIP] 6	56.7176	2.41368
[MLIP] 7	40722	2.59282	2.24855
[MLIP] 8	161667	2.5306	2.08412
[MLIP] 9	19.8266	1.78703
[MLIP] 10	3.03956	1.51048
[MLIP] 11	18.2536	1.17002
[MLIP] 12	2.42124	0.921985
[MLIP] 13	6.00771	0.827018
[MLIP] 14	3.52994	0.708343
[MLIP] 15	12.6777	0.687873	0.674069	0.664639
[MLIP] 16	0.449289
[MLIP] 17	0.439257	0.419891
[MLIP] 18	0.413591	0.410542
[MLIP] 19	0.400796
[MLIP] 20	0.391126
[MLIP] 21	0.388773	0.387064
[MLIP] 22	0.384572
[MLIP] 23	0.382456
[MLIP] 24	0.381573
[MLIP] 25	0.380756	0.380234
[MLIP] 26	0.379371
[MLIP] 27	0.376955	0.375844
[MLIP] 28	0.371591	0.366888
[MLIP] 29	0.435639	0.357122	0.355362	0.354861	0.353399
[MLIP] 30	0.341551
[MLIP] 31	0.345652	0.320349
[MLIP] 32	0.293121	0.289023	0.278484
[MLIP] 33	0.238417
[MLIP] 34	0.238398	0.181049
[MLIP] 35	0.148592
[MLIP] 36	0.119005
[MLIP] 37	0.175938	0.110697
[MLIP] 38	0.104356
[MLIP] 39	0.102558	0.10194
[MLIP] 40	0.0963974
[MLIP] 41	0.0876088
[MLIP] 42	0.0771536
[MLIP] 43	0.0716904	0.0683291
[MLIP] 44	0.060395	0.0583335
[MLIP] 45	0.0534479
[MLIP] 46	0.050077	0.0486409
[MLIP] 47	0.0456061
[MLIP] 48	0.0489131	0.043477
[MLIP] 49	0.0421163
[MLIP] 50	0.0412969
[MLIP] 51	0.0408986
[MLIP] 52	0.0406859
[MLIP] 53	0.0404895
[MLIP] 54	0.0402857
[MLIP] 55	0.0400645	0.0399568
[MLIP] 56	0.0396775	0.0392439	0.038862
[MLIP] 57	0.0388
[MLIP] 58	0.03879
[MLIP] 59	0.0387894
[MLIP] 60	0.0387893
[MLIP] 61	0.0387893
[MLIP] 62	0.0387893
[MLIP] 63	0.0387893
[MLIP] 64	0.0387893
[MLIP] 65	0.0387893
[MLIP] 66	0.0387893	0.0387893
[MLIP] 67	0.0387893	0.0387893	0.0387893	0.0387893	0.0387893	0.0387893	0.0387893	0.0387893	0.0387893	0.0387893	0.0387893
[MLIP] 68	0.0387893	0.0387893	0.0387893	0.0387893	0.0387893
[MLIP] 69	0.0387893	0.0387893	0.0387893	0.0387893	0.0387893	0.0387893	0.0387893	0.0387893	0.0387893	0.0387893	0.0387893
[MLIP] 70	0.0387893	0.0387893	0.0387893	0.0387893	0.0387893	0.0387893	0.0387893
[MLIP] 71	0.0387893	0.0387893	0.0387893	0.0387893	0.0387893	0.0387893	0.0387893	0.0387893	0.0387893	0.0387893	0.0387893
[MLIP] 72	0.0387893	0.0387893	0.0387893	0.0387893	0.0387893	0.0387893	0.0387893	0.0387893	0.0387893	0.0387893	 Line search: prev_x == curr_x	0.0387893
[MLIP] 73	0.0387893	0.0387893	0.0387893	0.0387893	0.0387893
[MLIP] 74	0.0387893	0.0387893	0.0387893	0.0387893	0.0387893	0.0387893	0.0387893	0.0387893	0.0387893	0.0387893	0.0387893
[MLIP] Number of iterations exceeded the threshold. Stopping the training...
[MLIP] Pretraining completed
[MLIP] Rescaling potential...
[MLIP] Potential rescaling completed
[MLIP] 0	0.0387893	0.0387893	0.0387893
[MLIP] 1	0.0387893	0.0387893
[MLIP] 2	0.0387893	0.0387893
[MLIP] 3	0.0387893	0.0387893
[MLIP] 4	0.0387893	0.0387893	0.0387893	0.0387893	0.0387893
[MLIP] 5	0.0387893	0.0387893	0.0387893	0.0387893	0.0387893	 Line search: prev_x == curr_x	0.0387893
[MLIP] 6	0.0387893	0.0387893	0.0387893	0.0387893	0.0387893	0.0387893	0.0387893	0.0387893	0.0387893	0.0387893	 Line search: prev_x == curr_x	0.0387893
[MLIP] 7	0.0387893	0.0387893	0.0387893	0.0387893	0.0387893	0.0387893	0.0387893	0.0387893	0.0387893	0.0387893	0.0387893
[MLIP] Stepping in accend direction. Stopping the training...
group size rank 6 = 4224
group size rank 3 = 4224
group size rank 1 = 4224
group size rank 4 = 4224
group size rank 2 = 4224
final params head: [ 66.19073406 -38.12013383  19.1123479   -8.98476809   3.69316013]
final loss: 5.134308982276283
TRAIN: Errors (MAE, RMSE, MAXAE)
Energy      = 2.057596e-01, 2.756559e-01, 1.332411e+00
Energy/Atom = 6.429987e-03, 8.614246e-03, 4.163784e-02
Forces      = 1.341377e-01, 1.917362e-01, 4.324607e+00
Stress      = 1.620948e+00, 2.373711e+00, 1.037363e+01
Charges     = 0.000000e+00, 0.000000e+00, 0.000000e+00

VALID: Errors (MAE, RMSE, MAXAE)
Energy      = 3.539201e-01, 4.439839e-01, 1.332411e+00
Energy/Atom = 1.106000e-02, 1.387450e-02, 4.163784e-02
Forces      = 1.825137e-01, 2.771155e-01, 4.324607e+00
Stress      = 1.661372e+00, 2.316578e+00, 1.037363e+01
Charges     = 0.000000e+00, 0.000000e+00, 0.000000e+00

TRAIN_TIME: 66.6380118560046

=== POT 2 ===
init params head: [ 0.6696843  -0.79040779  0.48928096 -0.27899833 -0.28137832]
group size rank 0 = 4256
group size rank 5 = 4224
group size rank 8 = 4256
group size rank 7 = 4256
group size rank 3 = 832
group size rank 1 = 832
group size rank 6 = 864
group size rank 4 = 864
group size rank 2 = 832
group size rank 0 = 864
group size rank 5 = 864
group size rank 8 = 864
group size rank 7 = 864
init loss: 60892.014388926655
[MLIP] Starting pretraining...
[MLIP] Rescaling potential...
[MLIP] Potential rescaling completed
[MLIP] 0	424.513	7.46856e+09	3040.06	21.8263
[MLIP] 1	4.19214e+09	58.9774	10.3202	7.62443	11.0225	4.85301
[MLIP] 2	501976	27.9423	4.67218	4.60059
[MLIP] 3	25946.5	3.06904
[MLIP] 4	303.691	2.35482
[MLIP] 5	4762.34	1.91245	1.9114	1.86721	1.82691
[MLIP] 6	4908.16	1.64968
[MLIP] 7	4.87071	1.40469
[MLIP] 8	3.09885	1.61355	1.37187
[MLIP] 9	1.28942
[MLIP] 10	1.18838
[MLIP] 11	3.48115	1.18902	1.1765
[MLIP] 12	1.09439
[MLIP] 13	0.9249	0.944768	0.899001
[MLIP] 14	0.602487
[MLIP] 15	58.0503	0.543182
[MLIP] 16	0.767705	0.459177
[MLIP] 17	0.837902	0.442596
[MLIP] 18	0.457735	0.429164
[MLIP] 19	0.427852
[MLIP] 20	0.427466
[MLIP] 21	0.426881	0.426233
[MLIP] 22	0.424519
[MLIP] 23	0.421357
[MLIP] 24	0.415807
[MLIP] 25	0.410041
[MLIP] 26	0.407907	0.406959
[MLIP] 27	0.403121
[MLIP] 28	0.400259
[MLIP] 29	0.400162	0.3971
[MLIP] 30	0.399937	0.393888
[MLIP] 31	0.396332	0.392209
[MLIP] 32	0.390633	0.390231
[MLIP] 33	0.387933
[MLIP] 34	0.385226
[MLIP] 35	0.461494	0.383343	0.383223
[MLIP] 36	0.386321	0.381909
[MLIP] 37	0.379276
[MLIP] 38	0.3771
[MLIP] 39	0.401241	0.375964
[MLIP] 40	0.377742	0.375566
[MLIP] 41	0.374907
[MLIP] 42	0.373267	0.372729
[MLIP] 43	0.372691	0.371723
[MLIP] 44	0.370795	0.370425	0.370234
[MLIP] 45	0.379766	0.369169
[MLIP] 46	0.367719
[MLIP] 47	0.42656	0.366989	0.366951	0.366843
[MLIP] 48	0.365921	0.3655
[MLIP] 49	0.365675	0.365017
[MLIP] 50	0.365315	0.364488
[MLIP] 51	0.365326	0.364084
[MLIP] 52	0.363385
[MLIP] 53	0.364142	0.363175
[MLIP] 54	0.362828
[MLIP] 55	0.363007	0.362641
[MLIP] 56	0.362428
[MLIP] 57	0.362298
[MLIP] 58	0.362265	0.362222
[MLIP] 59	0.362182	0.362174
[MLIP] 60	0.362107	0.36207
[MLIP] 61	0.362041
[MLIP] 62	0.362016
[MLIP] 63	0.361999
[MLIP] 64	0.361979	0.361962
[MLIP] 65	0.361923	0.361862	0.361823
[MLIP] 66	0.361739	0.361657
[MLIP] 67	0.361441	0.361117	0.360831
[MLIP] 68	0.361193	0.360614
[MLIP] 69	0.359937
[MLIP] 70	0.359245	0.358978
[MLIP] 71	0.359413	0.358508
[MLIP] 72	0.356608	0.354631
[MLIP] 73	0.349764	0.349955	0.349276
[MLIP] 74	1.17236	0.346057
[MLIP] Number of iterations exceeded the threshold. Stopping the training...
[MLIP] Pretraining completed
[MLIP] Rescaling potential...
[MLIP] Potential rescaling completed
[MLIP] 0	0.346037	200.138	3.89975	0.377835	0.346182	0.34582
[MLIP] 1	27807.3	6.21113	0.389081	0.345659	0.345223
[MLIP] 2	58.1634	0.363794	0.344245
[MLIP] 3	1.00142	0.350107	0.343131
[MLIP] 4	309.335	0.475686	0.340003
[MLIP] 5	0.336143
[MLIP] 6	0.333226
[MLIP] 7	0.331021
[MLIP] 8	0.332472	0.329886
[MLIP] 9	0.328671	0.328003
[MLIP] 10	0.327413
[MLIP] 11	0.327197
[MLIP] 12	0.327045
[MLIP] 13	0.326916	0.326866
[MLIP] 14	0.32679	0.326753
[MLIP] 15	0.326724	0.326673	0.326599
[MLIP] 16	0.326114	0.325998	0.325859
[MLIP] 17	0.324864	0.32492	0.32461
[MLIP] 18	0.321933
[MLIP] 19	0.324161	0.31974	0.319518
[MLIP] 20	0.323769	0.315941
[MLIP] 21	0.312481	0.309375
[MLIP] 22	1.30383	0.306484	0.306408	0.305911	0.305525
[MLIP] 23	1.01884	0.30289	0.30283	0.302457
[MLIP] 24	0.289645
[MLIP] 25	0.260458
[MLIP] 26	21.3211	0.247083
[MLIP] 27	1257.63	0.22745
[MLIP] 28	123.463	0.22977	0.215226
[MLIP] 29	0.471402	0.190473
[MLIP] 30	85.2039	0.207641	0.180271
[MLIP] 31	0.180196	0.150214
[MLIP] 32	115.092	0.127925
[MLIP] 33	0.144474	0.118198
[MLIP] 34	0.287211	0.106995
[MLIP] 35	0.112601	0.0881369
[MLIP] 36	1.27905	0.0796093
[MLIP] 37	0.117548	0.0650173
[MLIP] 38	0.0640078	0.0600467
[MLIP] 39	0.0586554	0.0529223
[MLIP] 40	0.0893311	0.0505863
[MLIP] 41	0.0495268	0.0470631
[MLIP] 42	0.0468333	0.0446405
[MLIP] 43	0.0432924
[MLIP] 44	0.0430545	0.0405417
[MLIP] 45	0.0404209	0.0391107
[MLIP] 46	0.0388902
[MLIP] 47	0.0389273	0.0388393
[MLIP] 48	0.0388183
[MLIP] 49	0.0388097
[MLIP] 50	0.0388002
[MLIP] 51	0.0387931
[MLIP] 52	0.0387899
[MLIP] 53	0.0387894
[MLIP] 54	0.0387893
[MLIP] 55	0.0387893	0.0387893
[MLIP] 56	0.0387893	0.0387893
[MLIP] 57	0.0387893
[MLIP] 58	0.0387893
[MLIP] 59	0.0387893
[MLIP] 60	0.0387893
[MLIP] 61	0.0387893	0.0387893	0.0387893	0.0387893	0.0387893	0.0387893	0.0387893	 Line search: prev_x == curr_x	0.0387893
[MLIP] 62	0.0387893	0.0387893	0.0387893	0.0387893	0.0387893	0.0387893	0.0387893	0.0387893	0.0387893	0.0387893	0.0387893
[MLIP] 63	0.0387893	0.0387893	0.0387893	0.0387893	 Line search: prev_x == curr_x	0.0387893
[MLIP] Stepping in accend direction. Stopping the training...
group size rank 6 = 4224
group size rank 1 = 4224
group size rank 3 = 4224
group size rank 2 = 4224
group size rank 4 = 4224
final params head: [25.51969026 -8.95336049  5.32890045  6.6601008   3.79660949]
final loss: 5.1343089816751055
TRAIN: Errors (MAE, RMSE, MAXAE)
Energy      = 2.057596e-01, 2.756559e-01, 1.332411e+00
Energy/Atom = 6.429987e-03, 8.614246e-03, 4.163783e-02
Forces      = 1.341377e-01, 1.917362e-01, 4.324607e+00
Stress      = 1.620948e+00, 2.373711e+00, 1.037363e+01
Charges     = 0.000000e+00, 0.000000e+00, 0.000000e+00

VALID: Errors (MAE, RMSE, MAXAE)
Energy      = 3.539201e-01, 4.439839e-01, 1.332411e+00
Energy/Atom = 1.106000e-02, 1.387450e-02, 4.163783e-02
Forces      = 1.825137e-01, 2.771155e-01, 4.324607e+00
Stress      = 1.661372e+00, 2.316578e+00, 1.037363e+01
Charges     = 0.000000e+00, 0.000000e+00, 0.000000e+00

TRAIN_TIME: 81.74974367208779

=== POT 3 ===
init params head: [ 0.97802303  0.09908945 -0.4371054  -0.84542087 -0.11106101]
group size rank 0 = 4256
group size rank 5 = 4224
group size rank 8 = 4256
group size rank 7 = 4256
group size rank 1 = 832
group size rank 3 = 832
group size rank 6 = 864
group size rank 4 = 864
group size rank 2 = 832
group size rank 0 = 864
group size rank 5 = 864
group size rank 8 = 864
group size rank 7 = 864
init loss: 25301.38084512466
[MLIP] Starting pretraining...
[MLIP] Rescaling potential...
[MLIP] Potential rescaling completed
[MLIP] 0	73.7773	1.30322e+13	553763	696.57	49.0918
[MLIP] 1	2.00344e+14	391.055	132.714	8.94136
[MLIP] 2	5.78413e+10	367.138	2.70542
[MLIP] 3	156692	2.21856
[MLIP] 4	345.418	2.53579	2.05372
[MLIP] 5	12301.8	2.22355	1.87499
[MLIP] 6	33.0012	1.56868
[MLIP] 7	4.86434	1.60818	1.51824
[MLIP] 8	5.81028	1.45142
[MLIP] 9	1.34401
[MLIP] 10	2.98196	1.25565
[MLIP] 11	1.45545	1.1834	1.17428
[MLIP] 12	3.75776	1.0733
[MLIP] 13	23.3749	0.959312	0.953978	0.950704	0.914748
[MLIP] 14	1.03382	0.844412
[MLIP] 15	1.75612	0.701064	0.68208
[MLIP] 16	1.4513	0.622629
[MLIP] 17	1.19666	0.570487	0.565722
[MLIP] 18	0.684717	0.529212
[MLIP] 19	0.460335
[MLIP] 20	0.499319	0.444807
[MLIP] 21	0.464188	0.438439
[MLIP] 22	0.425413	0.421512
[MLIP] 23	0.41472	0.410611
[MLIP] 24	0.398368
[MLIP] 25	0.384869
[MLIP] 26	0.381203
[MLIP] 27	0.380148	0.379468
[MLIP] 28	0.378583
[MLIP] 29	0.378452
[MLIP] 30	0.378402	0.378327	0.378271
[MLIP] 31	0.377952	0.377363	0.376392	0.375299
[MLIP] 32	0.367797	0.374951	0.365132
[MLIP] 33	0.352249
[MLIP] 34	0.37734	0.347763
[MLIP] 35	0.339188
[MLIP] 36	0.333001	0.33103
[MLIP] 37	0.305376
[MLIP] 38	0.247489
[MLIP] 39	6.78519	0.217497
[MLIP] 40	4.64601	0.178634
[MLIP] 41	2.28115	0.141371
[MLIP] 42	1.04281	0.085028
[MLIP] 43	18.6223	0.0676784
[MLIP] 44	1.72047	0.0505719
[MLIP] 45	0.0510606	0.0426626
[MLIP] 46	0.0526988	0.0403458
[MLIP] 47	0.0396001	0.0391794
[MLIP] 48	0.0389341	0.0388576
[MLIP] 49	0.0387978
[MLIP] 50	0.0387902
[MLIP] 51	0.0387893
[MLIP] 52	0.0387893
[MLIP] 53	0.0387893
[MLIP] 54	0.0387893
[MLIP] 55	0.0387893
[MLIP] 56	0.0387893
[MLIP] 57	0.0387893
[MLIP] 58	0.0387893	0.0387893	0.0387893	0.0387893	0.0387893
[MLIP] 59	0.0387893	0.0387893	0.0387893	0.0387893	 Line search: prev_x == curr_x	0.0387893
[MLIP] 60	0.0387893	0.0387893	0.0387893	0.0387893	0.0387893	0.0387893	0.0387893	0.0387893	0.0387893	0.0387893	0.0387893
[MLIP] 61	0.0387893	0.0387893	0.0387893	0.0387893	0.0387893	0.0387893	0.0387893	0.0387893	0.0387893	0.0387893	0.0387893
[MLIP] Stepping in accend direction. Stopping the training...
[MLIP] Pretraining completed
[MLIP] Rescaling potential...
[MLIP] Potential rescaling completed
[MLIP] 0	0.0387893	0.0387893	0.0387893
[MLIP] 1	0.0387893	0.0387893
[MLIP] 2	0.0387893	0.0387893	0.0387893	0.0387893	 Line search: prev_x == curr_x	0.0387893
[MLIP] 3	0.0387893	0.0387893	0.0387893
[MLIP] 4	0.0387893	0.0387893	0.0387893	0.0387893	0.0387893	0.0387893	0.0387893	 Line search: prev_x == curr_x	0.0387893
[MLIP] 5	0.0387893	0.0387893	0.0387893	0.0387893	0.0387893	0.0387893	0.0387893	0.0387893	0.0387893	 Line search: prev_x == curr_x	0.0387893
[MLIP] 6	0.0387893	0.0387893	0.0387893	0.0387893	0.0387893	0.0387893	0.0387893	0.0387893	 Line search: prev_x == curr_x	0.0387893
[MLIP] Stepping in accend direction. Stopping the training...
group size rank 8 = 4256
group size rank 1 = 4224
group size rank 2 = 4224
group size rank 3 = 4224
group size rank 6 = 4224
group size rank 5 = 4224
group size rank 4 = 4224
group size rank 7 = 4256
final params head: [ 32.61760128 -19.02128169  10.64953004  -5.27953234   1.19188714]
final loss: 5.13430898227697
TRAIN: Errors (MAE, RMSE, MAXAE)
Energy      = 2.057596e-01, 2.756559e-01, 1.332411e+00
Energy/Atom = 6.429987e-03, 8.614246e-03, 4.163784e-02
Forces      = 1.341377e-01, 1.917362e-01, 4.324607e+00
Stress      = 1.620948e+00, 2.373711e+00, 1.037363e+01
Charges     = 0.000000e+00, 0.000000e+00, 0.000000e+00

VALID: Errors (MAE, RMSE, MAXAE)
Energy      = 3.539201e-01, 4.439839e-01, 1.332411e+00
Energy/Atom = 1.106000e-02, 1.387450e-02, 4.163784e-02
Forces      = 1.825137e-01, 2.771155e-01, 4.324607e+00
Stress      = 1.661372e+00, 2.316578e+00, 1.037363e+01
Charges     = 0.000000e+00, 0.000000e+00, 0.000000e+00

TRAIN_TIME: 54.283984668552876

=== POT 4 ===
init params head: [ 0.5676647   0.26966741 -0.50191382  0.51615173 -0.37384613]
group size rank 0 = 4256
group size rank 1 = 832
group size rank 3 = 832
group size rank 8 = 864
group size rank 2 = 832
group size rank 6 = 864
group size rank 4 = 864
group size rank 5 = 864
group size rank 7 = 864
group size rank 0 = 864
init loss: 791.1514542868624
[MLIP] Starting pretraining...
[MLIP] Rescaling potential...
[MLIP] Potential rescaling completed
[MLIP] 0	5.79853	72218	7.92883	4.15715
[MLIP] 1	1.44221e+15	8764.48	9.44375	1.88437
[MLIP] 2	2753.68	2.29493	1.65387
[MLIP] 3	151.458	1.54702
[MLIP] 4	68.5175	1.4382
[MLIP] 5	12.5894	1.42046	1.38508
[MLIP] 6	10.1588	1.21532	1.20247	1.17808
[MLIP] 7	6.9382	1.09303	1.08695	1.07719
[MLIP] 8	0.913994	0.9011
[MLIP] 9	2.12832	0.852347
[MLIP] 10	63.8779	0.854806	0.806559
[MLIP] 11	4.73096	0.683211
[MLIP] 12	7.57549	0.569869
[MLIP] 13	13.4954	0.473249
[MLIP] 14	16.8592	0.409217
[MLIP] 15	0.70826	0.378725
[MLIP] 16	0.38343	0.375468
[MLIP] 17	0.374341	0.373868
[MLIP] 18	0.373133
[MLIP] 19	0.372072
[MLIP] 20	0.370735
[MLIP] 21	0.37031
[MLIP] 22	0.369864
[MLIP] 23	0.369558
[MLIP] 24	0.36861	0.367606
[MLIP] 25	0.363972	0.364113	0.362539
[MLIP] 26	0.341115	0.337746	0.328845
[MLIP] 27	140.058	0.306775
[MLIP] 28	6640.57	0.301275	0.301202	0.28812
[MLIP] 29	0.313703	0.262448
[MLIP] 30	0.16829
[MLIP] 31	7543.21	0.272947	0.145723
[MLIP] 32	40.706	0.112766
[MLIP] 33	3.17958	0.0917607
[MLIP] 34	0.861838	0.0807477
[MLIP] 35	0.410861	0.0563168
[MLIP] 36	0.112871	0.0479772
[MLIP] 37	0.046807	0.0415603
[MLIP] 38	0.0577283	0.0391736
[MLIP] 39	0.0394361	0.0389696
[MLIP] 40	0.0388574
[MLIP] 41	0.0387953
[MLIP] 42	0.0387921	0.0387902
[MLIP] 43	0.0387895
[MLIP] 44	0.0387893
[MLIP] 45	0.0387893	0.0387893
[MLIP] 46	0.0387893
[MLIP] 47	0.0387893
[MLIP] 48	0.0387893
[MLIP] 49	0.0387893
[MLIP] 50	0.0387893
[MLIP] 51	0.0387893	0.0387893	0.0387893	0.0387893	0.0387893	0.0387893	0.0387893	0.0387893	0.0387893	0.0387893	0.0387893
[MLIP] 52	0.0387893	0.0387893	0.0387893	0.0387893	0.0387893	0.0387893	0.0387893	0.0387893	0.0387893	0.0387893	 Line search: prev_x == curr_x	0.0387893
[MLIP] 53	0.0387893	0.0387893	0.0387893	0.0387893	0.0387893	0.0387893	0.0387893	0.0387893	0.0387893	0.0387893	0.0387893
[MLIP] Stepping in accend direction. Stopping the training...
[MLIP] Pretraining completed
[MLIP] Rescaling potential...
[MLIP] Potential rescaling completed
[MLIP] 0	0.0387893	0.0387893	0.0387893	0.0387893	0.0387893	0.0387893
[MLIP] 1	0.0387893	0.0387893	0.0387893	0.0387893	0.0387893	0.0387893	0.0387893	0.0387893	0.0387893	0.0387893	0.0387893
[MLIP] 2	0.0387893	0.0387893	0.0387893	0.0387893	0.0387893	0.0387893	0.0387893	0.0387893	0.0387893	0.0387893	0.0387893
[MLIP] 3	0.0387893	0.0387893	0.0387893	0.0387893	0.0387893	0.0387893	0.0387893	0.0387893	 Line search: prev_x == curr_x	0.0387893
[MLIP] Stepping in accend direction. Stopping the training...
group size rank 3 = 4224
group size rank 6 = 4224
group size rank 1 = 4224
group size rank 8 = 4256
group size rank 4 = 4224
group size rank 2 = 4224
group size rank 5 = 4224
group size rank 7 = 4256
final params head: [ 19.28096149 -12.11076026   6.85517203  -1.89217704  -0.7348391 ]
final loss: 5.134308982012758
TRAIN: Errors (MAE, RMSE, MAXAE)
Energy      = 2.057596e-01, 2.756559e-01, 1.332411e+00
Energy/Atom = 6.429987e-03, 8.614246e-03, 4.163783e-02
Forces      = 1.341377e-01, 1.917362e-01, 4.324607e+00
Stress      = 1.620948e+00, 2.373711e+00, 1.037363e+01
Charges     = 0.000000e+00, 0.000000e+00, 0.000000e+00

VALID: Errors (MAE, RMSE, MAXAE)
Energy      = 3.539201e-01, 4.439839e-01, 1.332411e+00
Energy/Atom = 1.106000e-02, 1.387450e-02, 4.163783e-02
Forces      = 1.825137e-01, 2.771155e-01, 4.324607e+00
Stress      = 1.661372e+00, 2.316578e+00, 1.037363e+01
Charges     = 0.000000e+00, 0.000000e+00, 0.000000e+00

TRAIN_TIME: 49.14847764186561

=== POT 5 ===
init params head: [-0.77302306  0.94896619  0.45746927 -0.29706439  0.41521028]
group size rank 0 = 4256
group size rank 3 = 832
group size rank 1 = 832
group size rank 8 = 864
group size rank 6 = 864
group size rank 4 = 864
group size rank 2 = 832
group size rank 5 = 864
group size rank 7 = 864
group size rank 0 = 864
init loss: 180658.4086319116
[MLIP] Starting pretraining...
[MLIP] Rescaling potential...
[MLIP] Potential rescaling completed
[MLIP] 0	53.93	3.35199e+11	41279.6	237.927	42.835
[MLIP] 1	1.64836e+13	291.251	24.1237	7.87262
[MLIP] 2	1.337e+08	268.218	7.50893	4.98538
[MLIP] 3	148436	3.57238	3.56119	2.22129
[MLIP] 4	64798.4	3.12909	1.89123
[MLIP] 5	31573.3	1.65683	1.65581	1.55295
[MLIP] 6	4.66767	1.31294
[MLIP] 7	3.88254	1.1676
[MLIP] 8	1.94924	1.11295
[MLIP] 9	1.02576
[MLIP] 10	2.80025	0.943423
[MLIP] 11	1.38769	0.792798
[MLIP] 12	3.46805	0.691666
[MLIP] 13	0.506097
[MLIP] 14	1.83316	0.434085
[MLIP] 15	0.790493	0.419266
[MLIP] 16	0.395673
[MLIP] 17	0.387738
[MLIP] 18	0.381693
[MLIP] 19	0.377158	0.375115
[MLIP] 20	0.370272
[MLIP] 21	0.370396	0.36837
[MLIP] 22	0.367499
[MLIP] 23	0.367126
[MLIP] 24	0.367058	0.366993
[MLIP] 25	0.366828	0.366545	0.366177
[MLIP] 26	0.364546	0.362831
[MLIP] 27	0.356562	0.347381
[MLIP] 28	0.348265	0.32878
[MLIP] 29	0.292552
[MLIP] 30	0.682972	0.269225
[MLIP] 31	2.29609	0.226452
[MLIP] 32	1.33957	0.190727	0.188106
[MLIP] 33	0.917013	0.164116	0.162509
[MLIP] 34	0.761252	0.138974
[MLIP] 35	2.18626	0.113873	0.112613	0.108765
[MLIP] 36	0.416797	0.0887456
[MLIP] 37	0.178385	0.0694342
[MLIP] 38	0.108448	0.0650213
[MLIP] 39	0.281829	0.0599879
[MLIP] 40	0.0712267	0.0505307
[MLIP] 41	0.0460386
[MLIP] 42	0.0504763	0.044997
[MLIP] 43	0.045768	0.043706
[MLIP] 44	0.0430645	0.0425017
[MLIP] 45	0.041917	0.0417348
[MLIP] 46	0.0414255	0.0411296
[MLIP] 47	0.0416117	0.040866
[MLIP] 48	0.0407408
[MLIP] 49	0.0405572	0.0404214
[MLIP] 50	0.0399547	0.0398836
[MLIP] 51	0.0394864
[MLIP] 52	0.0392903
[MLIP] 53	0.0390717
[MLIP] 54	0.0389338
[MLIP] 55	0.0388736
[MLIP] 56	0.0388175
[MLIP] 57	0.038796
[MLIP] 58	0.0387904
[MLIP] 59	0.0387896
[MLIP] 60	0.0387893
[MLIP] 61	0.0387893
[MLIP] 62	0.0387893
[MLIP] 63	0.0387893
[MLIP] 64	0.0387893
[MLIP] 65	0.0387893
[MLIP] 66	0.0387893
[MLIP] 67	0.0387893
[MLIP] 68	0.0387893
[MLIP] 69	0.0387893
[MLIP] 70	0.0387893	0.0387893	0.0387893	0.0387893	0.0387893	0.0387893	0.0387893	0.0387893	0.0387893	0.0387893	0.0387893
[MLIP] 71	0.0388231	0.0387893	0.0387893
[MLIP] 72	0.0387893	0.0387893	0.0387893	0.0387893	0.0387893	0.0387893	0.0387893	0.0387893	0.0387893	0.0387893	0.0387893
[MLIP] 73	0.0387893	0.0387893	0.0387893	0.0387893	0.0387893	0.0387893	0.0387893	 Line search: prev_x == curr_x	0.0387893
[MLIP] 74	0.0387908	0.0387893	0.0387893	0.0387893	 Line search: prev_x == curr_x	0.0387893
[MLIP] Stepping in accend direction. Stopping the training...
[MLIP] Pretraining completed
[MLIP] Rescaling potential...
[MLIP] Potential rescaling completed
[MLIP] 0	0.0387893	0.0387893	0.0387893
[MLIP] 1	0.0387893	0.0387893	0.0387893	0.0387893	0.0387893	0.0387893	 Line search: prev_x == curr_x	0.0387893
[MLIP] 2	0.0387893	0.0387893	0.0387893
[MLIP] 3	0.0387893	0.0387893	0.0387893	0.0387893	0.0387893	0.0387893
[MLIP] 4	0.0387893	0.0387893
[MLIP] 5	0.0387893	0.0387893	0.0387893	0.0387893	0.0387893	0.0387893	0.0387893	0.0387893	0.0387893	0.0387893	 Line search: prev_x == curr_x	0.0387893
[MLIP] 6	0.0387893	0.0387893
[MLIP] 7	0.0387893	0.0387893	0.0387893	0.0387893	0.0387893	0.0387893	0.0387893	0.0387893	0.0387893	0.0387893	0.0387893
[MLIP] 8	0.0387893	0.0387893	0.0387893	0.0387893	0.0387893	0.0387893	0.0387893	0.0387893	0.0387893	0.0387893	0.0387893
[MLIP] 9	0.0387893	0.0387893	0.0387893	0.0387893	0.0387893	0.0387893	0.0387893	0.0387893	0.0387893	0.0387893	0.0387893
[MLIP] Stepping in accend direction. Stopping the training...
final params head: [ 93.07747775 -54.60691438  28.77232275 -13.60306258   1.87892573]
final loss: 5.134308981726701
TRAIN: Errors (MAE, RMSE, MAXAE)
Energy      = 2.057596e-01, 2.756559e-01, 1.332411e+00
Energy/Atom = 6.429987e-03, 8.614246e-03, 4.163784e-02
Forces      = 1.341377e-01, 1.917362e-01, 4.324607e+00
Stress      = 1.620948e+00, 2.373711e+00, 1.037363e+01
Charges     = 0.000000e+00, 0.000000e+00, 0.000000e+00

VALID: Errors (MAE, RMSE, MAXAE)
Energy      = 3.539201e-01, 4.439839e-01, 1.332411e+00
Energy/Atom = 1.106000e-02, 1.387450e-02, 4.163784e-02
Forces      = 1.825137e-01, 2.771155e-01, 4.324607e+00
Stress      = 1.661372e+00, 2.316578e+00, 1.037363e+01
Charges     = 0.000000e+00, 0.000000e+00, 0.000000e+00

TRAIN_TIME: 65.66572127491236
