This is pdfTeX, Version 3.141592653-2.6-1.40.29 (TeX Live 2026) (preloaded format=pdflatex 2026.5.26)  1 JUN 2026 20:36
entering extended mode
 restricted \write18 enabled.
 file:line:error style messages enabled.
 %&-line parsing enabled.
**/Users/peterzarenkov/projects/course_work/Testing-optimization-methods-in-MLP/docs/final_report/my_report/main.tex
(/Users/peterzarenkov/projects/course_work/Testing-optimization-methods-in-MLP/docs/final_report/my_report/main.tex
LaTeX2e <2025-11-01>
L3 programming layer <2026-01-19>
(/usr/local/texlive/2026/texmf-dist/tex/latex/extsizes/extarticle.cls
Document Class: extarticle 1996/10/08 v1.0 Non Standard LaTeX document class
(/usr/local/texlive/2026/texmf-dist/tex/latex/base/size12.clo
File: size12.clo 2025/01/22 v1.4n Standard LaTeX file (size option)
) (/usr/local/texlive/2026/texmf-dist/tex/latex/base/exscale.sty
Package: exscale 2025/06/05 v2.1i Standard LaTeX package exscale
LaTeX Font Info:    Redeclaring symbol font `largesymbols' on input line 57.
LaTeX Font Info:    Overwriting symbol font `largesymbols' in version `normal'
(Font)                  OMX/cmex/m/n --> OMX/cmex/m/n on input line 57.
LaTeX Font Info:    Overwriting symbol font `largesymbols' in version `bold'
(Font)                  OMX/cmex/m/n --> OMX/cmex/m/n on input line 57.
\big@size=\dimen148
)
\c@part=\count275
\c@section=\count276
\c@subsection=\count277
\c@subsubsection=\count278
\c@paragraph=\count279
\c@subparagraph=\count280
\c@figure=\count281
\c@table=\count282
\abovecaptionskip=\skip49
\belowcaptionskip=\skip50
\bibindent=\dimen149
) (/usr/local/texlive/2026/texmf-dist/tex/latex/cmap/cmap.sty
Package: cmap 2021/02/06 v1.0j CMap support: searchable PDF
) (/usr/local/texlive/2026/texmf-dist/tex/latex/geometry/geometry.sty
Package: geometry 2026/03/07 v6.0 Page Geometry
 (/usr/local/texlive/2026/texmf-dist/tex/latex/graphics/keyval.sty
Package: keyval 2022/05/29 v1.15 key=value parser (DPC)
\KV@toks@=\toks17
) (/usr/local/texlive/2026/texmf-dist/tex/generic/iftex/ifvtex.sty
Package: ifvtex 2019/10/25 v1.7 ifvtex legacy package. Use iftex instead.
 (/usr/local/texlive/2026/texmf-dist/tex/generic/iftex/iftex.sty
Package: iftex 2024/12/12 v1.0g TeX engine tests
))
\Gm@cnth=\count283
\Gm@cntv=\count284
\c@Gm@tempcnt=\count285
\Gm@bindingoffset=\dimen150
\Gm@wd@mp=\dimen151
\Gm@odd@mp=\dimen152
\Gm@even@mp=\dimen153
\Gm@layoutwidth=\dimen154
\Gm@layoutheight=\dimen155
\Gm@layouthoffset=\dimen156
\Gm@layoutvoffset=\dimen157
\Gm@dimlist=\toks18
) (/usr/local/texlive/2026/texmf-dist/tex/latex/base/fontenc.sty
Package: fontenc 2025/07/18 v2.1d Standard LaTeX package
 (/usr/local/texlive/2026/texmf-dist/tex/latex/cyrillic/t2aenc.def
File: t2aenc.def 2023/11/07 v1.0k Cyrillic encoding definition file
Now handling font encoding T2A ...
... processing UTF-8 mapping file for font encoding T2A
 (/usr/local/texlive/2026/texmf-dist/tex/latex/base/t2aenc.dfu
File: t2aenc.dfu 2022/06/07 v1.3c UTF-8 support
   defining Unicode char U+00A4 (decimal 164)
   defining Unicode char U+00A7 (decimal 167)
   defining Unicode char U+00AB (decimal 171)
   defining Unicode char U+00BB (decimal 187)
   defining Unicode char U+0131 (decimal 305)
   defining Unicode char U+0237 (decimal 567)
   defining Unicode char U+0400 (decimal 1024)
   defining Unicode char U+0401 (decimal 1025)
   defining Unicode char U+0402 (decimal 1026)
   defining Unicode char U+0403 (decimal 1027)
   defining Unicode char U+0404 (decimal 1028)
   defining Unicode char U+0405 (decimal 1029)
   defining Unicode char U+0406 (decimal 1030)
   defining Unicode char U+0407 (decimal 1031)
   defining Unicode char U+0408 (decimal 1032)
   defining Unicode char U+0409 (decimal 1033)
   defining Unicode char U+040A (decimal 1034)
   defining Unicode char U+040B (decimal 1035)
   defining Unicode char U+040C (decimal 1036)
   defining Unicode char U+040D (decimal 1037)
   defining Unicode char U+040E (decimal 1038)
   defining Unicode char U+040F (decimal 1039)
   defining Unicode char U+0410 (decimal 1040)
   defining Unicode char U+0411 (decimal 1041)
   defining Unicode char U+0412 (decimal 1042)
   defining Unicode char U+0413 (decimal 1043)
   defining Unicode char U+0414 (decimal 1044)
   defining Unicode char U+0415 (decimal 1045)
   defining Unicode char U+0416 (decimal 1046)
   defining Unicode char U+0417 (decimal 1047)
   defining Unicode char U+0418 (decimal 1048)
   defining Unicode char U+0419 (decimal 1049)
   defining Unicode char U+041A (decimal 1050)
   defining Unicode char U+041B (decimal 1051)
   defining Unicode char U+041C (decimal 1052)
   defining Unicode char U+041D (decimal 1053)
   defining Unicode char U+041E (decimal 1054)
   defining Unicode char U+041F (decimal 1055)
   defining Unicode char U+0420 (decimal 1056)
   defining Unicode char U+0421 (decimal 1057)
   defining Unicode char U+0422 (decimal 1058)
   defining Unicode char U+0423 (decimal 1059)
   defining Unicode char U+0424 (decimal 1060)
   defining Unicode char U+0425 (decimal 1061)
   defining Unicode char U+0426 (decimal 1062)
   defining Unicode char U+0427 (decimal 1063)
   defining Unicode char U+0428 (decimal 1064)
   defining Unicode char U+0429 (decimal 1065)
   defining Unicode char U+042A (decimal 1066)
   defining Unicode char U+042B (decimal 1067)
   defining Unicode char U+042C (decimal 1068)
   defining Unicode char U+042D (decimal 1069)
   defining Unicode char U+042E (decimal 1070)
   defining Unicode char U+042F (decimal 1071)
   defining Unicode char U+0430 (decimal 1072)
   defining Unicode char U+0431 (decimal 1073)
   defining Unicode char U+0432 (decimal 1074)
   defining Unicode char U+0433 (decimal 1075)
   defining Unicode char U+0434 (decimal 1076)
   defining Unicode char U+0435 (decimal 1077)
   defining Unicode char U+0436 (decimal 1078)
   defining Unicode char U+0437 (decimal 1079)
   defining Unicode char U+0438 (decimal 1080)
   defining Unicode char U+0439 (decimal 1081)
   defining Unicode char U+043A (decimal 1082)
   defining Unicode char U+043B (decimal 1083)
   defining Unicode char U+043C (decimal 1084)
   defining Unicode char U+043D (decimal 1085)
   defining Unicode char U+043E (decimal 1086)
   defining Unicode char U+043F (decimal 1087)
   defining Unicode char U+0440 (decimal 1088)
   defining Unicode char U+0441 (decimal 1089)
   defining Unicode char U+0442 (decimal 1090)
   defining Unicode char U+0443 (decimal 1091)
   defining Unicode char U+0444 (decimal 1092)
   defining Unicode char U+0445 (decimal 1093)
   defining Unicode char U+0446 (decimal 1094)
   defining Unicode char U+0447 (decimal 1095)
   defining Unicode char U+0448 (decimal 1096)
   defining Unicode char U+0449 (decimal 1097)
   defining Unicode char U+044A (decimal 1098)
   defining Unicode char U+044B (decimal 1099)
   defining Unicode char U+044C (decimal 1100)
   defining Unicode char U+044D (decimal 1101)
   defining Unicode char U+044E (decimal 1102)
   defining Unicode char U+044F (decimal 1103)
   defining Unicode char U+0450 (decimal 1104)
   defining Unicode char U+0451 (decimal 1105)
   defining Unicode char U+0452 (decimal 1106)
   defining Unicode char U+0453 (decimal 1107)
   defining Unicode char U+0454 (decimal 1108)
   defining Unicode char U+0455 (decimal 1109)
   defining Unicode char U+0456 (decimal 1110)
   defining Unicode char U+0457 (decimal 1111)
   defining Unicode char U+0458 (decimal 1112)
   defining Unicode char U+0459 (decimal 1113)
   defining Unicode char U+045A (decimal 1114)
   defining Unicode char U+045B (decimal 1115)
   defining Unicode char U+045C (decimal 1116)
   defining Unicode char U+045D (decimal 1117)
   defining Unicode char U+045E (decimal 1118)
   defining Unicode char U+045F (decimal 1119)
   defining Unicode char U+0490 (decimal 1168)
   defining Unicode char U+0491 (decimal 1169)
   defining Unicode char U+0492 (decimal 1170)
   defining Unicode char U+0493 (decimal 1171)
   defining Unicode char U+0496 (decimal 1174)
   defining Unicode char U+0497 (decimal 1175)
   defining Unicode char U+0498 (decimal 1176)
   defining Unicode char U+0499 (decimal 1177)
   defining Unicode char U+049A (decimal 1178)
   defining Unicode char U+049B (decimal 1179)
   defining Unicode char U+049C (decimal 1180)
   defining Unicode char U+049D (decimal 1181)
   defining Unicode char U+04A0 (decimal 1184)
   defining Unicode char U+04A1 (decimal 1185)
   defining Unicode char U+04A2 (decimal 1186)
   defining Unicode char U+04A3 (decimal 1187)
   defining Unicode char U+04A4 (decimal 1188)
   defining Unicode char U+04A5 (decimal 1189)
   defining Unicode char U+04AA (decimal 1194)
   defining Unicode char U+04AB (decimal 1195)
   defining Unicode char U+04AE (decimal 1198)
   defining Unicode char U+04AF (decimal 1199)
   defining Unicode char U+04B0 (decimal 1200)
   defining Unicode char U+04B1 (decimal 1201)
   defining Unicode char U+04B2 (decimal 1202)
   defining Unicode char U+04B3 (decimal 1203)
   defining Unicode char U+04B6 (decimal 1206)
   defining Unicode char U+04B7 (decimal 1207)
   defining Unicode char U+04B8 (decimal 1208)
   defining Unicode char U+04B9 (decimal 1209)
   defining Unicode char U+04BA (decimal 1210)
   defining Unicode char U+04BB (decimal 1211)
   defining Unicode char U+04C0 (decimal 1216)
   defining Unicode char U+04C1 (decimal 1217)
   defining Unicode char U+04C2 (decimal 1218)
   defining Unicode char U+04D0 (decimal 1232)
   defining Unicode char U+04D1 (decimal 1233)
   defining Unicode char U+04D2 (decimal 1234)
   defining Unicode char U+04D3 (decimal 1235)
   defining Unicode char U+04D4 (decimal 1236)
   defining Unicode char U+04D5 (decimal 1237)
   defining Unicode char U+04D6 (decimal 1238)
   defining Unicode char U+04D7 (decimal 1239)
   defining Unicode char U+04D8 (decimal 1240)
   defining Unicode char U+04D9 (decimal 1241)
   defining Unicode char U+04DA (decimal 1242)
   defining Unicode char U+04DB (decimal 1243)
   defining Unicode char U+04DC (decimal 1244)
   defining Unicode char U+04DD (decimal 1245)
   defining Unicode char U+04DE (decimal 1246)
   defining Unicode char U+04DF (decimal 1247)
   defining Unicode char U+04E2 (decimal 1250)
   defining Unicode char U+04E3 (decimal 1251)
   defining Unicode char U+04E4 (decimal 1252)
   defining Unicode char U+04E5 (decimal 1253)
   defining Unicode char U+04E6 (decimal 1254)
   defining Unicode char U+04E7 (decimal 1255)
   defining Unicode char U+04E8 (decimal 1256)
   defining Unicode char U+04E9 (decimal 1257)
   defining Unicode char U+04EC (decimal 1260)
   defining Unicode char U+04ED (decimal 1261)
   defining Unicode char U+04EE (decimal 1262)
   defining Unicode char U+04EF (decimal 1263)
   defining Unicode char U+04F0 (decimal 1264)
   defining Unicode char U+04F1 (decimal 1265)
   defining Unicode char U+04F2 (decimal 1266)
   defining Unicode char U+04F3 (decimal 1267)
   defining Unicode char U+04F4 (decimal 1268)
   defining Unicode char U+04F5 (decimal 1269)
   defining Unicode char U+04F8 (decimal 1272)
   defining Unicode char U+04F9 (decimal 1273)
   defining Unicode char U+200C (decimal 8204)
   defining Unicode char U+2013 (decimal 8211)
   defining Unicode char U+2014 (decimal 8212)
   defining Unicode char U+2018 (decimal 8216)
   defining Unicode char U+2019 (decimal 8217)
   defining Unicode char U+201C (decimal 8220)
   defining Unicode char U+201D (decimal 8221)
   defining Unicode char U+201E (decimal 8222)
   defining Unicode char U+2030 (decimal 8240)
   defining Unicode char U+2031 (decimal 8241)
   defining Unicode char U+2116 (decimal 8470)
   defining Unicode char U+2329 (decimal 9001)
   defining Unicode char U+3008 (decimal 12296)
   defining Unicode char U+232A (decimal 9002)
   defining Unicode char U+3009 (decimal 12297)
   defining Unicode char U+2423 (decimal 9251)
   defining Unicode char U+27E8 (decimal 10216)
   defining Unicode char U+27E9 (decimal 10217)
   defining Unicode char U+FB00 (decimal 64256)
   defining Unicode char U+FB01 (decimal 64257)
   defining Unicode char U+FB02 (decimal 64258)
   defining Unicode char U+FB03 (decimal 64259)
   defining Unicode char U+FB04 (decimal 64260)
   defining Unicode char U+FB05 (decimal 64261)
   defining Unicode char U+FB06 (decimal 64262)
))
LaTeX Font Info:    Trying to load font information for T2A+cmr on input line 116.
 (/usr/local/texlive/2026/texmf-dist/tex/latex/cyrillic/t2acmr.fd
File: t2acmr.fd 2001/08/11 v1.0a Computer Modern Cyrillic font definitions
)<<t2a.cmap>>) (/usr/local/texlive/2026/texmf-dist/tex/latex/base/inputenc.sty
Package: inputenc 2024/02/08 v1.3d Input encoding file
\inpenc@prehook=\toks19
\inpenc@posthook=\toks20
) (/usr/local/texlive/2026/texmf-dist/tex/generic/babel/babel.sty
Package: babel 2026/03/08 v26.4 The multilingual framework for LuaLaTeX, pdfLaTeX and XeLaTeX
\babel@savecnt=\count286
LaTeX Encoding Info:    Redeclaring text command \ij (encoding OT1) on input line 2078.
LaTeX Encoding Info:    Redeclaring text command \IJ (encoding OT1) on input line 2080.
LaTeX Encoding Info:    Redeclaring text command \ij (encoding T1) on input line 2082.
LaTeX Encoding Info:    Redeclaring text command \IJ (encoding T1) on input line 2083.
LaTeX Encoding Info:    Ignoring declaration for text command \ij (encoding ?) on input line 2084.
LaTeX Encoding Info:    Ignoring declaration for text command \IJ (encoding ?) on input line 2086.
LaTeX Encoding Info:    Ignoring declaration for text command \SS (encoding ?) on input line 2111.
\U@D=\dimen158
\l@unhyphenated=\language91
 (/usr/local/texlive/2026/texmf-dist/tex/generic/babel/txtbabel.def)
\bbl@readstream=\read2
\bbl@dirlevel=\count287
 (/usr/local/texlive/2026/texmf-dist/tex/generic/babel/locale/en/babel-english.tex) (/usr/local/texlive/2026/texmf-dist/tex/generic/babel/locale/ru/babel-russian.tex)
Package babel Info: Importing font and identification data for english
(babel)             from babel-en.ini. Reported on input line 4330.
 (/usr/local/texlive/2026/texmf-dist/tex/generic/babel-english/english.ldf
Language: english 2017/06/06 v3.3r English support from the babel system
Package babel Info: Hyphen rules for 'canadian' set to \l@english
(babel)             (\language0). Reported on input line 102.
Package babel Info: Hyphen rules for 'australian' set to \l@ukenglish
(babel)             (\language22). Reported on input line 105.
Package babel Info: Hyphen rules for 'newzealand' set to \l@ukenglish
(babel)             (\language22). Reported on input line 108.
)
Package babel Info: Importing font and identification data for russian
(babel)             from babel-ru.ini. Reported on input line 4330.
 (/usr/local/texlive/2026/texmf-dist/tex/generic/babel-russian/russianb.ldf
File: russianb.ldf 2021/01/10 1.3m Russian support for the Babel system
Language: russian 2020/09/09 1.3k Russian support for the Babel system
Package babel Info: Making " an active character on input line 124.
Package babel Info: Default for \cyrdash is provided on input line 163.
)) (/usr/local/texlive/2026/texmf-dist/tex/latex/amsmath/amsmath.sty
Package: amsmath 2025/07/09 v2.17z AMS math features
\@mathmargin=\skip51

For additional information on amsmath, use the `?' option.
(/usr/local/texlive/2026/texmf-dist/tex/latex/amsmath/amstext.sty
Package: amstext 2024/11/17 v2.01 AMS text
 (/usr/local/texlive/2026/texmf-dist/tex/latex/amsmath/amsgen.sty
File: amsgen.sty 1999/11/30 v2.0 generic functions
\@emptytoks=\toks21
\ex@=\dimen159
)) (/usr/local/texlive/2026/texmf-dist/tex/latex/amsmath/amsbsy.sty
Package: amsbsy 1999/11/29 v1.2d Bold Symbols
\pmbraise@=\dimen160
) (/usr/local/texlive/2026/texmf-dist/tex/latex/amsmath/amsopn.sty
Package: amsopn 2022/04/08 v2.04 operator names
)
\inf@bad=\count288
LaTeX Info: Redefining \frac on input line 233.
\uproot@=\count289
\leftroot@=\count290
LaTeX Info: Redefining \overline on input line 398.
LaTeX Info: Redefining \colon on input line 409.
\classnum@=\count291
\DOTSCASE@=\count292
LaTeX Info: Redefining \ldots on input line 495.
LaTeX Info: Redefining \dots on input line 498.
LaTeX Info: Redefining \cdots on input line 619.
\Mathstrutbox@=\box53
\strutbox@=\box54
LaTeX Info: Redefining \big on input line 721.
LaTeX Info: Redefining \Big on input line 722.
LaTeX Info: Redefining \bigg on input line 723.
LaTeX Info: Redefining \Bigg on input line 724.
\big@size=\dimen161
LaTeX Font Info:    Redeclaring font encoding OML on input line 742.
LaTeX Font Info:    Redeclaring font encoding OMS on input line 743.
\macc@depth=\count293
LaTeX Info: Redefining \bmod on input line 904.
LaTeX Info: Redefining \pmod on input line 909.
LaTeX Info: Redefining \smash on input line 939.
LaTeX Info: Redefining \relbar on input line 969.
LaTeX Info: Redefining \Relbar on input line 970.
\c@MaxMatrixCols=\count294
\dotsspace@=\muskip17
\c@parentequation=\count295
\dspbrk@lvl=\count296
\tag@help=\toks22
\row@=\count297
\column@=\count298
\maxfields@=\count299
\andhelp@=\toks23
\eqnshift@=\dimen162
\alignsep@=\dimen163
\tagshift@=\dimen164
\tagwidth@=\dimen165
\totwidth@=\dimen166
\lineht@=\dimen167
\@envbody=\toks24
\multlinegap=\skip52
\multlinetaggap=\skip53
\mathdisplay@stack=\toks25
LaTeX Info: Redefining \[ on input line 2950.
LaTeX Info: Redefining \] on input line 2951.
) (/usr/local/texlive/2026/texmf-dist/tex/latex/amscls/amsthm.sty
Package: amsthm 2020/05/29 v2.20.6
\thm@style=\toks26
\thm@bodyfont=\toks27
\thm@headfont=\toks28
\thm@notefont=\toks29
\thm@headpunct=\toks30
\thm@preskip=\skip54
\thm@postskip=\skip55
\thm@headsep=\skip56
\dth@everypar=\toks31
) (/usr/local/texlive/2026/texmf-dist/tex/latex/amsfonts/amssymb.sty
Package: amssymb 2013/01/14 v3.01 AMS font symbols
 (/usr/local/texlive/2026/texmf-dist/tex/latex/amsfonts/amsfonts.sty
Package: amsfonts 2013/01/14 v3.01 Basic AMSFonts support
\symAMSa=\mathgroup4
\symAMSb=\mathgroup5
LaTeX Font Info:    Redeclaring math symbol \hbar on input line 98.
LaTeX Font Info:    Overwriting math alphabet `\mathfrak' in version `bold'
(Font)                  U/euf/m/n --> U/euf/b/n on input line 106.
)) (/usr/local/texlive/2026/texmf-dist/tex/latex/mathtools/mathtools.sty
Package: mathtools 2024/10/04 v1.31 mathematical typesetting tools
 (/usr/local/texlive/2026/texmf-dist/tex/latex/tools/calc.sty
Package: calc 2025/03/01 v4.3b Infix arithmetic (KKT,FJ)
\calc@Acount=\count300
\calc@Bcount=\count301
\calc@Adimen=\dimen168
\calc@Bdimen=\dimen169
\calc@Askip=\skip57
\calc@Bskip=\skip58
LaTeX Info: Redefining \setlength on input line 86.
LaTeX Info: Redefining \addtolength on input line 87.
\calc@Ccount=\count302
\calc@Cskip=\skip59
) (/usr/local/texlive/2026/texmf-dist/tex/latex/mathtools/mhsetup.sty
Package: mhsetup 2021/03/18 v1.4 programming setup (MH)
)
\g_MT_multlinerow_int=\count303
\l_MT_multwidth_dim=\dimen170
\origjot=\skip60
\l_MT_shortvdotswithinadjustabove_dim=\dimen171
\l_MT_shortvdotswithinadjustbelow_dim=\dimen172
\l_MT_above_intertext_sep=\dimen173
\l_MT_below_intertext_sep=\dimen174
\l_MT_above_shortintertext_sep=\dimen175
\l_MT_below_shortintertext_sep=\dimen176
\xmathstrut@box=\box55
\xmathstrut@dim=\dimen177
) (/usr/local/texlive/2026/texmf-dist/tex/latex/setspace/setspace.sty
Package: setspace 2022/12/04 v6.7b set line spacing
) (/usr/local/texlive/2026/texmf-dist/tex/latex/graphics/graphicx.sty
Package: graphicx 2024/12/31 v1.2e Enhanced LaTeX Graphics (DPC,SPQR)
 (/usr/local/texlive/2026/texmf-dist/tex/latex/graphics/graphics.sty
Package: graphics 2024/08/06 v1.4g Standard LaTeX Graphics (DPC,SPQR)
 (/usr/local/texlive/2026/texmf-dist/tex/latex/graphics/trig.sty
Package: trig 2023/12/02 v1.11 sin cos tan (DPC)
) (/usr/local/texlive/2026/texmf-dist/tex/latex/graphics-cfg/graphics.cfg
File: graphics.cfg 2016/06/04 v1.11 sample graphics configuration
)
Package graphics Info: Driver file: pdftex.def on input line 106.
 (/usr/local/texlive/2026/texmf-dist/tex/latex/graphics-def/pdftex.def
File: pdftex.def 2025/09/29 v1.2d Graphics/color driver for pdftex
))
\Gin@req@height=\dimen178
\Gin@req@width=\dimen179
) (/usr/local/texlive/2026/texmf-dist/tex/latex/booktabs/booktabs.sty
Package: booktabs 2020/01/12 v1.61803398 Publication quality tables
\heavyrulewidth=\dimen180
\lightrulewidth=\dimen181
\cmidrulewidth=\dimen182
\belowrulesep=\dimen183
\belowbottomsep=\dimen184
\aboverulesep=\dimen185
\abovetopsep=\dimen186
\cmidrulesep=\dimen187
\cmidrulekern=\dimen188
\defaultaddspace=\dimen189
\@cmidla=\count304
\@cmidlb=\count305
\@aboverulesep=\dimen190
\@belowrulesep=\dimen191
\@thisruleclass=\count306
\@lastruleclass=\count307
\@thisrulewidth=\dimen192
) (/usr/local/texlive/2026/texmf-dist/tex/latex/multirow/multirow.sty
Package: multirow 2024/11/12 v2.9 Span multiple rows of a table
\multirow@colwidth=\skip61
\multirow@cntb=\count308
\multirow@dima=\skip62
\bigstrutjot=\dimen193
) (/usr/local/texlive/2026/texmf-dist/tex/latex/tools/tabularx.sty
Package: tabularx 2023/12/11 v2.12a `tabularx' package (DPC)
 (/usr/local/texlive/2026/texmf-dist/tex/latex/tools/array.sty
Package: array 2025/09/25 v2.6n Tabular extension package (FMi)
\col@sep=\dimen194
\ar@mcellbox=\box56
\extrarowheight=\dimen195
\NC@list=\toks32
\extratabsurround=\skip63
\backup@length=\skip64
\ar@cellbox=\box57
)
\TX@col@width=\dimen196
\TX@old@table=\dimen197
\TX@old@col=\dimen198
\TX@target=\dimen199
\TX@delta=\dimen256
\TX@cols=\count309
\TX@ftn=\toks33
) (/usr/local/texlive/2026/texmf-dist/tex/latex/threeparttable/threeparttable.sty
Package: threeparttable 2003/06/13  v 3.0
\@tempboxb=\box58
) (/usr/local/texlive/2026/texmf-dist/tex/latex/tablefootnote/tablefootnote.sty
Package: tablefootnote 2014/01/26 v1.1c Table foot notes (HMM)
 (/usr/local/texlive/2026/texmf-dist/tex/generic/ltxcmds/ltxcmds.sty
Package: ltxcmds 2023-12-04 v1.26 LaTeX kernel commands for general use (HO)
) (/usr/local/texlive/2026/texmf-dist/tex/latex/letltxmacro/letltxmacro.sty
Package: letltxmacro 2019/12/03 v1.6 Let assignment for LaTeX macros (HO)
) (/usr/local/texlive/2026/texmf-dist/tex/latex/xifthen/xifthen.sty
Package: xifthen 2015/11/05 v1.4.0 Extended ifthen features
 (/usr/local/texlive/2026/texmf-dist/tex/latex/base/ifthen.sty
Package: ifthen 2024/03/16 v1.1e Standard LaTeX ifthen package (DPC)
) (/usr/local/texlive/2026/texmf-dist/tex/latex/ifmtarg/ifmtarg.sty
Package: ifmtarg 2018/04/16 v1.2b check for an empty argument
)) (/usr/local/texlive/2026/texmf-dist/tex/latex/etoolbox/etoolbox.sty
Package: etoolbox 2025/10/02 v2.5m e-TeX tools for LaTeX (JAW)
\etb@tempcnta=\count310
)) (/usr/local/texlive/2026/texmf-dist/tex/latex/caption/subcaption.sty
Package: subcaption 2023/07/28 v1.6b Sub-captions (AR)
 (/usr/local/texlive/2026/texmf-dist/tex/latex/caption/caption.sty
Package: caption 2023/08/05 v3.6o Customizing captions (AR)
 (/usr/local/texlive/2026/texmf-dist/tex/latex/caption/caption3.sty
Package: caption3 2023/07/31 v2.4d caption3 kernel (AR)
\caption@tempdima=\dimen257
\captionmargin=\dimen258
\caption@leftmargin=\dimen259
\caption@rightmargin=\dimen260
\caption@width=\dimen261
\caption@indent=\dimen262
\caption@parindent=\dimen263
\caption@hangindent=\dimen264
Package caption Info: Standard document class detected.
)
\c@caption@flags=\count311
\c@continuedfloat=\count312
Package caption Info: threeparttable package is loaded.
)
Package caption Info: New subtype `subfigure' on input line 238.
\c@subfigure=\count313
Package caption Info: New subtype `subtable' on input line 238.
\c@subtable=\count314
) (/usr/local/texlive/2026/texmf-dist/tex/latex/placeins/placeins.sty
Package: placeins 2005/04/18  v 2.2
) (/usr/local/texlive/2026/texmf-dist/tex/latex/float/float.sty
Package: float 2001/11/08 v1.3d Float enhancements (AL)
\c@float@type=\count315
\float@exts=\toks34
\float@box=\box59
\@float@everytoks=\toks35
\@floatcapt=\box60
) (/usr/local/texlive/2026/texmf-dist/tex/latex/xurl/xurl.sty
Package: xurl 2022/01/09 v 0.10 modify URL breaks
 (/usr/local/texlive/2026/texmf-dist/tex/latex/url/url.sty
\Urlmuskip=\muskip18
Package: url 2013/09/16  ver 3.4  Verb mode for urls, etc.
)) (/usr/local/texlive/2026/texmf-dist/tex/latex/tools/indentfirst.sty
Package: indentfirst 2023/07/02 v1.03 Indent first paragraph (DPC)
) (/usr/local/texlive/2026/texmf-dist/tex/latex/chngcntr/chngcntr.sty
Package: chngcntr 2018/04/09 v1.1a change counter resetting
Package chngcntr Info: \counterwithout already defined.
(chngcntr)             Quitting chngcntr on input line 21.
) (/usr/local/texlive/2026/texmf-dist/tex/latex/natbib/natbib.sty
Package: natbib 2010/09/13 8.31b (PWD, AO)
\bibhang=\skip65
\bibsep=\skip66
LaTeX Info: Redefining \cite on input line 694.
\c@NAT@ctr=\count316
) (/usr/local/texlive/2026/texmf-dist/tex/latex/hyperref/hyperref.sty
Package: hyperref 2026-01-29 v7.01p Hypertext links for LaTeX
 (/usr/local/texlive/2026/texmf-dist/tex/latex/kvsetkeys/kvsetkeys.sty
Package: kvsetkeys 2022-10-05 v1.19 Key value parser (HO)
) (/usr/local/texlive/2026/texmf-dist/tex/generic/kvdefinekeys/kvdefinekeys.sty
Package: kvdefinekeys 2019-12-19 v1.6 Define keys (HO)
) (/usr/local/texlive/2026/texmf-dist/tex/generic/pdfescape/pdfescape.sty
Package: pdfescape 2019/12/09 v1.15 Implements pdfTeX's escape features (HO)
 (/usr/local/texlive/2026/texmf-dist/tex/generic/pdftexcmds/pdftexcmds.sty
Package: pdftexcmds 2020-06-27 v0.33 Utility functions of pdfTeX for LuaTeX (HO)
 (/usr/local/texlive/2026/texmf-dist/tex/generic/infwarerr/infwarerr.sty
Package: infwarerr 2019/12/03 v1.5 Providing info/warning/error messages (HO)
)
Package pdftexcmds Info: \pdf@primitive is available.
Package pdftexcmds Info: \pdf@ifprimitive is available.
Package pdftexcmds Info: \pdfdraftmode found.
)) (/usr/local/texlive/2026/texmf-dist/tex/latex/hycolor/hycolor.sty
Package: hycolor 2020-01-27 v1.10 Color options for hyperref/bookmark (HO)
) (/usr/local/texlive/2026/texmf-dist/tex/latex/hyperref/nameref.sty
Package: nameref 2026-01-29 v2.58 Cross-referencing by name of section
 (/usr/local/texlive/2026/texmf-dist/tex/latex/refcount/refcount.sty
Package: refcount 2019/12/15 v3.6 Data extraction from label references (HO)
) (/usr/local/texlive/2026/texmf-dist/tex/generic/gettitlestring/gettitlestring.sty
Package: gettitlestring 2019/12/15 v1.6 Cleanup title references (HO)
 (/usr/local/texlive/2026/texmf-dist/tex/latex/kvoptions/kvoptions.sty
Package: kvoptions 2022-06-15 v3.15 Key value format for package options (HO)
))
\c@section@level=\count317
) (/usr/local/texlive/2026/texmf-dist/tex/generic/stringenc/stringenc.sty
Package: stringenc 2019/11/29 v1.12 Convert strings between diff. encodings (HO)
)
\@linkdim=\dimen265
\Hy@linkcounter=\count318
\Hy@pagecounter=\count319
 (/usr/local/texlive/2026/texmf-dist/tex/latex/hyperref/pd1enc.def
File: pd1enc.def 2026-01-29 v7.01p Hyperref: PDFDocEncoding definition (HO)
Now handling font encoding PD1 ...
... no UTF-8 mapping file for font encoding PD1
) (/usr/local/texlive/2026/texmf-dist/tex/generic/intcalc/intcalc.sty
Package: intcalc 2019/12/15 v1.3 Expandable calculations with integers (HO)
)
\Hy@SavedSpaceFactor=\count320
 (/usr/local/texlive/2026/texmf-dist/tex/latex/hyperref/puenc.def
File: puenc.def 2026-01-29 v7.01p Hyperref: PDF Unicode definition (HO)
Now handling font encoding PU ...
... no UTF-8 mapping file for font encoding PU
)
Package hyperref Info: Option `unicode' set `true' on input line 3166.
Package hyperref Info: Option `colorlinks' set `true' on input line 4072.
Package hyperref Info: Option `bookmarks' set `false' on input line 4072.
Package hyperref Info: Option `hypertexnames' set `true' on input line 4072.
Package hyperref Info: Hyper figures OFF on input line 4201.
Package hyperref Info: Link nesting OFF on input line 4206.
Package hyperref Info: Hyper index ON on input line 4209.
Package hyperref Info: Plain pages OFF on input line 4216.
Package hyperref Info: Backreferencing OFF on input line 4221.
Package hyperref Info: Implicit mode ON; LaTeX internals redefined.
Package hyperref Info: Bookmarks OFF on input line 4474.
\c@Hy@tempcnt=\count321
LaTeX Info: Redefining \url on input line 4807.
\XeTeXLinkMargin=\dimen266
 (/usr/local/texlive/2026/texmf-dist/tex/generic/bitset/bitset.sty
Package: bitset 2019/12/09 v1.3 Handle bit-vector datatype (HO)
 (/usr/local/texlive/2026/texmf-dist/tex/generic/bigintcalc/bigintcalc.sty
Package: bigintcalc 2019/12/15 v1.5 Expandable calculations on big integers (HO)
))
\Fld@menulength=\count322
\Field@Width=\dimen267
\Fld@charsize=\dimen268
Package hyperref Info: Hyper figures OFF on input line 6084.
Package hyperref Info: Link nesting OFF on input line 6089.
Package hyperref Info: Hyper index ON on input line 6092.
Package hyperref Info: backreferencing OFF on input line 6099.
Package hyperref Info: Link coloring ON on input line 6102.
Package hyperref Info: Link coloring with OCG OFF on input line 6109.
Package hyperref Info: PDF/A mode OFF on input line 6114.
\Hy@abspage=\count323
\c@Item=\count324
\c@Hfootnote=\count325
)
Package hyperref Info: Driver (autodetected): hpdftex.
 (/usr/local/texlive/2026/texmf-dist/tex/latex/hyperref/hpdftex.def
File: hpdftex.def 2026-01-29 v7.01p Hyperref driver for pdfTeX
\Fld@listcount=\count326
\c@bookmark@seq@number=\count327
 (/usr/local/texlive/2026/texmf-dist/tex/latex/rerunfilecheck/rerunfilecheck.sty
Package: rerunfilecheck 2025-06-21 v1.11 Rerun checks for auxiliary files (HO)
 (/usr/local/texlive/2026/texmf-dist/tex/generic/uniquecounter/uniquecounter.sty
Package: uniquecounter 2019/12/15 v1.4 Provide unlimited unique counter (HO)
)
Package uniquecounter Info: New unique counter `rerunfilecheck' on input line 284.
)
\Hy@SectionHShift=\skip67
) (/usr/local/texlive/2026/texmf-dist/tex/latex/l3backend/l3backend-pdftex.def
File: l3backend-pdftex.def 2025-10-09 L3 backend support: PDF output (pdfTeX)
\l__color_backend_stack_int=\count328
) (./main.aux
Package babel Info: 'russian' activates 'russian' shorthands.
(babel)             Reported on input line 8.
)
\openout1 = `main.aux'.

LaTeX Font Info:    Checking defaults for OML/cmm/m/it on input line 59.
LaTeX Font Info:    ... okay on input line 59.
LaTeX Font Info:    Checking defaults for OMS/cmsy/m/n on input line 59.
LaTeX Font Info:    ... okay on input line 59.
LaTeX Font Info:    Checking defaults for OT1/cmr/m/n on input line 59.
LaTeX Font Info:    ... okay on input line 59.
LaTeX Font Info:    Checking defaults for T1/cmr/m/n on input line 59.
LaTeX Font Info:    ... okay on input line 59.
LaTeX Font Info:    Checking defaults for TS1/cmr/m/n on input line 59.
LaTeX Font Info:    ... okay on input line 59.
LaTeX Font Info:    Checking defaults for OMX/cmex/m/n on input line 59.
LaTeX Font Info:    ... okay on input line 59.
LaTeX Font Info:    Checking defaults for U/cmr/m/n on input line 59.
LaTeX Font Info:    ... okay on input line 59.
LaTeX Font Info:    Checking defaults for T2A/cmr/m/n on input line 59.
LaTeX Font Info:    ... okay on input line 59.
LaTeX Font Info:    Checking defaults for PD1/pdf/m/n on input line 59.
LaTeX Font Info:    ... okay on input line 59.
LaTeX Font Info:    Checking defaults for PU/pdf/m/n on input line 59.
LaTeX Font Info:    ... okay on input line 59.

*geometry* driver: auto-detecting
*geometry* detected driver: pdftex
*geometry* verbose mode - [ preamble ] result:
* driver: pdftex
* paper: a4paper
* layout: <same size as paper>
* layoutoffset:(h,v)=(0.0pt,0.0pt)
* modes: 
* h-part:(L,W,R)=(71.13188pt, 497.92325pt, 28.45274pt)
* v-part:(T,H,B)=(56.9055pt, 731.23584pt, 56.9055pt)
* \paperwidth=597.50787pt
* \paperheight=845.04684pt
* \textwidth=497.92325pt
* \textheight=731.23584pt
* \oddsidemargin=-1.1381pt
* \evensidemargin=-1.1381pt
* \topmargin=-52.36449pt
* \headheight=12.0pt
* \headsep=25.0pt
* \topskip=12.0pt
* \footskip=30.0pt
* \marginparwidth=35.0pt
* \marginparsep=10.0pt
* \columnsep=10.0pt
* \skip\footins=10.8pt plus 4.0pt minus 2.0pt
* \hoffset=0.0pt
* \voffset=0.0pt
* \mag=1000
* \@twocolumnfalse
* \@twosidefalse
* \@mparswitchfalse
* \@reversemarginfalse
* (1in=72.27pt=25.4mm, 1cm=28.453pt)

LaTeX Info: Redefining \th on input line 59.
(/usr/local/texlive/2026/texmf-dist/tex/context/base/mkii/supp-pdf.mkii
[Loading MPS to PDF converter (version 2006.09.02).]
\scratchcounter=\count329
\scratchdimen=\dimen269
\scratchbox=\box61
\nofMPsegments=\count330
\nofMParguments=\count331
\everyMPshowfont=\toks36
\MPscratchCnt=\count332
\MPscratchDim=\dimen270
\MPnumerator=\count333
\makeMPintoPDFobject=\count334
\everyMPtoPDFconversion=\toks37
) (/usr/local/texlive/2026/texmf-dist/tex/latex/epstopdf-pkg/epstopdf-base.sty
Package: epstopdf-base 2020-01-24 v2.11 Base part for package epstopdf
Package epstopdf-base Info: Redefining graphics rule for `.eps' on input line 485.
 (/usr/local/texlive/2026/texmf-dist/tex/latex/latexconfig/epstopdf-sys.cfg
File: epstopdf-sys.cfg 2010/07/13 v1.3 Configuration of (r)epstopdf for TeX Live
))
Package caption Info: Begin \AtBeginDocument code.
Package caption Info: float package is loaded.
Package caption Info: hyperref package is loaded.
Package caption Info: End \AtBeginDocument code.
 (/usr/local/texlive/2026/texmf-dist/tex/latex/graphics/color.sty
Package: color 2025/01/14 v1.3e Standard LaTeX Color (DPC)
 (/usr/local/texlive/2026/texmf-dist/tex/latex/graphics-cfg/color.cfg
File: color.cfg 2016/01/02 v1.6 sample color configuration
)
Package color Info: Driver file: pdftex.def on input line 149.
 (/usr/local/texlive/2026/texmf-dist/tex/latex/graphics/mathcolor.ltx))
Package hyperref Info: Link coloring ON on input line 59.
 (./title_kr.tex<<ot1.cmap>><<oml.cmap>><<oms.cmap>><<omx.cmap>> (/usr/local/texlive/2026/texmf-dist/tex/latex/amsfonts/umsa.fd) (/usr/local/texlive/2026/texmf-dist/tex/latex/amsfonts/umsb.fd)
Underfull \hbox (badness 10000) in paragraph at lines 36--38

 []

[1

{/usr/local/texlive/2026/texmf-var/fonts/map/pdftex/updmap/pdftex.map}{/usr/local/texlive/2026/texmf-dist/fonts/enc/dvips/cm-super/cm-super-t2a.enc}]) (./main.toc [2])
\tf@toc=\write3
\openout3 = `main.toc'.

 [3]
Overfull \hbox (6.60515pt too wide) in paragraph at lines 78--79
\T2A/cmr/m/n/12 BFGS; L-BFGS; SGD; Momentum; Adam; Muon; SciPy; MLIP-4; mini-batch optimization; gradient
 []

[4]
Overfull \hbox (2.5461pt too wide) in paragraph at lines 98--99
[]\T2A/cmr/m/n/12 đĺŕëčçîâŕňü č ďđî-ňĺ-ńňč-đî-âŕňü mini-batch îď-ňč-ěč-çŕ-ňî-đű SGD, Momentum, Adam č Muon; 
 []

[5] [6] (./sections/theory.tex
LaTeX Font Info:    Trying to load font information for T2A+cmtt on input line 39.
 (/usr/local/texlive/2026/texmf-dist/tex/latex/cyrillic/t2acmtt.fd
File: t2acmtt.fd 2001/08/11 v1.0a Computer Modern Cyrillic font definitions
) [7] [8] [9] [10]) (./sections/methods.tex [11] [12] [13] [14] [15] [16]) (./sections/implementation.tex
Overfull \hbox (28.07976pt too wide) in paragraph at lines 295--1
[]\T2A/cmr/m/n/12 Â ýęń-ďĺ-đč-ěĺí-ňŕő Muon ďđî-âĺ-đ˙ë-ń˙ â äâóő âŕ-đč-ŕí-ňŕő: \T2A/cmtt/m/n/12 Muon pad sqrt \T2A/cmr/m/n/12 č \T2A/cmtt/m/n/12 Muon factorization\T2A/cmr/m/n/12 .
 []

[17] [18]
Overfull \hbox (20.9222pt too wide) in paragraph at lines 80--81
\T2A/cmr/m/n/12 Íŕ ęŕć-äîé ýďî-őĺ čí-äĺę-ńű ďĺ-đĺ-ěĺ-řč-âŕ-ţň-ń˙, ďî-ńëĺ ÷ĺ-ăî ńî-çäŕ-Ľň-ń˙ íŕ-áîđ batch-\T2A/cmtt/m/n/12 LossFunction\T2A/cmr/m/n/12 ,
 []


Overfull \hbox (27.76663pt too wide) in paragraph at lines 82--83
[]\T2A/cmtt/m/n/12 OptimizerState \T2A/cmr/m/n/12 çŕ-äŕ-Ľň îá-ůčé čí-ňĺđ-ôĺéń îá-íîâ-ëĺ-íč˙ ďŕ-đŕ-ěĺň-đîâ. Đĺ-ŕ-ëč-çŕ-öčč \T2A/cmtt/m/n/12 SGD\T2A/cmr/m/n/12 , \T2A/cmtt/m/n/12 Momentum\T2A/cmr/m/n/12 ,
 []

[19{/usr/local/texlive/2026/texmf-dist/fonts/enc/dvips/cm-super/cm-super-ts1.enc}]) (./sections/experiments.tex [20]
<graphics/fig_05_01_mtp_etn_quality_time_agpd.png, id=314, 1003.71912pt x 408.88142pt>
File: graphics/fig_05_01_mtp_etn_quality_time_agpd.png Graphic file (type png)
<use graphics/fig_05_01_mtp_etn_quality_time_agpd.png>
Package pdftex.def Info: graphics/fig_05_01_mtp_etn_quality_time_agpd.png  used on input line 32.
(pdftex.def)             Requested size: 458.08847pt x 186.60909pt.
 [21]
Overfull \hbox (6.14822pt too wide) in paragraph at lines 36--37
\T2A/cmr/m/n/12 ýęń-ďĺ-đč-ěĺí-ňĺ ďî-÷ňč íĺ âëč-˙-ëî íŕ validation EPA RMSE: äë˙ $[]$, $[]$ č $[]$
 []

<graphics/fig_05_02_etn_rank_tuning_agpd.png, id=321, 932.00504pt x 431.67427pt>
File: graphics/fig_05_02_etn_rank_tuning_agpd.png Graphic file (type png)
<use graphics/fig_05_02_etn_rank_tuning_agpd.png>
Package pdftex.def Info: graphics/fig_05_02_etn_rank_tuning_agpd.png  used on input line 38.
(pdftex.def)             Requested size: 458.08847pt x 212.16774pt.
<graphics/fig_05_03_etn_shape_tuning_agpd.png, id=322, 932.00504pt x 431.67427pt>
File: graphics/fig_05_03_etn_shape_tuning_agpd.png Graphic file (type png)
<use graphics/fig_05_03_etn_shape_tuning_agpd.png>
Package pdftex.def Info: graphics/fig_05_03_etn_shape_tuning_agpd.png  used on input line 39.
(pdftex.def)             Requested size: 458.08847pt x 212.16774pt.
[22 <./graphics/fig_05_01_mtp_etn_quality_time_agpd.png> <./graphics/fig_05_02_etn_rank_tuning_agpd.png>]
<graphics/fig_05_04_mtp_bfgs_native_vs_scipy_agpd.png, id=331, 917.27307pt x 419.99988pt>
File: graphics/fig_05_04_mtp_bfgs_native_vs_scipy_agpd.png Graphic file (type png)
<use graphics/fig_05_04_mtp_bfgs_native_vs_scipy_agpd.png>
Package pdftex.def Info: graphics/fig_05_04_mtp_bfgs_native_vs_scipy_agpd.png  used on input line 66.
(pdftex.def)             Requested size: 458.08847pt x 209.74948pt.
 [23 <./graphics/fig_05_03_etn_shape_tuning_agpd.png>]
<graphics/fig_05_05_mtp_bfgs_diagnostics_agpd.png, id=339, 917.27307pt x 419.99988pt>
File: graphics/fig_05_05_mtp_bfgs_diagnostics_agpd.png Graphic file (type png)
<use graphics/fig_05_05_mtp_bfgs_diagnostics_agpd.png>
Package pdftex.def Info: graphics/fig_05_05_mtp_bfgs_diagnostics_agpd.png  used on input line 94.
(pdftex.def)             Requested size: 458.08847pt x 209.74948pt.
 [24 <./graphics/fig_05_04_mtp_bfgs_native_vs_scipy_agpd.png>]
<graphics/fig_05_08_mtp_sgd_loss_agpd.png, id=347, 758.55704pt x 382.19711pt>
File: graphics/fig_05_08_mtp_sgd_loss_agpd.png Graphic file (type png)
<use graphics/fig_05_08_mtp_sgd_loss_agpd.png>
Package pdftex.def Info: graphics/fig_05_08_mtp_sgd_loss_agpd.png  used on input line 122.
(pdftex.def)             Requested size: 458.08847pt x 230.81297pt.
 [25 <./graphics/fig_05_05_mtp_bfgs_diagnostics_agpd.png>]
<graphics/fig_05_07_mtp_momentum_loss_agpd.png, id=356, 758.55704pt x 382.19711pt>
File: graphics/fig_05_07_mtp_momentum_loss_agpd.png Graphic file (type png)
<use graphics/fig_05_07_mtp_momentum_loss_agpd.png>
Package pdftex.def Info: graphics/fig_05_07_mtp_momentum_loss_agpd.png  used on input line 150.
(pdftex.def)             Requested size: 458.08847pt x 230.81297pt.
 [26 <./graphics/fig_05_08_mtp_sgd_loss_agpd.png>]
<graphics/fig_05_06_mtp_adam_loss_agpd.png, id=364, 758.55704pt x 382.19711pt>
File: graphics/fig_05_06_mtp_adam_loss_agpd.png Graphic file (type png)
<use graphics/fig_05_06_mtp_adam_loss_agpd.png>
Package pdftex.def Info: graphics/fig_05_06_mtp_adam_loss_agpd.png  used on input line 178.
(pdftex.def)             Requested size: 458.08847pt x 230.81297pt.
 [27 <./graphics/fig_05_07_mtp_momentum_loss_agpd.png>]
<graphics/fig_05_09_mtp_muon_pad_sqrt_loss_agpd.png, id=372, 758.55704pt x 382.19711pt>
File: graphics/fig_05_09_mtp_muon_pad_sqrt_loss_agpd.png Graphic file (type png)
<use graphics/fig_05_09_mtp_muon_pad_sqrt_loss_agpd.png>
Package pdftex.def Info: graphics/fig_05_09_mtp_muon_pad_sqrt_loss_agpd.png  used on input line 206.
(pdftex.def)             Requested size: 458.08847pt x 230.81297pt.
 [28 <./graphics/fig_05_06_mtp_adam_loss_agpd.png>]
<graphics/fig_05_10_mtp_muon_factorization_loss_agpd.png, id=380, 758.55704pt x 382.19711pt>
File: graphics/fig_05_10_mtp_muon_factorization_loss_agpd.png Graphic file (type png)
<use graphics/fig_05_10_mtp_muon_factorization_loss_agpd.png>
Package pdftex.def Info: graphics/fig_05_10_mtp_muon_factorization_loss_agpd.png  used on input line 234.
(pdftex.def)             Requested size: 458.08847pt x 230.81297pt.
 [29 <./graphics/fig_05_09_mtp_muon_pad_sqrt_loss_agpd.png>]
<graphics/fig_05_11_mtp_validation_errors_agpd.png, id=388, 968.69597pt x 464.7517pt>
File: graphics/fig_05_11_mtp_validation_errors_agpd.png Graphic file (type png)
<use graphics/fig_05_11_mtp_validation_errors_agpd.png>
Package pdftex.def Info: graphics/fig_05_11_mtp_validation_errors_agpd.png  used on input line 265.
(pdftex.def)             Requested size: 458.08847pt x 219.77362pt.
<graphics/fig_05_12_mtp_time_quality_agpd.png, id=389, 771.62123pt x 440.29108pt>
File: graphics/fig_05_12_mtp_time_quality_agpd.png Graphic file (type png)
<use graphics/fig_05_12_mtp_time_quality_agpd.png>
Package pdftex.def Info: graphics/fig_05_12_mtp_time_quality_agpd.png  used on input line 266.
(pdftex.def)             Requested size: 458.08847pt x 261.39531pt.
 [30 <./graphics/fig_05_10_mtp_muon_factorization_loss_agpd.png>]
<graphics/fig_05_13_mtp_ensemble_spread_agpd.png, id=397, 773.01103pt x 610.6815pt>
File: graphics/fig_05_13_mtp_ensemble_spread_agpd.png Graphic file (type png)
<use graphics/fig_05_13_mtp_ensemble_spread_agpd.png>
Package pdftex.def Info: graphics/fig_05_13_mtp_ensemble_spread_agpd.png  used on input line 267.
(pdftex.def)             Requested size: 458.08847pt x 361.8924pt.
<graphics/fig_05_14_mtp_loss_overview_agpd.png, id=398, 773.01103pt x 425.55911pt>
File: graphics/fig_05_14_mtp_loss_overview_agpd.png Graphic file (type png)
<use graphics/fig_05_14_mtp_loss_overview_agpd.png>
Package pdftex.def Info: graphics/fig_05_14_mtp_loss_overview_agpd.png  used on input line 268.
(pdftex.def)             Requested size: 458.08847pt x 252.18808pt.
 [31 <./graphics/fig_05_11_mtp_validation_errors_agpd.png> <./graphics/fig_05_12_mtp_time_quality_agpd.png>] [32 <./graphics/fig_05_13_mtp_ensemble_spread_agpd.png> <./graphics/fig_05_14_mtp_loss_overview_agpd.png>]
<graphics/fig_05_15_etn_bfgs_native_vs_scipy_agpd.png, id=416, 917.55104pt x 419.99988pt>
File: graphics/fig_05_15_etn_bfgs_native_vs_scipy_agpd.png Graphic file (type png)
<use graphics/fig_05_15_etn_bfgs_native_vs_scipy_agpd.png>
Package pdftex.def Info: graphics/fig_05_15_etn_bfgs_native_vs_scipy_agpd.png  used on input line 321.
(pdftex.def)             Requested size: 458.08847pt x 209.6854pt.
 [33]
<graphics/fig_05_16_etn_sgd_loss_agpd.png, id=423, 758.55704pt x 382.19711pt>
File: graphics/fig_05_16_etn_sgd_loss_agpd.png Graphic file (type png)
<use graphics/fig_05_16_etn_sgd_loss_agpd.png>
Package pdftex.def Info: graphics/fig_05_16_etn_sgd_loss_agpd.png  used on input line 347.
(pdftex.def)             Requested size: 458.08847pt x 230.81297pt.
 [34 <./graphics/fig_05_15_etn_bfgs_native_vs_scipy_agpd.png>]
<graphics/fig_05_17_etn_momentum_loss_agpd.png, id=431, 758.55704pt x 382.19711pt>
File: graphics/fig_05_17_etn_momentum_loss_agpd.png Graphic file (type png)
<use graphics/fig_05_17_etn_momentum_loss_agpd.png>
Package pdftex.def Info: graphics/fig_05_17_etn_momentum_loss_agpd.png  used on input line 373.
(pdftex.def)             Requested size: 458.08847pt x 230.81297pt.
 [35 <./graphics/fig_05_16_etn_sgd_loss_agpd.png>]
<graphics/fig_05_18_etn_adam_loss_agpd.png, id=440, 758.55704pt x 382.19711pt>
File: graphics/fig_05_18_etn_adam_loss_agpd.png Graphic file (type png)
<use graphics/fig_05_18_etn_adam_loss_agpd.png>
Package pdftex.def Info: graphics/fig_05_18_etn_adam_loss_agpd.png  used on input line 399.
(pdftex.def)             Requested size: 458.08847pt x 230.81297pt.
 [36 <./graphics/fig_05_17_etn_momentum_loss_agpd.png>]
<graphics/fig_05_19_etn_muon_pad_sqrt_loss_agpd.png, id=448, 758.55704pt x 382.19711pt>
File: graphics/fig_05_19_etn_muon_pad_sqrt_loss_agpd.png Graphic file (type png)
<use graphics/fig_05_19_etn_muon_pad_sqrt_loss_agpd.png>
Package pdftex.def Info: graphics/fig_05_19_etn_muon_pad_sqrt_loss_agpd.png  used on input line 425.
(pdftex.def)             Requested size: 458.08847pt x 230.81297pt.
 [37 <./graphics/fig_05_18_etn_adam_loss_agpd.png>]
<graphics/fig_05_20_etn_muon_factorization_loss_agpd.png, id=457, 758.55704pt x 382.19711pt>
File: graphics/fig_05_20_etn_muon_factorization_loss_agpd.png Graphic file (type png)
<use graphics/fig_05_20_etn_muon_factorization_loss_agpd.png>
Package pdftex.def Info: graphics/fig_05_20_etn_muon_factorization_loss_agpd.png  used on input line 451.
(pdftex.def)             Requested size: 458.08847pt x 230.81297pt.
 [38 <./graphics/fig_05_19_etn_muon_pad_sqrt_loss_agpd.png>]
<graphics/fig_05_21_etn_validation_errors_agpd.png, id=465, 968.69597pt x 464.7517pt>
File: graphics/fig_05_21_etn_validation_errors_agpd.png Graphic file (type png)
<use graphics/fig_05_21_etn_validation_errors_agpd.png>
Package pdftex.def Info: graphics/fig_05_21_etn_validation_errors_agpd.png  used on input line 482.
(pdftex.def)             Requested size: 458.08847pt x 219.77362pt.
<graphics/fig_05_22_etn_loss_overview_agpd.png, id=466, 773.01103pt x 425.55911pt>
File: graphics/fig_05_22_etn_loss_overview_agpd.png Graphic file (type png)
<use graphics/fig_05_22_etn_loss_overview_agpd.png>
Package pdftex.def Info: graphics/fig_05_22_etn_loss_overview_agpd.png  used on input line 483.
(pdftex.def)             Requested size: 458.08847pt x 252.18808pt.
 [39 <./graphics/fig_05_20_etn_muon_factorization_loss_agpd.png>]
<graphics/fig_05_23_etn_time_quality_agpd.png, id=474, 771.62123pt x 440.29108pt>
File: graphics/fig_05_23_etn_time_quality_agpd.png Graphic file (type png)
<use graphics/fig_05_23_etn_time_quality_agpd.png>
Package pdftex.def Info: graphics/fig_05_23_etn_time_quality_agpd.png  used on input line 484.
(pdftex.def)             Requested size: 458.08847pt x 261.39531pt.
<graphics/fig_05_24_etn_ensemble_spread_agpd.png, id=475, 773.01103pt x 610.6815pt>
File: graphics/fig_05_24_etn_ensemble_spread_agpd.png Graphic file (type png)
<use graphics/fig_05_24_etn_ensemble_spread_agpd.png>
Package pdftex.def Info: graphics/fig_05_24_etn_ensemble_spread_agpd.png  used on input line 485.
(pdftex.def)             Requested size: 458.08847pt x 361.8924pt.
 [40 <./graphics/fig_05_21_etn_validation_errors_agpd.png> <./graphics/fig_05_22_etn_loss_overview_agpd.png>] [41 <./graphics/fig_05_23_etn_time_quality_agpd.png> <./graphics/fig_05_24_etn_ensemble_spread_agpd.png>]
Overfull \hbox (20.6055pt too wide) in paragraph at lines 514--515
[]\T2A/cmr/m/n/12 Äë˙ full-batch native BFGS îň-äĺëü-íŕ˙ mini-batch čń-ňî-đč˙ loss íĺ ńňđî-č-ëŕńü. Íŕ MoNbTaVW
 []

[42]
<graphics/fig_05_25_etn_bfgs_diagnostics_monbtavw.png, id=497, 917.55104pt x 419.99988pt>
File: graphics/fig_05_25_etn_bfgs_diagnostics_monbtavw.png Graphic file (type png)
<use graphics/fig_05_25_etn_bfgs_diagnostics_monbtavw.png>
Package pdftex.def Info: graphics/fig_05_25_etn_bfgs_diagnostics_monbtavw.png  used on input line 540.
(pdftex.def)             Requested size: 458.08847pt x 209.6854pt.
 [43 <./graphics/fig_05_25_etn_bfgs_diagnostics_monbtavw.png>]
<graphics/fig_05_26_etn_sgd_loss_monbtavw.png, id=506, 758.55704pt x 382.19711pt>
File: graphics/fig_05_26_etn_sgd_loss_monbtavw.png Graphic file (type png)
<use graphics/fig_05_26_etn_sgd_loss_monbtavw.png>
Package pdftex.def Info: graphics/fig_05_26_etn_sgd_loss_monbtavw.png  used on input line 566.
(pdftex.def)             Requested size: 458.08847pt x 230.81297pt.
 [44 <./graphics/fig_05_26_etn_sgd_loss_monbtavw.png>]
<graphics/fig_05_27_etn_momentum_loss_monbtavw.png, id=514, 758.55704pt x 382.19711pt>
File: graphics/fig_05_27_etn_momentum_loss_monbtavw.png Graphic file (type png)
<use graphics/fig_05_27_etn_momentum_loss_monbtavw.png>
Package pdftex.def Info: graphics/fig_05_27_etn_momentum_loss_monbtavw.png  used on input line 592.
(pdftex.def)             Requested size: 458.08847pt x 230.81297pt.
 [45 <./graphics/fig_05_27_etn_momentum_loss_monbtavw.png>]
<graphics/fig_05_28_etn_adam_loss_monbtavw.png, id=522, 758.55704pt x 382.19711pt>
File: graphics/fig_05_28_etn_adam_loss_monbtavw.png Graphic file (type png)
<use graphics/fig_05_28_etn_adam_loss_monbtavw.png>
Package pdftex.def Info: graphics/fig_05_28_etn_adam_loss_monbtavw.png  used on input line 618.
(pdftex.def)             Requested size: 458.08847pt x 230.81297pt.
 [46 <./graphics/fig_05_28_etn_adam_loss_monbtavw.png>]
<graphics/fig_05_29_etn_muon_pad_sqrt_loss_monbtavw.png, id=530, 758.55704pt x 382.19711pt>
File: graphics/fig_05_29_etn_muon_pad_sqrt_loss_monbtavw.png Graphic file (type png)
<use graphics/fig_05_29_etn_muon_pad_sqrt_loss_monbtavw.png>
Package pdftex.def Info: graphics/fig_05_29_etn_muon_pad_sqrt_loss_monbtavw.png  used on input line 644.
(pdftex.def)             Requested size: 458.08847pt x 230.81297pt.
 [47 <./graphics/fig_05_29_etn_muon_pad_sqrt_loss_monbtavw.png>]
<graphics/fig_05_30_etn_muon_factorization_loss_monbtavw.png, id=538, 758.55704pt x 382.19711pt>
File: graphics/fig_05_30_etn_muon_factorization_loss_monbtavw.png Graphic file (type png)
<use graphics/fig_05_30_etn_muon_factorization_loss_monbtavw.png>
Package pdftex.def Info: graphics/fig_05_30_etn_muon_factorization_loss_monbtavw.png  used on input line 670.
(pdftex.def)             Requested size: 458.08847pt x 230.81297pt.
 [48 <./graphics/fig_05_30_etn_muon_factorization_loss_monbtavw.png>]
<graphics/fig_05_31_etn_validation_errors_monbtavw.png, id=546, 968.69597pt x 464.7517pt>
File: graphics/fig_05_31_etn_validation_errors_monbtavw.png Graphic file (type png)
<use graphics/fig_05_31_etn_validation_errors_monbtavw.png>
Package pdftex.def Info: graphics/fig_05_31_etn_validation_errors_monbtavw.png  used on input line 701.
(pdftex.def)             Requested size: 458.08847pt x 219.77362pt.
<graphics/fig_05_32_etn_time_quality_monbtavw.png, id=547, 771.62123pt x 440.29108pt>
File: graphics/fig_05_32_etn_time_quality_monbtavw.png Graphic file (type png)
<use graphics/fig_05_32_etn_time_quality_monbtavw.png>
Package pdftex.def Info: graphics/fig_05_32_etn_time_quality_monbtavw.png  used on input line 702.
(pdftex.def)             Requested size: 458.08847pt x 261.39531pt.
<graphics/fig_05_33_etn_ensemble_spread_monbtavw.png, id=548, 773.01103pt x 610.6815pt>
File: graphics/fig_05_33_etn_ensemble_spread_monbtavw.png Graphic file (type png)
<use graphics/fig_05_33_etn_ensemble_spread_monbtavw.png>
Package pdftex.def Info: graphics/fig_05_33_etn_ensemble_spread_monbtavw.png  used on input line 703.
(pdftex.def)             Requested size: 458.08847pt x 361.8924pt.
 [49 <./graphics/fig_05_31_etn_validation_errors_monbtavw.png>]
<graphics/fig_05_34_etn_loss_overview_monbtavw.png, id=557, 773.01103pt x 425.55911pt>
File: graphics/fig_05_34_etn_loss_overview_monbtavw.png Graphic file (type png)
<use graphics/fig_05_34_etn_loss_overview_monbtavw.png>
Package pdftex.def Info: graphics/fig_05_34_etn_loss_overview_monbtavw.png  used on input line 704.
(pdftex.def)             Requested size: 458.08847pt x 252.18808pt.
 [50 <./graphics/fig_05_32_etn_time_quality_monbtavw.png> <./graphics/fig_05_33_etn_ensemble_spread_monbtavw.png>]) (./sections/discussion.tex [51 <./graphics/fig_05_34_etn_loss_overview_monbtavw.png>] [52]) [53]
Overfull \hbox (3.15479pt too wide) in paragraph at lines 120--121
[]\T2A/cmr/m/n/12 Äë˙ ďđî-âĺđ-ęč âíĺř-íĺé full-batch îď-ňč-ěč-çŕ-öčč áűë đĺ-ŕ-ëč-çî-âŕí čí-ňĺđ-ôĺéń \T2A/cmtt/m/n/12 MlipWrapper\T2A/cmr/m/n/12 ,
 []

[54]
Overfull \hbox (1.17366pt too wide) in paragraph at lines 138--139
[]\T2A/cmr/m/n/12 ňĺîđĺňč÷ĺńęîĺ čń-ńëĺ-äî-âŕ-íčĺ ńâîéńňâ ěĺ-ňî-äîâ îď-ňč-ěč-çŕ-öčč â çŕ-äŕ-÷ŕő îáó-÷ĺ-íč˙ ěŕřčííî-
 []

[55] (./main.bbl
Underfull \hbox (badness 1902) in paragraph at lines 52--55
[]\T2A/cmr/m/n/12 Jeremy Bernstein and Laker Newhouse.  Old optimizer, new norm: An anthology.
 []

) [56] (./main.aux)
 ***********
LaTeX2e <2025-11-01>
L3 programming layer <2026-01-19>
 ***********
 ) 
Here is how much of TeX's memory you used:
 16616 strings out of 467525
 278961 string characters out of 5418982
 684142 words of memory out of 5000000
 44975 multiletter control sequences out of 15000+600000
 644882 words of font info for 83 fonts, out of 8000000 for 9000
 1141 hyphenation exceptions out of 8191
 75i,14n,79p,1879b,698s stack positions out of 10000i,1000n,20000p,200000b,200000s
</usr/local/texlive/2026/texmf-dist/fonts/type1/public/amsfonts/cm/cmbx12.pfb></usr/local/texlive/2026/texmf-dist/fonts/type1/public/amsfonts/cm/cmex10.pfb></usr/local/texlive/2026/texmf-dist/fonts/type1/public/amsfonts/cm/cmmi10.pfb></usr/local/texlive/2026/texmf-dist/fonts/type1/public/amsfonts/cm/cmmi12.pfb></usr/local/texlive/2026/texmf-dist/fonts/type1/public/amsfonts/cm/cmmi6.pfb></usr/local/texlive/2026/texmf-dist/fonts/type1/public/amsfonts/cm/cmmi8.pfb></usr/local/texlive/2026/texmf-dist/fonts/type1/public/amsfonts/cm/cmr10.pfb></usr/local/texlive/2026/texmf-dist/fonts/type1/public/amsfonts/cm/cmr12.pfb></usr/local/texlive/2026/texmf-dist/fonts/type1/public/amsfonts/cm/cmr6.pfb></usr/local/texlive/2026/texmf-dist/fonts/type1/public/amsfonts/cm/cmr8.pfb></usr/local/texlive/2026/texmf-dist/fonts/type1/public/amsfonts/cm/cmsy10.pfb></usr/local/texlive/2026/texmf-dist/fonts/type1/public/amsfonts/cm/cmsy8.pfb></usr/local/texlive/2026/texmf-dist/fonts/type1/public/amsfonts/symbols/msam10.pfb></usr/local/texlive/2026/texmf-dist/fonts/type1/public/amsfonts/symbols/msbm10.pfb></usr/local/texlive/2026/texmf-dist/fonts/type1/public/cm-super/sfbx1200.pfb></usr/local/texlive/2026/texmf-dist/fonts/type1/public/cm-super/sfbx1440.pfb></usr/local/texlive/2026/texmf-dist/fonts/type1/public/cm-super/sfbx1728.pfb></usr/local/texlive/2026/texmf-dist/fonts/type1/public/cm-super/sfrm0800.pfb></usr/local/texlive/2026/texmf-dist/fonts/type1/public/cm-super/sfrm1095.pfb></usr/local/texlive/2026/texmf-dist/fonts/type1/public/cm-super/sfrm1200.pfb></usr/local/texlive/2026/texmf-dist/fonts/type1/public/cm-super/sfti1200.pfb></usr/local/texlive/2026/texmf-dist/fonts/type1/public/cm-super/sftt1095.pfb></usr/local/texlive/2026/texmf-dist/fonts/type1/public/cm-super/sftt1200.pfb>
Output written on main.pdf (56 pages, 5755435 bytes).
PDF statistics:
 729 PDF objects out of 1000 (max. 8388607)
 565 compressed objects within 6 object streams
 232 named destinations out of 1000 (max. 500000)
 191 words of extra memory for PDF output out of 10000 (max. 10000000)

