
The following have been reloaded with a version change:
  1) Python/Anaconda_v02.2024 => Python/Miniconda

[prun] Master compute host = cn-021
[prun] Resource manager = slurm
[prun] Launch cmd = mpirun /home/peivzarenkov/.conda/envs/peter_env/bin/python train_etn_baseline.py (family=openmpi)
group size rank 8 = 13390
group size rank 6 = 13388
group size rank 1 = 13388

=== POT 1 ===
init params head: [-0.76989087  0.21813308 -0.73321807 -0.51882076 -0.34572189]
group size rank 0 = 13390
group size rank 2 = 13388
group size rank 7 = 13388
group size rank 4 = 13388
group size rank 3 = 13388
group size rank 5 = 13388
group size rank 2 = 1468
group size rank 8 = 1470
group size rank 0 = 1470
group size rank 1 = 1468
group size rank 6 = 1470
group size rank 7 = 1470
group size rank 4 = 1468
group size rank 3 = 1468
group size rank 5 = 1468
init loss: 1870963.217336374
[MLIP] Starting pretraining...
[MLIP] Rescaling potential...
[MLIP] Potential rescaling completed
[MLIP] 0	2932.52	1.92278e+14	6370.37	680.734
[MLIP] 1	3.91939e+16	608166	57.7586
[MLIP] 2	1.12007e+14	3728.27	20.7369
[MLIP] 3	4.90877e+07	140.553	13.4487
[MLIP] 4	2.11277e+09	27.3602	7.50371
[MLIP] 5	1.6985e+06	5.94338
[MLIP] 6	139042	20.3589	2.20907
[MLIP] 7	1848.58	1.8243
[MLIP] 8	7.92116	1.14417
[MLIP] 9	2.50335	1.07928
[MLIP] 10	2.18675	0.923913	0.897083	0.92417	0.854379
[MLIP] 11	18.7813	0.737806
[MLIP] 12	1.38858	0.657163
[MLIP] 13	0.889655	0.588683
[MLIP] 14	119.208	0.571952	0.570807	0.559452
[MLIP] 15	0.420725
[MLIP] 16	0.420163	0.398127
[MLIP] 17	0.373286	0.363547
[MLIP] 18	0.36483	0.346411
[MLIP] 19	0.378786	0.325601
[MLIP] 20	0.311903	0.305401
[MLIP] 21	0.313284	0.296275
[MLIP] 22	0.292028
[MLIP] 23	0.287176
[MLIP] 24	0.283211
[MLIP] 25	0.277978
[MLIP] 26	0.271717
[MLIP] 27	0.268342
[MLIP] 28	0.26685
[MLIP] 29	0.263661	0.262589
[MLIP] 30	0.25673	0.251284
[MLIP] 31	0.228335	0.234822	0.224251
[MLIP] 32	0.211639	0.200873
[MLIP] 33	0.183511
[MLIP] 34	0.191226	0.180457
[MLIP] 35	0.18877	0.178014
[MLIP] 36	0.178783	0.176518
[MLIP] 37	0.175416	0.175054
[MLIP] 38	0.174497	0.17421
[MLIP] 39	0.174125	0.173949
[MLIP] 40	0.173801
[MLIP] 41	0.173723
[MLIP] 42	0.173619
[MLIP] 43	0.173548
[MLIP] 44	0.173378
[MLIP] 45	0.172938
[MLIP] 46	0.172088
[MLIP] 47	0.170856	0.17053
[MLIP] 48	0.168611
[MLIP] 49	0.170075	0.167993
[MLIP] 50	0.168943	0.167213
[MLIP] 51	0.168725	0.166638
[MLIP] 52	0.166075
[MLIP] 53	0.165317	0.165126
[MLIP] 54	0.164243
[MLIP] 55	0.164735	0.163593
[MLIP] 56	0.162966	0.162666
[MLIP] 57	0.161898
[MLIP] 58	0.162751	0.161326
[MLIP] 59	0.160549
[MLIP] 60	0.159862
[MLIP] 61	0.15953
[MLIP] 62	0.158966
[MLIP] 63	0.158671
[MLIP] 64	0.158251
[MLIP] 65	0.157543
[MLIP] 66	0.157097	0.156879
[MLIP] 67	0.156962	0.156176
[MLIP] 68	0.161494	0.155837
[MLIP] 69	0.154979
[MLIP] 70	0.154568	0.154343
[MLIP] 71	0.154618	0.153963
[MLIP] 72	0.153004
[MLIP] 73	0.15273	0.152443
[MLIP] 74	0.152064
[MLIP] Number of iterations exceeded the threshold. Stopping the training...
[MLIP] Pretraining completed
[MLIP] Rescaling potential...
[MLIP] Potential rescaling completed
[MLIP] 0	0.152045	12.5351	0.24272	0.152569	0.151548
[MLIP] 1	7.69748	0.192723	0.151945	0.151537
[MLIP] 2	0.488995	0.154669	0.151448
[MLIP] 3	0.743507	0.156963	0.151445	0.151386
[MLIP] 4	0.162608	0.151453	0.15133
[MLIP] 5	0.19548	0.151765	0.1513
[MLIP] 6	0.18862	0.151356	0.151026
[MLIP] 7	0.200972	0.151216	0.150704
[MLIP] 8	0.151509	0.150402
[MLIP] 9	0.15215	0.150351
[MLIP] 10	0.149659
[MLIP] 11	0.165802	0.149689	0.149535
[MLIP] 12	0.149262
[MLIP] 13	0.149781	0.149245
[MLIP] 14	0.149078
[MLIP] 15	0.14948	0.14903
[MLIP] 16	0.14913	0.148621
[MLIP] 17	0.148244
[MLIP] 18	0.147766
[MLIP] 19	0.147269
[MLIP] 20	0.146963	0.14688
[MLIP] 21	0.146929	0.146601
[MLIP] 22	0.146316
[MLIP] 23	0.146797	0.146135
[MLIP] 24	0.147746	0.145979
[MLIP] 25	0.145875
[MLIP] 26	0.145842
[MLIP] 27	0.145835	0.145832
[MLIP] 28	0.145815
[MLIP] 29	0.145798
[MLIP] 30	0.145802	0.145789
[MLIP] 31	0.145784
[MLIP] 32	0.145778	0.145775
[MLIP] 33	0.145766
[MLIP] 34	0.145758
[MLIP] 35	0.145753	0.14575
[MLIP] 36	0.145733	0.145709	0.14569
[MLIP] 37	0.145595	0.145544
[MLIP] 38	0.145484
[MLIP] 39	0.145443
[MLIP] 40	0.145397
[MLIP] 41	0.145354
[MLIP] 42	0.145286	0.145258
[MLIP] 43	0.145099	0.14496
[MLIP] 44	0.14497	0.144497
[MLIP] 45	0.166295	0.144239
[MLIP] 46	0.143838	0.143665	0.14352
[MLIP] 47	0.146269	0.142822
[MLIP] 48	0.141842
[MLIP] 49	0.178428	0.140915
[MLIP] 50	0.174935	0.140251
[MLIP] 51	0.141495	0.139673
[MLIP] 52	0.142649	0.138945
[MLIP] 53	0.137566
[MLIP] 54	0.136776	0.136629
[MLIP] 55	0.136361	0.135374
[MLIP] 56	0.134416	0.13417
[MLIP] 57	0.14218	0.133118
[MLIP] 58	0.135667	0.130785
[MLIP] 59	0.139292	0.128415
[MLIP] 60	0.132872	0.125919
[MLIP] 61	0.137737	0.123757
[MLIP] 62	0.137505	0.120724
[MLIP] 63	0.129356	0.117253
[MLIP] 64	0.157919	0.114729
[MLIP] 65	0.127173	0.112249
[MLIP] 66	0.280095	0.110753
[MLIP] 67	0.164516	0.108571
[MLIP] 68	0.115578	0.105669
[MLIP] 69	0.104996	0.103223
[MLIP] 70	0.105617	0.101405
[MLIP] 71	0.106975	0.0999642
[MLIP] 72	0.122949	0.0987504
[MLIP] 73	0.102407	0.0980532
[MLIP] 74	0.0990954	0.0975256
[MLIP] 75	0.0988362	0.0972266
[MLIP] 76	0.0972085	0.096909
[MLIP] 77	0.0969618	0.096544
[MLIP] 78	0.0957281
[MLIP] 79	0.0948111
[MLIP] 80	0.0938968	0.0931111
[MLIP] 81	0.0933444	0.0924386
[MLIP] 82	0.0914298
[MLIP] 83	0.0913704	0.0910422
[MLIP] 84	0.0936968	0.0908522
[MLIP] 85	0.0906172
[MLIP] 86	0.0902889
[MLIP] 87	0.0896974
[MLIP] 88	0.0893093
[MLIP] 89	0.0892401	0.0891547
[MLIP] 90	0.0891126
[MLIP] 91	0.0890797
[MLIP] 92	0.0890227
[MLIP] 93	0.0889447
[MLIP] 94	0.0888648
[MLIP] 95	0.0887854
[MLIP] 96	0.0887492
[MLIP] 97	0.0887321
[MLIP] 98	0.0887276
[MLIP] 99	0.0887263
[MLIP] 100	0.0887256
[MLIP] 101	0.0887252
[MLIP] 102	0.0887243	0.0887234
[MLIP] 103	0.0887205
[MLIP] 104	0.0887184
[MLIP] 105	0.0887178
[MLIP] 106	0.0887177
[MLIP] 107	0.0887177
[MLIP] 108	0.0887177
[MLIP] 109	0.0887177
[MLIP] 110	0.0887177
[MLIP] 111	0.0887177
[MLIP] 112	0.0887177
[MLIP] 113	0.0887177
[MLIP] 114	0.0887177
[MLIP] 115	0.0887177	0.0887177	0.0887177	0.0887177	0.0887177
[MLIP] 116	0.0887177	0.0887177	0.0887177	0.0887177	0.0887177	 Line search: prev_x == curr_x	0.0887177
[MLIP] 117	0.0887177	0.0887177	0.0887177	0.0887177	0.0887177	0.0887177	0.0887177	 Line search: prev_x == curr_x	0.0887177
[MLIP] 118	0.0887177	0.0887177	0.0887177	0.0887177	0.0887177	0.0887177	 Line search: prev_x == curr_x	0.0887177
[MLIP] Stepping in accend direction. Stopping the training...
group size rank 8 = 13390
group size rank 1 = 13388
group size rank 6 = 13388
group size rank 2 = 13388
final params head: [ 19.97620834 -11.5638427    4.73890771  -1.6318772    0.35188158]
final loss: 49.80834870056763
TRAIN: Errors (MAE, RMSE, MAXAE)
Energy      = 6.515485e-01, 1.399954e+00, 1.022288e+01
Energy/Atom = 2.322593e-02, 3.338012e-02, 1.804360e-01
Forces      = 1.662460e-01, 2.688889e-01, 3.616025e+00
Stress      = 2.585944e+01, 5.643600e+01, 6.967261e+02
Charges     = 0.000000e+00, 0.000000e+00, 0.000000e+00

VALID: Errors (MAE, RMSE, MAXAE)
Energy      = 6.683757e-01, 1.437466e+00, 8.361154e+00
Energy/Atom = 2.319104e-02, 3.285932e-02, 1.296614e-01
Forces      = 1.712350e-01, 2.791820e-01, 2.932527e+00
Stress      = 2.524298e+01, 5.390350e+01, 5.319371e+02
Charges     = 0.000000e+00, 0.000000e+00, 0.000000e+00

TRAIN_TIME: 291.52904372289777

=== POT 2 ===
init params head: [ 0.6696843  -0.79040779  0.48928096 -0.27899833 -0.28137832]
group size rank 0 = 13390
group size rank 7 = 13388
group size rank 5 = 13388
group size rank 3 = 13388
group size rank 4 = 13388
group size rank 8 = 1470
group size rank 1 = 1468
group size rank 2 = 1468
group size rank 6 = 1470
group size rank 0 = 1470
group size rank 7 = 1470
group size rank 3 = 1468
group size rank 5 = 1468
group size rank 4 = 1468
init loss: 1824631.3100494219
[MLIP] Starting pretraining...
[MLIP] Rescaling potential...
[MLIP] Potential rescaling completed
[MLIP] 0	2966.5	1.65305e+16	1.11533e+07	11597.6	2927.08	2815.02
[MLIP] 1	2.85139e+15	3.07217e+06	1636.01
[MLIP] 2	2.00681e+19	2.92385e+08	820.034
[MLIP] 3	3.67626e+18	1.09008e+08	830.122	517.35
[MLIP] 4	1.05718e+15	229275	285.877
[MLIP] 5	4.7033e+14	105421	197.494
[MLIP] 6	3.70062e+11	12059.4	185.42	174.872	164.391
[MLIP] 7	4.11265e+11	405.978	93.2926
[MLIP] 8	3.86004e+10	478.784	91.2113	86.1624
[MLIP] 9	1.29827e+08	85.5757	82.9103
[MLIP] 10	5.4313e+12	16429.6	74.6755
[MLIP] 11	1.96888e+09	210.329	63.8732	62.3841	61.2872	60.2559
[MLIP] 12	2.15213e+06	41.8587	41.831	36.7571
[MLIP] 13	517364	33.2125	21.658
[MLIP] 14	24590.4	25.3351	15.5613
[MLIP] 15	4197.9	12.7854
[MLIP] 16	13407.1	5.99789
[MLIP] 17	25894.8	5.99391	3.87429
[MLIP] 18	6.70934	2.17474
[MLIP] 19	952.77	2.37864	1.14642
[MLIP] 20	28.5362	0.951433	0.898546
[MLIP] 21	9.22167	0.729148
[MLIP] 22	2.71255	0.722438	0.701321
[MLIP] 23	1.48881	0.59654
[MLIP] 24	0.936971	0.596462	0.592852
[MLIP] 25	0.745007	0.579124
[MLIP] 26	0.570347
[MLIP] 27	0.563126	0.551794	0.54147
[MLIP] 28	0.504977	0.485503
[MLIP] 29	0.468125
[MLIP] 30	0.463505
[MLIP] 31	0.458939	0.457495
[MLIP] 32	0.450045	0.436336	0.412193	0.372639	0.385193	0.354123
[MLIP] 33	2.33655	0.330789
[MLIP] 34	0.405475	0.29695
[MLIP] 35	0.271716
[MLIP] 36	0.250053
[MLIP] 37	0.238318	0.232093
[MLIP] 38	0.224695	0.217636
[MLIP] 39	0.216842	0.20964
[MLIP] 40	0.208126
[MLIP] 41	0.207961	0.207213
[MLIP] 42	0.206739
[MLIP] 43	0.206265	0.205427	0.204198
[MLIP] 44	0.197956	0.194922
[MLIP] 45	0.189662
[MLIP] 46	0.188194
[MLIP] 47	0.187652
[MLIP] 48	0.187579
[MLIP] 49	0.187506	0.187407
[MLIP] 50	0.187079	0.186699
[MLIP] 51	0.185566	0.183607	0.181013
[MLIP] 52	0.174498
[MLIP] 53	0.165632
[MLIP] 54	0.153373	0.150947
[MLIP] 55	0.145574	0.143187
[MLIP] 56	0.250195	0.137571
[MLIP] 57	0.14555	0.132508
[MLIP] 58	0.232004	0.130856
[MLIP] 59	0.126699
[MLIP] 60	0.122287
[MLIP] 61	0.120395	0.119692
[MLIP] 62	0.119877	0.118846
[MLIP] 63	0.11666
[MLIP] 64	0.114798
[MLIP] 65	0.113545	0.113278
[MLIP] 66	0.117132	0.112245
[MLIP] 67	0.110659
[MLIP] 68	0.109347
[MLIP] 69	0.108006
[MLIP] 70	0.105497	0.105439
[MLIP] 71	0.110931	0.104334
[MLIP] 72	0.103058
[MLIP] 73	0.101379	0.100864
[MLIP] 74	0.0983881
[MLIP] Number of iterations exceeded the threshold. Stopping the training...
[MLIP] Pretraining completed
[MLIP] Rescaling potential...
[MLIP] Potential rescaling completed
[MLIP] 0	0.0982736	2257.32	5.86436	0.131989	0.0986075	0.0982414
[MLIP] 1	3119.53	9.59238	0.158795	0.0988312	0.0981553
[MLIP] 2	20.0787	0.214005	0.0990712	0.0977688
[MLIP] 3	1.01334	0.105924	0.0976571	0.0975817
[MLIP] 4	0.109203	0.0973876	0.0972872
[MLIP] 5	0.147145	0.0976862	0.0971468
[MLIP] 6	0.0960606
[MLIP] 7	3.51889	0.0990552	0.0948883
[MLIP] 8	0.207784	0.0946355	0.0942695
[MLIP] 9	0.0947054	0.0938383
[MLIP] 10	0.093919	0.0934301
[MLIP] 11	0.0934683	0.0930833
[MLIP] 12	0.0925849
[MLIP] 13	0.0919702
[MLIP] 14	0.0954551	0.0916404
[MLIP] 15	0.0913857
[MLIP] 16	0.0915544	0.0912582
[MLIP] 17	0.0909981	0.0909056
[MLIP] 18	0.0904578
[MLIP] 19	0.092431	0.0902089
[MLIP] 20	0.0904664	0.0900164
[MLIP] 21	0.089916	0.0896732
[MLIP] 22	0.089579	0.0895095
[MLIP] 23	0.0893899
[MLIP] 24	0.0893056
[MLIP] 25	0.0892546
[MLIP] 26	0.0891759	0.0891067
[MLIP] 27	0.0890151	0.0889901
[MLIP] 28	0.0889531
[MLIP] 29	0.0889368
[MLIP] 30	0.0889196
[MLIP] 31	0.0888894	0.0888754
[MLIP] 32	0.0888187
[MLIP] 33	0.0887781
[MLIP] 34	0.0887615	0.0887404
[MLIP] 35	0.0887273
[MLIP] 36	0.0887229
[MLIP] 37	0.0887211
[MLIP] 38	0.0887198
[MLIP] 39	0.0887192
[MLIP] 40	0.0887188
[MLIP] 41	0.0887185
[MLIP] 42	0.0887183
[MLIP] 43	0.0887181
[MLIP] 44	0.0887179
[MLIP] 45	0.0887178
[MLIP] 46	0.0887177
[MLIP] 47	0.0887177
[MLIP] 48	0.0887177
[MLIP] 49	0.0887177
[MLIP] 50	0.0887177
[MLIP] 51	0.0887177
[MLIP] 52	0.0887177
[MLIP] 53	0.0887177
[MLIP] 54	0.0887177	0.0887177
[MLIP] 55	0.0887177
[MLIP] 56	0.0887177	0.0887177	0.0887177	0.0887177
[MLIP] 57	0.0887177	0.0887177	0.0887177	0.0887177	0.0887177	0.0887177	0.0887177	0.0887177	 Line search: prev_x == curr_x	0.0887177
[MLIP] 58	0.0887177	0.0887177	0.0887177	0.0887177	0.0887177	0.0887177	0.0887177	0.0887177	0.0887177	0.0887177	0.0887177
[MLIP] 59	0.0887177	0.0887177	0.0887177	0.0887177	0.0887177	0.0887177	0.0887177	0.0887177	0.0887177	0.0887177	0.0887177
[MLIP] Stepping in accend direction. Stopping the training...
group size rank 8 = 13390
group size rank 6 = 13388
group size rank 1 = 13388
group size rank 2 = 13388
final params head: [ 8.17587569 -6.03118568  2.73704916  2.7880879   3.7227194 ]
final loss: 49.80834869997671
TRAIN: Errors (MAE, RMSE, MAXAE)
Energy      = 6.515485e-01, 1.399954e+00, 1.022288e+01
Energy/Atom = 2.322593e-02, 3.338012e-02, 1.804360e-01
Forces      = 1.662460e-01, 2.688889e-01, 3.616025e+00
Stress      = 2.585944e+01, 5.643600e+01, 6.967261e+02
Charges     = 0.000000e+00, 0.000000e+00, 0.000000e+00

VALID: Errors (MAE, RMSE, MAXAE)
Energy      = 6.683757e-01, 1.437466e+00, 8.361154e+00
Energy/Atom = 2.319104e-02, 3.285932e-02, 1.296614e-01
Forces      = 1.712350e-01, 2.791820e-01, 2.932527e+00
Stress      = 2.524298e+01, 5.390350e+01, 5.319371e+02
Charges     = 0.000000e+00, 0.000000e+00, 0.000000e+00

TRAIN_TIME: 242.68080389127135

=== POT 3 ===
init params head: [ 0.97802303  0.09908945 -0.4371054  -0.84542087 -0.11106101]
group size rank 0 = 13390
group size rank 7 = 13388
group size rank 4 = 13388
group size rank 5 = 13388
group size rank 3 = 13388
group size rank 8 = 1470
group size rank 6 = 1470
group size rank 2 = 1468
group size rank 1 = 1468
group size rank 0 = 1470
group size rank 7 = 1470
group size rank 4 = 1468
group size rank 5 = 1468
group size rank 3 = 1468
init loss: 1865182.7095852145
[MLIP] Starting pretraining...
[MLIP] Rescaling potential...
[MLIP] Potential rescaling completed
[MLIP] 0	2824.79	6.69699e+16	760592	5448.58	2642.61
[MLIP] 1	4.66765e+19	1.05038e+09	1233.04
[MLIP] 2	5.46993e+16	3.75711e+06	640.269
[MLIP] 3	3.74065e+19	6.78611e+08	524.476	524.427	394.47
[MLIP] 4	2.06525e+15	1.42732e+06	196.769	194.422	154.734
[MLIP] 5	3.00943e+15	703567	54.3746
[MLIP] 6	1.61007e+12	639.905	73.7375	25.3087
[MLIP] 7	1.55082e+12	215.249	62.2672	11.2482
[MLIP] 8	3.46273e+08	16.3766	2.07153
[MLIP] 9	1.46814e+06	15.1063	1.74068
[MLIP] 10	14526.7	11.5684	1.46442
[MLIP] 11	260.544	3.40456	1.29323
[MLIP] 12	75.1715	0.647958
[MLIP] 13	146.089	1.23068	0.463182
[MLIP] 14	29.296	0.566603	0.411204
[MLIP] 15	7.43708	0.46067	0.382774
[MLIP] 16	0.591126	0.35919
[MLIP] 17	7.02684	0.451144	0.330514
[MLIP] 18	0.419057	0.312099
[MLIP] 19	7.86516	0.376231	0.303016
[MLIP] 20	0.263147	0.229139
[MLIP] 21	17.8792	0.389928	0.216295
[MLIP] 22	0.199576
[MLIP] 23	0.201589	0.196163
[MLIP] 24	0.195356	0.19432
[MLIP] 25	0.191393	0.187374
[MLIP] 26	0.189579	0.180468
[MLIP] 27	0.19225	0.176609
[MLIP] 28	0.172669
[MLIP] 29	0.173557	0.172342
[MLIP] 30	0.172023
[MLIP] 31	0.171452	0.171219
[MLIP] 32	0.170741	0.170573
[MLIP] 33	0.169754
[MLIP] 34	0.168114
[MLIP] 35	0.164861
[MLIP] 36	0.163373
[MLIP] 37	0.163044
[MLIP] 38	0.162979
[MLIP] 39	0.162874
[MLIP] 40	0.162703	0.162537
[MLIP] 41	0.162078	0.161542
[MLIP] 42	0.159411	0.160167	0.158687
[MLIP] 43	0.154818
[MLIP] 44	0.15055
[MLIP] 45	0.160216	0.148062
[MLIP] 46	0.155431	0.1467
[MLIP] 47	0.148562	0.145022
[MLIP] 48	0.144067	0.143207
[MLIP] 49	0.142653	0.141897
[MLIP] 50	0.140452
[MLIP] 51	0.13964	0.139488
[MLIP] 52	0.139012	0.138534
[MLIP] 53	0.137746
[MLIP] 54	0.137909	0.136613
[MLIP] 55	0.134304
[MLIP] 56	0.132097	0.131632	0.130966
[MLIP] 57	0.158045	0.129795
[MLIP] 58	0.186063	0.127866
[MLIP] 59	0.182074	0.126172
[MLIP] 60	0.124983
[MLIP] 61	0.125629	0.123537
[MLIP] 62	0.127154	0.122313
[MLIP] 63	0.122269	0.121373
[MLIP] 64	0.120726
[MLIP] 65	0.119431
[MLIP] 66	0.123261	0.118029
[MLIP] 67	0.118913	0.116781
[MLIP] 68	0.114742
[MLIP] 69	0.110367	0.108947
[MLIP] 70	0.168328	0.108334
[MLIP] 71	0.107694	0.107009
[MLIP] 72	0.106637
[MLIP] 73	0.106141
[MLIP] 74	0.105591
[MLIP] Number of iterations exceeded the threshold. Stopping the training...
[MLIP] Pretraining completed
[MLIP] Rescaling potential...
[MLIP] Potential rescaling completed
[MLIP] 0	0.105582	81.4388	0.344177	0.107663	0.105561	0.105541
[MLIP] 1	2015.87	3.29745	0.129635	0.105728	0.105451
[MLIP] 2	4.80784	0.141848	0.105463	0.105064
[MLIP] 3	0.251632	0.106522	0.104972
[MLIP] 4	0.245636	0.10622	0.104934
[MLIP] 5	0.134483	0.105118	0.104781
[MLIP] 6	0.108192	0.104205
[MLIP] 7	0.75125	0.107946	0.103036
[MLIP] 8	0.111332	0.100932
[MLIP] 9	0.102363	0.100231
[MLIP] 10	0.0991787
[MLIP] 11	0.102248	0.0984715
[MLIP] 12	0.0985553	0.0976099
[MLIP] 13	0.0962281
[MLIP] 14	0.0958418	0.0955775
[MLIP] 15	0.100525	0.0950513
[MLIP] 16	0.0940447	0.0937466
[MLIP] 17	0.0969703	0.0930306
[MLIP] 18	0.0984221	0.091604
[MLIP] 19	0.0921835	0.0905305
[MLIP] 20	0.0931056	0.0901065
[MLIP] 21	0.0937565	0.0898591
[MLIP] 22	0.0896443
[MLIP] 23	0.089665	0.0895743
[MLIP] 24	0.0895371
[MLIP] 25	0.0894785
[MLIP] 26	0.0893644
[MLIP] 27	0.0892779
[MLIP] 28	0.089235
[MLIP] 29	0.0892032
[MLIP] 30	0.0891724
[MLIP] 31	0.0891414
[MLIP] 32	0.0891032
[MLIP] 33	0.0890539
[MLIP] 34	0.088994
[MLIP] 35	0.0889201
[MLIP] 36	0.0889769	0.0888649
[MLIP] 37	0.0888217	0.0888072
[MLIP] 38	0.088753
[MLIP] 39	0.0887445	0.0887394
[MLIP] 40	0.0887352
[MLIP] 41	0.0887288
[MLIP] 42	0.0887265
[MLIP] 43	0.0887218
[MLIP] 44	0.0887196
[MLIP] 45	0.0887191
[MLIP] 46	0.0887188
[MLIP] 47	0.0887186
[MLIP] 48	0.0887182	0.0887181
[MLIP] 49	0.0887178
[MLIP] 50	0.0887177
[MLIP] 51	0.0887177
[MLIP] 52	0.0887177
[MLIP] 53	0.0887177
[MLIP] 54	0.0887177
[MLIP] 55	0.0887177
[MLIP] 56	0.0887177
[MLIP] 57	0.0887177
[MLIP] 58	0.0887177	0.0887177
[MLIP] 59	0.0887177	0.0887177	0.0887177	0.0887177
[MLIP] 60	0.0887177	0.0887177
[MLIP] 61	0.0887177	0.0887177	0.0887177	0.0887177	0.0887177	0.0887177	0.0887177	 Line search: prev_x == curr_x	0.0887177
[MLIP] 62	0.0887177	0.0887177	0.0887177	0.0887177	0.0887177	0.0887177	0.0887177	0.0887177	0.0887177	0.0887177	0.0887177
[MLIP] 63	0.0887177	0.0887177
[MLIP] 64	0.0887177	0.0887177
[MLIP] 65	0.0887177	0.0887177	0.0887177	0.0887177	 Line search: prev_x == curr_x	0.0887177
[MLIP] 66	0.0887177	0.0887177	0.0887177	0.0887177	0.0887177	0.0887177	0.0887177	0.0887177	0.0887177	0.0887177	0.0887177
[MLIP] 67	0.0887177	0.0887177	0.0887177
[MLIP] 68	0.0887177	0.0887177	0.0887177	0.0887177	0.0887177	0.0887177	 Line search: prev_x == curr_x	0.0887177
[MLIP] 69	0.0887177	0.0887177	0.0887177	0.0887177	0.0887177	0.0887177	0.0887177	0.0887177	 Line search: prev_x == curr_x	0.0887177
[MLIP] 70	0.0887177	0.0887177	0.0887177
[MLIP] 71	0.0887177	0.0887177	0.0887177	0.0887177	 Line search: prev_x == curr_x	0.0887177
[MLIP] 72	0.0887177	0.0887177	0.0887177	0.0887177	0.0887177	0.0887177	0.0887177	0.0887177	0.0887177	0.0887177	0.0887177
[MLIP] 73	0.0887177	0.0887177	0.0887177	0.0887177	0.0887177	0.0887177	0.0887177	0.0887177	0.0887177	0.0887177	0.0887177
[MLIP] Stepping in accend direction. Stopping the training...
group size rank 8 = 13390
group size rank 1 = 13388
group size rank 6 = 13388
final params head: [-3.74844651  0.99518028  2.84665815  4.14471611 -0.71511745]
final loss: 49.80834870028594
TRAIN: Errors (MAE, RMSE, MAXAE)
Energy      = 6.515485e-01, 1.399954e+00, 1.022288e+01
Energy/Atom = 2.322593e-02, 3.338012e-02, 1.804360e-01
Forces      = 1.662460e-01, 2.688889e-01, 3.616025e+00
Stress      = 2.585944e+01, 5.643600e+01, 6.967261e+02
Charges     = 0.000000e+00, 0.000000e+00, 0.000000e+00

VALID: Errors (MAE, RMSE, MAXAE)
Energy      = 6.683757e-01, 1.437466e+00, 8.361154e+00
Energy/Atom = 2.319104e-02, 3.285932e-02, 1.296614e-01
Forces      = 1.712350e-01, 2.791820e-01, 2.932527e+00
Stress      = 2.524298e+01, 5.390350e+01, 5.319371e+02
Charges     = 0.000000e+00, 0.000000e+00, 0.000000e+00

TRAIN_TIME: 285.2810903452337

=== POT 4 ===
init params head: [ 0.5676647   0.26966741 -0.50191382  0.51615173 -0.37384613]
group size rank 0 = 13390
group size rank 2 = 13388
group size rank 7 = 13388
group size rank 8 = 1470
group size rank 5 = 13388
group size rank 1 = 1468
group size rank 6 = 1470
group size rank 4 = 13388
group size rank 3 = 13388
group size rank 2 = 1468
group size rank 0 = 1470
group size rank 7 = 1470
group size rank 5 = 1468
group size rank 4 = 1468
group size rank 3 = 1468
init loss: 1909285.8704792
[MLIP] Starting pretraining...
[MLIP] Rescaling potential...
[MLIP] Potential rescaling completed
[MLIP] 0	2974.32	2.84093e+16	554124	844.443
[MLIP] 1	1.56183e+22	9.36183e+10	1233.45	376.07
[MLIP] 2	2.08995e+21	1.71692e+10	686.359	100.779
[MLIP] 3	2.24325e+16	2.03277e+06	185.656	54.7277
[MLIP] 4	1.52186e+09	11165.7	67.0467	24.4115
[MLIP] 5	1.81912e+12	138170	54.6831	8.0989
[MLIP] 6	7.34134e+06	1255.48	15.5801	7.72747
[MLIP] 7	1.12049e+07	206.959	6.69557	5.24386
[MLIP] 8	186828	44.3979	4.29853	3.74461
[MLIP] 9	16063.8	33.6024	3.06497	2.68449
[MLIP] 10	44527.6	14.303	2.63148	2.49585
[MLIP] 11	26812.3	1.48652
[MLIP] 12	11531.9	7.15059	1.4824	1.43333
[MLIP] 13	39.6852	1.18285	1.06925
[MLIP] 14	1022.18	3.38913	0.918933
[MLIP] 15	16307.6	3.67387	0.637762
[MLIP] 16	11.0582	0.993957	0.549385
[MLIP] 17	113.203	1.10246	0.53603
[MLIP] 18	165.919	0.739928	0.456846
[MLIP] 19	0.442833	0.347294
[MLIP] 20	0.334004
[MLIP] 21	0.3244	0.317865
[MLIP] 22	0.295817	0.287729
[MLIP] 23	0.277359
[MLIP] 24	0.276401
[MLIP] 25	0.275779	0.274879
[MLIP] 26	0.271043	0.273854	0.270312
[MLIP] 27	0.26451	0.265031	0.262861
[MLIP] 28	0.263022	0.253579
[MLIP] 29	0.245189
[MLIP] 30	0.241192
[MLIP] 31	0.241836	0.237304
[MLIP] 32	0.233268	0.232648	0.231055
[MLIP] 33	0.230597	0.229787
[MLIP] 34	0.229358	0.227644
[MLIP] 35	0.226301
[MLIP] 36	0.224029
[MLIP] 37	0.223299	0.222975
[MLIP] 38	0.219697
[MLIP] 39	0.222607	0.21818
[MLIP] 40	0.215075
[MLIP] 41	0.210997
[MLIP] 42	0.217557	0.206945
[MLIP] 43	0.20268
[MLIP] 44	0.198113
[MLIP] 45	0.190766
[MLIP] 46	0.18676
[MLIP] 47	0.395591	0.179824	0.179252
[MLIP] 48	0.191268	0.177072
[MLIP] 49	0.173567
[MLIP] 50	0.169271
[MLIP] 51	0.168566
[MLIP] 52	0.168167	0.168063
[MLIP] 53	0.167449	0.167198
[MLIP] 54	0.166084	0.164529
[MLIP] 55	0.162155
[MLIP] 56	0.159741
[MLIP] 57	0.157482	0.15715
[MLIP] 58	0.180673	0.15474
[MLIP] 59	0.156526	0.153642
[MLIP] 60	0.154056	0.152829
[MLIP] 61	0.152232
[MLIP] 62	0.151753
[MLIP] 63	0.151088
[MLIP] 64	0.150321
[MLIP] 65	0.149458
[MLIP] 66	0.149511	0.149328
[MLIP] 67	0.149133
[MLIP] 68	0.148804	0.148634
[MLIP] 69	0.14831
[MLIP] 70	0.148145
[MLIP] 71	0.147969	0.147898
[MLIP] 72	0.147635
[MLIP] 73	0.146771
[MLIP] 74	0.145761
[MLIP] Number of iterations exceeded the threshold. Stopping the training...
[MLIP] Pretraining completed
[MLIP] Rescaling potential...
[MLIP] Potential rescaling completed
[MLIP] 0	0.145752	101.638	0.88218	0.152779	0.145685	0.145616
[MLIP] 1	870.091	1.26723	0.154963	0.145477	0.145393
[MLIP] 2	19.984	0.235242	0.146242	0.145261
[MLIP] 3	1.1493	0.152503	0.145268	0.145191
[MLIP] 4	0.247545	0.146222	0.145116
[MLIP] 5	0.169586	0.145341	0.145108
[MLIP] 6	0.21783	0.145717	0.145084
[MLIP] 7	0.14605	0.144512
[MLIP] 8	0.200581	0.144603	0.144167
[MLIP] 9	0.160696	0.144028	0.143888
[MLIP] 10	0.144714	0.143807
[MLIP] 11	0.14718	0.1432
[MLIP] 12	0.143429	0.143089
[MLIP] 13	0.158335	0.142966	0.142838
[MLIP] 14	0.142875	0.142793
[MLIP] 15	0.154698	0.14277	0.142725
[MLIP] 16	0.142668	0.142624
[MLIP] 17	0.142475	0.142284
[MLIP] 18	0.141854
[MLIP] 19	0.142655	0.141614
[MLIP] 20	0.141459	0.141419
[MLIP] 21	0.141379	0.141336
[MLIP] 22	0.141261
[MLIP] 23	0.141164	0.141115
[MLIP] 24	0.141009
[MLIP] 25	0.140966
[MLIP] 26	0.140907	0.140879
[MLIP] 27	0.140848	0.140823
[MLIP] 28	0.140696
[MLIP] 29	0.140636
[MLIP] 30	0.14061
[MLIP] 31	0.140572
[MLIP] 32	0.140519
[MLIP] 33	0.140393
[MLIP] 34	0.140209
[MLIP] 35	0.140108
[MLIP] 36	0.140037
[MLIP] 37	0.139977	0.139902
[MLIP] 38	0.139752
[MLIP] 39	0.139262	0.139104
[MLIP] 40	0.14356	0.138731	0.138693
[MLIP] 41	0.140268	0.138168
[MLIP] 42	0.137369
[MLIP] 43	0.138206	0.137052
[MLIP] 44	0.13875	0.136448
[MLIP] 45	0.140396	0.135983
[MLIP] 46	0.134595
[MLIP] 47	0.166714	0.133928
[MLIP] 48	0.74034	0.133532
[MLIP] 49	0.143293	0.132261
[MLIP] 50	0.208931	0.131185
[MLIP] 51	0.132304	0.129753
[MLIP] 52	0.140224	0.128543	0.128371	0.128248	0.12814
[MLIP] 53	0.255507	0.12707
[MLIP] 54	0.133117	0.125621
[MLIP] 55	0.189704	0.123351
[MLIP] 56	0.550074	0.121587
[MLIP] 57	0.135165	0.119709
[MLIP] 58	0.258912	0.118294
[MLIP] 59	0.686673	0.11763
[MLIP] 60	0.209791	0.117074	0.116908
[MLIP] 61	0.120616	0.115974
[MLIP] 62	0.115699	0.115042
[MLIP] 63	0.115092	0.114123
[MLIP] 64	0.112398
[MLIP] 65	0.111781	0.107649
[MLIP] 66	0.119566	0.10573
[MLIP] 67	0.102296
[MLIP] 68	0.0991116
[MLIP] 69	0.100758	0.0972267
[MLIP] 70	0.0986802	0.0955865
[MLIP] 71	0.0960473	0.0940556
[MLIP] 72	0.0957786	0.0932622
[MLIP] 73	0.0928011	0.0923586
[MLIP] 74	0.0931757	0.0914807
[MLIP] 75	0.0909262
[MLIP] 76	0.0922048	0.0905376
[MLIP] 77	0.09214	0.0902991
[MLIP] 78	0.0903704	0.0901913
[MLIP] 79	0.0901146	0.0900832
[MLIP] 80	0.0900106
[MLIP] 81	0.0900152	0.0898902
[MLIP] 82	0.0898
[MLIP] 83	0.0896475
[MLIP] 84	0.0893511
[MLIP] 85	0.0890605
[MLIP] 86	0.0889427
[MLIP] 87	0.0888427
[MLIP] 88	0.0887952
[MLIP] 89	0.0887701
[MLIP] 90	0.0887608
[MLIP] 91	0.0887559
[MLIP] 92	0.0887534
[MLIP] 93	0.0887524	0.0887519
[MLIP] 94	0.0887507	0.0887489	0.088748
[MLIP] 95	0.088745	0.0887408
[MLIP] 96	0.0887319
[MLIP] 97	0.0887237
[MLIP] 98	0.0887204
[MLIP] 99	0.0887194
[MLIP] 100	0.0887192
[MLIP] 101	0.0887191
[MLIP] 102	0.088719
[MLIP] 103	0.088719	0.088719
[MLIP] 104	0.0887189	0.0887189	0.0887188	0.0887187
[MLIP] 105	0.0887184	0.0887181
[MLIP] 106	0.0887178
[MLIP] 107	0.0887178
[MLIP] 108	0.0887177
[MLIP] 109	0.0887177
[MLIP] 110	0.0887177
[MLIP] 111	0.0887177
[MLIP] 112	0.0887177
[MLIP] 113	0.0887177
[MLIP] 114	0.0887177
[MLIP] 115	0.0887177
[MLIP] 116	0.0887177
[MLIP] 117	0.0887177	0.0887177	0.0887177
[MLIP] 118	0.0887177	0.0887177	0.0887177	0.0887177	0.0887177	0.0887177	0.0887177	0.0887177	0.0887177	0.0887177	0.0887177
[MLIP] 119	0.0887177	0.0887177	0.0887177	0.0887177	0.0887177	0.0887177	0.0887177	 Line search: prev_x == curr_x	0.0887177
[MLIP] 120	0.0887177	0.0887177	0.0887177	0.0887177	0.0887177	0.0887177	 Line search: prev_x == curr_x	0.0887177
[MLIP] Stepping in accend direction. Stopping the training...
group size rank 8 = 13390
group size rank 6 = 13388
group size rank 1 = 13388
group size rank 2 = 13388
final params head: [-0.50100321  2.43120049  4.45958919  2.50547601 -3.91780657]
final loss: 49.80834870987659
TRAIN: Errors (MAE, RMSE, MAXAE)
Energy      = 6.515485e-01, 1.399954e+00, 1.022288e+01
Energy/Atom = 2.322593e-02, 3.338012e-02, 1.804360e-01
Forces      = 1.662460e-01, 2.688889e-01, 3.616025e+00
Stress      = 2.585944e+01, 5.643600e+01, 6.967261e+02
Charges     = 0.000000e+00, 0.000000e+00, 0.000000e+00

VALID: Errors (MAE, RMSE, MAXAE)
Energy      = 6.683757e-01, 1.437466e+00, 8.361154e+00
Energy/Atom = 2.319104e-02, 3.285932e-02, 1.296614e-01
Forces      = 1.712350e-01, 2.791820e-01, 2.932527e+00
Stress      = 2.524298e+01, 5.390350e+01, 5.319371e+02
Charges     = 0.000000e+00, 0.000000e+00, 0.000000e+00

TRAIN_TIME: 319.8208360262215

=== POT 5 ===
init params head: [-0.77302306  0.94896619  0.45746927 -0.29706439  0.41521028]
group size rank 0 = 13390
group size rank 7 = 13388
group size rank 4 = 13388
group size rank 5 = 13388
group size rank 3 = 13388
group size rank 8 = 1470
group size rank 6 = 1470
group size rank 1 = 1468
group size rank 2 = 1468
group size rank 0 = 1470
group size rank 7 = 1470
group size rank 4 = 1468
group size rank 5 = 1468
group size rank 3 = 1468
init loss: 1687772.384157283
[MLIP] Starting pretraining...
[MLIP] Rescaling potential...
[MLIP] Potential rescaling completed
[MLIP] 0	3119.02	4.58497e+12	3610.64	111.791
[MLIP] 1	8.39167e+12	768.783	344.957	109.526	20.7469
[MLIP] 2	3.45899e+09	328.743	21.5627	14.2701
[MLIP] 3	1.3059e+08	63.5271	6.0582
[MLIP] 4	296127	5.18576	3.17735
[MLIP] 5	59896.3	12.5211	1.18688
[MLIP] 6	1611.92	2.02635	0.776549
[MLIP] 7	1706.8	1.37702	0.51036
[MLIP] 8	10.6535	0.538762	0.443882
[MLIP] 9	8.75194	0.417231	0.405143
[MLIP] 10	5.23945	0.356807
[MLIP] 11	0.783271	0.345585	0.340274
[MLIP] 12	0.331142	0.32399
[MLIP] 13	0.361005	0.316647
[MLIP] 14	0.31531	0.302196
[MLIP] 15	0.264052
[MLIP] 16	0.392577	0.252582
[MLIP] 17	0.340878	0.243406
[MLIP] 18	0.252545	0.239561
[MLIP] 19	0.266879	0.237887
[MLIP] 20	0.235792
[MLIP] 21	0.233149	0.231693
[MLIP] 22	0.247379	0.228746
[MLIP] 23	0.23789	0.223916
[MLIP] 24	0.226689	0.220512
[MLIP] 25	0.216806
[MLIP] 26	0.211825
[MLIP] 27	0.199049	0.195802
[MLIP] 28	0.177103
[MLIP] 29	0.162893
[MLIP] 30	0.157794
[MLIP] 31	0.156296
[MLIP] 32	0.155594
[MLIP] 33	0.155002
[MLIP] 34	0.15467
[MLIP] 35	0.154496
[MLIP] 36	0.154447
[MLIP] 37	0.15443
[MLIP] 38	0.154417
[MLIP] 39	0.154403	0.154397
[MLIP] 40	0.154369	0.154326	0.154291
[MLIP] 41	0.15416	0.154044
[MLIP] 42	0.153872	0.153711
[MLIP] 43	0.155243	0.153362	0.153297	0.153277	0.153241
[MLIP] 44	0.153914	0.152954
[MLIP] 45	0.151602
[MLIP] 46	0.150479	0.150297	0.150055
[MLIP] 47	0.149686	0.149392
[MLIP] 48	0.433341	0.147857	0.147814
[MLIP] 49	0.152702	0.146759
[MLIP] 50	0.146592	0.145865
[MLIP] 51	0.163963	0.145376
[MLIP] 52	0.144966	0.144732
[MLIP] 53	0.146958	0.144513
[MLIP] 54	0.144752	0.144082
[MLIP] 55	0.143618
[MLIP] 56	0.143359
[MLIP] 57	0.14329	0.143198
[MLIP] 58	0.143291	0.143089
[MLIP] 59	0.143159	0.142924
[MLIP] 60	0.142792	0.142764
[MLIP] 61	0.142504
[MLIP] 62	0.142453	0.142392
[MLIP] 63	0.142472	0.142281
[MLIP] 64	0.142299	0.142228
[MLIP] 65	0.142169
[MLIP] 66	0.142116
[MLIP] 67	0.142033
[MLIP] 68	0.14185
[MLIP] 69	0.141752
[MLIP] 70	0.141615
[MLIP] 71	0.142159	0.141529
[MLIP] 72	0.141688	0.141395
[MLIP] 73	0.142068	0.141305
[MLIP] 74	0.141153	0.141084
[MLIP] Number of iterations exceeded the threshold. Stopping the training...
[MLIP] Pretraining completed
[MLIP] Rescaling potential...
[MLIP] Potential rescaling completed
[MLIP] 0	0.141063	77.8335	0.340362	0.142067	0.141072	0.141063
[MLIP] 1	0.305124	0.142579	0.14104	0.141026
[MLIP] 2	0.711008	0.145424	0.141045	0.140996
[MLIP] 3	0.163397	0.141217	0.140977
[MLIP] 4	0.143176	0.140985	0.14096
[MLIP] 5	0.142565	0.140943	0.140928
[MLIP] 6	0.153166	0.140967	0.140838
[MLIP] 7	0.141453	0.140666
[MLIP] 8	1.09026	0.140693	0.140353
[MLIP] 9	0.151618	0.13942
[MLIP] 10	0.690351	0.138731
[MLIP] 11	19.2546	0.137959	0.137949	0.137726
[MLIP] 12	0.13619
[MLIP] 13	0.137814	0.135564
[MLIP] 14	0.136997	0.134591
[MLIP] 15	0.133683
[MLIP] 16	0.133152	0.132629
[MLIP] 17	0.135808	0.131903
[MLIP] 18	0.131712	0.131488
[MLIP] 19	0.133573	0.131102
[MLIP] 20	0.137198	0.130323
[MLIP] 21	0.135386	0.129653
[MLIP] 22	0.138757	0.128693
[MLIP] 23	0.127213	0.126959
[MLIP] 24	0.127072	0.125042
[MLIP] 25	0.122757	0.121952	0.121182
[MLIP] 26	0.248855	0.115925
[MLIP] 27	0.162712	0.11341
[MLIP] 28	7.02117	0.111611
[MLIP] 29	0.173214	0.110483	0.110119
[MLIP] 30	0.121163	0.106312
[MLIP] 31	0.235603	0.106004	0.10566
[MLIP] 32	0.104205	0.101996
[MLIP] 33	0.271052	0.101165	0.100842
[MLIP] 34	0.103023	0.0995313
[MLIP] 35	0.0991043	0.0984829
[MLIP] 36	0.0975776
[MLIP] 37	0.0965048
[MLIP] 38	0.0957341
[MLIP] 39	0.0951779
[MLIP] 40	0.094668
[MLIP] 41	0.094095
[MLIP] 42	0.0934619
[MLIP] 43	0.0932066
[MLIP] 44	0.0929831
[MLIP] 45	0.0927263
[MLIP] 46	0.0922077
[MLIP] 47	0.0916441
[MLIP] 48	0.0911934
[MLIP] 49	0.0906976
[MLIP] 50	0.0901826
[MLIP] 51	0.0896957
[MLIP] 52	0.0898149	0.0894679
[MLIP] 53	0.089348	0.0891955
[MLIP] 54	0.089027
[MLIP] 55	0.0888919
[MLIP] 56	0.0888317
[MLIP] 57	0.0888113
[MLIP] 58	0.0888003
[MLIP] 59	0.0887852
[MLIP] 60	0.0887678
[MLIP] 61	0.0887653
[MLIP] 62	0.0887638
[MLIP] 63	0.0887609	0.0887588
[MLIP] 64	0.0887518	0.0887417
[MLIP] 65	0.0887201
[MLIP] 66	0.0887192
[MLIP] 67	0.0887191
[MLIP] 68	0.088719	0.088719
[MLIP] 69	0.0887187	0.0887185
[MLIP] 70	0.0887181	0.0887178
[MLIP] 71	0.0887177
[MLIP] 72	0.0887177
[MLIP] 73	0.0887177
[MLIP] 74	0.0887177
[MLIP] 75	0.0887177
[MLIP] 76	0.0887177
[MLIP] 77	0.0887177	0.0887177	0.0887177	0.0887177	0.0887177	0.0887177	0.0887177	0.0887177	0.0887177	0.0887177	 Line search: prev_x == curr_x	0.0887177
[MLIP] 78	0.0887224	0.0887177	0.0887177
[MLIP] 79	0.0887177	0.0887177	0.0887177	0.0887177	0.0887177	0.0887177	0.0887177	0.0887177	0.0887177	0.0887177	0.0887177
[MLIP] 80	0.0887177	0.0887177
[MLIP] 81	0.0887177	0.0887177
[MLIP] 82	0.0887177	0.0887177	0.0887177	0.0887177	 Line search: prev_x == curr_x	0.0887177
[MLIP] 83	0.0887177	0.0887177	0.0887177	0.0887177	0.0887177	0.0887177	0.0887177	0.0887177	0.0887177	0.0887177	0.0887177
[MLIP] 84	0.0887177	0.0887177	0.0887177	0.0887177	0.0887177	0.0887177	0.0887177	0.0887177	 Line search: prev_x == curr_x	0.0887177
[MLIP] Stepping in accend direction. Stopping the training...
final params head: [-10.89357327   1.94473392   5.44582086  -5.99793015   4.06245938]
final loss: 49.80834856107991
TRAIN: Errors (MAE, RMSE, MAXAE)
Energy      = 6.515485e-01, 1.399954e+00, 1.022288e+01
Energy/Atom = 2.322593e-02, 3.338012e-02, 1.804360e-01
Forces      = 1.662460e-01, 2.688889e-01, 3.616025e+00
Stress      = 2.585944e+01, 5.643600e+01, 6.967261e+02
Charges     = 0.000000e+00, 0.000000e+00, 0.000000e+00

VALID: Errors (MAE, RMSE, MAXAE)
Energy      = 6.683757e-01, 1.437466e+00, 8.361154e+00
Energy/Atom = 2.319104e-02, 3.285932e-02, 1.296614e-01
Forces      = 1.712350e-01, 2.791820e-01, 2.932527e+00
Stress      = 2.524298e+01, 5.390350e+01, 5.319371e+02
Charges     = 0.000000e+00, 0.000000e+00, 0.000000e+00

TRAIN_TIME: 275.1921783462167
